Warning: Permanently added '[localhost]:44402' (ED25519) to the list of known hosts.
2025/09/04 18:37:46 parsed 1 programs
syzkaller login: [  184.480701][ T9364] cgroup: Unknown subsys name 'net'
[  184.718457][ T9364] cgroup: Unknown subsys name 'rlimit'
[  190.608654][ T9364] Adding 124996k swap on ./swap-file.  Priority:0 extents:1 across:124996k 
[  200.782410][ T9604] Bluetooth: hci0: unexpected cc 0x0c03 length: 249 > 1
[  200.797210][ T9604] Bluetooth: hci0: unexpected cc 0x1003 length: 249 > 9
[  200.801103][ T9604] Bluetooth: hci0: unexpected cc 0x1001 length: 249 > 9
[  200.804456][ T9604] Bluetooth: hci0: unexpected cc 0x0c23 length: 249 > 4
[  200.819093][ T9604] Bluetooth: hci0: unexpected cc 0x0c25 length: 249 > 3
[  200.821171][ T9604] Bluetooth: hci0: unexpected cc 0x0c38 length: 249 > 2
[  204.851674][ T9755] chnl_net:caif_netlink_parms(): no params data found
[  205.066739][ T9755] bridge0: port 1(bridge_slave_0) entered blocking state
[  205.071438][ T9755] bridge0: port 1(bridge_slave_0) entered disabled state
[  205.073304][ T9755] bridge_slave_0: entered allmulticast mode
[  205.078229][ T9755] bridge_slave_0: entered promiscuous mode
[  205.086035][ T9755] bridge0: port 2(bridge_slave_1) entered blocking state
[  205.089731][ T9755] bridge0: port 2(bridge_slave_1) entered disabled state
[  205.092451][ T9755] bridge_slave_1: entered allmulticast mode
[  205.099154][ T9755] bridge_slave_1: entered promiscuous mode
[  205.198010][ T9755] bond0: (slave bond_slave_0): Enslaving as an active interface with an up link
[  205.206137][ T9755] bond0: (slave bond_slave_1): Enslaving as an active interface with an up link
[  205.312456][ T9755] team0: Port device team_slave_0 added
[  205.318709][ T9755] team0: Port device team_slave_1 added
[  205.399752][ T9755] batman_adv: batadv0: Adding interface: batadv_slave_0
[  205.401333][ T9755] batman_adv: batadv0: The MTU of interface batadv_slave_0 is too small (1500) to handle the transport of batman-adv packets. Packets going over this interface will be fragmented on layer2 which could impact the performance. Setting the MTU to 1560 would solve the problem.
[  205.406593][ T9755] batman_adv: batadv0: Not using interface batadv_slave_0 (retrying later): interface not active
[  205.414962][ T9755] batman_adv: batadv0: Adding interface: batadv_slave_1
[  205.416457][ T9755] batman_adv: batadv0: The MTU of interface batadv_slave_1 is too small (1500) to handle the transport of batman-adv packets. Packets going over this interface will be fragmented on layer2 which could impact the performance. Setting the MTU to 1560 would solve the problem.
[  205.424652][ T9755] batman_adv: batadv0: Not using interface batadv_slave_1 (retrying later): interface not active
[  205.621530][ T9755] hsr_slave_0: entered promiscuous mode
[  205.625171][ T9755] hsr_slave_1: entered promiscuous mode
[  206.805598][ T9755] netdevsim netdevsim0 netdevsim0: renamed from eth0
[  206.835501][ T9755] netdevsim netdevsim0 netdevsim1: renamed from eth1
[  206.852212][ T9755] netdevsim netdevsim0 netdevsim2: renamed from eth2
[  206.901982][ T9755] netdevsim netdevsim0 netdevsim3: renamed from eth3
[  207.197406][ T9755] 8021q: adding VLAN 0 to HW filter on device bond0
[  207.238132][ T9755] 8021q: adding VLAN 0 to HW filter on device team0
[  207.250732][ T5129] bridge0: port 1(bridge_slave_0) entered blocking state
[  207.253537][ T5129] bridge0: port 1(bridge_slave_0) entered forwarding state
[  207.275834][ T5161] bridge0: port 2(bridge_slave_1) entered blocking state
[  207.277689][ T5161] bridge0: port 2(bridge_slave_1) entered forwarding state
[  207.668606][ T9755] 8021q: adding VLAN 0 to HW filter on device batadv0
[  207.753750][ T9755] veth0_vlan: entered promiscuous mode
[  207.772647][ T9755] veth1_vlan: entered promiscuous mode
[  207.822111][ T9755] veth0_macvtap: entered promiscuous mode
[  207.834676][ T9755] veth1_macvtap: entered promiscuous mode
[  207.869177][ T9755] batman_adv: batadv0: Interface activated: batadv_slave_0
[  207.884144][ T9755] batman_adv: batadv0: Interface activated: batadv_slave_1
[  207.894961][ T9755] netdevsim netdevsim0 netdevsim0: set [1, 0] type 2 family 0 port 6081 - 0
[  207.900134][ T9755] netdevsim netdevsim0 netdevsim1: set [1, 0] type 2 family 0 port 6081 - 0
[  207.902059][ T9755] netdevsim netdevsim0 netdevsim2: set [1, 0] type 2 family 0 port 6081 - 0
[  207.903910][ T9755] netdevsim netdevsim0 netdevsim3: set [1, 0] type 2 family 0 port 6081 - 0
[  208.932000][   T31] wlan0: Created IBSS using preconfigured BSSID 50:50:50:50:50:50
[  208.934360][   T31] wlan0: Creating new IBSS network, BSSID 50:50:50:50:50:50
[  209.134235][   T65] wlan1: Created IBSS using preconfigured BSSID 50:50:50:50:50:50
[  209.136086][   T65] wlan1: Creating new IBSS network, BSSID 50:50:50:50:50:50
[  209.468506][   T13] netdevsim netdevsim0 netdevsim3 (unregistering): unset [1, 0] type 2 family 0 port 6081 - 0
2025/09/04 18:38:19 executed programs: 0
[  211.929502][   T53] Bluetooth: hci0: unexpected cc 0x0c03 length: 249 > 1
[  211.940131][   T53] Bluetooth: hci0: unexpected cc 0x1003 length: 249 > 9
[  211.957595][   T53] Bluetooth: hci0: unexpected cc 0x1001 length: 249 > 9
[  211.963606][   T53] Bluetooth: hci0: unexpected cc 0x0c23 length: 249 > 4
[  211.976228][   T53] Bluetooth: hci0: unexpected cc 0x0c25 length: 249 > 3
[  211.978706][   T53] Bluetooth: hci0: unexpected cc 0x0c38 length: 249 > 2
[  212.002127][   T13] netdevsim netdevsim0 netdevsim2 (unregistering): unset [1, 0] type 2 family 0 port 6081 - 0
[  212.491214][   T13] netdevsim netdevsim0 netdevsim1 (unregistering): unset [1, 0] type 2 family 0 port 6081 - 0
[  212.568391][   T13] netdevsim netdevsim0 netdevsim0 (unregistering): unset [1, 0] type 2 family 0 port 6081 - 0
[  212.644611][T10160] chnl_net:caif_netlink_parms(): no params data found
[  213.151723][T10160] bridge0: port 1(bridge_slave_0) entered blocking state
[  213.155138][T10160] bridge0: port 1(bridge_slave_0) entered disabled state
[  213.168211][T10160] bridge_slave_0: entered allmulticast mode
[  213.171644][T10160] bridge_slave_0: entered promiscuous mode
[  213.247526][T10160] bridge0: port 2(bridge_slave_1) entered blocking state
[  213.249449][T10160] bridge0: port 2(bridge_slave_1) entered disabled state
[  213.252187][T10160] bridge_slave_1: entered allmulticast mode
[  213.255782][T10160] bridge_slave_1: entered promiscuous mode
[  213.443556][T10160] bond0: (slave bond_slave_0): Enslaving as an active interface with an up link
[  213.459318][T10160] bond0: (slave bond_slave_1): Enslaving as an active interface with an up link
[  213.670956][T10160] team0: Port device team_slave_0 added
[  213.699835][T10160] team0: Port device team_slave_1 added
[  213.839650][T10160] batman_adv: batadv0: Adding interface: batadv_slave_0
[  213.841283][T10160] batman_adv: batadv0: The MTU of interface batadv_slave_0 is too small (1500) to handle the transport of batman-adv packets. Packets going over this interface will be fragmented on layer2 which could impact the performance. Setting the MTU to 1560 would solve the problem.
[  213.852690][T10160] batman_adv: batadv0: Not using interface batadv_slave_0 (retrying later): interface not active
[  213.860670][T10160] batman_adv: batadv0: Adding interface: batadv_slave_1
[  213.862216][T10160] batman_adv: batadv0: The MTU of interface batadv_slave_1 is too small (1500) to handle the transport of batman-adv packets. Packets going over this interface will be fragmented on layer2 which could impact the performance. Setting the MTU to 1560 would solve the problem.
[  213.876679][T10160] batman_adv: batadv0: Not using interface batadv_slave_1 (retrying later): interface not active
[  214.099988][   T53] Bluetooth: hci0: command 0x0409 tx timeout
[  214.406723][T10160] hsr_slave_0: entered promiscuous mode
[  214.467926][T10160] hsr_slave_1: entered promiscuous mode
[  214.478123][T10160] debugfs: Directory 'hsr0' with parent 'hsr' already present!
[  214.480304][T10160] Cannot create hsr debugfs directory
[  214.493833][   T13] hsr_slave_0: left promiscuous mode
[  214.500370][   T13] hsr_slave_1: left promiscuous mode
[  214.503447][   T13] batman_adv: batadv0: Interface deactivated: batadv_slave_0
[  214.505415][   T13] batman_adv: batadv0: Removing interface: batadv_slave_0
[  214.512392][   T13] batman_adv: batadv0: Interface deactivated: batadv_slave_1
[  214.514291][   T13] batman_adv: batadv0: Removing interface: batadv_slave_1
[  214.527240][   T13] bridge_slave_1: left allmulticast mode
[  214.528777][   T13] bridge_slave_1: left promiscuous mode
[  214.532511][   T13] bridge0: port 2(bridge_slave_1) entered disabled state
[  214.553074][   T13] bridge_slave_0: left allmulticast mode
[  214.554365][   T13] bridge_slave_0: left promiscuous mode
[  214.555821][   T13] bridge0: port 1(bridge_slave_0) entered disabled state
[  214.582287][   T13] veth1_macvtap: left promiscuous mode
[  214.584034][   T13] veth0_macvtap: left promiscuous mode
[  214.585502][   T13] veth1_vlan: left promiscuous mode
[  214.587269][   T13] veth0_vlan: left promiscuous mode
[  215.264501][   T13] team0 (unregistering): Port device team_slave_1 removed
[  215.284910][   T13] team0 (unregistering): Port device team_slave_0 removed
[  215.300698][   T13] bond0 (unregistering): (slave bond_slave_1): Releasing backup interface
[  215.316356][   T13] bond0 (unregistering): (slave bond_slave_0): Releasing backup interface
[  215.483205][   T13] bond0 (unregistering): Released all slaves
[  216.176954][   T53] Bluetooth: hci0: command 0x041b tx timeout
[  216.842431][T10160] netdevsim netdevsim0 netdevsim0: renamed from eth0
[  216.853258][T10160] netdevsim netdevsim0 netdevsim1: renamed from eth1
[  216.866635][T10160] netdevsim netdevsim0 netdevsim2: renamed from eth2
[  216.876332][T10160] netdevsim netdevsim0 netdevsim3: renamed from eth3
[  217.048170][T10160] 8021q: adding VLAN 0 to HW filter on device bond0
[  217.082248][T10160] 8021q: adding VLAN 0 to HW filter on device team0
[  217.106272][    T9] bridge0: port 1(bridge_slave_0) entered blocking state
[  217.108057][    T9] bridge0: port 1(bridge_slave_0) entered forwarding state
[  217.134490][ T5129] bridge0: port 2(bridge_slave_1) entered blocking state
[  217.136186][ T5129] bridge0: port 2(bridge_slave_1) entered forwarding state
[  217.550842][T10160] 8021q: adding VLAN 0 to HW filter on device batadv0
[  217.641490][T10160] veth0_vlan: entered promiscuous mode
[  217.660348][T10160] veth1_vlan: entered promiscuous mode
[  217.714260][T10160] veth0_macvtap: entered promiscuous mode
[  217.725883][T10160] veth1_macvtap: entered promiscuous mode
[  217.770415][T10160] batman_adv: batadv0: Interface activated: batadv_slave_0
[  217.786052][T10160] batman_adv: batadv0: Interface activated: batadv_slave_1
[  217.798082][T10160] netdevsim netdevsim0 netdevsim0: set [1, 0] type 2 family 0 port 6081 - 0
[  217.800495][T10160] netdevsim netdevsim0 netdevsim1: set [1, 0] type 2 family 0 port 6081 - 0
[  217.802370][T10160] netdevsim netdevsim0 netdevsim2: set [1, 0] type 2 family 0 port 6081 - 0
[  217.804193][T10160] netdevsim netdevsim0 netdevsim3: set [1, 0] type 2 family 0 port 6081 - 0
[  217.982234][   T51] wlan0: Created IBSS using preconfigured BSSID 50:50:50:50:50:50
[  217.983988][   T51] wlan0: Creating new IBSS network, BSSID 50:50:50:50:50:50
[  218.170224][   T51] wlan1: Created IBSS using preconfigured BSSID 50:50:50:50:50:50
[  218.172012][   T51] wlan1: Creating new IBSS network, BSSID 50:50:50:50:50:50
[  218.261001][   T53] Bluetooth: hci0: command 0x040f tx timeout
2025/09/04 18:38:25 executed programs: 2
[  218.619730][T10536] usb 1-1: new high-speed USB device number 2 using dummy_hcd
[  219.037329][T10536] usb 1-1: config 1 has an invalid interface number: 7 but max is 0
[  219.039964][T10536] usb 1-1: config 1 has no interface number 0
[  219.041581][T10536] usb 1-1: config 1 interface 7 altsetting 0 bulk endpoint 0x87 has invalid maxpacket 64
[  219.257476][T10536] usb 1-1: New USB device found, idVendor=1199, idProduct=68a3, bcdDevice= 0.00
[  219.259797][T10536] usb 1-1: New USB device strings: Mfr=1, Product=2, SerialNumber=3
[  219.261781][T10536] usb 1-1: Product: syz
[  219.262838][T10536] usb 1-1: Manufacturer: syz
[  219.270521][T10536] usb 1-1: SerialNumber: syz
[  219.318907][T10553] raw-gadget.0 gadget.0: fail, usb_ep_enable returned -22
[  219.545153][T10553] raw-gadget.0 gadget.0: fail, usb_ep_enable returned -22
[  219.832451][T10536] sierra_net 1-1:1.7 wwan0: register 'sierra_net' at usb-dummy_hcd.0-1, Sierra Wireless USB-to-WWAN Modem, 86:3c:b9:cb:01:07
[  219.836612][T10536] ------------[ cut here ]------------
[  219.838301][T10536] WARNING: CPU: 1 PID: 10536 at drivers/net/usb/usbnet.c:258 usbnet_status_start+0xf9/0x1c0
[  219.840878][T10536] Modules linked in:
[  219.841937][T10536] CPU: 1 PID: 10536 Comm: kworker/1:4 Not tainted 6.6.0 #1
[  219.843760][T10536] Hardware name: QEMU Standard PC (i440FX + PIIX, 1996), BIOS 1.15.0-1 04/01/2014
[  219.846005][T10536] Workqueue: usb_hub_wq hub_event
[  219.847903][T10536] RIP: 0010:usbnet_status_start+0xf9/0x1c0
[  219.851552][T10536] Code: 8b 3e 8b 74 24 04 e8 26 03 19 00 89 c5 66 90 48 8b 7c 24 08 e8 48 fd 7e 04 89 e8 48 83 c4 10 5b 41 5c 41 5d 41 5e 41 5f 5d c3 <0f> 0b 42 80 7c 25 00 00 74 08 4c 89 f7 e8 a5 e9 4b fb 49 83 3e 00
[  219.857852][T10536] RSP: 0018:ffffc900055eeb48 EFLAGS: 00010246
[  219.859433][T10536] RAX: ffffffff869e9912 RBX: 0000000000000cc0 RCX: ffff8880648a24c0
[  219.861435][T10536] RDX: 0000000000000000 RSI: 0000000000000cc0 RDI: ffff888062ad0c80
[  219.863433][T10536] RBP: 1ffff1100c55a1fe R08: ffffffff869ffa45 R09: 1ffff1100c55a007
[  219.865393][T10536] R10: dffffc0000000000 R11: ffffed100c55a008 R12: dffffc0000000000
[  219.867447][T10536] R13: 0000000000000000 R14: ffff888062ad0ff0 R15: ffff888062ad0c80
[  219.869385][T10536] FS:  0000000000000000(0000) GS:ffff88807ec00000(0000) knlGS:0000000000000000
[  219.871595][T10536] CS:  0010 DS: 0000 ES: 0000 CR0: 0000000080050033
[  219.873324][T10536] CR2: 000056271b4ce978 CR3: 0000000064810000 CR4: 0000000000750ee0
[  219.875318][T10536] DR0: 0000000000000000 DR1: 0000000000000000 DR2: 0000000000000000
[  219.877362][T10536] DR3: 0000000000000000 DR6: 00000000fffe0ff0 DR7: 0000000000000400
[  219.879332][T10536] PKRU: 55555554
[  219.880263][T10536] Call Trace:
[  219.881120][T10536]  <TASK>
[  219.881916][T10536]  ? __warn+0x15e/0x2d0
[  219.882994][T10536]  ? report_bug+0x2a8/0x4f0
[  219.884182][T10536]  ? usbnet_status_start+0xf9/0x1c0
[  219.885506][T10536]  ? handle_bug+0x3d/0x70
[  219.886592][T10536]  ? exc_invalid_op+0x16/0x40
[  219.888061][T10536]  ? asm_exc_invalid_op+0x16/0x20
[  219.889365][T10536]  ? sierra_net_probe+0x25/0xa0
[  219.890613][T10536]  ? usbnet_status_start+0x22/0x1c0
[  219.891966][T10536]  ? usbnet_status_start+0xf9/0x1c0
[  219.893296][T10536]  ? usbnet_status_start+0x22/0x1c0
[  219.894643][T10536]  sierra_net_probe+0x66/0xa0
[  219.895866][T10536]  usb_probe_interface+0x66e/0xb60
[  219.897431][T10536]  ? usb_register_driver+0x3d0/0x3d0
[  219.898648][T10536]  call_driver_probe+0x96/0x250
[  219.899848][T10536]  really_probe+0x24b/0x9a0
[  219.901025][T10536]  __driver_probe_device+0x199/0x3d0
[  219.902391][T10536]  driver_probe_device+0x50/0x240
[  219.903678][T10536]  __device_attach_driver+0x272/0x3c0
[  219.905057][T10536]  bus_for_each_drv+0x28d/0x320
[  219.906279][T10536]  ? coredump_store+0x90/0x90
[  219.907600][T10536]  ? bus_find_device+0x340/0x340
[  219.908990][T10536]  __device_attach+0x340/0x530
[  219.910286][T10536]  ? device_attach+0x20/0x20
[  219.911467][T10536]  ? do_raw_spin_unlock+0x134/0x8a0
[  219.912804][T10536]  bus_probe_device+0x1af/0x2a0
[  219.914058][T10536]  device_add+0x959/0xd30
[  219.915164][T10536]  usb_set_configuration+0x1a9f/0x2120
[  219.916574][T10536]  usb_generic_driver_probe+0x83/0x140
[  219.918031][T10536]  usb_probe_device+0x131/0x260
[  219.919348][T10536]  ? usb_register_device_driver+0x240/0x240
[  219.920879][T10536]  call_driver_probe+0x96/0x250
[  219.922124][T10536]  really_probe+0x24b/0x9a0
[  219.923295][T10536]  __driver_probe_device+0x199/0x3d0
[  219.924628][T10536]  driver_probe_device+0x50/0x240
[  219.925938][T10536]  __device_attach_driver+0x272/0x3c0
[  219.927496][T10536]  bus_for_each_drv+0x28d/0x320
[  219.928781][T10536]  ? coredump_store+0x90/0x90
[  219.930003][T10536]  ? bus_find_device+0x340/0x340
[  219.931327][T10536]  __device_attach+0x340/0x530
[  219.932571][T10536]  ? device_attach+0x20/0x20
[  219.933779][T10536]  ? trace_kfree+0x1f/0x80
[  219.934957][T10536]  bus_probe_device+0x1af/0x2a0
[  219.936213][T10536]  device_add+0x959/0xd30
[  219.937620][T10536]  usb_new_device+0xbc2/0x18b0
[  219.938926][T10536]  ? usb_disconnect+0x890/0x890
[  219.940178][T10536]  ? _raw_spin_unlock_irq+0x1f/0x40
[  219.941510][T10536]  ? lockdep_hardirqs_on+0x95/0x140
[  219.942851][T10536]  hub_port_connect+0xe6a/0x2130
[  219.944163][T10536]  ? descriptors_changed+0xa30/0xa30
[  219.945503][T10536]  hub_port_connect_change+0x53d/0x8e0
[  219.947066][T10536]  port_event+0xecf/0x13b0
[  219.948268][T10536]  ? trace_contention_end+0x3c/0xf0
[  219.949614][T10536]  ? hub_quiesce+0x330/0x330
[  219.950837][T10536]  ? hub_event+0x5b5/0xd50
[  219.951999][T10536]  ? print_irqtrace_events+0x220/0x220
[  219.953733][T10536]  ? mutex_lock_nested+0x10/0x10
[  219.955026][T10536]  ? _raw_spin_unlock_irq+0x1f/0x40
[  219.956367][T10536]  ? lockdep_hardirqs_on+0x95/0x140
[  219.957896][T10536]  ? pm_runtime_barrier+0x138/0x1b0
[  219.959252][T10536]  hub_event+0x5c1/0xd50
[  219.960374][T10536]  ? led_work+0x700/0x700
[  219.961486][T10536]  ? process_scheduled_works+0x867/0x1130
[  219.962958][T10536]  ? rcu_is_watching+0x11/0xb0
[  219.964188][T10536]  ? process_scheduled_works+0x867/0x1130
[  219.965607][T10536]  process_scheduled_works+0x8c5/0x1130
[  219.967155][T10536]  ? __rwlock_init+0x140/0x140
[  219.968401][T10536]  ? assign_work+0x430/0x430
[  219.969619][T10536]  worker_thread+0xa7a/0x1040
[  219.970864][T10536]  ? _raw_spin_unlock_irqrestore+0xd9/0x130
[  219.972345][T10536]  kthread+0x2cd/0x360
[  219.973259][T10536]  ? trace_workqueue_execute_end+0x190/0x190
[  219.974574][T10536]  ? kthread_blkcg+0xd0/0xd0
[  219.975584][T10536]  ret_from_fork+0x44/0x70
[  219.976595][T10536]  ? kthread_blkcg+0xd0/0xd0
[  219.977690][T10536]  ret_from_fork_asm+0x11/0x20
[  219.978800][T10536]  </TASK>
[  219.979466][T10536] Kernel panic - not syncing: kernel: panic_on_warn set ...
[  219.981007][T10536] CPU: 1 PID: 10536 Comm: kworker/1:4 Not tainted 6.6.0 #1
[  219.982518][T10536] Hardware name: QEMU Standard PC (i440FX + PIIX, 1996), BIOS 1.15.0-1 04/01/2014
[  219.984401][T10536] Workqueue: usb_hub_wq hub_event
[  219.985490][T10536] Call Trace:
[  219.986228][T10536]  <TASK>
[  219.986875][T10536]  dump_stack_lvl+0x1e3/0x2d0
[  219.987901][T10536]  ? nf_tcp_handle_invalid+0x650/0x650
[  219.989056][T10536]  ? panic+0x760/0x760
[  219.989960][T10536]  ? usbnet_status_start+0x10/0x1c0
[  219.991073][T10536]  panic+0x2f5/0x760
[  219.991943][T10536]  ? __warn+0x16d/0x2d0
[  219.992843][T10536]  ? __memcpy_flushcache+0x2e0/0x2e0
[  219.993991][T10536]  ? ret_from_fork_asm+0x11/0x20
[  219.995063][T10536]  ? usbnet_status_start+0xf9/0x1c0
[  219.996176][T10536]  __warn+0x284/0x2d0
[  219.997052][T10536]  report_bug+0x2a8/0x4f0
[  219.998019][T10536]  ? usbnet_status_start+0xf9/0x1c0
[  219.999141][T10536]  handle_bug+0x3d/0x70
[  220.000037][T10536]  exc_invalid_op+0x16/0x40
[  220.001022][T10536]  asm_exc_invalid_op+0x16/0x20
[  220.002091][T10536] RIP: 0010:usbnet_status_start+0xf9/0x1c0
[  220.003320][T10536] Code: 8b 3e 8b 74 24 04 e8 26 03 19 00 89 c5 66 90 48 8b 7c 24 08 e8 48 fd 7e 04 89 e8 48 83 c4 10 5b 41 5c 41 5d 41 5e 41 5f 5d c3 <0f> 0b 42 80 7c 25 00 00 74 08 4c 89 f7 e8 a5 e9 4b fb 49 83 3e 00
[  220.007252][T10536] RSP: 0018:ffffc900055eeb48 EFLAGS: 00010246
[  220.008521][T10536] RAX: ffffffff869e9912 RBX: 0000000000000cc0 RCX: ffff8880648a24c0
[  220.010165][T10536] RDX: 0000000000000000 RSI: 0000000000000cc0 RDI: ffff888062ad0c80
[  220.011821][T10536] RBP: 1ffff1100c55a1fe R08: ffffffff869ffa45 R09: 1ffff1100c55a007
[  220.013453][T10536] R10: dffffc0000000000 R11: ffffed100c55a008 R12: dffffc0000000000
[  220.015117][T10536] R13: 0000000000000000 R14: ffff888062ad0ff0 R15: ffff888062ad0c80
[  220.016820][T10536]  ? sierra_net_probe+0x25/0xa0
[  220.017849][T10536]  ? usbnet_status_start+0x22/0x1c0
[  220.019036][T10536]  ? usbnet_status_start+0x22/0x1c0
[  220.020372][T10536]  sierra_net_probe+0x66/0xa0
[  220.021740][T10536]  usb_probe_interface+0x66e/0xb60
[  220.023415][T10536]  ? usb_register_driver+0x3d0/0x3d0
[  220.024557][T10536]  call_driver_probe+0x96/0x250
[  220.025612][T10536]  really_probe+0x24b/0x9a0
[  220.026600][T10536]  __driver_probe_device+0x199/0x3d0
[  220.027760][T10536]  driver_probe_device+0x50/0x240
[  220.028832][T10536]  __device_attach_driver+0x272/0x3c0
[  220.029969][T10536]  bus_for_each_drv+0x28d/0x320
[  220.031008][T10536]  ? coredump_store+0x90/0x90
[  220.032020][T10536]  ? bus_find_device+0x340/0x340
[  220.033098][T10536]  __device_attach+0x340/0x530
[  220.034132][T10536]  ? device_attach+0x20/0x20
[  220.035126][T10536]  ? do_raw_spin_unlock+0x134/0x8a0
[  220.036252][T10536]  bus_probe_device+0x1af/0x2a0
[  220.037304][T10536]  device_add+0x959/0xd30
[  220.038254][T10536]  usb_set_configuration+0x1a9f/0x2120
[  220.039571][T10536]  usb_generic_driver_probe+0x83/0x140
[  220.040770][T10536]  usb_probe_device+0x131/0x260
[  220.041859][T10536]  ? usb_register_device_driver+0x240/0x240
[  220.043125][T10536]  call_driver_probe+0x96/0x250
[  220.044175][T10536]  really_probe+0x24b/0x9a0
[  220.045187][T10536]  __driver_probe_device+0x199/0x3d0
[  220.046326][T10536]  driver_probe_device+0x50/0x240
[  220.047416][T10536]  __device_attach_driver+0x272/0x3c0
[  220.048591][T10536]  bus_for_each_drv+0x28d/0x320
[  220.049639][T10536]  ? coredump_store+0x90/0x90
[  220.050641][T10536]  ? bus_find_device+0x340/0x340
[  220.051734][T10536]  __device_attach+0x340/0x530
[  220.052782][T10536]  ? device_attach+0x20/0x20
[  220.053776][T10536]  ? trace_kfree+0x1f/0x80
[  220.054754][T10536]  bus_probe_device+0x1af/0x2a0
[  220.055802][T10536]  device_add+0x959/0xd30
[  220.056756][T10536]  usb_new_device+0xbc2/0x18b0
[  220.057826][T10536]  ? usb_disconnect+0x890/0x890
[  220.058886][T10536]  ? _raw_spin_unlock_irq+0x1f/0x40
[  220.060009][T10536]  ? lockdep_hardirqs_on+0x95/0x140
[  220.061121][T10536]  hub_port_connect+0xe6a/0x2130
[  220.062230][T10536]  ? descriptors_changed+0xa30/0xa30
[  220.063378][T10536]  hub_port_connect_change+0x53d/0x8e0
[  220.064561][T10536]  port_event+0xecf/0x13b0
[  220.065525][T10536]  ? trace_contention_end+0x3c/0xf0
[  220.066647][T10536]  ? hub_quiesce+0x330/0x330
[  220.067625][T10536]  ? hub_event+0x5b5/0xd50
[  220.068576][T10536]  ? print_irqtrace_events+0x220/0x220
[  220.069761][T10536]  ? mutex_lock_nested+0x10/0x10
[  220.070832][T10536]  ? _raw_spin_unlock_irq+0x1f/0x40
[  220.071946][T10536]  ? lockdep_hardirqs_on+0x95/0x140
[  220.073061][T10536]  ? pm_runtime_barrier+0x138/0x1b0
[  220.074174][T10536]  hub_event+0x5c1/0xd50
[  220.075120][T10536]  ? led_work+0x700/0x700
[  220.076060][T10536]  ? process_scheduled_works+0x867/0x1130
[  220.077278][T10536]  ? rcu_is_watching+0x11/0xb0
[  220.078293][T10536]  ? process_scheduled_works+0x867/0x1130
[  220.079505][T10536]  process_scheduled_works+0x8c5/0x1130
[  220.080730][T10536]  ? __rwlock_init+0x140/0x140
[  220.081764][T10536]  ? assign_work+0x430/0x430
[  220.082783][T10536]  worker_thread+0xa7a/0x1040
[  220.083794][T10536]  ? _raw_spin_unlock_irqrestore+0xd9/0x130
[  220.085072][T10536]  kthread+0x2cd/0x360
[  220.085950][T10536]  ? trace_workqueue_execute_end+0x190/0x190
[  220.087203][T10536]  ? kthread_blkcg+0xd0/0xd0
[  220.088189][T10536]  ret_from_fork+0x44/0x70
[  220.089144][T10536]  ? kthread_blkcg+0xd0/0xd0
[  220.090130][T10536]  ret_from_fork_asm+0x11/0x20
[  220.091179][T10536]  </TASK>
[  220.092432][T10536] Kernel Offset: disabled
[  220.093568][T10536] Rebooting in 86400 seconds..

VM DIAGNOSIS:
02:38:27  Registers:
info registers vcpu 0
RAX=0000000000000001 RBX=00000000000007be RCX=ffffffff816d3881 RDX=0000000000000000
RSI=0000000000000008 RDI=ffffffff91cee470 RBP=000000000001ffff RSP=ffffc90002ecf840
R8 =ffffffff91cee477 R9 =1ffffffff239dc8e R10=dffffc0000000000 R11=fffffbfff239dc8e
R12=1ffffffff239dc8e R13=5b94395cda157360 R14=1ffff1100890b5ef R15=ffff88804485af78
RIP=ffffffff81ea71ca RFL=00000806 [-O---P-] CPL=0 II=0 A20=1 SMM=0 HLT=0
ES =0000 0000000000000000 ffffffff 00c00000
CS =0010 0000000000000000 ffffffff 00a09b00 DPL=0 CS64 [-RA]
SS =0018 0000000000000000 ffffffff 00c09300 DPL=0 DS   [-WA]
DS =0000 0000000000000000 ffffffff 00c00000
FS =0000 0000000000000000 ffffffff 00c00000
GS =0000 ffff88802be00000 ffffffff 00c00000
LDT=0000 0000000000000000 ffffffff 00c00000
TR =0040 fffffe0000003000 00004087 00008b00 DPL=0 TSS64-busy
GDT=     fffffe0000001000 0000007f
IDT=     fffffe0000000000 00000fff
CR0=80050033 CR2=000056271b543b78 CR3=0000000062acc000 CR4=00750ef0
DR0=0000000000000000 DR1=0000000000000000 DR2=0000000000000000 DR3=0000000000000000 
DR6=00000000fffe0ff0 DR7=0000000000000400
EFER=0000000000000d01
FCW=037f FSW=0000 [ST=0] FTW=00 MXCSR=00001f80
FPR0=0000000000000000 0000 FPR1=0000000000000000 0000
FPR2=0000000000000000 0000 FPR3=0000000000000000 0000
FPR4=0000000000000000 0000 FPR5=0000000000000000 0000
FPR6=0000000000000000 0000 FPR7=0000000000000000 0000
Opmask00=00000000fefe1000 Opmask01=0000000000000000 Opmask02=00000000ff00f000 Opmask03=0000000000000000
Opmask04=0000000000000000 Opmask05=0000000000000000 Opmask06=0000000000000000 Opmask07=0000000000000000
ZMM00=0000000000000000 0000000000000000 0000000000000000 0000000000000000 0000000000000000 0000000000000000 0000000000000000 00006c696146002f
ZMM01=0000000000000000 0000000000000000 0000000000000000 0000000000000000 0000000000000000 0000000000000000 000000696e656420 737365636341002f
ZMM02=0000000000000000 0000000000000000 0000000000000000 0000000000000000 0000000000000000 0000000000000000 ffffff0f0e0d0c0b 0a09080706050403
ZMM03=0000000000000000 0000000000000000 0000000000000000 0000000000000000 0000000000000000 0000000000000000 696e656420737365 636341002f737973
ZMM04=0000000000000000 0000000000000000 0000000000000000 0000000000000000 0000000000000000 0000000000000000 0000000000000000 000000ff00000000
ZMM05=0000000000000000 0000000000000000 0000000000000000 0000000000000000 0000000000000000 0000000000000000 ffffffffffff0000 ffffff0000000000
ZMM06=0000000000000000 0000000000000000 0000000000000000 0000000000000000 0000000000000000 0000000000000000 0000000000000000 0000000000000000
ZMM07=0000000000000000 0000000000000000 0000000000000000 0000000000000000 0000000000000000 0000000000000000 0000000000000000 0000000000000000
ZMM08=0000000000000000 0000000000000000 0000000000000000 0000000000000000 0000000000000000 0000000000000000 0000000000000000 0000000000000000
ZMM09=0000000000000000 0000000000000000 0000000000000000 0000000000000000 0000000000000000 0000000000000000 6464646464646535 6464646464646452
ZMM10=0000000000000000 0000000000000000 0000000000000000 0000000000000000 0000000000000000 0000000000000000 08080d0f02164b57 1d0c144b55555654
ZMM11=0000000000000000 0000000000000000 0000000000000000 0000000000000000 0000000000000000 0000000000000000 0000000000000000 0000000000000000
ZMM12=0000000000000000 0000000000000000 0000000000000000 0000000000000000 0000000000000000 0000000000000000 0000000000000000 0000000000000000
ZMM13=0000000000000000 0000000000000000 0000000000000000 0000000000000000 0000000000000000 0000000000000000 0000000000000000 0000000000000000
ZMM14=0000000000000000 0000000000000000 0000000000000000 0000000000000000 0000000000000000 0000000000000000 0000000000000000 0000000000000000
ZMM15=0000000000000000 0000000000000000 0000000000000000 0000000000000000 0000000000000000 0000000000000000 0000000000000000 0000000000000000
ZMM16=0000000000000000 0000000000000000 0000000000000000 0000000000000000 0000000000000000 0000000000000000 0000000000000000 0000000000000000
ZMM17=0000000000000000 0000000000000000 0000000000000000 0000000000000000 6464646464646464 6464646464646464 6464646464646464 6464646464646464
ZMM18=0000000000000000 0000000000000000 0000000000000000 0000000000000000 00000000000000b1 0000000000000037 2e313a00306e6177 772f74656e2f372e
ZMM19=0000000000000000 0000000000000000 0000000000000000 0000000000000000 0d0509011600072e 0114050717012f07 0d1705062f071617 2f2e2e000d0a0920
ZMM20=0000000000000000 0000000000000000 0000000000000000 0000000000000000 0000000000000000 0000000000000000 0000000000000000 0000000000000000
ZMM21=0000000000000000 0000000000000000 0000000000000000 0000000000000000 000056271b4e69c0 0000000000000001 010101000000ffff ffffffff00000008
ZMM22=0000000000000000 0000000000000000 0000000000000000 0000000000000000 000056271b49b390 000056271b4b9af0 0000000900000003 000056271b46ccf0
ZMM23=0000000000000000 0000000000000000 0000000000000000 0000000000000000 000056271b5f79b0 0000000400000002 000056271b48e800 000056271b49a140
ZMM24=0000000000000000 0000000000000000 0000000000000000 0000000000000000 00000005ffffffff 000056271b46bbf0 000056271b46bbd0 0000000200000006
ZMM25=0000000000000000 0000000000000000 0000000000000000 0000000000000000 0000000000000000 0000000000000000 0000000000000000 0000000000000000
ZMM26=0000000000000000 0000000000000000 0000000000000000 0000000000000000 0000000000000000 0000000000000000 0000000000000000 0000000000000000
ZMM27=0000000000000000 0000000000000000 0000000000000000 0000000000000000 0000000000000000 0000000000000000 0000000000000000 0000000000000000
ZMM28=0000000000000000 0000000000000000 0000000000000000 0000000000000000 0000000000000000 0000000000000000 0000000000000000 0000000000000000
ZMM29=0000000000000000 0000000000000000 0000000000000000 0000000000000000 0000000000000000 0000000000000000 0000000000000000 0000000000000000
ZMM30=0000000000000000 0000000000000000 0000000000000000 0000000000000000 0000000000000000 0000000000000000 0000000000000000 0000000000000000
ZMM31=0000000000000000 0000000000000000 0000000000000000 0000000000000000 0000000000000000 0000000000000000 0000000000000000 0000000000000000
info registers vcpu 1
RAX=0000000000000036 RBX=ffffffff9816e580 RCX=0000000000000000 RDX=00000000000003f8
RSI=0000000000000000 RDI=0000000000000020 RBP=0000000000000000 RSP=ffffc900055ee190
R8 =ffffffff84e2d6c6 R9 =1ffff11003ac8046 R10=dffffc0000000000 R11=ffffed1003ac8047
R12=dffffc0000000000 R13=dffffc0000000001 R14=0000000000000036 R15=00000000000003f8
RIP=ffffffff84e2d6f9 RFL=00000002 [-------] CPL=0 II=0 A20=1 SMM=0 HLT=0
ES =0000 0000000000000000 ffffffff 00c00000
CS =0010 0000000000000000 ffffffff 00a09b00 DPL=0 CS64 [-RA]
SS =0018 0000000000000000 ffffffff 00c09300 DPL=0 DS   [-WA]
DS =0000 0000000000000000 ffffffff 00c00000
FS =0000 0000000000000000 ffffffff 00c00000
GS =0000 ffff88807ec00000 ffffffff 00c00000
LDT=0000 0000000000000000 00000000 00000000
TR =0040 fffffe000004a000 00004087 00008b00 DPL=0 TSS64-busy
GDT=     fffffe0000048000 0000007f
IDT=     fffffe0000000000 00000fff
CR0=80050033 CR2=000056271b4ce978 CR3=0000000064810000 CR4=00750ee0
DR0=0000000000000000 DR1=0000000000000000 DR2=0000000000000000 DR3=0000000000000000 
DR6=00000000fffe0ff0 DR7=0000000000000400
EFER=0000000000000d01
FCW=037f FSW=0000 [ST=0] FTW=00 MXCSR=00001f80
FPR0=0000000000000000 0000 FPR1=0000000000000000 0000
FPR2=0000000000000000 0000 FPR3=0000000000000000 0000
FPR4=0000000000000000 0000 FPR5=0000000000000000 0000
FPR6=0000000000000000 0000 FPR7=0000000000000000 0000
Opmask00=0000000001000000 Opmask01=0000000001000003 Opmask02=00000000ffffffef Opmask03=0000000000000000
Opmask04=0000000000000000 Opmask05=0000000000000000 Opmask06=0000000000000000 Opmask07=0000000000000000
ZMM00=0000000000000000 0000000000000000 0000000000000000 0000000000000000 0000000000000000 0000000000000000 0000000000989680 0000000000000000
ZMM01=0000000000000000 0000000000000000 0000000000000000 0000000000000000 0000000000000000 0000000000000000 0000000000000000 0000000000989680
ZMM02=0000000000000000 0000000000000000 0000000000000000 0000000000000000 0000000000000000 0000000000000000 00007fb1b2d2d660 00007fb1b2d2d660
ZMM03=0000000000000000 0000000000000000 0000000000000000 0000000000000000 0000000000000000 0000000000000000 00007ffcd0b80630 00007ffcd0b80630
ZMM04=0000000000000000 0000000000000000 0000000000000000 0000000000000000 0000000000000000 0000000000000000 0000000000000000 00007ffcd0b8066f
ZMM05=0000000000000000 0000000000000000 0000000000000000 0000000000000000 0000000000000000 0000000000000000 0000555557358500 0000000000000000
ZMM06=0000000000000000 0000000000000000 0000000000000000 0000000000000000 0000000000000000 0000000000000000 0000000000000000 00007fb1b2d2d660
ZMM07=0000000000000000 0000000000000000 0000000000000000 0000000000000000 0000000000000000 0000000000000000 00007fb1b1fa4878 0000000000000000
ZMM08=0000000000000000 0000000000000000 0000000000000000 0000000000000000 0000000000000000 0000000000000000 0000000000000000 0000000000000000
ZMM09=0000000000000000 0000000000000000 0000000000000000 0000000000000000 0000000000000000 0000000000000000 0000000000000000 0000000000000000
ZMM10=0000000000000000 0000000000000000 0000000000000000 0000000000000000 0000000000000000 0000000000000000 0000000000000000 0000000000000000
ZMM11=0000000000000000 0000000000000000 0000000000000000 0000000000000000 0000000000000000 0000000000000000 0000000000000000 0000000000000000
ZMM12=0000000000000000 0000000000000000 0000000000000000 0000000000000000 0000000000000000 0000000000000000 0000000000000000 0000000000000000
ZMM13=0000000000000000 0000000000000000 0000000000000000 0000000000000000 0000000000000000 0000000000000000 0000000000000000 0000000000000000
ZMM14=0000000000000000 0000000000000000 0000000000000000 0000000000000000 0000000000000000 0000000000000000 0000000000000000 0000000000000000
ZMM15=0000000000000000 0000000000000000 0000000000000000 0000000000000000 0000000000000000 0000000000000000 0000000000000000 0000000000000000
ZMM16=0000000000000000 0000000000000000 0000000000000000 0000000000000000 0000000000000000 0000000000000000 0000000000000000 0000000000000000
ZMM17=0000000000000000 0000000000000000 0000000000000000 0000000000000000 0000000000000000 0000000000000000 0000000000000000 0000000000000000
ZMM18=0000000000000000 0000000000000000 0000000000000000 0000000000000000 0000000000000007 0000000000000000 0000000000000000 0000000000000000
ZMM19=0000000000000000 0000000000000000 0000000000000000 0000000000000000 0000000000000000 0000000000000000 0000000000000000 00000000000001fc
ZMM20=0000000000000000 0000000000000000 0000000000000000 0000000000000000 0000000000000007 0000000000000000 0000000000000000 00000000000001fc
ZMM21=0000000000000000 0000000000000000 0000000000000000 0000000000000000 0000000000000000 0000000000000000 0000000000000000 000000524f525245
ZMM22=0000000000000000 0000000000000000 0000000000000000 0000000000000000 0000000000000000 0000000000000000 0000000000000000 00524f5252450040
ZMM23=0000000000000000 0000000000000000 0000000000000000 0000000000000000 0000000000000000 0000000000000000 0000000000000000 00e800a800000000
ZMM24=0000000000000000 0000000000000000 0000000000000000 0000000000000000 0000000000000000 0000000000000000 0000000000000000 0000000000000000
ZMM25=0000000000000000 0000000000000000 0000000000000000 0000000000000000 0000000000000000 0000000000000000 0000000000000000 0000000000000000
ZMM26=0000000000000000 0000000000000000 0000000000000000 0000000000000000 0000000000000000 0000000000000000 0000000000000000 0000000000000000
ZMM27=0000000000000000 0000000000000000 0000000000000000 0000000000000000 0000000000000000 0000000000000000 0000000000000000 0000000000000000
ZMM28=0000000000000000 0000000000000000 0000000000000000 0000000000000000 0000000000000000 0000000000000000 0000000000000000 0000000000000000
ZMM29=0000000000000000 0000000000000000 0000000000000000 0000000000000000 0000000000000000 0000000000000000 0000000000000000 0000000000000000
ZMM30=0000000000000000 0000000000000000 0000000000000000 0000000000000000 0000000000000000 0000000000000000 0000000000000000 0000000000000000
ZMM31=0000000000000000 0000000000000000 0000000000000000 0000000000000000 0000000000000000 0000000000000000 0000000000000000 0000000000000000
