Warning: Permanently added '[localhost]:3413' (ED25519) to the list of known hosts.
2025/08/31 20:29:17 parsed 1 programs
[   61.367476][ T7945] cgroup: Unknown subsys name 'net'
[   61.496669][ T7945] cgroup: Unknown subsys name 'rlimit'
[   66.295486][ T7945] Adding 124996k swap on ./swap-file.  Priority:0 extents:1 across:124996k 
[   69.676399][   T26] wlan0: Created IBSS using preconfigured BSSID 50:50:50:50:50:50
[   69.678743][   T26] wlan0: Creating new IBSS network, BSSID 50:50:50:50:50:50
[   69.717026][   T26] wlan1: Created IBSS using preconfigured BSSID 50:50:50:50:50:50
[   69.718749][   T26] wlan1: Creating new IBSS network, BSSID 50:50:50:50:50:50
[   71.104028][ T8164] chnl_net:caif_netlink_parms(): no params data found
[   71.151286][ T8164] bridge0: port 1(bridge_slave_0) entered blocking state
[   71.153536][ T8164] bridge0: port 1(bridge_slave_0) entered disabled state
[   71.155099][ T8164] bridge_slave_0: entered allmulticast mode
[   71.156863][ T8164] bridge_slave_0: entered promiscuous mode
[   71.161943][ T8164] bridge0: port 2(bridge_slave_1) entered blocking state
[   71.163512][ T8164] bridge0: port 2(bridge_slave_1) entered disabled state
[   71.165029][ T8164] bridge_slave_1: entered allmulticast mode
[   71.166771][ T8164] bridge_slave_1: entered promiscuous mode
[   71.192337][ T8164] bond0: (slave bond_slave_0): Enslaving as an active interface with an up link
[   71.198910][ T8164] bond0: (slave bond_slave_1): Enslaving as an active interface with an up link
[   71.264433][ T8164] team0: Port device team_slave_0 added
[   71.267447][ T8164] team0: Port device team_slave_1 added
[   71.290479][ T8164] batman_adv: batadv0: Adding interface: batadv_slave_0
[   71.292656][ T8164] batman_adv: batadv0: The MTU of interface batadv_slave_0 is too small (1500) to handle the transport of batman-adv packets. Packets going over this interface will be fragmented on layer2 which could impact the performance. Setting the MTU to 1560 would solve the problem.
[   71.301429][ T8164] batman_adv: batadv0: Not using interface batadv_slave_0 (retrying later): interface not active
[   71.306497][ T8164] batman_adv: batadv0: Adding interface: batadv_slave_1
[   71.309639][ T8164] batman_adv: batadv0: The MTU of interface batadv_slave_1 is too small (1500) to handle the transport of batman-adv packets. Packets going over this interface will be fragmented on layer2 which could impact the performance. Setting the MTU to 1560 would solve the problem.
[   71.317430][ T8164] batman_adv: batadv0: Not using interface batadv_slave_1 (retrying later): interface not active
[   71.343239][ T8164] hsr_slave_0: entered promiscuous mode
[   71.345476][ T8164] hsr_slave_1: entered promiscuous mode
[   71.439635][ T8164] netdevsim netdevsim0 netdevsim0: renamed from eth0
[   71.445452][ T8164] netdevsim netdevsim0 netdevsim1: renamed from eth1
[   71.450262][ T8164] netdevsim netdevsim0 netdevsim2: renamed from eth2
[   71.455043][ T8164] netdevsim netdevsim0 netdevsim3: renamed from eth3
[   71.470830][ T8164] bridge0: port 2(bridge_slave_1) entered blocking state
[   71.473234][ T8164] bridge0: port 2(bridge_slave_1) entered forwarding state
[   71.476226][ T8164] bridge0: port 1(bridge_slave_0) entered blocking state
[   71.478589][ T8164] bridge0: port 1(bridge_slave_0) entered forwarding state
[   71.532999][ T8164] 8021q: adding VLAN 0 to HW filter on device bond0
[   71.541570][ T4435] bridge0: port 1(bridge_slave_0) entered disabled state
[   71.545337][ T4435] bridge0: port 2(bridge_slave_1) entered disabled state
[   71.554508][ T8164] 8021q: adding VLAN 0 to HW filter on device team0
[   71.559644][    T8] bridge0: port 1(bridge_slave_0) entered blocking state
[   71.561124][    T8] bridge0: port 1(bridge_slave_0) entered forwarding state
[   71.565467][ T4435] bridge0: port 2(bridge_slave_1) entered blocking state
[   71.566981][ T4435] bridge0: port 2(bridge_slave_1) entered forwarding state
[   71.698655][ T8164] 8021q: adding VLAN 0 to HW filter on device batadv0
[   71.717329][ T8164] veth0_vlan: entered promiscuous mode
[   71.733434][ T8164] veth1_vlan: entered promiscuous mode
[   71.746285][ T8164] veth0_macvtap: entered promiscuous mode
[   71.753271][ T8164] veth1_macvtap: entered promiscuous mode
[   71.762308][ T8164] batman_adv: batadv0: Interface activated: batadv_slave_0
[   71.768909][ T8164] batman_adv: batadv0: Interface activated: batadv_slave_1
[   71.784795][ T8164] netdevsim netdevsim0 netdevsim0: set [1, 0] type 2 family 0 port 6081 - 0
[   71.787682][ T8164] netdevsim netdevsim0 netdevsim1: set [1, 0] type 2 family 0 port 6081 - 0
[   71.791227][ T8164] netdevsim netdevsim0 netdevsim2: set [1, 0] type 2 family 0 port 6081 - 0
[   71.794475][ T8164] netdevsim netdevsim0 netdevsim3: set [1, 0] type 2 family 0 port 6081 - 0
[   73.090004][ T8623] Bluetooth: hci0: unexpected cc 0x0c03 length: 249 > 1
[   73.093590][ T8623] Bluetooth: hci0: unexpected cc 0x1003 length: 249 > 9
[   73.095564][ T8623] Bluetooth: hci0: unexpected cc 0x1001 length: 249 > 9
[   73.097481][ T8623] Bluetooth: hci0: unexpected cc 0x0c23 length: 249 > 4
[   73.099451][ T8623] Bluetooth: hci0: unexpected cc 0x0c25 length: 249 > 3
[   73.101035][ T8623] Bluetooth: hci0: unexpected cc 0x0c38 length: 249 > 2
[   73.830171][   T11] netdevsim netdevsim0 netdevsim3 (unregistering): unset [1, 0] type 2 family 0 port 6081 - 0
2025/08/31 20:29:34 executed programs: 0
[   75.052827][ T8623] Bluetooth: hci0: unexpected cc 0x0c03 length: 249 > 1
[   75.055579][ T8623] Bluetooth: hci0: unexpected cc 0x1003 length: 249 > 9
[   75.057534][ T8623] Bluetooth: hci0: unexpected cc 0x1001 length: 249 > 9
[   75.061460][ T8623] Bluetooth: hci0: unexpected cc 0x0c23 length: 249 > 4
[   75.063491][ T8623] Bluetooth: hci0: unexpected cc 0x0c25 length: 249 > 3
[   75.065249][ T8623] Bluetooth: hci0: unexpected cc 0x0c38 length: 249 > 2
[   75.439807][ T8742] chnl_net:caif_netlink_parms(): no params data found
[   75.586331][ T8742] bridge0: port 1(bridge_slave_0) entered blocking state
[   75.587907][ T8742] bridge0: port 1(bridge_slave_0) entered disabled state
[   75.590268][ T8742] bridge_slave_0: entered allmulticast mode
[   75.592030][ T8742] bridge_slave_0: entered promiscuous mode
[   75.594509][ T8742] bridge0: port 2(bridge_slave_1) entered blocking state
[   75.596080][ T8742] bridge0: port 2(bridge_slave_1) entered disabled state
[   75.597579][ T8742] bridge_slave_1: entered allmulticast mode
[   75.600862][ T8742] bridge_slave_1: entered promiscuous mode
[   75.619301][ T8742] bond0: (slave bond_slave_0): Enslaving as an active interface with an up link
[   75.622587][ T8742] bond0: (slave bond_slave_1): Enslaving as an active interface with an up link
[   75.641912][ T8742] team0: Port device team_slave_0 added
[   75.644281][ T8742] team0: Port device team_slave_1 added
[   75.661320][ T8742] batman_adv: batadv0: Adding interface: batadv_slave_0
[   75.662750][ T8742] batman_adv: batadv0: The MTU of interface batadv_slave_0 is too small (1500) to handle the transport of batman-adv packets. Packets going over this interface will be fragmented on layer2 which could impact the performance. Setting the MTU to 1560 would solve the problem.
[   75.667882][ T8742] batman_adv: batadv0: Not using interface batadv_slave_0 (retrying later): interface not active
[   75.671048][ T1251] ieee802154 phy0 wpan0: encryption failed: -22
[   75.672605][ T1251] ieee802154 phy1 wpan1: encryption failed: -22
[   75.680043][ T8742] batman_adv: batadv0: Adding interface: batadv_slave_1
[   75.681500][ T8742] batman_adv: batadv0: The MTU of interface batadv_slave_1 is too small (1500) to handle the transport of batman-adv packets. Packets going over this interface will be fragmented on layer2 which could impact the performance. Setting the MTU to 1560 would solve the problem.
[   75.686687][ T8742] batman_adv: batadv0: Not using interface batadv_slave_1 (retrying later): interface not active
[   75.714037][ T8742] hsr_slave_0: entered promiscuous mode
[   75.715658][ T8742] hsr_slave_1: entered promiscuous mode
[   75.717119][ T8742] debugfs: Directory 'hsr0' with parent 'hsr' already present!
[   75.720349][ T8742] Cannot create hsr debugfs directory
[   77.110325][ T4385] Bluetooth: hci0: command 0x0409 tx timeout
[   77.124848][   T11] netdevsim netdevsim0 netdevsim2 (unregistering): unset [1, 0] type 2 family 0 port 6081 - 0
[   77.183285][   T11] netdevsim netdevsim0 netdevsim1 (unregistering): unset [1, 0] type 2 family 0 port 6081 - 0
[   77.245825][   T11] netdevsim netdevsim0 netdevsim0 (unregistering): unset [1, 0] type 2 family 0 port 6081 - 0
[   78.155486][ T8742] netdevsim netdevsim0 netdevsim0: renamed from eth0
[   78.198924][ T8742] netdevsim netdevsim0 netdevsim1: renamed from eth1
[   78.261033][ T8742] netdevsim netdevsim0 netdevsim2: renamed from eth2
[   78.269746][ T8742] netdevsim netdevsim0 netdevsim3: renamed from eth3
[   78.350409][ T8742] 8021q: adding VLAN 0 to HW filter on device bond0
[   78.373001][ T8742] 8021q: adding VLAN 0 to HW filter on device team0
[   78.377592][    T8] bridge0: port 1(bridge_slave_0) entered blocking state
[   78.379156][    T8] bridge0: port 1(bridge_slave_0) entered forwarding state
[   78.386031][   T29] bridge0: port 2(bridge_slave_1) entered blocking state
[   78.388094][   T29] bridge0: port 2(bridge_slave_1) entered forwarding state
[   78.425250][ T8742] hsr0: Slave B (hsr_slave_1) is not up; please bring it up to get a fully working HSR network
[   78.541867][ T8742] 8021q: adding VLAN 0 to HW filter on device batadv0
[   78.581887][ T8742] veth0_vlan: entered promiscuous mode
[   78.589186][ T8742] veth1_vlan: entered promiscuous mode
[   78.622762][ T8742] veth0_macvtap: entered promiscuous mode
[   78.626847][ T8742] veth1_macvtap: entered promiscuous mode
[   78.637698][ T8742] batman_adv: The newly added mac address (aa:aa:aa:aa:aa:3e) already exists on: batadv_slave_0
[   78.642255][ T8742] batman_adv: It is strongly recommended to keep mac addresses unique to avoid problems!
[   78.646716][ T8742] batman_adv: batadv0: Interface activated: batadv_slave_0
[   78.660496][   T11] hsr_slave_0: left promiscuous mode
[   78.663377][   T11] hsr_slave_1: left promiscuous mode
[   78.665577][   T11] batman_adv: batadv0: Interface deactivated: batadv_slave_0
[   78.667779][   T11] batman_adv: batadv0: Removing interface: batadv_slave_0
[   78.673360][   T11] batman_adv: batadv0: Interface deactivated: batadv_slave_1
[   78.675501][   T11] batman_adv: batadv0: Removing interface: batadv_slave_1
[   78.681182][   T11] bridge_slave_1: left allmulticast mode
[   78.682851][   T11] bridge_slave_1: left promiscuous mode
[   78.685921][   T11] bridge0: port 2(bridge_slave_1) entered disabled state
[   78.693649][   T11] bridge_slave_0: left allmulticast mode
[   78.695393][   T11] bridge_slave_0: left promiscuous mode
[   78.697160][   T11] bridge0: port 1(bridge_slave_0) entered disabled state
[   78.711355][   T11] veth1_macvtap: left promiscuous mode
[   78.713300][   T11] veth0_macvtap: left promiscuous mode
[   78.714947][   T11] veth1_vlan: left promiscuous mode
[   78.716610][   T11] veth0_vlan: left promiscuous mode
[   78.908275][   T11] team0 (unregistering): Port device team_slave_1 removed
[   78.914509][   T11] team0 (unregistering): Port device team_slave_0 removed
[   78.920025][   T11] bond0 (unregistering): (slave bond_slave_1): Releasing backup interface
[   78.925877][   T11] bond0 (unregistering): (slave bond_slave_0): Releasing backup interface
[   78.987382][   T11] bond0 (unregistering): Released all slaves
[   79.066559][ T8742] batman_adv: batadv0: Interface activated: batadv_slave_1
[   79.071938][ T8742] netdevsim netdevsim0 netdevsim0: set [1, 0] type 2 family 0 port 6081 - 0
[   79.073781][ T8742] netdevsim netdevsim0 netdevsim1: set [1, 0] type 2 family 0 port 6081 - 0
[   79.075596][ T8742] netdevsim netdevsim0 netdevsim2: set [1, 0] type 2 family 0 port 6081 - 0
[   79.077378][ T8742] netdevsim netdevsim0 netdevsim3: set [1, 0] type 2 family 0 port 6081 - 0
[   79.143177][  T330] wlan0: Created IBSS using preconfigured BSSID 50:50:50:50:50:50
[   79.144812][  T330] wlan0: Creating new IBSS network, BSSID 50:50:50:50:50:50
[   79.163915][  T330] wlan1: Created IBSS using preconfigured BSSID 50:50:50:50:50:50
[   79.165563][  T330] wlan1: Creating new IBSS network, BSSID 50:50:50:50:50:50
[   79.188173][ T4385] Bluetooth: hci0: command 0x041b tx timeout
[   79.263660][ T9135] loop0: detected capacity change from 0 to 4096
[   79.293753][ T9135] ntfs: volume version 3.1.
[   79.311151][ T9135] FAULT_INJECTION: forcing a failure.
[   79.311151][ T9135] name fail_usercopy, interval 1, probability 0, space 0, times 1
[   79.314015][ T9135] CPU: 1 PID: 9135 Comm: syz.0.17 Not tainted 6.8.0 #1
[   79.315427][ T9135] Hardware name: QEMU Standard PC (i440FX + PIIX, 1996), BIOS 1.15.0-1 04/01/2014
[   79.317280][ T9135] Call Trace:
[   79.317987][ T9135]  <TASK>
[   79.318614][ T9135]  dump_stack_lvl+0xea/0x170
[   79.319595][ T9135]  should_fail_ex+0x146/0x150
[   79.320598][ T9135]  copy_page_from_iter_atomic+0x1a3/0xeb0
[   79.321790][ T9135]  ntfs_file_write_iter+0xce6/0x17f0
[   79.322928][ T9135]  ? rcu_read_lock_any_held+0x6b/0xc0
[   79.324050][ T9135]  vfs_write+0x4bd/0x530
[   79.324962][ T9135]  ksys_write+0xbf/0x170
[   79.325867][ T9135]  do_syscall_64+0x82/0x150
[   79.326810][ T9135]  entry_SYSCALL_64_after_hwframe+0x63/0x6b
[   79.328035][ T9135] RIP: 0033:0x7fe6059ae16d
[   79.328963][ T9135] Code: 02 b8 ff ff ff ff c3 66 0f 1f 44 00 00 f3 0f 1e fa 48 89 f8 48 89 f7 48 89 d6 48 89 ca 4d 89 c2 4d 89 c8 4c 8b 4c 24 08 0f 05 <48> 3d 01 f0 ff ff 73 01 c3 48 c7 c1 a8 ff ff ff f7 d8 64 89 01 48
[   79.332877][ T9135] RSP: 002b:00007ffc16d53f98 EFLAGS: 00000246 ORIG_RAX: 0000000000000001
[   79.334586][ T9135] RAX: ffffffffffffffda RBX: 00007fe605bf5fa0 RCX: 00007fe6059ae16d
[   79.336206][ T9135] RDX: 0000000000000128 RSI: 0000200000000180 RDI: 0000000000000004
[   79.337829][ T9135] RBP: 00007ffc16d54010 R08: 0000000000000000 R09: 0000000000000000
[   79.339470][ T9135] R10: 0000000000000000 R11: 0000000000000246 R12: 0000000000000001
[   79.341091][ T9135] R13: 00007fe605bf5fac R14: 00007fe605bf5fa0 R15: 0000000000000000
[   79.342731][ T9135]  </TASK>
[   79.348496][ T9135] ------------[ cut here ]------------
[   79.349657][ T9135] kernel BUG at fs/ntfs/file.c:493!
[   79.350784][ T9135] invalid opcode: 0000 [#1] PREEMPT SMP
[   79.351926][ T9135] CPU: 1 PID: 9135 Comm: syz.0.17 Not tainted 6.8.0 #1
[   79.353340][ T9135] Hardware name: QEMU Standard PC (i440FX + PIIX, 1996), BIOS 1.15.0-1 04/01/2014
[   79.355515][ T9135] RIP: 0010:ntfs_file_write_iter+0x178e/0x17f0
[   79.357711][ T9135] Code: 7c 24 30 48 8b 5c 24 08 e9 dc ef ff ff e8 8a e3 6b ff 49 c7 c6 f2 ff ff ff e9 d3 f9 ff ff e8 79 e3 6b ff 0f 0b e8 72 e3 6b ff <0f> 0b e8 6b e3 6b ff 0f 0b e8 64 e3 6b ff 0f 0b e8 5d e3 6b ff 0f
[   79.362326][ T9135] RSP: 0018:ffffc90001d37c80 EFLAGS: 00010293
[   79.363579][ T9135] RAX: ffffffff81d9634e RBX: 0000000000000000 RCX: ffff888049bd8000
[   79.365204][ T9135] RDX: 0000000000000000 RSI: 0000000000000000 RDI: 0000000000000000
[   79.366814][ T9135] RBP: ffffc90001d37e00 R08: ffffffff81d95691 R09: ffffffff82784518
[   79.368435][ T9135] R10: 0000000000000002 R11: ffff888049bd8000 R12: 0000000000000000
[   79.370047][ T9135] R13: 0000000000000000 R14: 0000000000000128 R15: 0000000000000fe0
[   79.371670][ T9135] FS:  00005555555e0500(0000) GS:ffff88807ec00000(0000) knlGS:0000000000000000
[   79.373478][ T9135] CS:  0010 DS: 0000 ES: 0000 CR0: 0000000080050033
[   79.374821][ T9135] CR2: 00007fc1b291c300 CR3: 000000004bf44000 CR4: 0000000000750ef0
[   79.376443][ T9135] DR0: 0000000000000000 DR1: 0000000000000000 DR2: 0000000000000000
[   79.378045][ T9135] DR3: 0000000000000000 DR6: 00000000fffe0ff0 DR7: 0000000000000400
[   79.379663][ T9135] PKRU: 00000000
[   79.380399][ T9135] Call Trace:
[   79.381080][ T9135]  <TASK>
[   79.381691][ T9135]  ? __die_body+0x8c/0xe0
[   79.382605][ T9135]  ? die+0xa4/0xd0
[   79.383407][ T9135]  ? do_trap+0xda/0x200
[   79.384273][ T9135]  ? ntfs_file_write_iter+0x178e/0x17f0
[   79.385426][ T9135]  ? do_error_trap+0x156/0x1e0
[   79.386408][ T9135]  ? ntfs_file_write_iter+0x178e/0x17f0
[   79.387556][ T9135]  ? handle_invalid_op+0x34/0x40
[   79.388583][ T9135]  ? ntfs_file_write_iter+0x178e/0x17f0
[   79.389715][ T9135]  ? exc_invalid_op+0x2f/0x40
[   79.390692][ T9135]  ? asm_exc_invalid_op+0x16/0x20
[   79.391735][ T9135]  ? fault_in_iov_iter_readable+0x28/0x160
[   79.392938][ T9135]  ? ntfs_file_write_iter+0xad1/0x17f0
[   79.394059][ T9135]  ? ntfs_file_write_iter+0x178e/0x17f0
[   79.395207][ T9135]  ? ntfs_file_write_iter+0x178e/0x17f0
[   79.396367][ T9135]  ? rcu_read_lock_any_held+0x6b/0xc0
[   79.397480][ T9135]  vfs_write+0x4bd/0x530
[   79.398385][ T9135]  ksys_write+0xbf/0x170
[   79.399285][ T9135]  do_syscall_64+0x82/0x150
[   79.400223][ T9135]  entry_SYSCALL_64_after_hwframe+0x63/0x6b
[   79.401439][ T9135] RIP: 0033:0x7fe6059ae16d
[   79.402358][ T9135] Code: 02 b8 ff ff ff ff c3 66 0f 1f 44 00 00 f3 0f 1e fa 48 89 f8 48 89 f7 48 89 d6 48 89 ca 4d 89 c2 4d 89 c8 4c 8b 4c 24 08 0f 05 <48> 3d 01 f0 ff ff 73 01 c3 48 c7 c1 a8 ff ff ff f7 d8 64 89 01 48
[   79.406263][ T9135] RSP: 002b:00007ffc16d53f98 EFLAGS: 00000246 ORIG_RAX: 0000000000000001
[   79.407961][ T9135] RAX: ffffffffffffffda RBX: 00007fe605bf5fa0 RCX: 00007fe6059ae16d
[   79.409581][ T9135] RDX: 0000000000000128 RSI: 0000200000000180 RDI: 0000000000000004
[   79.411201][ T9135] RBP: 00007ffc16d54010 R08: 0000000000000000 R09: 0000000000000000
[   79.412809][ T9135] R10: 0000000000000000 R11: 0000000000000246 R12: 0000000000000001
[   79.414416][ T9135] R13: 00007fe605bf5fac R14: 00007fe605bf5fa0 R15: 0000000000000000
[   79.416022][ T9135]  </TASK>
[   79.416660][ T9135] Modules linked in:
[   79.420191][ T9135] ---[ end trace 0000000000000000 ]---
[   79.421357][ T9135] RIP: 0010:ntfs_file_write_iter+0x178e/0x17f0
[   79.422627][ T9135] Code: 7c 24 30 48 8b 5c 24 08 e9 dc ef ff ff e8 8a e3 6b ff 49 c7 c6 f2 ff ff ff e9 d3 f9 ff ff e8 79 e3 6b ff 0f 0b e8 72 e3 6b ff <0f> 0b e8 6b e3 6b ff 0f 0b e8 64 e3 6b ff 0f 0b e8 5d e3 6b ff 0f
[   79.426546][ T9135] RSP: 0018:ffffc90001d37c80 EFLAGS: 00010293
[   79.427801][ T9135] RAX: ffffffff81d9634e RBX: 0000000000000000 RCX: ffff888049bd8000
[   79.430073][ T9135] RDX: 0000000000000000 RSI: 0000000000000000 RDI: 0000000000000000
[   79.431781][ T9135] RBP: ffffc90001d37e00 R08: ffffffff81d95691 R09: ffffffff82784518
[   79.433395][ T9135] R10: 0000000000000002 R11: ffff888049bd8000 R12: 0000000000000000
[   79.435000][ T9135] R13: 0000000000000000 R14: 0000000000000128 R15: 0000000000000fe0
[   79.436617][ T9135] FS:  00005555555e0500(0000) GS:ffff88807ec00000(0000) knlGS:0000000000000000
[   79.438583][ T9135] CS:  0010 DS: 0000 ES: 0000 CR0: 0000000080050033
[   79.439934][ T9135] CR2: 00007ff3c80440d8 CR3: 000000004bf44000 CR4: 0000000000750ef0
[   79.441551][ T9135] DR0: 0000000000000000 DR1: 0000000000000000 DR2: 0000000000000000
[   79.443238][ T9135] DR3: 0000000000000000 DR6: 00000000fffe0ff0 DR7: 0000000000000400
[   79.444836][ T9135] PKRU: 00000000
[   79.445586][ T9135] Kernel panic - not syncing: Fatal exception
[   79.447374][ T9135] Kernel Offset: disabled
[   79.448306][ T9135] Rebooting in 86400 seconds..

VM DIAGNOSIS:
04:29:38  Registers:
info registers vcpu 0
RAX=0000000000000000 RBX=0000000000000000 RCX=0000000000000000 RDX=ffff88800aefa3c0
RSI=0000000000000000 RDI=0000000000000000 RBP=0000000000015be5 RSP=ffffc90000377d50
R8 =ffffffff8457029e R9 =0000000000000000 R10=ffffffff84570269 R11=ffff888010325c10
R12=0000000000015be6 R13=000000000000000a R14=ffffffff89a2e980 R15=ffff888046c00000
RIP=ffffffff845702c0 RFL=00000246 [---Z-P-] CPL=0 II=0 A20=1 SMM=0 HLT=0
ES =0000 0000000000000000 ffffffff 00c00000
CS =0010 0000000000000000 ffffffff 00a09b00 DPL=0 CS64 [-RA]
SS =0018 0000000000000000 ffffffff 00c09300 DPL=0 DS   [-WA]
DS =0000 0000000000000000 ffffffff 00c00000
FS =0000 0000000000000000 ffffffff 00c00000
GS =0000 ffff88803ec00000 ffffffff 00c00000
LDT=0000 0000000000000000 ffffffff 00c00000
TR =0040 fffffe0000003000 00004087 00008b00 DPL=0 TSS64-busy
GDT=     fffffe0000001000 0000007f
IDT=     fffffe0000000000 00000fff
CR0=80050033 CR2=00005638456270e0 CR3=0000000049f1c000 CR4=00750ef0
DR0=0000000000000000 DR1=0000000000000000 DR2=0000000000000000 DR3=0000000000000000 
DR6=00000000fffe0ff0 DR7=0000000000000400
EFER=0000000000000d01
FCW=037f FSW=0000 [ST=0] FTW=00 MXCSR=00001fa0
FPR0=0000000000000000 0000 FPR1=0000000000000000 0000
FPR2=0000000000000000 0000 FPR3=0000000000000000 0000
FPR4=0000000000000000 0000 FPR5=0000000000000000 0000
FPR6=0000000000000000 0000 FPR7=0000000000000000 0000
Opmask00=0000000000000000 Opmask01=0000000000000000 Opmask02=0000000000000000 Opmask03=0000000000000000
Opmask04=0000000000000000 Opmask05=0000000000000000 Opmask06=0000000000000000 Opmask07=0000000000000000
ZMM00=0000000000000000 0000000000000000 0000000000000000 0000000000000000 0000000000000000 0000000000000000 d6f0031fd6f0031f d6f0031fd6f0031f
ZMM01=0000000000000000 0000000000000000 0000000000000000 0000000000000000 0000000000000000 0000000000000000 0cbfea320cbfea32 0cbfea320cbfea32
ZMM02=0000000000000000 0000000000000000 0000000000000000 0000000000000000 0000000000000000 0000000000000000 ad7d01fead7d01fe ad7d01fead7d01fe
ZMM03=0000000000000000 0000000000000000 0000000000000000 0000000000000000 0000000000000000 0000000000000000 de372c56de372c56 de372c56de372c56
ZMM04=0000000000000000 0000000000000000 0000000000000000 0000000000000000 0000000000000000 0000000000000000 48b0cf1a9b823c15 2e1cbe30b9617870
ZMM05=0000000000000000 0000000000000000 0000000000000000 0000000000000000 0000000000000000 0000000000000000 e6d93d210d4c004e 23b0b15be0879e2c
ZMM06=0000000000000000 0000000000000000 0000000000000000 0000000000000000 0000000000000000 0000000000000000 aa4ca1c9336bbcbc 3700cf4fba9332c5
ZMM07=0000000000000000 0000000000000000 0000000000000000 0000000000000000 0000000000000000 0000000000000000 09c30fcfb3dc0e66 493b20fb4d0334db
ZMM08=0000000000000000 0000000000000000 0000000000000000 0000000000000000 0000000000000000 0000000000000000 6bb01c30f821e020 9b52249f5820f9f1
ZMM09=0000000000000000 0000000000000000 0000000000000000 0000000000000000 0000000000000000 0000000000000000 f4185bb817889791 6b9e525fa1c2f0fc
ZMM10=0000000000000000 0000000000000000 0000000000000000 0000000000000000 0000000000000000 0000000000000000 21acb6a40f32ca6f b2218960c313d69e
ZMM11=0000000000000000 0000000000000000 0000000000000000 0000000000000000 0000000000000000 0000000000000000 65a3541df977985a a4115705f6f030e9
ZMM12=0000000000000000 0000000000000000 0000000000000000 0000000000000000 0000000000000000 0000000000000000 8d7388038d738803 8d7388038d738803
ZMM13=0000000000000000 0000000000000000 0000000000000000 0000000000000000 0000000000000000 0000000000000000 e6ae96bbe6ae96bb e6ae96bbe6ae96bb
ZMM14=0000000000000000 0000000000000000 0000000000000000 0000000000000000 0000000000000000 0000000000000000 748ff78b748ff78b 748ff78b748ff78b
ZMM15=0000000000000000 0000000000000000 0000000000000000 0000000000000000 0000000000000000 0000000000000000 0000000000000000 0000000000000000
ZMM16=0000000000000000 0000000000000000 0000000000000000 0000000000000000 0000000000000000 0000000000000000 0000000000000000 0000000000000000
ZMM17=0000000000000000 0000000000000000 0000000000000000 0000000000000000 0000000000000000 0000000000000000 0000000000000000 0000000000000000
ZMM18=0000000000000000 0000000000000000 0000000000000000 0000000000000000 0000000000000000 0000000000000000 0000000000000000 0000000000000000
ZMM19=0000000000000000 0000000000000000 0000000000000000 0000000000000000 0000000000000000 0000000000000000 0000000000000000 0000000000000000
ZMM20=0000000000000000 0000000000000000 0000000000000000 0000000000000000 0000000000000000 0000000000000000 0000000000000000 0000000000000000
ZMM21=0000000000000000 0000000000000000 0000000000000000 0000000000000000 0000000000000000 0000000000000000 0000000000000000 0000000000000000
ZMM22=0000000000000000 0000000000000000 0000000000000000 0000000000000000 0000000000000000 0000000000000000 0000000000000000 0000000000000000
ZMM23=0000000000000000 0000000000000000 0000000000000000 0000000000000000 0000000000000000 0000000000000000 0000000000000000 0000000000000000
ZMM24=0000000000000000 0000000000000000 0000000000000000 0000000000000000 0000000000000000 0000000000000000 0000000000000000 0000000000000000
ZMM25=0000000000000000 0000000000000000 0000000000000000 0000000000000000 0000000000000000 0000000000000000 0000000000000000 0000000000000000
ZMM26=0000000000000000 0000000000000000 0000000000000000 0000000000000000 0000000000000000 0000000000000000 0000000000000000 0000000000000000
ZMM27=0000000000000000 0000000000000000 0000000000000000 0000000000000000 0000000000000000 0000000000000000 0000000000000000 0000000000000000
ZMM28=0000000000000000 0000000000000000 0000000000000000 0000000000000000 0000000000000000 0000000000000000 0000000000000000 0000000000000000
ZMM29=0000000000000000 0000000000000000 0000000000000000 0000000000000000 0000000000000000 0000000000000000 0000000000000000 0000000000000000
ZMM30=0000000000000000 0000000000000000 0000000000000000 0000000000000000 0000000000000000 0000000000000000 0000000000000000 0000000000000000
ZMM31=0000000000000000 0000000000000000 0000000000000000 0000000000000000 0000000000000000 0000000000000000 0000000000000000 0000000000000000
info registers vcpu 1
RAX=000000000000006f RBX=ffffffff89997eb0 RCX=ffff888049bd8000 RDX=00000000000003f8
RSI=0000000000000000 RDI=ffffffff89997eb0 RBP=00000000000003f8 RSP=ffffc90001d37718
R8 =ffffffff82b11eb9 R9 =0000000000000000 R10=ffffffff82b115e1 R11=205d353331395420
R12=ffffffff8974ad61 R13=0000000000000000 R14=000000000000006f R15=ffffffff89997eb0
RIP=ffffffff82b128a2 RFL=00000002 [-------] CPL=0 II=0 A20=1 SMM=0 HLT=0
ES =0000 0000000000000000 ffffffff 00c00000
CS =0010 0000000000000000 ffffffff 00a09b00 DPL=0 CS64 [-RA]
SS =0018 0000000000000000 ffffffff 00c09300 DPL=0 DS   [-WA]
DS =0000 0000000000000000 ffffffff 00c00000
FS =0000 00005555555e0500 ffffffff 00c00000
GS =0000 ffff88807ec00000 ffffffff 00c00000
LDT=0000 0000000000000000 00000000 00000000
TR =0040 fffffe000003e000 00004087 00008b00 DPL=0 TSS64-busy
GDT=     fffffe000003c000 0000007f
IDT=     fffffe0000000000 00000fff
CR0=80050033 CR2=00007fc1b291c300 CR3=000000004bf44000 CR4=00750ef0
DR0=0000000000000000 DR1=0000000000000000 DR2=0000000000000000 DR3=0000000000000000 
DR6=00000000fffe0ff0 DR7=0000000000000400
EFER=0000000000000d01
FCW=037f FSW=0000 [ST=0] FTW=00 MXCSR=00001f80
FPR0=0000000000000000 0000 FPR1=0000000000000000 0000
FPR2=0000000000000000 0000 FPR3=0000000000000000 0000
FPR4=0000000000000000 0000 FPR5=0000000000000000 0000
FPR6=0000000000000000 0000 FPR7=0000000000000000 0000
Opmask00=0000000000000000 Opmask01=0000000000010100 Opmask02=00000000ffffffef Opmask03=0000000000000000
Opmask04=0000000000000000 Opmask05=0000000000000000 Opmask06=0000000000000000 Opmask07=0000000000000000
ZMM00=0000000000000000 0000000000000000 0000000000000000 0000000000000000 0000000000000000 0000000000000000 0000000000989680 0000000000000000
ZMM01=0000000000000000 0000000000000000 0000000000000000 0000000000000000 0000000000000000 0000000000000000 0000000000000000 0000000000989680
ZMM02=0000000000000000 0000000000000000 0000000000000000 0000000000000000 0000000000000000 0000000000000000 00007fe60672d660 00007fe60672d660
ZMM03=0000000000000000 0000000000000000 0000000000000000 0000000000000000 0000000000000000 0000000000000000 00007ffc16d54330 00007ffc16d54330
ZMM04=0000000000000000 0000000000000000 0000000000000000 0000000000000000 0000000000000000 0000000000000000 0000000000000000 00007ffc16d5436f
ZMM05=0000000000000000 0000000000000000 0000000000000000 0000000000000000 0000000000000000 0000000000000000 00005555555e0500 0000000000000000
ZMM06=0000000000000000 0000000000000000 0000000000000000 0000000000000000 0000000000000000 0000000000000000 0000000000000000 00007fe60672d660
ZMM07=0000000000000000 0000000000000000 0000000000000000 0000000000000000 0000000000000000 0000000000000000 00007fe6059a4878 0000000000000000
ZMM08=0000000000000000 0000000000000000 0000000000000000 0000000000000000 0000000000000000 0000000000000000 0000000000000000 0000000000000000
ZMM09=0000000000000000 0000000000000000 0000000000000000 0000000000000000 0000000000000000 0000000000000000 0000000000000000 0000000000000000
ZMM10=0000000000000000 0000000000000000 0000000000000000 0000000000000000 0000000000000000 0000000000000000 0000000000000000 0000000000000000
ZMM11=0000000000000000 0000000000000000 0000000000000000 0000000000000000 0000000000000000 0000000000000000 0000000000000000 0000000000000000
ZMM12=0000000000000000 0000000000000000 0000000000000000 0000000000000000 0000000000000000 0000000000000000 0000000000000000 0000000000000000
ZMM13=0000000000000000 0000000000000000 0000000000000000 0000000000000000 0000000000000000 0000000000000000 0000000000000000 0000000000000000
ZMM14=0000000000000000 0000000000000000 0000000000000000 0000000000000000 0000000000000000 0000000000000000 0000000000000000 0000000000000000
ZMM15=0000000000000000 0000000000000000 0000000000000000 0000000000000000 0000000000000000 0000000000000000 0000000000000000 0000000000000000
ZMM16=0000000000000000 0000000000000000 0000000000000000 0000000000000000 0000000000000000 0000000000000000 0000000000000000 0000000000000000
ZMM17=0000000000000000 0000000000000000 0000000000000000 0000000000000000 0000000000000000 0000000000000000 0000000000000000 0000000000000000
ZMM18=0000000000000000 0000000000000000 0000000000000000 0000000000000000 0000000000000000 0000000000000000 0000000000000000 0000000000000000
ZMM19=0000000000000000 0000000000000000 0000000000000000 0000000000000000 0000000000000000 0000000000000000 0000000000000000 0000000000000000
ZMM20=0000000000000000 0000000000000000 0000000000000000 0000000000000000 0000000000000000 0000000000000048 0000000000000001 0000000000000000
ZMM21=0000000000000000 0000000000000000 0000000000000000 0000000000000000 0000000000000000 0000000000000000 0000000000000000 000000524f525245
ZMM22=0000000000000000 0000000000000000 0000000000000000 0000000000000000 0000000000000000 0000000000000000 0000000000000000 00524f5252450040
ZMM23=0000000000000000 0000000000000000 0000000000000000 0000000000000000 0000000000000000 0000000000000000 0000000000000000 00e800a800000000
ZMM24=0000000000000000 0000000000000000 0000000000000000 0000000000000000 0000000000000000 0000000000000000 0000000000000000 0000000000000000
ZMM25=0000000000000000 0000000000000000 0000000000000000 0000000000000000 0000000000000000 0000000000000000 0000000000000000 0000000000000000
ZMM26=0000000000000000 0000000000000000 0000000000000000 0000000000000000 0000000000000000 0000000000000000 0000000000000000 0000000000000000
ZMM27=0000000000000000 0000000000000000 0000000000000000 0000000000000000 0000000000000000 0000000000000000 0000000000000000 0000000000000000
ZMM28=0000000000000000 0000000000000000 0000000000000000 0000000000000000 0000000000000000 0000000000000000 0000000000000000 0000000000000000
ZMM29=0000000000000000 0000000000000000 0000000000000000 0000000000000000 0000000000000000 0000000000000000 0000000000000000 0000000000000000
ZMM30=0000000000000000 0000000000000000 0000000000000000 0000000000000000 0000000000000000 0000000000000000 0000000000000000 0000000000000000
ZMM31=0000000000000000 0000000000000000 0000000000000000 0000000000000000 0000000000000000 0000000000000000 0000000000000000 0000000000000000
