Warning: Permanently added '[localhost]:8902' (ED25519) to the list of known hosts.
2025/09/01 07:48:32 parsed 1 programs
syzkaller login: [   51.219283][ T8295] Adding 124996k swap on ./swap-file.  Priority:0 extents:1 across:124996k 
[   57.574214][ T8597] Bluetooth: hci0: unexpected cc 0x0c03 length: 249 > 1
[   57.578581][ T8597] Bluetooth: hci0: unexpected cc 0x1003 length: 249 > 9
[   57.582011][ T8597] Bluetooth: hci0: unexpected cc 0x1001 length: 249 > 9
[   57.584740][ T8597] Bluetooth: hci0: unexpected cc 0x0c23 length: 249 > 4
[   57.588290][ T8597] Bluetooth: hci0: unexpected cc 0x0c38 length: 249 > 2
[   58.425908][ T8689] chnl_net:caif_netlink_parms(): no params data found
[   58.514011][ T8689] bridge0: port 1(bridge_slave_0) entered blocking state
[   58.517132][ T8689] bridge0: port 1(bridge_slave_0) entered disabled state
[   58.518817][ T8689] bridge_slave_0: entered allmulticast mode
[   58.522162][ T8689] bridge_slave_0: entered promiscuous mode
[   58.526247][ T8689] bridge0: port 2(bridge_slave_1) entered blocking state
[   58.527855][ T8689] bridge0: port 2(bridge_slave_1) entered disabled state
[   58.529494][ T8689] bridge_slave_1: entered allmulticast mode
[   58.532931][ T8689] bridge_slave_1: entered promiscuous mode
[   58.561156][ T8689] bond0: (slave bond_slave_0): Enslaving as an active interface with an up link
[   58.564973][ T8689] bond0: (slave bond_slave_1): Enslaving as an active interface with an up link
[   58.595574][ T8689] team0: Port device team_slave_0 added
[   58.598298][ T8689] team0: Port device team_slave_1 added
[   58.620208][ T8689] batman_adv: batadv0: Adding interface: batadv_slave_0
[   58.622784][ T8689] batman_adv: batadv0: The MTU of interface batadv_slave_0 is too small (1500) to handle the transport of batman-adv packets. Packets going over this interface will be fragmented on layer2 which could impact the performance. Setting the MTU to 1560 would solve the problem.
[   58.628299][ T8689] batman_adv: batadv0: Not using interface batadv_slave_0 (retrying later): interface not active
[   58.634400][ T8689] batman_adv: batadv0: Adding interface: batadv_slave_1
[   58.635988][ T8689] batman_adv: batadv0: The MTU of interface batadv_slave_1 is too small (1500) to handle the transport of batman-adv packets. Packets going over this interface will be fragmented on layer2 which could impact the performance. Setting the MTU to 1560 would solve the problem.
[   58.641708][ T8689] batman_adv: batadv0: Not using interface batadv_slave_1 (retrying later): interface not active
[   58.678238][ T8689] hsr_slave_0: entered promiscuous mode
[   58.680006][ T8689] hsr_slave_1: entered promiscuous mode
[   58.806936][ T8689] netdevsim netdevsim0 netdevsim0: renamed from eth0
[   58.814330][ T8689] netdevsim netdevsim0 netdevsim1: renamed from eth1
[   58.817842][ T8689] netdevsim netdevsim0 netdevsim2: renamed from eth2
[   58.821660][ T8689] netdevsim netdevsim0 netdevsim3: renamed from eth3
[   58.842591][ T8689] bridge0: port 2(bridge_slave_1) entered blocking state
[   58.844325][ T8689] bridge0: port 2(bridge_slave_1) entered forwarding state
[   58.846570][ T8689] bridge0: port 1(bridge_slave_0) entered blocking state
[   58.848144][ T8689] bridge0: port 1(bridge_slave_0) entered forwarding state
[   58.878092][ T8689] 8021q: adding VLAN 0 to HW filter on device bond0
[   58.895314][ T1142] bridge0: port 1(bridge_slave_0) entered disabled state
[   58.898724][ T1142] bridge0: port 2(bridge_slave_1) entered disabled state
[   58.909996][ T8689] 8021q: adding VLAN 0 to HW filter on device team0
[   58.918268][ T1142] bridge0: port 1(bridge_slave_0) entered blocking state
[   58.919869][ T1142] bridge0: port 1(bridge_slave_0) entered forwarding state
[   58.926002][ T1142] bridge0: port 2(bridge_slave_1) entered blocking state
[   58.927613][ T1142] bridge0: port 2(bridge_slave_1) entered forwarding state
[   59.045772][ T8689] 8021q: adding VLAN 0 to HW filter on device batadv0
[   59.068563][ T8689] veth0_vlan: entered promiscuous mode
[   59.073681][ T8689] veth1_vlan: entered promiscuous mode
[   59.086266][ T8689] veth0_macvtap: entered promiscuous mode
[   59.089352][ T8689] veth1_macvtap: entered promiscuous mode
[   59.098553][ T8689] batman_adv: batadv0: Interface activated: batadv_slave_0
[   59.104547][ T8689] batman_adv: batadv0: Interface activated: batadv_slave_1
[   59.108343][ T8689] netdevsim netdevsim0 netdevsim0: set [1, 0] type 2 family 0 port 6081 - 0
[   59.110433][ T8689] netdevsim netdevsim0 netdevsim1: set [1, 0] type 2 family 0 port 6081 - 0
[   59.113007][ T8689] netdevsim netdevsim0 netdevsim2: set [1, 0] type 2 family 0 port 6081 - 0
[   59.114918][ T8689] netdevsim netdevsim0 netdevsim3: set [1, 0] type 2 family 0 port 6081 - 0
[   59.221768][ T8128] netdevsim netdevsim0 netdevsim3 (unregistering): unset [1, 0] type 2 family 0 port 6081 - 0
[   59.295593][ T1142] wlan0: Created IBSS using preconfigured BSSID 50:50:50:50:50:50
[   59.298659][ T1142] wlan0: Creating new IBSS network, BSSID 50:50:50:50:50:50
[   59.326984][ T8128] netdevsim netdevsim0 netdevsim2 (unregistering): unset [1, 0] type 2 family 0 port 6081 - 0
[   59.339770][ T1142] wlan1: Created IBSS using preconfigured BSSID 50:50:50:50:50:50
[   59.341927][ T1142] wlan1: Creating new IBSS network, BSSID 50:50:50:50:50:50
[   59.403189][ T8128] netdevsim netdevsim0 netdevsim1 (unregistering): unset [1, 0] type 2 family 0 port 6081 - 0
[   59.497298][ T8128] netdevsim netdevsim0 netdevsim0 (unregistering): unset [1, 0] type 2 family 0 port 6081 - 0
2025/09/01 07:48:47 executed programs: 0
[   59.786377][   T66] Bluetooth: hci0: unexpected cc 0x0c03 length: 249 > 1
[   59.789476][   T66] Bluetooth: hci0: unexpected cc 0x1003 length: 249 > 9
[   59.793579][   T66] Bluetooth: hci0: unexpected cc 0x1001 length: 249 > 9
[   59.796923][   T66] Bluetooth: hci0: unexpected cc 0x0c23 length: 249 > 4
[   59.799332][   T66] Bluetooth: hci0: unexpected cc 0x0c38 length: 249 > 2
[   59.939264][ T9318] chnl_net:caif_netlink_parms(): no params data found
[   60.024024][ T9318] bridge0: port 1(bridge_slave_0) entered blocking state
[   60.026699][ T9318] bridge0: port 1(bridge_slave_0) entered disabled state
[   60.029299][ T9318] bridge_slave_0: entered allmulticast mode
[   60.033253][ T9318] bridge_slave_0: entered promiscuous mode
[   60.037260][ T9318] bridge0: port 2(bridge_slave_1) entered blocking state
[   60.039625][ T9318] bridge0: port 2(bridge_slave_1) entered disabled state
[   60.042219][ T9318] bridge_slave_1: entered allmulticast mode
[   60.046061][ T9318] bridge_slave_1: entered promiscuous mode
[   60.084398][ T9318] bond0: (slave bond_slave_0): Enslaving as an active interface with an up link
[   60.090341][ T9318] bond0: (slave bond_slave_1): Enslaving as an active interface with an up link
[   60.125515][ T9318] team0: Port device team_slave_0 added
[   60.128276][ T9318] team0: Port device team_slave_1 added
[   60.154913][ T9318] batman_adv: batadv0: Adding interface: batadv_slave_0
[   60.156498][ T9318] batman_adv: batadv0: The MTU of interface batadv_slave_0 is too small (1500) to handle the transport of batman-adv packets. Packets going over this interface will be fragmented on layer2 which could impact the performance. Setting the MTU to 1560 would solve the problem.
[   60.162437][ T9318] batman_adv: batadv0: Not using interface batadv_slave_0 (retrying later): interface not active
[   60.165963][ T9318] batman_adv: batadv0: Adding interface: batadv_slave_1
[   60.167557][ T9318] batman_adv: batadv0: The MTU of interface batadv_slave_1 is too small (1500) to handle the transport of batman-adv packets. Packets going over this interface will be fragmented on layer2 which could impact the performance. Setting the MTU to 1560 would solve the problem.
[   60.174050][ T9318] batman_adv: batadv0: Not using interface batadv_slave_1 (retrying later): interface not active
[   60.219370][ T9318] hsr_slave_0: entered promiscuous mode
[   60.222504][ T9318] hsr_slave_1: entered promiscuous mode
[   60.225087][ T9318] debugfs: Directory 'hsr0' with parent 'hsr' already present!
[   60.227112][ T9318] Cannot create hsr debugfs directory
[   61.822570][ T8597] Bluetooth: hci0: command tx timeout
[   62.801744][ T8128] bridge_slave_1: left allmulticast mode
[   62.803261][ T8128] bridge_slave_1: left promiscuous mode
[   62.807221][ T8128] bridge0: port 2(bridge_slave_1) entered disabled state
[   62.816446][ T8128] bridge_slave_0: left allmulticast mode
[   62.817755][ T8128] bridge_slave_0: left promiscuous mode
[   62.819127][ T8128] bridge0: port 1(bridge_slave_0) entered disabled state
[   63.183751][ T8128] bond0 (unregistering): (slave bond_slave_0): Releasing backup interface
[   63.188008][ T8128] bond0 (unregistering): (slave bond_slave_1): Releasing backup interface
[   63.191268][ T8128] bond0 (unregistering): Released all slaves
[   63.333753][ T8128] hsr_slave_0: left promiscuous mode
[   63.341612][ T8128] hsr_slave_1: left promiscuous mode
[   63.343254][ T8128] batman_adv: batadv0: Interface deactivated: batadv_slave_0
[   63.344925][ T8128] batman_adv: batadv0: Removing interface: batadv_slave_0
[   63.347628][ T8128] batman_adv: batadv0: Interface deactivated: batadv_slave_1
[   63.349271][ T8128] batman_adv: batadv0: Removing interface: batadv_slave_1
[   63.370231][ T8128] veth1_macvtap: left promiscuous mode
[   63.371831][ T8128] veth0_macvtap: left promiscuous mode
[   63.373115][ T8128] veth1_vlan: left promiscuous mode
[   63.374354][ T8128] veth0_vlan: left promiscuous mode
[   63.833486][ T8128] team0 (unregistering): Port device team_slave_1 removed
[   63.881729][ T8128] team0 (unregistering): Port device team_slave_0 removed
[   63.904245][ T8597] Bluetooth: hci0: command tx timeout
[   64.677994][ T9318] netdevsim netdevsim0 netdevsim0: renamed from eth0
[   64.682166][ T9318] netdevsim netdevsim0 netdevsim1: renamed from eth1
[   64.687082][ T9318] netdevsim netdevsim0 netdevsim2: renamed from eth2
[   64.690254][ T9318] netdevsim netdevsim0 netdevsim3: renamed from eth3
[   64.733623][ T9318] 8021q: adding VLAN 0 to HW filter on device bond0
[   64.742239][ T9318] 8021q: adding VLAN 0 to HW filter on device team0
[   64.746335][  T104] bridge0: port 1(bridge_slave_0) entered blocking state
[   64.748022][  T104] bridge0: port 1(bridge_slave_0) entered forwarding state
[   64.754656][  T104] bridge0: port 2(bridge_slave_1) entered blocking state
[   64.756335][  T104] bridge0: port 2(bridge_slave_1) entered forwarding state
[   64.908640][ T9318] 8021q: adding VLAN 0 to HW filter on device batadv0
[   64.930101][ T9318] veth0_vlan: entered promiscuous mode
[   64.937043][ T9318] veth1_vlan: entered promiscuous mode
[   64.956384][ T9318] veth0_macvtap: entered promiscuous mode
[   64.962573][ T9318] veth1_macvtap: entered promiscuous mode
[   64.983579][ T9318] batman_adv: batadv0: Interface activated: batadv_slave_0
[   65.001265][ T9318] batman_adv: batadv0: Interface activated: batadv_slave_1
[   65.005250][ T9318] netdevsim netdevsim0 netdevsim0: set [1, 0] type 2 family 0 port 6081 - 0
[   65.007338][ T9318] netdevsim netdevsim0 netdevsim1: set [1, 0] type 2 family 0 port 6081 - 0
[   65.009278][ T9318] netdevsim netdevsim0 netdevsim2: set [1, 0] type 2 family 0 port 6081 - 0
[   65.011931][ T9318] netdevsim netdevsim0 netdevsim3: set [1, 0] type 2 family 0 port 6081 - 0
[   65.086833][ T2899] wlan0: Created IBSS using preconfigured BSSID 50:50:50:50:50:50
[   65.088645][ T2899] wlan0: Creating new IBSS network, BSSID 50:50:50:50:50:50
[   65.108263][ T2899] wlan1: Created IBSS using preconfigured BSSID 50:50:50:50:50:50
[   65.110852][ T2899] wlan1: Creating new IBSS network, BSSID 50:50:50:50:50:50
[   65.500940][ T9944] loop0: detected capacity change from 0 to 32768
[   65.535149][ T9944] XFS (loop0): Mounting V5 Filesystem ca7e2101-b8f1-4838-8e2d-7637b90620e6
[   65.545790][ T9944] XFS (loop0): Log size 624 blocks too small, minimum size is 816 blocks
[   65.547699][ T9944] XFS (loop0): AAIEEE! Log failed size checks. Abort!
[   65.549170][ T9944] XFS: Assertion failed: 0, file: fs/xfs/xfs_log.c, line: 643
[   65.551394][ T9944] ------------[ cut here ]------------
[   65.552621][ T9944] kernel BUG at fs/xfs/xfs_message.c:102!
[   65.553996][ T9944] Oops: invalid opcode: 0000 [#1] SMP NOPTI
[   65.555641][ T9944] CPU: 2 UID: 0 PID: 9944 Comm: syz.0.17 Not tainted 6.16.0 #1 PREEMPT(full) 
[   65.558183][ T9944] Hardware name: QEMU Standard PC (i440FX + PIIX, 1996), BIOS 1.15.0-1 04/01/2014
[   65.563292][ T9944] RIP: 0010:assfail+0x67/0x70
[   65.565589][ T9944] Code: ef 4a e1 04 31 ff 89 de e8 b6 76 34 ff 85 db 75 14 e8 ad 73 34 ff 0f 0b 5b 41 5c 41 5e 41 5f c3 cc cc cc cc cc e8 99 73 34 ff <0f> 0b 0f 1f 80 00 00 00 00 90 90 90 90 90 90 90 90 90 90 90 90 90
[   65.571649][ T9944] RSP: 0018:ffffc900060c7ca0 EFLAGS: 00010293
[   65.573330][ T9944] RAX: ffffffff82362bc7 RBX: 0000000000000001 RCX: ffff88801657a3c0
[   65.575485][ T9944] RDX: 0000000000000000 RSI: 0000000000000001 RDI: 0000000000000000
[   65.577682][ T9944] RBP: 0000000000000330 R08: ffff88801657a3c0 R09: 0000000000000002
[   65.579723][ T9944] R10: 0000000000000010 R11: 0000000000000000 R12: 0000000000000000
[   65.581937][ T9944] R13: ffff8880148f8020 R14: ffffffff869fdb15 R15: ffffffff8675616f
[   65.584135][ T9944] FS:  000055556cec3500(0000) GS:ffff8880f42b2000(0000) knlGS:0000000000000000
[   65.586560][ T9944] CS:  0010 DS: 0000 ES: 0000 CR0: 0000000080050033
[   65.588324][ T9944] CR2: 000055adda2ba2c8 CR3: 0000000020dc1000 CR4: 0000000000752ef0
[   65.590566][ T9944] PKRU: 00000000
[   65.591582][ T9944] Call Trace:
[   65.592600][ T9944]  <TASK>
[   65.593500][ T9944]  xfs_log_mount+0x263/0x360
[   65.594892][ T9944]  xfs_mountfs+0x4fe/0xe50
[   65.596206][ T9944]  ? rcu_is_watching+0x10/0x40
[   65.597635][ T9944]  xfs_fs_fill_super+0xadb/0xc30
[   65.599097][ T9944]  ? __pfx_xfs_fs_fill_super+0x10/0x10
[   65.600629][ T9944]  get_tree_bdev_flags+0x1ec/0x250
[   65.601972][ T9944]  vfs_get_tree+0x38/0x140
[   65.603216][ T9944]  do_new_mount+0x1dd/0x570
[   65.604609][ T9944]  ? path_mount+0x3a4/0x980
[   65.605895][ T9944]  __se_sys_mount+0x291/0x2f0
[   65.607219][ T9944]  do_syscall_64+0x8e/0x3a0
[   65.608566][ T9944]  ? entry_SYSCALL_64_after_hwframe+0x76/0x7e
[   65.610295][ T9944]  ? clear_bhb_loop+0x50/0xa0
[   65.611615][ T9944]  entry_SYSCALL_64_after_hwframe+0x76/0x7e
[   65.613285][ T9944] RIP: 0033:0x7f671e3affde
[   65.614573][ T9944] Code: 48 c7 c0 ff ff ff ff eb aa e8 5e 20 00 00 66 2e 0f 1f 84 00 00 00 00 00 0f 1f 40 00 f3 0f 1e fa 49 89 ca b8 a5 00 00 00 0f 05 <48> 3d 01 f0 ff ff 73 01 c3 48 c7 c1 a8 ff ff ff f7 d8 64 89 01 48
[   65.620248][ T9944] RSP: 002b:00007ffef8fb1c28 EFLAGS: 00000246 ORIG_RAX: 00000000000000a5
[   65.622692][ T9944] RAX: ffffffffffffffda RBX: 00000000000096cb RCX: 00007f671e3affde
[   65.625047][ T9944] RDX: 0000200000009700 RSI: 0000200000009740 RDI: 00007ffef8fb1c80
[   65.627384][ T9944] RBP: 00007ffef8fb1cc0 R08: 00007ffef8fb1cc0 R09: 0000000000000000
[   65.629638][ T9944] R10: 0000000000000000 R11: 0000000000000246 R12: 0000200000009700
[   65.631935][ T9944] R13: 0000200000009740 R14: 00007ffef8fb1c80 R15: 0000200000009780
[   65.634111][ T9944]  </TASK>
[   65.635026][ T9944] Modules linked in:
[   65.636483][ T9944] ---[ end trace 0000000000000000 ]---
[   65.638268][ T9944] RIP: 0010:assfail+0x67/0x70
[   65.639700][ T9944] Code: ef 4a e1 04 31 ff 89 de e8 b6 76 34 ff 85 db 75 14 e8 ad 73 34 ff 0f 0b 5b 41 5c 41 5e 41 5f c3 cc cc cc cc cc e8 99 73 34 ff <0f> 0b 0f 1f 80 00 00 00 00 90 90 90 90 90 90 90 90 90 90 90 90 90
[   65.645313][ T9944] RSP: 0018:ffffc900060c7ca0 EFLAGS: 00010293
[   65.647102][ T9944] RAX: ffffffff82362bc7 RBX: 0000000000000001 RCX: ffff88801657a3c0
[   65.649390][ T9944] RDX: 0000000000000000 RSI: 0000000000000001 RDI: 0000000000000000
[   65.651761][ T9944] RBP: 0000000000000330 R08: ffff88801657a3c0 R09: 0000000000000002
[   65.654016][ T9944] R10: 0000000000000010 R11: 0000000000000000 R12: 0000000000000000
[   65.655931][ T9944] R13: ffff8880148f8020 R14: ffffffff869fdb15 R15: ffffffff8675616f
[   65.658289][ T9944] FS:  000055556cec3500(0000) GS:ffff8880f42b2000(0000) knlGS:0000000000000000
[   65.660922][ T9944] CS:  0010 DS: 0000 ES: 0000 CR0: 0000000080050033
[   65.662479][ T9944] CR2: 000055adda2ba2c8 CR3: 0000000020dc1000 CR4: 0000000000752ef0
[   65.664827][ T9944] PKRU: 00000000
[   65.665914][ T9944] Kernel panic - not syncing: Fatal exception
[   65.668344][ T9944] Kernel Offset: disabled
[   65.669309][ T9944] Rebooting in 86400 seconds..

VM DIAGNOSIS:
15:48:53  Registers:
info registers vcpu 0
RAX=548778850a5f7a00 RBX=ffffffff81558c4a RCX=4000000000000000 RDX=0000000000000000
RSI=ffffffff86855dde RDI=ffffffff81558c4a RBP=ffffffff86e8da00 RSP=ffffffff86e03e68
R8 =0000000000000001 R9 =0000000000000000 R10=0000000000000004 R11=ffffffff813ad050
R12=0000000000000000 R13=0000000000000000 R14=0000000000000000 R15=0000000000000000
RIP=ffffffff856d41f3 RFL=000002c2 [--SZ---] CPL=0 II=0 A20=1 SMM=0 HLT=1
ES =0000 0000000000000000 ffffffff 00c00000
CS =0010 0000000000000000 ffffffff 00a09b00 DPL=0 CS64 [-RA]
SS =0018 0000000000000000 ffffffff 00c09300 DPL=0 DS   [-WA]
DS =0000 0000000000000000 ffffffff 00c00000
FS =0000 0000000000000000 ffffffff 00c00000
GS =0000 ffff8880f41b2000 ffffffff 00c00000
LDT=0000 0000000000000000 ffffffff 00c00000
TR =0040 fffffe0000003000 00004087 00008b00 DPL=0 TSS64-busy
GDT=     fffffe0000001000 0000007f
IDT=     fffffe0000000000 00000fff
CR0=80050033 CR2=000055adda244898 CR3=0000000105160000 CR4=00752ef0
DR0=0000000000000000 DR1=0000000000000000 DR2=0000000000000000 DR3=0000000000000000 
DR6=00000000ffff0ff0 DR7=0000000000000400
EFER=0000000000000d01
FCW=037f FSW=0000 [ST=0] FTW=00 MXCSR=00001f80
FPR0=0000000000000000 0000 FPR1=0000000000000000 0000
FPR2=0000000000000000 0000 FPR3=0000000000000000 0000
FPR4=0000000000000000 0000 FPR5=0000000000000000 0000
FPR6=0000000000000000 0000 FPR7=0000000000000000 0000
Opmask00=0000000010010000 Opmask01=0000000000000010 Opmask02=0000000000000000 Opmask03=00000000c0ffc0c0
Opmask04=0000000000000000 Opmask05=0000000000000000 Opmask06=0000000000000000 Opmask07=0000000000000000
ZMM00=0000000000000000 0000000000000000 0000000000000000 0000000000000000 0000000000000000 0000000000000000 0000000000000000 0000000000000000
ZMM01=0000000000000000 0000000000000000 0000000000000000 0000000000000000 0000000000000000 0000000000000000 7465677261742e79 636e656772656d65
ZMM02=0000000000000000 0000000000000000 0000000000000000 0000000000000000 0000000000000000 0000000000000000 ffffffffffffffff ffffff0f0e0d0c0b
ZMM03=0000000000000000 0000000000000000 0000000000000000 0000000000000000 0000000000000000 0000000000000000 0000000000000031 0000650036653000
ZMM04=0000000000000000 0000000000000000 0000000000000000 0000000000000000 0000000000000000 0000000000000000 0000000000000000 0000000000000000
ZMM05=0000000000000000 0000000000000000 0000000000000000 0000000000000000 0000000000000000 0000000000000000 ffffffffffffff00 ffff000000000000
ZMM06=0000000000000000 0000000000000000 0000000000000000 0000000000000000 0000000000000000 0000000000000000 0000000000000000 0000000000000000
ZMM07=0000000000000000 0000000000000000 0000000000000000 0000000000000000 0000000000000000 0000000000000000 0000000000000000 0000000000000000
ZMM08=0000000000000000 0000000000000000 0000000000000000 0000000000000000 0000000000000000 0000000000000000 0000000000000000 0000000000000000
ZMM09=0000000000000000 0000000000000000 0000000000000000 0000000000000000 0000000000000000 0000000000000000 0000000000000000 0000ff0000000000
ZMM10=0000000000000000 0000000000000000 0000000000000000 0000000000000000 0000000000000000 0000000000000000 0000000000000000 0000200000000000
ZMM11=0000000000000000 0000000000000000 0000000000000000 0000000000000000 0000000000000000 0000000000000000 0000000000000000 0000000000000000
ZMM12=0000000000000000 0000000000000000 0000000000000000 0000000000000000 0000000000000000 0000000000000000 0000000000000000 0000000000000000
ZMM13=0000000000000000 0000000000000000 0000000000000000 0000000000000000 0000000000000000 0000000000000000 0000000000000000 0000000000000000
ZMM14=0000000000000000 0000000000000000 0000000000000000 0000000000000000 0000000000000000 0000000000000000 0000000000000000 0000000000000000
ZMM15=0000000000000000 0000000000000000 0000000000000000 0000000000000000 0000000000000000 0000000000000000 0000000000000000 0000000000000000
ZMM16=0000000000000000 0000000000000000 0000000000000000 0000000000000000 0000000000000000 0000000000000000 0000000000000000 0000000000000000
ZMM17=0000000000000000 0000000000000000 0000000000000000 0000000000000000 0000000000000000 0000000000000000 000055adda299ae0 00000000000001db
ZMM18=0000000000000000 0000000000000000 0000000000000000 0000000000000000 7574737271706f6e 6d6c6b6a69686766 6564636261393837 3635343332313040
ZMM19=0000000000000000 0000000000000000 0000000000000000 0000000000000000 4342454447465958 5b5a5d5c5f5e5150 53525554570f0e01 0003020504070640
ZMM20=0000000000000000 0000000000000000 0000000000000000 0000000000000000 000055adda3f4d90 0000000b00000001 000055adda2ba2a0 000055adda30c490
ZMM21=0000000000000000 0000000000000000 0000000000000000 0000000000000000 000055adda3f7910 000055adda3f0c50 0000000000000011 000055adda336280
ZMM22=0000000000000000 0000000000000000 0000000000000000 0000000000000000 0000000cffffffff 000055adda3fe540 000055adda426940 000000060000000b
ZMM23=0000000000000000 0000000000000000 0000000000000000 0000000000000000 0000000000000000 0000000000000000 0000000000000000 0000000000000000
ZMM24=0000000000000000 0000000000000000 0000000000000000 0000000000000000 0000000000000000 0000000000000000 0000000000020102 0100ff010000ff01
ZMM25=0000000000000000 0000000000000000 0000000000000000 0000000000000000 0000000000000000 0000000000000000 0000000000000000 0000000000373232
ZMM26=0000000000000000 0000000000000000 0000000000000000 0000000000000000 0000000000000000 0000000000000000 0000000000000000 0000000000000000
ZMM27=0000000000000000 0000000000000000 0000000000000000 0000000000000000 0000000000000000 0000000000000000 0000000000000000 0000000000000000
ZMM28=0000000000000000 0000000000000000 0000000000000000 0000000000000000 0000000000000000 0000000000000000 0000000000000000 0000000000000000
ZMM29=0000000000000000 0000000000000000 0000000000000000 0000000000000000 0000000000000000 0000000000000000 0000000000000000 0000000000000000
ZMM30=0000000000000000 0000000000000000 0000000000000000 0000000000000000 0000000000000000 0000000000000000 0000000000000000 0000000000000000
ZMM31=0000000000000000 0000000000000000 0000000000000000 0000000000000000 0000000000000000 0000000000000000 0000000000000000 0000000000000000
info registers vcpu 1
RAX=e6d102e87d36af00 RBX=ffffffff81558c4a RCX=4000000000000000 RDX=0000000000000000
RSI=ffffffff86855dde RDI=ffffffff81558c4a RBP=ffff888100078000 RSP=ffffc900000cfed8
R8 =0000000000000001 R9 =0000000000000000 R10=0000000000000004 R11=ffffffff813ad050
R12=0000000000000000 R13=0000000000000000 R14=0000000000000001 R15=0000000000000000
RIP=ffffffff856d41f3 RFL=000002c2 [--SZ---] CPL=0 II=0 A20=1 SMM=0 HLT=1
ES =0000 0000000000000000 ffffffff 00c00000
CS =0010 0000000000000000 ffffffff 00a09b00 DPL=0 CS64 [-RA]
SS =0018 0000000000000000 ffffffff 00c09300 DPL=0 DS   [-WA]
DS =0000 0000000000000000 ffffffff 00c00000
FS =0000 0000000000000000 ffffffff 00c00000
GS =0000 ffff8881b45b2000 ffffffff 00c00000
LDT=0000 0000000000000000 00000000 00000000
TR =0040 fffffe000003e000 00004087 00008b00 DPL=0 TSS64-busy
GDT=     fffffe000003c000 0000007f
IDT=     fffffe0000000000 00000fff
CR0=80050033 CR2=00007f4ccb9cb5c8 CR3=0000000106285000 CR4=00752ef0
DR0=0000000000000000 DR1=0000000000000000 DR2=0000000000000000 DR3=0000000000000000 
DR6=00000000ffff0ff0 DR7=0000000000000400
EFER=0000000000000d01
FCW=037f FSW=0000 [ST=0] FTW=00 MXCSR=00001f80
FPR0=0000000000000000 0000 FPR1=0000000000000000 0000
FPR2=0000000000000000 0000 FPR3=0000000000000000 0000
FPR4=0000000000000000 0000 FPR5=0000000000000000 0000
FPR6=0000000000000000 0000 FPR7=0000000000000000 0000
Opmask00=00000000fe008000 Opmask01=0000000000000111 Opmask02=000000000000ffff Opmask03=0000000000000000
Opmask04=0000000000000000 Opmask05=0000000000000000 Opmask06=0000000000000000 Opmask07=0000000000000000
ZMM00=0000000000000000 0000000000000000 0000000000000000 0000000000000000 0000000000000000 0000000000000000 0000000000000000 0000000000000000
ZMM01=0000000000000000 0000000000000000 0000000000000000 0000000000000000 0000000000000000 0000000000000000 0000000000000000 0000000000000000
ZMM02=0000000000000000 0000000000000000 0000000000000000 0000000000000000 0000000000000000 0000000000000000 0000000000000000 0000000000000000
ZMM03=0000000000000000 0000000000000000 0000000000000000 0000000000000000 0000000000000000 0000000000000000 0000000000000010 0000000000000000
ZMM04=0000000000000000 0000000000000000 0000000000000000 0000000000000000 0000000000000000 0000000000000000 00007f5a9abfe100 00007f5a9abfe140
ZMM05=0000000000000000 0000000000000000 0000000000000000 0000000000000000 0000000000000000 0000000000000000 0000000000000000 78464b792ef9dc00
ZMM06=0000000000000000 0000000000000000 0000000000000000 0000000000000000 0000000000000000 0000000000000000 00007f5a9abfe140 0000000000000000
ZMM07=0000000000000000 0000000000000000 0000000000000000 0000000000000000 0000000000000000 0000000000000000 0000000000000000 0000000000000000
ZMM08=0000000000000000 0000000000000000 0000000000000000 0000000000000000 0000000000000000 0000000000000000 0000000000000020 0000000000002000
ZMM09=0000000000000000 0000000000000000 0000000000000000 0000000000000000 0000000000000000 0000000000000000 0000ffffffffffff ffffffffffffff00
ZMM10=0000000000000000 0000000000000000 0000000000000000 0000000000000000 0000000000000000 0000000000000000 0000000000000000 0000000000000000
ZMM11=0000000000000000 0000000000000000 0000000000000000 0000000000000000 0000000000000000 0000000000000000 0000000000000000 0000000000000000
ZMM12=0000000000000000 0000000000000000 0000000000000000 0000000000000000 0000000000000000 0000000000000000 0000000000000000 0000000000000000
ZMM13=0000000000000000 0000000000000000 0000000000000000 0000000000000000 0000000000000000 0000000000000000 0000000000000000 0000000000000000
ZMM14=0000000000000000 0000000000000000 0000000000000000 0000000000000000 0000000000000000 0000000000000000 0000000000000000 0000000000000000
ZMM15=0000000000000000 0000000000000000 0000000000000000 0000000000000000 0000000000000000 0000000000000000 0000000000000000 0000000000000000
ZMM16=0000000000000000 0000000000000000 0000000000000000 0000000000000000 65737341203a5346 58205d3434393954 205b5d3037313934 352e35362020205b
ZMM17=0000000000000000 0000000000000000 0000000000000000 0000000000000000 66782f7366782f73 66203a656c696620 2c30203a64656c69 6166206e6f697472
ZMM18=0000000000000000 0000000000000000 0000000000000000 0000000000000000 333436203a656e69 6c202c632e676f6c 5f7366782f736678 2f7366203a656c69
ZMM19=0000000000000000 0000000000000000 0000000000000000 0000000000000000 66202c30203a6465 6c696166206e6f69 747265737341203a 534658205d343439
ZMM20=0000000000000000 0000000000000000 0000000000000000 0000000000000000 0a36653032363039 62373336372d6432 65382d383338342d 316638622d313031
ZMM21=0000000000000000 0000000000000000 0000000000000000 0000000000000000 3265376163206d65 74737973656c6946 20355620676e6974 6e756f4d203a2930
ZMM22=0000000000000000 0000000000000000 0000000000000000 0000000000000000 706f6f6c28205346 58205d3434393954 205b5d3934313533 352e35362020205b
ZMM23=0000000000000000 0000000000000000 0000000000000000 0000000000000000 203a6c656e72656b 2072656c6c616b7a 79732033353a3834 3a37302031202070
ZMM24=0000000000000000 0000000000000000 0000000000000000 0000000000000000 6465746e656d6761 7266206562206c6c 6977206563616672 65746e6920736968
ZMM25=0000000000000000 0000000000000000 0000000000000000 0000000000000000 0000000000000000 0000000000000000 0000000000000000 0000000000000000
ZMM26=0000000000000000 0000000000000000 0000000000000000 0000000000000000 0000000000000000 0000000000000000 0000000000000000 0000000000000000
ZMM27=0000000000000000 0000000000000000 0000000000000000 0000000000000000 0000000000000000 0000000000000000 0000000000000000 0000000000000000
ZMM28=0000000000000000 0000000000000000 0000000000000000 0000000000000000 0000000000000000 0000000000000000 0000000000000000 0000000000000000
ZMM29=0000000000000000 0000000000000000 0000000000000000 0000000000000000 0000000000000000 0000000000000000 0000000000000000 0000000000000000
ZMM30=0000000000000000 0000000000000000 0000000000000000 0000000000000000 0000000000000000 0000000000000000 0000000000000000 0000000000000000
ZMM31=0000000000000000 0000000000000000 0000000000000000 0000000000000000 0000000000000000 0000000000000000 0000000000000000 0000000000000000
info registers vcpu 2
RAX=0000000000000030 RBX=0000000000000030 RCX=0000000000000000 RDX=00000000000003f8
RSI=0000000000000000 RDI=ffffffff8ae6e7a0 RBP=00000000000003f8 RSP=ffffc900060c7788
R8 =0000000000000001 R9 =0000000000000000 R10=5b5d323932333635 R11=ffffffff82f28340
R12=0000000000000000 R13=0000000000000010 R14=ffffffff8ae6e7a0 R15=ffffffff8ae6e7a0
RIP=ffffffff82f28367 RFL=00000002 [-------] CPL=0 II=0 A20=1 SMM=0 HLT=0
ES =0000 0000000000000000 ffffffff 00c00000
CS =0010 0000000000000000 ffffffff 00a09b00 DPL=0 CS64 [-RA]
SS =0018 0000000000000000 ffffffff 00c09300 DPL=0 DS   [-WA]
DS =0000 0000000000000000 ffffffff 00c00000
FS =0000 000055556cec3500 ffffffff 00c00000
GS =0000 ffff8880f42b2000 ffffffff 00c00000
LDT=0000 0000000000000000 00000000 00000000
TR =0040 fffffe0000079000 00004087 00008b00 DPL=0 TSS64-busy
GDT=     fffffe0000077000 0000007f
IDT=     fffffe0000000000 00000fff
CR0=80050033 CR2=000055adda2ba2c8 CR3=0000000020dc1000 CR4=00752ef0
DR0=0000000000000000 DR1=0000000000000000 DR2=0000000000000000 DR3=0000000000000000 
DR6=00000000ffff0ff0 DR7=0000000000000400
EFER=0000000000000d01
FCW=037f FSW=0000 [ST=0] FTW=00 MXCSR=00001f80
FPR0=0000000000000000 0000 FPR1=0000000000000000 0000
FPR2=0000000000000000 0000 FPR3=0000000000000000 0000
FPR4=0000000000000000 0000 FPR5=0000000000000000 0000
FPR6=0000000000000000 0000 FPR7=0000000000000000 0000
Opmask00=0000000008000100 Opmask01=0000000000000000 Opmask02=00000000ffffffef Opmask03=0000000000000000
Opmask04=0000000000000000 Opmask05=0000000000000000 Opmask06=0000000000000000 Opmask07=0000000000000000
ZMM00=0000000000000000 0000000000000000 0000000000000000 0000000000000000 0000000000000000 0000000000000000 0000000000989680 0000000000000000
ZMM01=0000000000000000 0000000000000000 0000000000000000 0000000000000000 0000000000000000 0000000000000000 0000000000000000 0000000000989680
ZMM02=0000000000000000 0000000000000000 0000000000000000 0000000000000000 0000000000000000 0000000000000000 00007f671f12d660 00007f671f12d660
ZMM03=0000000000000000 0000000000000000 0000000000000000 0000000000000000 0000000000000000 0000000000000000 00007ffef8fb21b0 00007ffef8fb21b0
ZMM04=0000000000000000 0000000000000000 0000000000000000 0000000000000000 0000000000000000 0000000000000000 0000000000000000 00007ffef8fb21ef
ZMM05=0000000000000000 0000000000000000 0000000000000000 0000000000000000 0000000000000000 0000000000000000 000055556cec3500 0000000000000000
ZMM06=0000000000000000 0000000000000000 0000000000000000 0000000000000000 0000000000000000 0000000000000000 0000000000000000 00007f671f12d660
ZMM07=0000000000000000 0000000000000000 0000000000000000 0000000000000000 0000000000000000 0000000000000000 00007f671e3a4878 0000000000000000
ZMM08=0000000000000000 0000000000000000 0000000000000000 0000000000000000 0000000000000000 0000000000000000 0000000000000000 0000000000000000
ZMM09=0000000000000000 0000000000000000 0000000000000000 0000000000000000 0000000000000000 0000000000000000 0000000000000000 0000000000000000
ZMM10=0000000000000000 0000000000000000 0000000000000000 0000000000000000 0000000000000000 0000000000000000 0000000000000000 0000000000000000
ZMM11=0000000000000000 0000000000000000 0000000000000000 0000000000000000 0000000000000000 0000000000000000 0000000000000000 0000000000000000
ZMM12=0000000000000000 0000000000000000 0000000000000000 0000000000000000 0000000000000000 0000000000000000 0000000000000000 0000000000000000
ZMM13=0000000000000000 0000000000000000 0000000000000000 0000000000000000 0000000000000000 0000000000000000 0000000000000000 0000000000000000
ZMM14=0000000000000000 0000000000000000 0000000000000000 0000000000000000 0000000000000000 0000000000000000 0000000000000000 0000000000000000
ZMM15=0000000000000000 0000000000000000 0000000000000000 0000000000000000 0000000000000000 0000000000000000 0000000000000000 0000000000000000
ZMM16=0000000000000000 0000000000000000 0000000000000000 0000000000000000 0000000000000000 0000000000000000 0000000000000000 0000000000000000
ZMM17=0000000000000000 0000000000000000 0000000000000000 0000000000000000 0000000000000000 0000000000000000 0000000000000000 0000000000000000
ZMM18=0000000000000000 0000000000000000 0000000000000000 0000000000000000 0000000000000000 0000000000000000 0000000000000000 0000000000000000
ZMM19=0000000000000000 0000000000000000 0000000000000000 0000000000000000 0000000000000000 0000000000000000 0000000000000000 0000000000000000
ZMM20=0000000000000000 0000000000000000 0000000000000000 0000000000000000 0000000000000000 0000000000000000 0000000000000000 0000000000000000
ZMM21=0000000000000000 0000000000000000 0000000000000000 0000000000000000 0000000000000000 0000000000000000 0000000000000000 000000524f525245
ZMM22=0000000000000000 0000000000000000 0000000000000000 0000000000000000 0000000000000000 0000000000000000 0000000000000000 00524f5252450040
ZMM23=0000000000000000 0000000000000000 0000000000000000 0000000000000000 0000000000000000 0000000000000000 0000000000000000 00e800a800000000
ZMM24=0000000000000000 0000000000000000 0000000000000000 0000000000000000 0000000000000000 0000000000000000 0000000000000000 0000000000000000
ZMM25=0000000000000000 0000000000000000 0000000000000000 0000000000000000 0000000000000000 0000000000000000 0000000000000000 0000000000000000
ZMM26=0000000000000000 0000000000000000 0000000000000000 0000000000000000 0000000000000000 0000000000000000 0000000000000000 0000000000000000
ZMM27=0000000000000000 0000000000000000 0000000000000000 0000000000000000 0000000000000000 0000000000000000 0000000000000000 0000000000000000
ZMM28=0000000000000000 0000000000000000 0000000000000000 0000000000000000 0000000000000000 0000000000000000 0000000000000000 0000000000000000
ZMM29=0000000000000000 0000000000000000 0000000000000000 0000000000000000 0000000000000000 0000000000000000 0000000000000000 0000000000000000
ZMM30=0000000000000000 0000000000000000 0000000000000000 0000000000000000 0000000000000000 0000000000000000 0000000000000000 0000000000000000
ZMM31=0000000000000000 0000000000000000 0000000000000000 0000000000000000 0000000000000000 0000000000000000 0000000000000000 0000000000000000
info registers vcpu 3
RAX=ffffffff82ba9f50 RBX=00000000000101f7 RCX=ffff888100700000 RDX=00000000000101f7
RSI=ffffffff86855dde RDI=00000000000101f7 RBP=0000000000000000 RSP=ffffc90001c9ba40
R8 =0000000000000000 R9 =0000000000000000 R10=0000000000000000 R11=ffffffff83302210
R12=ffff8881050f2680 R13=ffff8881050f2080 R14=ffff8881050f0000 R15=00000000000003e7
RIP=ffffffff82ba9f61 RFL=00000093 [--S-A-C] CPL=0 II=0 A20=1 SMM=0 HLT=0
ES =0000 0000000000000000 ffffffff 00c00000
CS =0010 0000000000000000 ffffffff 00a09b00 DPL=0 CS64 [-RA]
SS =0018 0000000000000000 ffffffff 00c09300 DPL=0 DS   [-WA]
DS =0000 0000000000000000 ffffffff 00c00000
FS =0000 0000000000000000 ffffffff 00c00000
GS =0000 ffff8881b46b2000 ffffffff 00c00000
LDT=0000 0000000000000000 00000000 00000000
TR =0040 fffffe00000b4000 00004087 00008b00 DPL=0 TSS64-busy
GDT=     fffffe00000b2000 0000007f
IDT=     fffffe0000000000 00000fff
CR0=80050033 CR2=0000557322503000 CR3=0000000015332000 CR4=00752ef0
DR0=0000000000000000 DR1=0000000000000000 DR2=0000000000000000 DR3=0000000000000000 
DR6=00000000ffff0ff0 DR7=0000000000000400
EFER=0000000000000d01
FCW=037f FSW=0000 [ST=0] FTW=00 MXCSR=00001f80
FPR0=0000000000000000 0000 FPR1=0000000000000000 0000
FPR2=0000000000000000 0000 FPR3=0000000000000000 0000
FPR4=0000000000000000 0000 FPR5=0000000000000000 0000
FPR6=0000000000000000 0000 FPR7=0000000000000000 0000
Opmask00=00000000fe008000 Opmask01=0000000000000111 Opmask02=000000000000ffff Opmask03=0000000000000000
Opmask04=0000000000000000 Opmask05=0000000000000000 Opmask06=0000000000000000 Opmask07=0000000000000000
ZMM00=0000000000000000 0000000000000000 0000000000000000 0000000000000000 0000000000000000 0000000000000000 7b2ffafbbf14fec5 709e8830980e4820
ZMM01=0000000000000000 0000000000000000 0000000000000000 0000000000000000 0000000000000000 0000000000000000 d7daad42471bd78d aa6e8283fe0235c0
ZMM02=0000000000000000 0000000000000000 0000000000000000 0000000000000000 0000000000000000 0000000000000000 913bb9b2c2e60a45 bd5a3300e863561e
ZMM03=0000000000000000 0000000000000000 0000000000000000 0000000000000000 0000000000000000 0000000000000000 d2dc185f8481e434 42aec36d66aa24c6
ZMM04=0000000000000000 0000000000000000 0000000000000000 0000000000000000 0000000000000000 0000000000000000 0000000000000000 0000000000000740
ZMM05=0000000000000000 0000000000000000 0000000000000000 0000000000000000 0000000000000000 0000000000000000 0000000000000000 0000000000000040
ZMM06=0000000000000000 0000000000000000 0000000000000000 0000000000000000 0000000000000000 0000000000000000 0024afe901000000 e592008001000000
ZMM07=0000000000000000 0000000000000000 0000000000000000 0000000000000000 0000000000000000 0000000000000000 0024b04a0024b0ba 0024b16101000000
ZMM08=0000000000000000 0000000000000000 0000000000000000 0000000000000000 0000000000000000 0000000000000000 bad000800024b076 01000000ecd60000
ZMM09=0000000000000000 0000000000000000 0000000000000000 0000000000000000 0000000000000000 0000000000000000 0024b10d81740080 626200805f060000
ZMM10=0000000000000000 0000000000000000 0000000000000000 0000000000000000 0000000000000000 0000000000000000 ecfc935e9d60f4d4 04a8ea37402b125d
ZMM11=0000000000000000 0000000000000000 0000000000000000 0000000000000000 0000000000000000 0000000000000000 df6f440bf02656ee 8e4764359f5af4aa
ZMM12=0000000000000000 0000000000000000 0000000000000000 0000000000000000 0000000000000000 0000000000000000 0000000000000000 0000000000000000
ZMM13=0000000000000000 0000000000000000 0000000000000000 0000000000000000 0000000000000000 0000000000000000 0000000000000000 0000000000000000
ZMM14=0000000000000000 0000000000000000 0000000000000000 0000000000000000 0000000000000000 0000000000000000 a54ff53a3c6ef372 bb67ae856a09e667
ZMM15=0000000000000000 0000000000000000 0000000000000000 0000000000000000 0000000000000000 0000000000000000 5be0cd191f83d9ab 9b05688c510e527f
ZMM16=0000000000000000 0000000000000000 0000000000000000 0000000000000000 6c656e72656b2072 656c6c616b7a7973 2033353a38343a37 3020312020706553
ZMM17=0000000000000000 0000000000000000 0000000000000000 0000000000000000 2d2d2d2d2d2d2d20 5d3434393954205b 5d3439333135352e 35362020205b203a
ZMM18=0000000000000000 0000000000000000 0000000000000000 0000000000000000 0a2d2d2d2d2d2d2d 2d2d2d2d2d5d2065 7265682074756320 5b2d2d2d2d2d2d2d
ZMM19=0000000000000000 0000000000000000 0000000000000000 0000000000000000 2d2d2d2d2d205d34 34393954205b5d34 39333135352e3536 2020205b203a6c65
ZMM20=0000000000000000 0000000000000000 0000000000000000 0000000000000000 0a736b636f6c6220 3631382073692065 7a6973206d756d69 6e696d202c6c6c61
ZMM21=0000000000000000 0000000000000000 0000000000000000 0000000000000000 6d73206f6f742073 6b636f6c62203432 3620657a69732067 6f4c203a2930706f
ZMM22=0000000000000000 0000000000000000 0000000000000000 0000000000000000 6f6c282053465820 5d3434393954205b 5d3039373534352e 35362020205b203a
ZMM23=0000000000000000 0000000000000000 0000000000000000 0000000000000000 6c656e72656b2072 656c6c616b7a7973 2033353a38343a37 3020312020706553
ZMM24=0000000000000000 0000000000000000 0000000000000000 0000000000000000 6465746e656d6761 7266206562206c6c 6977206563616672 65746e6920736968
ZMM25=0000000000000000 0000000000000000 0000000000000000 0000000000000000 0000000000000000 0000000000000000 0000000000000000 0000000000000000
ZMM26=0000000000000000 0000000000000000 0000000000000000 0000000000000000 0000000000000000 0000000000000000 0000000000000000 0000000000000000
ZMM27=0000000000000000 0000000000000000 0000000000000000 0000000000000000 0000000000000000 0000000000000000 0000000000000000 0000000000000000
ZMM28=0000000000000000 0000000000000000 0000000000000000 0000000000000000 0000000000000000 0000000000000000 0000000000000000 0000000000000000
ZMM29=0000000000000000 0000000000000000 0000000000000000 0000000000000000 0000000000000000 0000000000000000 0000000000000000 0000000000000000
ZMM30=0000000000000000 0000000000000000 0000000000000000 0000000000000000 0000000000000000 0000000000000000 0000000000000000 0000000000000000
ZMM31=0000000000000000 0000000000000000 0000000000000000 0000000000000000 0000000000000000 0000000000000000 0000000000000000 0000000000000000
