Warning: Permanently added '[localhost]:11896' (ED25519) to the list of known hosts.
2025/09/04 06:31:42 parsed 1 programs
syzkaller login: [  158.369790][ T9363] cgroup: Unknown subsys name 'net'
[  158.522748][ T9363] cgroup: Unknown subsys name 'rlimit'
[  163.835869][ T9363] Adding 124996k swap on ./swap-file.  Priority:0 extents:1 across:124996k 
[  168.296888][ T9378] chnl_net:caif_netlink_parms(): no params data found
[  168.472016][ T9378] bridge0: port 1(bridge_slave_0) entered blocking state
[  168.474650][ T9378] bridge0: port 1(bridge_slave_0) entered disabled state
[  168.476390][ T9378] bridge_slave_0: entered allmulticast mode
[  168.483762][ T9378] bridge_slave_0: entered promiscuous mode
[  168.493110][ T9378] bridge0: port 2(bridge_slave_1) entered blocking state
[  168.499611][ T9378] bridge0: port 2(bridge_slave_1) entered disabled state
[  168.501916][ T9378] bridge_slave_1: entered allmulticast mode
[  168.505541][ T9378] bridge_slave_1: entered promiscuous mode
[  168.593808][ T9378] bond0: (slave bond_slave_0): Enslaving as an active interface with an up link
[  168.601973][ T9378] bond0: (slave bond_slave_1): Enslaving as an active interface with an up link
[  168.671281][ T9378] team0: Port device team_slave_0 added
[  168.677153][ T9378] team0: Port device team_slave_1 added
[  168.737570][ T9378] batman_adv: batadv0: Adding interface: batadv_slave_0
[  168.739118][ T9378] batman_adv: batadv0: The MTU of interface batadv_slave_0 is too small (1500) to handle the transport of batman-adv packets. Packets going over this interface will be fragmented on layer2 which could impact the performance. Setting the MTU to 1560 would solve the problem.
[  168.744331][ T9378] batman_adv: batadv0: Not using interface batadv_slave_0 (retrying later): interface not active
[  168.753579][ T9378] batman_adv: batadv0: Adding interface: batadv_slave_1
[  168.755079][ T9378] batman_adv: batadv0: The MTU of interface batadv_slave_1 is too small (1500) to handle the transport of batman-adv packets. Packets going over this interface will be fragmented on layer2 which could impact the performance. Setting the MTU to 1560 would solve the problem.
[  168.761847][ T9378] batman_adv: batadv0: Not using interface batadv_slave_1 (retrying later): interface not active
[  168.849665][ T9378] hsr_slave_0: entered promiscuous mode
[  168.854051][ T9378] hsr_slave_1: entered promiscuous mode
[  169.230078][ T9378] netdevsim netdevsim0 netdevsim0: renamed from eth0
[  169.243584][ T9378] netdevsim netdevsim0 netdevsim1: renamed from eth1
[  169.253617][ T9378] netdevsim netdevsim0 netdevsim2: renamed from eth2
[  169.262520][ T9378] netdevsim netdevsim0 netdevsim3: renamed from eth3
[  169.423789][ T9378] 8021q: adding VLAN 0 to HW filter on device bond0
[  169.463051][ T9378] 8021q: adding VLAN 0 to HW filter on device team0
[  169.491366][ T5172] bridge0: port 1(bridge_slave_0) entered blocking state
[  169.493250][ T5172] bridge0: port 1(bridge_slave_0) entered forwarding state
[  169.499089][ T5172] bridge0: port 2(bridge_slave_1) entered blocking state
[  169.500708][ T5172] bridge0: port 2(bridge_slave_1) entered forwarding state
[  169.826402][ T9378] 8021q: adding VLAN 0 to HW filter on device batadv0
[  169.899937][ T9378] veth0_vlan: entered promiscuous mode
[  169.914326][ T9378] veth1_vlan: entered promiscuous mode
[  169.964459][ T9378] veth0_macvtap: entered promiscuous mode
[  169.975661][ T9378] veth1_macvtap: entered promiscuous mode
[  169.999280][ T9378] batman_adv: batadv0: Interface activated: batadv_slave_0
[  170.016715][ T9378] batman_adv: batadv0: Interface activated: batadv_slave_1
[  170.029663][ T9378] netdevsim netdevsim0 netdevsim0: set [1, 0] type 2 family 0 port 6081 - 0
[  170.031672][ T9378] netdevsim netdevsim0 netdevsim1: set [1, 0] type 2 family 0 port 6081 - 0
[  170.033479][ T9378] netdevsim netdevsim0 netdevsim2: set [1, 0] type 2 family 0 port 6081 - 0
[  170.035282][ T9378] netdevsim netdevsim0 netdevsim3: set [1, 0] type 2 family 0 port 6081 - 0
[  170.388620][   T11] netdevsim netdevsim0 netdevsim3 (unregistering): unset [1, 0] type 2 family 0 port 6081 - 0
[  171.183866][   T25] wlan0: Created IBSS using preconfigured BSSID 50:50:50:50:50:50
[  171.185830][   T25] wlan0: Creating new IBSS network, BSSID 50:50:50:50:50:50
[  171.326413][   T25] wlan1: Created IBSS using preconfigured BSSID 50:50:50:50:50:50
[  171.330224][   T25] wlan1: Creating new IBSS network, BSSID 50:50:50:50:50:50
[  171.800396][ T9779] Bluetooth: hci0: unexpected cc 0x0c03 length: 249 > 1
[  171.804611][ T9779] Bluetooth: hci0: unexpected cc 0x1003 length: 249 > 9
[  171.807250][ T9779] Bluetooth: hci0: unexpected cc 0x1001 length: 249 > 9
[  171.813459][ T9779] Bluetooth: hci0: unexpected cc 0x0c23 length: 249 > 4
[  171.815992][ T9779] Bluetooth: hci0: unexpected cc 0x0c25 length: 249 > 3
[  171.819938][ T9779] Bluetooth: hci0: unexpected cc 0x0c38 length: 249 > 2
[  173.053104][   T11] netdevsim netdevsim0 netdevsim2 (unregistering): unset [1, 0] type 2 family 0 port 6081 - 0
[  175.624084][   T11] netdevsim netdevsim0 netdevsim1 (unregistering): unset [1, 0] type 2 family 0 port 6081 - 0
[  175.691494][   T11] netdevsim netdevsim0 netdevsim0 (unregistering): unset [1, 0] type 2 family 0 port 6081 - 0
[  176.842914][   T11] hsr_slave_0: left promiscuous mode
[  176.845692][   T11] hsr_slave_1: left promiscuous mode
[  176.848837][   T11] batman_adv: batadv0: Interface deactivated: batadv_slave_0
[  176.850461][   T11] batman_adv: batadv0: Removing interface: batadv_slave_0
[  176.872287][   T11] batman_adv: batadv0: Interface deactivated: batadv_slave_1
[  176.873869][   T11] batman_adv: batadv0: Removing interface: batadv_slave_1
[  176.880525][   T11] bridge_slave_1: left allmulticast mode
[  176.881778][   T11] bridge_slave_1: left promiscuous mode
[  176.884603][   T11] bridge0: port 2(bridge_slave_1) entered disabled state
[  176.933435][   T11] bridge_slave_0: left allmulticast mode
[  176.934688][   T11] bridge_slave_0: left promiscuous mode
[  176.936115][   T11] bridge0: port 1(bridge_slave_0) entered disabled state
[  176.961910][   T11] veth1_macvtap: left promiscuous mode
[  176.963547][   T11] veth0_macvtap: left promiscuous mode
[  176.964926][   T11] veth1_vlan: left promiscuous mode
[  176.966341][   T11] veth0_vlan: left promiscuous mode
[  177.611924][   T11] team0 (unregistering): Port device team_slave_1 removed
[  177.626937][   T11] team0 (unregistering): Port device team_slave_0 removed
[  177.643778][   T11] bond0 (unregistering): (slave bond_slave_1): Releasing backup interface
[  177.669696][   T11] bond0 (unregistering): (slave bond_slave_0): Releasing backup interface
[  177.805678][   T11] bond0 (unregistering): Released all slaves
2025/09/04 06:32:09 executed programs: 0
[  180.436323][ T5115] Bluetooth: hci0: unexpected cc 0x0c03 length: 249 > 1
[  180.440343][ T5115] Bluetooth: hci0: unexpected cc 0x1003 length: 249 > 9
[  180.443630][ T5115] Bluetooth: hci0: unexpected cc 0x1001 length: 249 > 9
[  180.470549][ T5115] Bluetooth: hci0: unexpected cc 0x0c23 length: 249 > 4
[  180.483893][ T5115] Bluetooth: hci0: unexpected cc 0x0c25 length: 249 > 3
[  180.486533][ T5115] Bluetooth: hci0: unexpected cc 0x0c38 length: 249 > 2
[  181.109665][T10148] chnl_net:caif_netlink_parms(): no params data found
[  181.419319][T10148] bridge0: port 1(bridge_slave_0) entered blocking state
[  181.421811][T10148] bridge0: port 1(bridge_slave_0) entered disabled state
[  181.423481][T10148] bridge_slave_0: entered allmulticast mode
[  181.426633][T10148] bridge_slave_0: entered promiscuous mode
[  181.493995][T10148] bridge0: port 2(bridge_slave_1) entered blocking state
[  181.495631][T10148] bridge0: port 2(bridge_slave_1) entered disabled state
[  181.499117][T10148] bridge_slave_1: entered allmulticast mode
[  181.502437][T10148] bridge_slave_1: entered promiscuous mode
[  181.646740][T10148] bond0: (slave bond_slave_0): Enslaving as an active interface with an up link
[  181.654515][T10148] bond0: (slave bond_slave_1): Enslaving as an active interface with an up link
[  181.791776][T10148] team0: Port device team_slave_0 added
[  181.797234][T10148] team0: Port device team_slave_1 added
[  181.918006][T10148] batman_adv: batadv0: Adding interface: batadv_slave_0
[  181.919546][T10148] batman_adv: batadv0: The MTU of interface batadv_slave_0 is too small (1500) to handle the transport of batman-adv packets. Packets going over this interface will be fragmented on layer2 which could impact the performance. Setting the MTU to 1560 would solve the problem.
[  181.924941][T10148] batman_adv: batadv0: Not using interface batadv_slave_0 (retrying later): interface not active
[  181.936144][T10148] batman_adv: batadv0: Adding interface: batadv_slave_1
[  181.938380][T10148] batman_adv: batadv0: The MTU of interface batadv_slave_1 is too small (1500) to handle the transport of batman-adv packets. Packets going over this interface will be fragmented on layer2 which could impact the performance. Setting the MTU to 1560 would solve the problem.
[  181.944850][T10148] batman_adv: batadv0: Not using interface batadv_slave_1 (retrying later): interface not active
[  182.136610][T10148] hsr_slave_0: entered promiscuous mode
[  182.143045][T10148] hsr_slave_1: entered promiscuous mode
[  182.570000][ T5115] Bluetooth: hci0: command 0x0409 tx timeout
[  183.345291][T10148] netdevsim netdevsim0 netdevsim0: renamed from eth0
[  183.353556][T10148] netdevsim netdevsim0 netdevsim1: renamed from eth1
[  183.364313][T10148] netdevsim netdevsim0 netdevsim2: renamed from eth2
[  183.374486][T10148] netdevsim netdevsim0 netdevsim3: renamed from eth3
[  183.537826][T10148] 8021q: adding VLAN 0 to HW filter on device bond0
[  183.575461][T10148] 8021q: adding VLAN 0 to HW filter on device team0
[  183.587459][ T5171] bridge0: port 1(bridge_slave_0) entered blocking state
[  183.589088][ T5171] bridge0: port 1(bridge_slave_0) entered forwarding state
[  183.606060][ T5172] bridge0: port 2(bridge_slave_1) entered blocking state
[  183.607745][ T5172] bridge0: port 2(bridge_slave_1) entered forwarding state
[  183.982280][T10148] 8021q: adding VLAN 0 to HW filter on device batadv0
[  184.063849][T10148] veth0_vlan: entered promiscuous mode
[  184.081492][T10148] veth1_vlan: entered promiscuous mode
[  184.141084][T10148] veth0_macvtap: entered promiscuous mode
[  184.151266][T10148] veth1_macvtap: entered promiscuous mode
[  184.182880][T10148] batman_adv: batadv0: Interface activated: batadv_slave_0
[  184.199057][T10148] batman_adv: batadv0: Interface activated: batadv_slave_1
[  184.216108][T10148] netdevsim netdevsim0 netdevsim0: set [1, 0] type 2 family 0 port 6081 - 0
[  184.218766][T10148] netdevsim netdevsim0 netdevsim1: set [1, 0] type 2 family 0 port 6081 - 0
[  184.220633][T10148] netdevsim netdevsim0 netdevsim2: set [1, 0] type 2 family 0 port 6081 - 0
[  184.222437][T10148] netdevsim netdevsim0 netdevsim3: set [1, 0] type 2 family 0 port 6081 - 0
[  184.364397][  T464] wlan0: Created IBSS using preconfigured BSSID 50:50:50:50:50:50
[  184.366095][  T464] wlan0: Creating new IBSS network, BSSID 50:50:50:50:50:50
[  184.470136][   T51] wlan1: Created IBSS using preconfigured BSSID 50:50:50:50:50:50
[  184.471843][   T51] wlan1: Creating new IBSS network, BSSID 50:50:50:50:50:50
[  184.618522][T10516] ------------[ cut here ]------------
[  184.619750][T10516] WARNING: CPU: 0 PID: 10516 at lib/iov_iter.c:385 _copy_from_iter+0x2d3/0x1050
[  184.621648][T10516] Modules linked in:
[  184.622517][T10516] CPU: 0 PID: 10516 Comm: syz.0.17 Not tainted 6.6.0 #1
[  184.623996][T10516] Hardware name: QEMU Standard PC (i440FX + PIIX, 1996), BIOS 1.15.0-1 04/01/2014
[  184.625916][T10516] RIP: 0010:_copy_from_iter+0x2d3/0x1050
[  184.628593][T10516] Code: 25 28 00 00 00 48 3b 84 24 00 01 00 00 0f 85 55 0d 00 00 4c 89 f0 48 8d 65 d8 5b 41 5c 41 5d 41 5e 41 5f 5d c3 e8 ad b0 40 fd <0f> 0b 45 31 f6 eb a7 e8 a1 b0 40 fd 49 89 de e9 52 fe ff ff e8 94
[  184.633375][T10516] RSP: 0018:ffffc900033cf380 EFLAGS: 00010293
[  184.634677][T10516] RAX: ffffffff844d9b43 RBX: 0000000000000000 RCX: ffff888062984980
[  184.636345][T10516] RDX: 0000000000000000 RSI: 0000000000000000 RDI: 0000000000000000
[  184.638131][T10516] RBP: ffffc900033cf4c8 R08: ffffffff844d991d R09: 0000000000000100
[  184.639791][T10516] R10: dffffc0000000000 R11: ffffed1009b0d22f R12: 1ffff92000679e80
[  184.641435][T10516] R13: dffffc0000000000 R14: 0000000000000015 R15: ffffc900033cf6f0
[  184.643099][T10516] FS:  0000555556580500(0000) GS:ffff88802be00000(0000) knlGS:0000000000000000
[  184.644923][T10516] CS:  0010 DS: 0000 ES: 0000 CR0: 0000000080050033
[  184.646358][T10516] CR2: 0000001b2ef63fff CR3: 000000004e095000 CR4: 0000000000750ef0
[  184.647538][ T5115] Bluetooth: hci0: command 0x041b tx timeout
[  184.648241][T10516] DR0: 0000000000000000 DR1: 0000000000000000 DR2: 0000000000000000
[  184.650975][T10516] DR3: 0000000000000000 DR6: 00000000fffe0ff0 DR7: 0000000000000400
[  184.652612][T10516] PKRU: 00000000
[  184.653383][T10516] Call Trace:
[  184.654111][T10516]  <TASK>
[  184.654764][T10516]  ? __warn+0x15e/0x2d0
[  184.655687][T10516]  ? report_bug+0x2a8/0x4f0
[  184.656679][T10516]  ? _copy_from_iter+0x2d3/0x1050
[  184.657930][T10516]  ? handle_bug+0x3d/0x70
[  184.658893][T10516]  ? exc_invalid_op+0x16/0x40
[  184.659910][T10516]  ? asm_exc_invalid_op+0x16/0x20
[  184.661020][T10516]  ? _copy_from_iter+0xad/0x1050
[  184.662089][T10516]  ? _copy_from_iter+0x2d3/0x1050
[  184.663178][T10516]  ? _copy_from_iter+0x2d3/0x1050
[  184.664284][T10516]  ? copyout_mc+0x80/0x80
[  184.665228][T10516]  ? bio_add_pc_page+0xcd/0x130
[  184.666274][T10516]  ? bio_add_hw_page+0x9a0/0x9a0
[  184.667549][T10516]  ? page_copy_sane+0x46/0x250
[  184.668603][T10516]  copy_page_from_iter+0x93/0x130
[  184.669704][T10516]  blk_rq_map_user_iov+0x1686/0x27f0
[  184.670858][T10516]  ? mark_lock+0x2a0/0x350
[  184.671838][T10516]  ? blk_rq_append_bio+0x520/0x520
[  184.672981][T10516]  ? rcu_is_watching+0x11/0xb0
[  184.674027][T10516]  ? import_ubuf+0x9c/0x290
[  184.675016][T10516]  blk_rq_map_user_io+0x283/0x420
[  184.676098][T10516]  ? sg_common_write+0xb71/0x1490
[  184.677179][T10516]  ? blk_rq_map_user+0x190/0x190
[  184.678417][T10516]  ? rcu_is_watching+0x11/0xb0
[  184.679463][T10516]  ? trace_contention_end+0x3c/0xf0
[  184.680580][T10516]  ? __mutex_lock+0x2f2/0xd70
[  184.681598][T10516]  ? __mutex_unlock_slowpath+0x241/0x7b0
[  184.682798][T10516]  ? _raw_spin_unlock_irqrestore+0x8b/0x130
[  184.684067][T10516]  ? lockdep_hardirqs_on+0x95/0x140
[  184.685205][T10516]  ? mutex_unlock+0x10/0x10
[  184.686195][T10516]  ? __debug_object_init+0xfa/0x320
[  184.687384][T10516]  ? sg_link_reserve+0x279/0x520
[  184.688472][T10516]  sg_common_write+0xd65/0x1490
[  184.689548][T10516]  ? sg_add_request+0x580/0x580
[  184.690608][T10516]  ? capable+0x85/0xe0
[  184.691509][T10516]  ? scsi_cmd_allowed+0x1f/0x370
[  184.692569][T10516]  sg_new_write+0x5ad/0x790
[  184.693558][T10516]  ? __lock_acquire+0x2050/0x2050
[  184.694652][T10516]  ? sg_remove_scat+0x4a0/0x4a0
[  184.695745][T10516]  ? count_memcg_event_mm+0x3be/0x410
[  184.696900][T10516]  sg_ioctl+0x1ccf/0x2c60
[  184.697942][T10516]  ? sg_poll+0x3e0/0x3e0
[  184.698892][T10516]  ? lockdep_hardirqs_on_prepare+0x448/0x7b0
[  184.700185][T10516]  ? print_irqtrace_events+0x220/0x220
[  184.701354][T10516]  ? lockdep_hardirqs_on_prepare+0x448/0x7b0
[  184.702636][T10516]  ? bpf_lsm_file_ioctl+0x5/0x10
[  184.703700][T10516]  ? security_file_ioctl+0x9d/0xb0
[  184.704807][T10516]  ? sg_poll+0x3e0/0x3e0
[  184.706046][T10516]  __se_sys_ioctl+0xfe/0x170
[  184.707069][T10516]  do_syscall_64+0x2b/0x50
[  184.708252][T10516]  entry_SYSCALL_64_after_hwframe+0x63/0xcd
[  184.709532][T10516] RIP: 0033:0x7f07eb5ae16d
[  184.710536][T10516] Code: 02 b8 ff ff ff ff c3 66 0f 1f 44 00 00 f3 0f 1e fa 48 89 f8 48 89 f7 48 89 d6 48 89 ca 4d 89 c2 4d 89 c8 4c 8b 4c 24 08 0f 05 <48> 3d 01 f0 ff ff 73 01 c3 48 c7 c1 a8 ff ff ff f7 d8 64 89 01 48
[  184.714481][T10516] RSP: 002b:00007ffc09375018 EFLAGS: 00000246 ORIG_RAX: 0000000000000010
[  184.716244][T10516] RAX: ffffffffffffffda RBX: 00007f07eb7f5fa0 RCX: 00007f07eb5ae16d
[  184.717975][T10516] RDX: 0000200000000640 RSI: 0000000000002285 RDI: 0000000000000003
[  184.719643][T10516] RBP: 00007f07eb6480f0 R08: 0000000000000000 R09: 0000000000000000
[  184.721301][T10516] R10: 0000000000000000 R11: 0000000000000246 R12: 0000000000000000
[  184.722966][T10516] R13: 00007f07eb7f5fac R14: 00007f07eb7f5fa0 R15: 0000000000000000
[  184.724625][T10516]  </TASK>
[  184.725301][T10516] Kernel panic - not syncing: kernel: panic_on_warn set ...
[  184.726813][T10516] CPU: 0 PID: 10516 Comm: syz.0.17 Not tainted 6.6.0 #1
[  184.728270][T10516] Hardware name: QEMU Standard PC (i440FX + PIIX, 1996), BIOS 1.15.0-1 04/01/2014
[  184.730148][T10516] Call Trace:
[  184.730859][T10516]  <TASK>
[  184.731507][T10516]  dump_stack_lvl+0x1e3/0x2d0
[  184.732532][T10516]  ? nf_tcp_handle_invalid+0x650/0x650
[  184.733696][T10516]  ? panic+0x760/0x760
[  184.734604][T10516]  ? _copy_from_iter+0x290/0x1050
[  184.735679][T10516]  panic+0x2f5/0x760
[  184.736545][T10516]  ? __warn+0x16d/0x2d0
[  184.737442][T10516]  ? __memcpy_flushcache+0x2e0/0x2e0
[  184.738592][T10516]  ? _copy_from_iter+0x2d3/0x1050
[  184.739671][T10516]  __warn+0x284/0x2d0
[  184.740546][T10516]  report_bug+0x2a8/0x4f0
[  184.741479][T10516]  ? _copy_from_iter+0x2d3/0x1050
[  184.742563][T10516]  handle_bug+0x3d/0x70
[  184.743462][T10516]  exc_invalid_op+0x16/0x40
[  184.744440][T10516]  asm_exc_invalid_op+0x16/0x20
[  184.745481][T10516] RIP: 0010:_copy_from_iter+0x2d3/0x1050
[  184.746668][T10516] Code: 25 28 00 00 00 48 3b 84 24 00 01 00 00 0f 85 55 0d 00 00 4c 89 f0 48 8d 65 d8 5b 41 5c 41 5d 41 5e 41 5f 5d c3 e8 ad b0 40 fd <0f> 0b 45 31 f6 eb a7 e8 a1 b0 40 fd 49 89 de e9 52 fe ff ff e8 94
[  184.750588][T10516] RSP: 0018:ffffc900033cf380 EFLAGS: 00010293
[  184.751858][T10516] RAX: ffffffff844d9b43 RBX: 0000000000000000 RCX: ffff888062984980
[  184.753495][T10516] RDX: 0000000000000000 RSI: 0000000000000000 RDI: 0000000000000000
[  184.755148][T10516] RBP: ffffc900033cf4c8 R08: ffffffff844d991d R09: 0000000000000100
[  184.756772][T10516] R10: dffffc0000000000 R11: ffffed1009b0d22f R12: 1ffff92000679e80
[  184.758421][T10516] R13: dffffc0000000000 R14: 0000000000000015 R15: ffffc900033cf6f0
[  184.760086][T10516]  ? _copy_from_iter+0xad/0x1050
[  184.761149][T10516]  ? _copy_from_iter+0x2d3/0x1050
[  184.762248][T10516]  ? copyout_mc+0x80/0x80
[  184.763189][T10516]  ? bio_add_pc_page+0xcd/0x130
[  184.764229][T10516]  ? bio_add_hw_page+0x9a0/0x9a0
[  184.765276][T10516]  ? page_copy_sane+0x46/0x250
[  184.766312][T10516]  copy_page_from_iter+0x93/0x130
[  184.767400][T10516]  blk_rq_map_user_iov+0x1686/0x27f0
[  184.768545][T10516]  ? mark_lock+0x2a0/0x350
[  184.769506][T10516]  ? blk_rq_append_bio+0x520/0x520
[  184.770983][T10516]  ? rcu_is_watching+0x11/0xb0
[  184.772265][T10516]  ? import_ubuf+0x9c/0x290
[  184.773510][T10516]  blk_rq_map_user_io+0x283/0x420
[  184.774797][T10516]  ? sg_common_write+0xb71/0x1490
[  184.776143][T10516]  ? blk_rq_map_user+0x190/0x190
[  184.777396][T10516]  ? rcu_is_watching+0x11/0xb0
[  184.778676][T10516]  ? trace_contention_end+0x3c/0xf0
[  184.780023][T10516]  ? __mutex_lock+0x2f2/0xd70
[  184.781240][T10516]  ? __mutex_unlock_slowpath+0x241/0x7b0
[  184.782599][T10516]  ? _raw_spin_unlock_irqrestore+0x8b/0x130
[  184.783988][T10516]  ? lockdep_hardirqs_on+0x95/0x140
[  184.785388][T10516]  ? mutex_unlock+0x10/0x10
[  184.786586][T10516]  ? __debug_object_init+0xfa/0x320
[  184.787926][T10516]  ? sg_link_reserve+0x279/0x520
[  184.789016][T10516]  sg_common_write+0xd65/0x1490
[  184.790163][T10516]  ? sg_add_request+0x580/0x580
[  184.791490][T10516]  ? capable+0x85/0xe0
[  184.792452][T10516]  ? scsi_cmd_allowed+0x1f/0x370
[  184.793881][T10516]  sg_new_write+0x5ad/0x790
[  184.794860][T10516]  ? __lock_acquire+0x2050/0x2050
[  184.796103][T10516]  ? sg_remove_scat+0x4a0/0x4a0
[  184.797472][T10516]  ? count_memcg_event_mm+0x3be/0x410
[  184.798624][T10516]  sg_ioctl+0x1ccf/0x2c60
[  184.799795][T10516]  ? sg_poll+0x3e0/0x3e0
[  184.800918][T10516]  ? lockdep_hardirqs_on_prepare+0x448/0x7b0
[  184.802540][T10516]  ? print_irqtrace_events+0x220/0x220
[  184.803849][T10516]  ? lockdep_hardirqs_on_prepare+0x448/0x7b0
[  184.805500][T10516]  ? bpf_lsm_file_ioctl+0x5/0x10
[  184.806791][T10516]  ? security_file_ioctl+0x9d/0xb0
[  184.808145][T10516]  ? sg_poll+0x3e0/0x3e0
[  184.809060][T10516]  __se_sys_ioctl+0xfe/0x170
[  184.810066][T10516]  do_syscall_64+0x2b/0x50
[  184.811272][T10516]  entry_SYSCALL_64_after_hwframe+0x63/0xcd
[  184.812776][T10516] RIP: 0033:0x7f07eb5ae16d
[  184.814006][T10516] Code: 02 b8 ff ff ff ff c3 66 0f 1f 44 00 00 f3 0f 1e fa 48 89 f8 48 89 f7 48 89 d6 48 89 ca 4d 89 c2 4d 89 c8 4c 8b 4c 24 08 0f 05 <48> 3d 01 f0 ff ff 73 01 c3 48 c7 c1 a8 ff ff ff f7 d8 64 89 01 48
[  184.818680][T10516] RSP: 002b:00007ffc09375018 EFLAGS: 00000246 ORIG_RAX: 0000000000000010
[  184.820425][T10516] RAX: ffffffffffffffda RBX: 00007f07eb7f5fa0 RCX: 00007f07eb5ae16d
[  184.822061][T10516] RDX: 0000200000000640 RSI: 0000000000002285 RDI: 0000000000000003
[  184.823686][T10516] RBP: 00007f07eb6480f0 R08: 0000000000000000 R09: 0000000000000000
[  184.825311][T10516] R10: 0000000000000000 R11: 0000000000000246 R12: 0000000000000000
[  184.826930][T10516] R13: 00007f07eb7f5fac R14: 00007f07eb7f5fa0 R15: 0000000000000000
[  184.828581][T10516]  </TASK>
[  184.829769][T10516] Kernel Offset: disabled
[  184.830815][T10516] Rebooting in 86400 seconds..

VM DIAGNOSIS:
14:32:14  Registers:
info registers vcpu 0
RAX=0000000000000030 RBX=ffffffff9816e580 RCX=0000000000000000 RDX=00000000000003f8
RSI=0000000000000000 RDI=0000000000000020 RBP=0000000000000000 RSP=ffffc900033cea50
R8 =ffffffff84e2d6c6 R9 =1ffff11003aee046 R10=dffffc0000000000 R11=ffffed1003aee047
R12=dffffc0000000000 R13=dffffc0000000001 R14=0000000000000030 R15=00000000000003f8
RIP=ffffffff84e2d6f9 RFL=00000002 [-------] CPL=0 II=0 A20=1 SMM=0 HLT=0
ES =0000 0000000000000000 ffffffff 00c00000
CS =0010 0000000000000000 ffffffff 00a09b00 DPL=0 CS64 [-RA]
SS =0018 0000000000000000 ffffffff 00c09300 DPL=0 DS   [-WA]
DS =0000 0000000000000000 ffffffff 00c00000
FS =0000 0000555556580500 ffffffff 00c00000
GS =0000 ffff88802be00000 ffffffff 00c00000
LDT=0000 0000000000000000 ffffffff 00c00000
TR =0040 fffffe0000003000 00004087 00008b00 DPL=0 TSS64-busy
GDT=     fffffe0000001000 0000007f
IDT=     fffffe0000000000 00000fff
CR0=80050033 CR2=0000001b2ef63fff CR3=000000004e095000 CR4=00750ef0
DR0=0000000000000000 DR1=0000000000000000 DR2=0000000000000000 DR3=0000000000000000 
DR6=00000000fffe0ff0 DR7=0000000000000400
EFER=0000000000000d01
FCW=037f FSW=0000 [ST=0] FTW=00 MXCSR=00001f80
FPR0=0000000000000000 0000 FPR1=0000000000000000 0000
FPR2=0000000000000000 0000 FPR3=0000000000000000 0000
FPR4=0000000000000000 0000 FPR5=0000000000000000 0000
FPR6=0000000000000000 0000 FPR7=0000000000000000 0000
Opmask00=00000000ffffff00 Opmask01=0000000000000000 Opmask02=00000000ffffffef Opmask03=0000000000000000
Opmask04=0000000000000000 Opmask05=0000000000000000 Opmask06=0000000000000000 Opmask07=0000000000000000
ZMM00=0000000000000000 0000000000000000 0000000000000000 0000000000000000 0000000000000000 0000000000000000 0000000000000000 0000000000000000
ZMM01=0000000000000000 0000000000000000 0000000000000000 0000000000000000 0000000000000000 0000000000000000 00007ffc093750e0 0000003000000028
ZMM02=0000000000000000 0000000000000000 0000000000000000 0000000000000000 0000000000000000 0000000000000000 0000000000000000 00007ffc09375260
ZMM03=0000000000000000 0000000000000000 0000000000000000 0000000000000000 0000000000000000 0000000000000000 00007ffc09375260 00007ffc09375260
ZMM04=0000000000000000 0000000000000000 0000000000000000 0000000000000000 0000000000000000 0000000000000000 0000000000000000 00007ffc0937529f
ZMM05=0000000000000000 0000000000000000 0000000000000000 0000000000000000 0000000000000000 0000000000000000 0000555556580500 0000000000000000
ZMM06=0000000000000000 0000000000000000 0000000000000000 0000000000000000 0000000000000000 0000000000000000 0000000000000000 00007f07ec32d660
ZMM07=0000000000000000 0000000000000000 0000000000000000 0000000000000000 0000000000000000 0000000000000000 00007f07eb5a4878 0000000000000000
ZMM08=0000000000000000 0000000000000000 0000000000000000 0000000000000000 0000000000000000 0000000000000000 0000000000000000 0000000000000000
ZMM09=0000000000000000 0000000000000000 0000000000000000 0000000000000000 0000000000000000 0000000000000000 0000000000000000 0000000000000000
ZMM10=0000000000000000 0000000000000000 0000000000000000 0000000000000000 0000000000000000 0000000000000000 0000000000000000 0000000000000000
ZMM11=0000000000000000 0000000000000000 0000000000000000 0000000000000000 0000000000000000 0000000000000000 0000000000000000 0000000000000000
ZMM12=0000000000000000 0000000000000000 0000000000000000 0000000000000000 0000000000000000 0000000000000000 0000000000000000 0000000000000000
ZMM13=0000000000000000 0000000000000000 0000000000000000 0000000000000000 0000000000000000 0000000000000000 0000000000000000 0000000000000000
ZMM14=0000000000000000 0000000000000000 0000000000000000 0000000000000000 0000000000000000 0000000000000000 0000000000000000 0000000000000000
ZMM15=0000000000000000 0000000000000000 0000000000000000 0000000000000000 0000000000000000 0000000000000000 0000000000000000 0000000000000000
ZMM16=0000000000000000 0000000000000000 0000000000000000 0000000000000000 0000000000000000 0000000000000000 0000000000000000 0000000000000000
ZMM17=0000000000000000 0000000000000000 0000000000000000 0000000000000000 2323232323232323 2323232323232323 2323232323232323 2323232323232323
ZMM18=0000000000000000 0000000000000000 0000000000000000 0000000000000000 0000000000000000 0000000000000000 0000000000000000 3167732f7665642f
ZMM19=0000000000000000 0000000000000000 0000000000000000 0000000000000000 0000000000000000 0000000000000000 0000000000000000 1244500c5546470c
ZMM20=0000000000000000 0000000000000000 0000000000000000 0000000000000000 0000000000000000 0000000000000000 0000000000000000 0000000000000000
ZMM21=0000000000000000 0000000000000000 0000000000000000 0000000000000000 0000000000000000 0000000000000000 0000000000000000 000000524f525245
ZMM22=0000000000000000 0000000000000000 0000000000000000 0000000000000000 0000000000000000 0000000000000000 0000000000000000 00524f5252450040
ZMM23=0000000000000000 0000000000000000 0000000000000000 0000000000000000 0000000000000000 0000000000000000 0000000000000000 00e800a800000000
ZMM24=0000000000000000 0000000000000000 0000000000000000 0000000000000000 0000000000000000 0000000000000000 0000000000000000 0000000000000000
ZMM25=0000000000000000 0000000000000000 0000000000000000 0000000000000000 0000000000000000 0000000000000000 0000000000000000 0000000000000000
ZMM26=0000000000000000 0000000000000000 0000000000000000 0000000000000000 0000000000000000 0000000000000000 0000000000000000 0000000000000000
ZMM27=0000000000000000 0000000000000000 0000000000000000 0000000000000000 0000000000000000 0000000000000000 0000000000000000 0000000000000000
ZMM28=0000000000000000 0000000000000000 0000000000000000 0000000000000000 0000000000000000 0000000000000000 0000000000000000 0000000000000000
ZMM29=0000000000000000 0000000000000000 0000000000000000 0000000000000000 0000000000000000 0000000000000000 0000000000000000 0000000000000000
ZMM30=0000000000000000 0000000000000000 0000000000000000 0000000000000000 0000000000000000 0000000000000000 0000000000000000 0000000000000000
ZMM31=0000000000000000 0000000000000000 0000000000000000 0000000000000000 0000000000000000 0000000000000000 0000000000000000 0000000000000000
info registers vcpu 1
RAX=0000000080000000 RBX=0000000000000001 RCX=ffffffff97e45303 RDX=dffffc0000000000
RSI=ffffffff8b4e07e0 RDI=ffffffff8bae4e60 RBP=ffffc900003efa08 RSP=ffffc900003ef928
R8 =ffffffff8f28de6f R9 =1ffffffff1e51bcd R10=dffffc0000000000 R11=fffffbfff1e51bce
R12=dffffc0000000000 R13=1ffff9200007df4c R14=486385595dd0fac6 R15=1ffff9200007df30
RIP=ffffffff8b1489cc RFL=00000046 [---Z-P-] CPL=0 II=0 A20=1 SMM=0 HLT=0
ES =0000 0000000000000000 ffffffff 00c00000
CS =0010 0000000000000000 ffffffff 00a09b00 DPL=0 CS64 [-RA]
SS =0000 0000000000000000 ffffffff 00c00000
DS =0000 0000000000000000 ffffffff 00c00000
FS =0000 0000000000000000 ffffffff 00c00000
GS =0000 ffff88807ec00000 ffffffff 00c00000
LDT=0000 0000000000000000 00000000 00000000
TR =0040 fffffe000004a000 00004087 00008b00 DPL=0 TSS64-busy
GDT=     fffffe0000048000 0000007f
IDT=     fffffe0000000000 00000fff
CR0=80050033 CR2=00005603c5219120 CR3=00000000441f9000 CR4=00750ee0
DR0=0000000000000000 DR1=0000000000000000 DR2=0000000000000000 DR3=0000000000000000 
DR6=00000000fffe0ff0 DR7=0000000000000400
EFER=0000000000000d01
FCW=037f FSW=0000 [ST=0] FTW=00 MXCSR=00001f80
FPR0=0000000000000000 0000 FPR1=0000000000000000 0000
FPR2=0000000000000000 0000 FPR3=0000000000000000 0000
FPR4=0000000000000000 0000 FPR5=0000000000000000 0000
FPR6=0000000000000000 0000 FPR7=0000000000000000 0000
Opmask00=00000000fefeff80 Opmask01=0000000000000000 Opmask02=00000000ffffffc0 Opmask03=0000000000000000
Opmask04=0000000000000000 Opmask05=0000000000000000 Opmask06=0000000000000000 Opmask07=0000000000000000
ZMM00=0000000000000000 0000000000000000 0000000000000000 0000000000000000 0000000000000000 0000000000000000 0000000000000000 0000000000000000
ZMM01=0000000000000000 0000000000000000 0000000000000000 0000000000000000 0000000000000000 0000000000000000 000000696e656420 737365636341002f
ZMM02=0000000000000000 0000000000000000 0000000000000000 0000000000000000 0000000000000000 0000000000000000 ffffff0f0e0d0c0b 0a09080706050403
ZMM03=0000000000000000 0000000000000000 0000000000000000 0000000000000000 0000000000000000 0000000000000000 696e656420737365 636341002f737973
ZMM04=0000000000000000 0000000000000000 0000000000000000 0000000000000000 0000000000000000 0000000000000000 0000000000000000 0000000000000000
ZMM05=0000000000000000 0000000000000000 0000000000000000 0000000000000000 0000000000000000 0000000000000000 0000000000000000 0000000000ff0000
ZMM06=0000000000000000 0000000000000000 0000000000000000 0000000000000000 0000000000000000 0000000000000000 0000000000000000 0000000000000000
ZMM07=0000000000000000 0000000000000000 0000000000000000 0000000000000000 0000000000000000 0000000000000000 0000000000000000 0000000000000000
ZMM08=0000000000000000 0000000000000000 0000000000000000 0000000000000000 0000000000000000 0000000000000000 ffffffffffffff00 ffffffffffff0000
ZMM09=0000000000000000 0000000000000000 0000000000000000 0000000000000000 0000000000000000 0000000000000000 6464646464646464 64643267a1463a44
ZMM10=0000000000000000 0000000000000000 0000000000000000 0000000000000000 0000000000000000 0000000000000000 6464646464646445 6464646464645455
ZMM11=0000000000000000 0000000000000000 0000000000000000 0000000000000000 0000000000000000 0000000000000000 0000000000000000 0000000000000000
ZMM12=0000000000000000 0000000000000000 0000000000000000 0000000000000000 0000000000000000 0000000000000000 0000000000000000 0000000000000000
ZMM13=0000000000000000 0000000000000000 0000000000000000 0000000000000000 0000000000000000 0000000000000000 0000000000000000 0000000000000000
ZMM14=0000000000000000 0000000000000000 0000000000000000 0000000000000000 0000000000000000 0000000000000000 0000000000000000 0000000000000000
ZMM15=0000000000000000 0000000000000000 0000000000000000 0000000000000000 0000000000000000 0000000000000000 0000000000000000 0000000000000000
ZMM16=0000000000000000 0000000000000000 0000000000000000 0000000000000000 ffffffffffffffff ffffffffffffffff ffffffffffffffff ffffffffffffffff
ZMM17=0000000000000000 0000000000000000 0000000000000000 0000000000000000 0000000000000000 0000000000000000 0000000c00000001 00005603c5289340
ZMM18=0000000000000000 0000000000000000 0000000000000000 0000000000000000 6f6f6c2f7665642f 3d454d414e564544 00303d444955555f 48544e5953006b63
ZMM19=0000000000000000 0000000000000000 0000000000000000 0000000000000000 554e514553003731 3d5145534b534944 006b7369643d4550 5954564544003070
ZMM20=0000000000000000 0000000000000000 0000000000000000 0000000000000000 0000000000000037 3138313637313031 3d44455a494c4149 54494e495f434553
ZMM21=0000000000000000 0000000000000000 0000000000000000 0000000000000000 5500353439393d4d 554e514553003731 3d5145534b534944 006b7369643d4550
ZMM22=0000000000000000 0000000000000000 0000000000000000 0000000000000000 5954564544003070 6f6f6c2f7665642f 3d454d414e564544 00303d444955555f
ZMM23=0000000000000000 0000000000000000 0000000000000000 0000000000000000 48544e5953006b63 6f6c623d4d455453 5953425553003070 6f6f6c2f6b636f6c
ZMM24=0000000000000000 0000000000000000 0000000000000000 0000000000000000 00005603c5225e50 00005603c5225e30 0000000000000000 0000000000000000
ZMM25=0000000000000000 0000000000000000 0000000000000000 0000000000000000 0000000000000000 0000000000000000 0000000000000000 0000000000000000
ZMM26=0000000000000000 0000000000000000 0000000000000000 0000000000000000 0000000000000000 0000000000000000 0000000000000000 0000000000000000
ZMM27=0000000000000000 0000000000000000 0000000000000000 0000000000000000 0000000000000000 0000000000000000 0000000000000000 0000000000000000
ZMM28=0000000000000000 0000000000000000 0000000000000000 0000000000000000 0000000000000000 0000000000000000 0000000000000000 0000000000000000
ZMM29=0000000000000000 0000000000000000 0000000000000000 0000000000000000 0000000000000000 0000000000000000 0000000000000000 0000000000000000
ZMM30=0000000000000000 0000000000000000 0000000000000000 0000000000000000 0000000000000000 0000000000000000 0000000000000000 0000000000000000
ZMM31=0000000000000000 0000000000000000 0000000000000000 0000000000000000 0000000000000000 0000000000000000 0000000000000000 0000000000000000
