Warning: Permanently added '[localhost]:62915' (ED25519) to the list of known hosts.
2025/09/09 10:00:11 parsed 1 programs
syzkaller login: [  190.627040][ T9274] cgroup: Unknown subsys name 'net'
[  190.767445][ T9274] cgroup: Unknown subsys name 'rlimit'
[  196.559374][ T9274] Adding 124996k swap on ./swap-file.  Priority:0 extents:1 across:124996k FS
[  202.800602][   T12] wlan0: Created IBSS using preconfigured BSSID 50:50:50:50:50:50
[  202.803378][   T12] wlan0: Creating new IBSS network, BSSID 50:50:50:50:50:50
[  202.888384][    T7] IPv6: ADDRCONF(NETDEV_CHANGE): wlan0: link becomes ready
[  203.228849][ T9419] wlan1: Created IBSS using preconfigured BSSID 50:50:50:50:50:50
[  203.230835][ T9419] wlan1: Creating new IBSS network, BSSID 50:50:50:50:50:50
[  203.235849][  T941] IPv6: ADDRCONF(NETDEV_CHANGE): wlan1: link becomes ready
[  206.632336][ T9526] chnl_net:caif_netlink_parms(): no params data found
[  207.356979][ T9818] Bluetooth: hci0: unexpected cc 0x0c03 length: 249 > 1
[  207.367316][ T9818] Bluetooth: hci0: unexpected cc 0x1003 length: 249 > 9
[  207.373374][ T9818] Bluetooth: hci0: unexpected cc 0x1001 length: 249 > 9
[  207.378502][ T9818] Bluetooth: hci0: unexpected cc 0x0c23 length: 249 > 4
[  207.384131][ T9526] bridge0: port 1(bridge_slave_0) entered blocking state
[  207.387151][ T9526] bridge0: port 1(bridge_slave_0) entered disabled state
[  207.387757][ T9818] Bluetooth: hci0: unexpected cc 0x0c25 length: 249 > 3
[  207.390738][ T9526] device bridge_slave_0 entered promiscuous mode
[  207.394039][ T9818] Bluetooth: hci0: unexpected cc 0x0c38 length: 249 > 2
[  207.569479][ T9526] bridge0: port 2(bridge_slave_1) entered blocking state
[  207.571331][ T9526] bridge0: port 2(bridge_slave_1) entered disabled state
[  207.578142][ T9526] device bridge_slave_1 entered promiscuous mode
[  207.833034][ T9526] bond0: (slave bond_slave_0): Enslaving as an active interface with an up link
[  207.883540][ T9526] bond0: (slave bond_slave_1): Enslaving as an active interface with an up link
[  208.306861][ T9526] team0: Port device team_slave_0 added
[  208.526475][ T9526] team0: Port device team_slave_1 added
[  208.960546][ T9526] batman_adv: batadv0: Adding interface: batadv_slave_0
[  208.963198][ T9526] batman_adv: batadv0: The MTU of interface batadv_slave_0 is too small (1500) to handle the transport of batman-adv packets. Packets going over this interface will be fragmented on layer2 which could impact the performance. Setting the MTU to 1560 would solve the problem.
[  208.971347][ T9526] batman_adv: batadv0: Not using interface batadv_slave_0 (retrying later): interface not active
[  208.990458][ T9526] batman_adv: batadv0: Adding interface: batadv_slave_1
[  208.996543][ T9526] batman_adv: batadv0: The MTU of interface batadv_slave_1 is too small (1500) to handle the transport of batman-adv packets. Packets going over this interface will be fragmented on layer2 which could impact the performance. Setting the MTU to 1560 would solve the problem.
[  209.007221][ T9526] batman_adv: batadv0: Not using interface batadv_slave_1 (retrying later): interface not active
[  209.314278][ T9526] device hsr_slave_0 entered promiscuous mode
[  209.318458][ T9526] device hsr_slave_1 entered promiscuous mode
[  209.483903][   T52] Bluetooth: hci0: command 0x0409 tx timeout
[  211.562065][   T52] Bluetooth: hci0: command 0x041b tx timeout
[  212.010964][ T9526] netdevsim netdevsim1 netdevsim0: renamed from eth0
[  212.031555][ T9526] netdevsim netdevsim1 netdevsim1: renamed from eth1
[  212.049631][ T9526] netdevsim netdevsim1 netdevsim2: renamed from eth2
[  212.061666][ T9526] netdevsim netdevsim1 netdevsim3: renamed from eth3
[  212.307096][ T9526] 8021q: adding VLAN 0 to HW filter on device bond0
[  212.326467][ T9737] IPv6: ADDRCONF(NETDEV_CHANGE): veth1: link becomes ready
[  212.330981][ T9737] IPv6: ADDRCONF(NETDEV_CHANGE): veth0: link becomes ready
[  212.356477][ T9526] 8021q: adding VLAN 0 to HW filter on device team0
[  212.367940][ T9737] IPv6: ADDRCONF(NETDEV_CHANGE): veth0_to_bridge: link becomes ready
[  212.374677][ T9737] IPv6: ADDRCONF(NETDEV_CHANGE): bridge_slave_0: link becomes ready
[  212.377864][ T9737] bridge0: port 1(bridge_slave_0) entered blocking state
[  212.379826][ T9737] bridge0: port 1(bridge_slave_0) entered forwarding state
[  212.385254][ T9737] IPv6: ADDRCONF(NETDEV_CHANGE): bridge0: link becomes ready
[  212.409809][ T9740] IPv6: ADDRCONF(NETDEV_CHANGE): veth1_to_bridge: link becomes ready
[  212.414868][ T9740] IPv6: ADDRCONF(NETDEV_CHANGE): bridge_slave_1: link becomes ready
[  212.418774][ T9740] bridge0: port 2(bridge_slave_1) entered blocking state
[  212.421203][ T9740] bridge0: port 2(bridge_slave_1) entered forwarding state
[  212.426495][ T9740] IPv6: ADDRCONF(NETDEV_CHANGE): veth0_to_bond: link becomes ready
[  212.483010][T10045] IPv6: ADDRCONF(NETDEV_CHANGE): veth1_to_bond: link becomes ready
[  212.496687][ T9737] IPv6: ADDRCONF(NETDEV_CHANGE): veth0_to_team: link becomes ready
[  212.500983][ T9737] IPv6: ADDRCONF(NETDEV_CHANGE): team_slave_0: link becomes ready
[  212.534398][ T9740] IPv6: ADDRCONF(NETDEV_CHANGE): team0: link becomes ready
[  212.543989][ T9740] IPv6: ADDRCONF(NETDEV_CHANGE): veth1_to_team: link becomes ready
[  212.547140][ T9740] IPv6: ADDRCONF(NETDEV_CHANGE): team_slave_1: link becomes ready
[  212.589094][ T9740] IPv6: ADDRCONF(NETDEV_CHANGE): veth0_to_hsr: link becomes ready
[  212.602828][ T9740] IPv6: ADDRCONF(NETDEV_CHANGE): hsr_slave_0: link becomes ready
[  212.651585][ T9526] hsr0: Slave B (hsr_slave_1) is not up; please bring it up to get a fully working HSR network
[  212.659508][ T9526] IPv6: ADDRCONF(NETDEV_CHANGE): hsr0: link becomes ready
[  212.664070][ T9740] IPv6: ADDRCONF(NETDEV_CHANGE): veth1_to_hsr: link becomes ready
[  212.669398][ T9740] IPv6: ADDRCONF(NETDEV_CHANGE): hsr_slave_1: link becomes ready
[  213.036013][ T9740] IPv6: ADDRCONF(NETDEV_CHANGE): vxcan1: link becomes ready
[  213.037947][ T9740] IPv6: ADDRCONF(NETDEV_CHANGE): vxcan0: link becomes ready
[  213.054760][ T9526] 8021q: adding VLAN 0 to HW filter on device batadv0
[  213.086269][   T15] IPv6: ADDRCONF(NETDEV_CHANGE): veth1_virt_wifi: link becomes ready
[  213.089121][   T15] IPv6: ADDRCONF(NETDEV_CHANGE): veth0_virt_wifi: link becomes ready
[  213.116670][   T15] IPv6: ADDRCONF(NETDEV_CHANGE): veth1_vlan: link becomes ready
[  213.119495][   T15] IPv6: ADDRCONF(NETDEV_CHANGE): veth0_vlan: link becomes ready
[  213.123321][   T15] IPv6: ADDRCONF(NETDEV_CHANGE): vlan0: link becomes ready
[  213.125816][   T15] IPv6: ADDRCONF(NETDEV_CHANGE): vlan1: link becomes ready
[  213.136353][ T9526] device veth0_vlan entered promiscuous mode
[  213.151664][ T9526] device veth1_vlan entered promiscuous mode
[  213.190455][   T15] IPv6: ADDRCONF(NETDEV_CHANGE): macvlan0: link becomes ready
[  213.194433][   T15] IPv6: ADDRCONF(NETDEV_CHANGE): macvlan1: link becomes ready
[  213.197024][   T15] IPv6: ADDRCONF(NETDEV_CHANGE): veth1_macvtap: link becomes ready
[  213.199728][   T15] IPv6: ADDRCONF(NETDEV_CHANGE): veth0_macvtap: link becomes ready
[  213.210647][ T9526] device veth0_macvtap entered promiscuous mode
[  213.219655][ T9526] device veth1_macvtap entered promiscuous mode
[  213.249030][ T9526] batman_adv: batadv0: Interface activated: batadv_slave_0
[  213.251133][   T15] IPv6: ADDRCONF(NETDEV_CHANGE): macvtap0: link becomes ready
[  213.255224][   T15] IPv6: ADDRCONF(NETDEV_CHANGE): macsec0: link becomes ready
[  213.257947][   T15] IPv6: ADDRCONF(NETDEV_CHANGE): batadv_slave_0: link becomes ready
[  213.260548][   T15] IPv6: ADDRCONF(NETDEV_CHANGE): veth0_to_batadv: link becomes ready
[  213.270255][ T9526] batman_adv: batadv0: Interface activated: batadv_slave_1
[  213.275200][ T9740] IPv6: ADDRCONF(NETDEV_CHANGE): batadv_slave_1: link becomes ready
[  213.278014][ T9740] IPv6: ADDRCONF(NETDEV_CHANGE): veth1_to_batadv: link becomes ready
[  213.290502][ T9526] netdevsim netdevsim1 netdevsim0: set [1, 0] type 2 family 0 port 6081 - 0
[  213.295568][ T9526] netdevsim netdevsim1 netdevsim1: set [1, 0] type 2 family 0 port 6081 - 0
[  213.297568][ T9526] netdevsim netdevsim1 netdevsim2: set [1, 0] type 2 family 0 port 6081 - 0
[  213.299452][ T9526] netdevsim netdevsim1 netdevsim3: set [1, 0] type 2 family 0 port 6081 - 0
2025/09/09 10:00:39 executed programs: 0
[  213.635700][ T9526] syz-executor (9526) used greatest stack depth: 19792 bytes left
[  213.646444][   T52] Bluetooth: hci0: command 0x040f tx timeout
[  213.727840][ T9818] Bluetooth: hci1: unexpected cc 0x1003 length: 249 > 9
[  213.730652][ T9818] Bluetooth: hci1: unexpected cc 0x1001 length: 249 > 9
[  213.773751][ T9818] Bluetooth: hci1: unexpected cc 0x0c23 length: 249 > 4
[  213.779647][ T9818] Bluetooth: hci1: unexpected cc 0x0c25 length: 249 > 3
[  213.782126][ T9818] Bluetooth: hci1: unexpected cc 0x0c38 length: 249 > 2
[  213.966851][   T52] Bluetooth: hci0: unexpected cc 0x1003 length: 249 > 9
[  213.970129][   T52] Bluetooth: hci0: unexpected cc 0x1001 length: 249 > 9
[  213.984527][   T52] Bluetooth: hci0: unexpected cc 0x0c23 length: 249 > 4
[  213.987530][   T52] Bluetooth: hci0: unexpected cc 0x0c25 length: 249 > 3
[  213.989649][   T52] Bluetooth: hci0: unexpected cc 0x0c38 length: 249 > 2
[  214.279448][ T5056] Bluetooth: hci2: unexpected cc 0x0c03 length: 249 > 1
[  214.302665][ T5056] Bluetooth: hci2: unexpected cc 0x1003 length: 249 > 9
[  214.305395][ T5056] Bluetooth: hci2: unexpected cc 0x1001 length: 249 > 9
[  214.317710][ T5056] Bluetooth: hci2: unexpected cc 0x0c23 length: 249 > 4
[  214.320696][ T5056] Bluetooth: hci2: unexpected cc 0x0c25 length: 249 > 3
[  214.323447][ T5056] Bluetooth: hci2: unexpected cc 0x0c38 length: 249 > 2
[  214.377604][ T5056] Bluetooth: hci3: unexpected cc 0x1003 length: 249 > 9
[  214.381580][ T5056] Bluetooth: hci3: unexpected cc 0x1001 length: 249 > 9
[  214.385202][ T5056] Bluetooth: hci3: unexpected cc 0x0c23 length: 249 > 4
[  214.387685][ T5056] Bluetooth: hci3: unexpected cc 0x0c25 length: 249 > 3
[  214.390168][ T5056] Bluetooth: hci3: unexpected cc 0x0c38 length: 249 > 2
[  215.658526][T10061] chnl_net:caif_netlink_parms(): no params data found
[  215.803302][ T5056] Bluetooth: hci1: command 0x0409 tx timeout
[  216.025016][T10072] chnl_net:caif_netlink_parms(): no params data found
[  216.042339][   T52] Bluetooth: hci0: command 0x0409 tx timeout
[  216.362281][   T52] Bluetooth: hci2: command 0x0409 tx timeout
[  216.533897][   T52] Bluetooth: hci3: command 0x0409 tx timeout
[  216.660583][T10061] bridge0: port 1(bridge_slave_0) entered blocking state
[  216.668795][T10061] bridge0: port 1(bridge_slave_0) entered disabled state
[  216.675498][T10061] device bridge_slave_0 entered promiscuous mode
[  216.679757][T10072] bridge0: port 1(bridge_slave_0) entered blocking state
[  216.681379][T10072] bridge0: port 1(bridge_slave_0) entered disabled state
[  216.689359][T10072] device bridge_slave_0 entered promiscuous mode
[  216.712897][T10061] bridge0: port 2(bridge_slave_1) entered blocking state
[  216.714774][T10061] bridge0: port 2(bridge_slave_1) entered disabled state
[  216.717983][T10061] device bridge_slave_1 entered promiscuous mode
[  216.732003][T10072] bridge0: port 2(bridge_slave_1) entered blocking state
[  216.733809][T10072] bridge0: port 2(bridge_slave_1) entered disabled state
[  216.737425][T10072] device bridge_slave_1 entered promiscuous mode
[  216.753083][T10079] chnl_net:caif_netlink_parms(): no params data found
[  216.777357][T10080] chnl_net:caif_netlink_parms(): no params data found
[  217.091388][T10061] bond0: (slave bond_slave_0): Enslaving as an active interface with an up link
[  217.104517][T10072] bond0: (slave bond_slave_0): Enslaving as an active interface with an up link
[  217.110935][T10061] bond0: (slave bond_slave_1): Enslaving as an active interface with an up link
[  217.203225][   T10] netdevsim netdevsim1 netdevsim3 (unregistering): unset [1, 0] type 2 family 0 port 6081 - 0
[  217.247299][T10072] bond0: (slave bond_slave_1): Enslaving as an active interface with an up link
[  217.595998][T10061] team0: Port device team_slave_0 added
[  217.639476][T10072] team0: Port device team_slave_0 added
[  217.704448][T10061] team0: Port device team_slave_1 added
[  217.816785][T10072] team0: Port device team_slave_1 added
[  217.885083][   T52] Bluetooth: hci1: command 0x041b tx timeout
[  217.894998][T10080] bridge0: port 1(bridge_slave_0) entered blocking state
[  217.896692][T10080] bridge0: port 1(bridge_slave_0) entered disabled state
[  217.899910][T10080] device bridge_slave_0 entered promiscuous mode
[  218.033742][T10079] bridge0: port 1(bridge_slave_0) entered blocking state
[  218.035455][T10079] bridge0: port 1(bridge_slave_0) entered disabled state
[  218.039157][T10079] device bridge_slave_0 entered promiscuous mode
[  218.113659][T10080] bridge0: port 2(bridge_slave_1) entered blocking state
[  218.115312][T10080] bridge0: port 2(bridge_slave_1) entered disabled state
[  218.118775][T10080] device bridge_slave_1 entered promiscuous mode
[  218.122497][ T5056] Bluetooth: hci0: command 0x041b tx timeout
[  218.264510][T10079] bridge0: port 2(bridge_slave_1) entered blocking state
[  218.266180][T10079] bridge0: port 2(bridge_slave_1) entered disabled state
[  218.269326][T10079] device bridge_slave_1 entered promiscuous mode
[  218.445495][   T52] Bluetooth: hci2: command 0x041b tx timeout
[  218.573886][T10072] batman_adv: batadv0: Adding interface: batadv_slave_0
[  218.576287][T10072] batman_adv: batadv0: The MTU of interface batadv_slave_0 is too small (1500) to handle the transport of batman-adv packets. Packets going over this interface will be fragmented on layer2 which could impact the performance. Setting the MTU to 1560 would solve the problem.
[  218.592920][T10072] batman_adv: batadv0: Not using interface batadv_slave_0 (retrying later): interface not active
[  218.600225][T10061] batman_adv: batadv0: Adding interface: batadv_slave_0
[  218.603541][ T5056] Bluetooth: hci3: command 0x041b tx timeout
[  218.608094][T10061] batman_adv: batadv0: The MTU of interface batadv_slave_0 is too small (1500) to handle the transport of batman-adv packets. Packets going over this interface will be fragmented on layer2 which could impact the performance. Setting the MTU to 1560 would solve the problem.
[  218.618434][T10061] batman_adv: batadv0: Not using interface batadv_slave_0 (retrying later): interface not active
[  218.668990][   T10] netdevsim netdevsim1 netdevsim2 (unregistering): unset [1, 0] type 2 family 0 port 6081 - 0
[  218.763656][T10080] bond0: (slave bond_slave_0): Enslaving as an active interface with an up link
[  218.780158][T10072] batman_adv: batadv0: Adding interface: batadv_slave_1
[  218.785587][T10072] batman_adv: batadv0: The MTU of interface batadv_slave_1 is too small (1500) to handle the transport of batman-adv packets. Packets going over this interface will be fragmented on layer2 which could impact the performance. Setting the MTU to 1560 would solve the problem.
[  218.799727][T10072] batman_adv: batadv0: Not using interface batadv_slave_1 (retrying later): interface not active
[  218.811273][T10061] batman_adv: batadv0: Adding interface: batadv_slave_1
[  218.816415][T10061] batman_adv: batadv0: The MTU of interface batadv_slave_1 is too small (1500) to handle the transport of batman-adv packets. Packets going over this interface will be fragmented on layer2 which could impact the performance. Setting the MTU to 1560 would solve the problem.
[  218.829164][T10061] batman_adv: batadv0: Not using interface batadv_slave_1 (retrying later): interface not active
[  218.879668][   T10] netdevsim netdevsim1 netdevsim1 (unregistering): unset [1, 0] type 2 family 0 port 6081 - 0
[  218.894508][T10079] bond0: (slave bond_slave_0): Enslaving as an active interface with an up link
[  218.899087][T10080] bond0: (slave bond_slave_1): Enslaving as an active interface with an up link
[  218.939159][T10079] bond0: (slave bond_slave_1): Enslaving as an active interface with an up link
[  219.090674][   T10] netdevsim netdevsim1 netdevsim0 (unregistering): unset [1, 0] type 2 family 0 port 6081 - 0
[  219.467140][T10072] device hsr_slave_0 entered promiscuous mode
[  219.471422][T10072] device hsr_slave_1 entered promiscuous mode
[  219.499996][T10072] debugfs: Directory 'hsr0' with parent 'hsr' already present!
[  219.503916][T10072] Cannot create hsr debugfs directory
[  219.579709][T10080] team0: Port device team_slave_0 added
[  219.757629][T10079] team0: Port device team_slave_0 added
[  219.773778][T10080] team0: Port device team_slave_1 added
[  219.796144][T10061] device hsr_slave_0 entered promiscuous mode
[  219.807315][T10061] device hsr_slave_1 entered promiscuous mode
[  219.813780][T10061] debugfs: Directory 'hsr0' with parent 'hsr' already present!
[  219.815475][T10061] Cannot create hsr debugfs directory
[  219.855752][T10079] team0: Port device team_slave_1 added
[  219.964519][ T1283] ieee802154 phy0 wpan0: encryption failed: -22
[  219.967072][ T1283] ieee802154 phy1 wpan1: encryption failed: -22
[  219.972242][   T52] Bluetooth: hci1: command 0x040f tx timeout
[  220.206590][ T5056] Bluetooth: hci0: command 0x040f tx timeout
[  220.372091][T10079] batman_adv: batadv0: Adding interface: batadv_slave_0
[  220.373740][T10079] batman_adv: batadv0: The MTU of interface batadv_slave_0 is too small (1500) to handle the transport of batman-adv packets. Packets going over this interface will be fragmented on layer2 which could impact the performance. Setting the MTU to 1560 would solve the problem.
[  220.379150][T10079] batman_adv: batadv0: Not using interface batadv_slave_0 (retrying later): interface not active
[  220.457724][T10080] batman_adv: batadv0: Adding interface: batadv_slave_0
[  220.459318][T10080] batman_adv: batadv0: The MTU of interface batadv_slave_0 is too small (1500) to handle the transport of batman-adv packets. Packets going over this interface will be fragmented on layer2 which could impact the performance. Setting the MTU to 1560 would solve the problem.
[  220.504277][T10080] batman_adv: batadv0: Not using interface batadv_slave_0 (retrying later): interface not active
[  220.531299][ T5056] Bluetooth: hci2: command 0x040f tx timeout
[  220.686885][T10079] batman_adv: batadv0: Adding interface: batadv_slave_1
[  220.688487][T10079] batman_adv: batadv0: The MTU of interface batadv_slave_1 is too small (1500) to handle the transport of batman-adv packets. Packets going over this interface will be fragmented on layer2 which could impact the performance. Setting the MTU to 1560 would solve the problem.
[  220.701842][   T52] Bluetooth: hci3: command 0x040f tx timeout
[  220.742142][T10079] batman_adv: batadv0: Not using interface batadv_slave_1 (retrying later): interface not active
[  220.817240][T10080] batman_adv: batadv0: Adding interface: batadv_slave_1
[  220.827087][T10080] batman_adv: batadv0: The MTU of interface batadv_slave_1 is too small (1500) to handle the transport of batman-adv packets. Packets going over this interface will be fragmented on layer2 which could impact the performance. Setting the MTU to 1560 would solve the problem.
[  220.932056][T10080] batman_adv: batadv0: Not using interface batadv_slave_1 (retrying later): interface not active
[  221.459931][T10080] device hsr_slave_0 entered promiscuous mode
[  221.471275][T10080] device hsr_slave_1 entered promiscuous mode
[  221.475069][T10080] debugfs: Directory 'hsr0' with parent 'hsr' already present!
[  221.477680][T10080] Cannot create hsr debugfs directory
[  221.504404][T10079] device hsr_slave_0 entered promiscuous mode
[  221.514332][T10079] device hsr_slave_1 entered promiscuous mode
[  221.516690][T10079] debugfs: Directory 'hsr0' with parent 'hsr' already present!
[  221.518343][T10079] Cannot create hsr debugfs directory
[  222.042181][ T5056] Bluetooth: hci1: command 0x0419 tx timeout
[  222.281932][   T52] Bluetooth: hci0: command 0x0419 tx timeout
[  222.602151][ T5056] Bluetooth: hci2: command 0x0419 tx timeout
[  222.762774][ T5056] Bluetooth: hci3: command 0x0419 tx timeout
[  223.403429][   T10] device hsr_slave_0 left promiscuous mode
[  223.413311][   T10] device hsr_slave_1 left promiscuous mode
[  223.416150][   T10] batman_adv: batadv0: Interface deactivated: batadv_slave_0
[  223.418187][   T10] batman_adv: batadv0: Removing interface: batadv_slave_0
[  223.442001][   T10] batman_adv: batadv0: Interface deactivated: batadv_slave_1
[  223.444643][   T10] batman_adv: batadv0: Removing interface: batadv_slave_1
[  223.463430][   T10] device bridge_slave_1 left promiscuous mode
[  223.468342][   T10] bridge0: port 2(bridge_slave_1) entered disabled state
[  223.506020][   T10] device bridge_slave_0 left promiscuous mode
[  223.507734][   T10] bridge0: port 1(bridge_slave_0) entered disabled state
[  223.545166][   T10] device veth1_macvtap left promiscuous mode
[  223.547053][   T10] device veth0_macvtap left promiscuous mode
[  223.548594][   T10] device veth1_vlan left promiscuous mode
[  223.550125][   T10] device veth0_vlan left promiscuous mode
[  224.126590][   T10] team0 (unregistering): Port device team_slave_1 removed
[  224.144409][   T10] team0 (unregistering): Port device team_slave_0 removed
[  224.166903][   T10] bond0 (unregistering): (slave bond_slave_1): Releasing backup interface
[  224.184605][   T10] bond0 (unregistering): (slave bond_slave_0): Releasing backup interface
[  224.308279][   T10] bond0 (unregistering): Released all slaves
[  274.173377][ T5056] Bluetooth: hci4: unexpected cc 0x0c03 length: 249 > 1
[  274.179616][ T5056] Bluetooth: hci4: unexpected cc 0x1003 length: 249 > 9
[  274.212313][ T9818] Bluetooth: hci4: unexpected cc 0x1001 length: 249 > 9
[  274.235918][ T9818] Bluetooth: hci4: unexpected cc 0x0c23 length: 249 > 4
[  274.252256][T11391] Bluetooth: hci5: unexpected cc 0x1003 length: 249 > 9
[  274.278616][T11391] Bluetooth: hci5: unexpected cc 0x1001 length: 249 > 9
[  274.285706][T11391] Bluetooth: hci5: unexpected cc 0x0c23 length: 249 > 4
[  274.289771][T11391] Bluetooth: hci5: unexpected cc 0x0c25 length: 249 > 3
[  274.293264][T11391] Bluetooth: hci5: unexpected cc 0x0c38 length: 249 > 2
[  274.337558][T11391] Bluetooth: hci4: unexpected cc 0x0c25 length: 249 > 3
[  274.372909][ T5056] Bluetooth: hci6: unexpected cc 0x0c03 length: 249 > 1
[  274.377241][ T5056] Bluetooth: hci6: unexpected cc 0x1003 length: 249 > 9
[  274.380518][ T5056] Bluetooth: hci6: unexpected cc 0x1001 length: 249 > 9
[  274.380639][ T9818] Bluetooth: hci4: unexpected cc 0x0c38 length: 249 > 2
[  274.383730][ T5056] Bluetooth: hci6: unexpected cc 0x0c23 length: 249 > 4
[  274.387978][ T5056] Bluetooth: hci6: unexpected cc 0x0c25 length: 249 > 3
[  274.390230][ T5056] Bluetooth: hci6: unexpected cc 0x0c38 length: 249 > 2
[  274.603366][   T52] Bluetooth: hci7: unexpected cc 0x1003 length: 249 > 9
[  274.607951][   T52] Bluetooth: hci7: unexpected cc 0x1001 length: 249 > 9
[  274.616069][   T52] Bluetooth: hci7: unexpected cc 0x0c23 length: 249 > 4
[  274.618675][   T52] Bluetooth: hci7: unexpected cc 0x0c25 length: 249 > 3
[  274.620618][   T52] Bluetooth: hci7: unexpected cc 0x0c38 length: 249 > 2
[  276.362037][T11391] Bluetooth: hci5: command 0x0409 tx timeout
[  276.441934][T11391] Bluetooth: hci4: command 0x0409 tx timeout
[  276.506600][T11393] chnl_net:caif_netlink_parms(): no params data found
[  276.522011][T11391] Bluetooth: hci6: command 0x0409 tx timeout
[  276.682337][T11391] Bluetooth: hci7: command 0x0409 tx timeout
[  278.441926][T11391] Bluetooth: hci5: command 0x041b tx timeout
[  278.522947][   T52] Bluetooth: hci4: command 0x041b tx timeout
[  278.607809][T11391] Bluetooth: hci6: command 0x041b tx timeout
[  278.766755][   T52] Bluetooth: hci7: command 0x041b tx timeout
[  280.522183][   T52] Bluetooth: hci5: command 0x040f tx timeout
[  280.602121][   T52] Bluetooth: hci4: command 0x040f tx timeout
[  280.682314][   T52] Bluetooth: hci6: command 0x040f tx timeout
[  280.842214][   T52] Bluetooth: hci7: command 0x040f tx timeout
[  281.405029][ T1283] ieee802154 phy0 wpan0: encryption failed: -22
[  281.406529][ T1283] ieee802154 phy1 wpan1: encryption failed: -22
[  282.601896][   T52] Bluetooth: hci5: command 0x0419 tx timeout
[  282.681961][T11391] Bluetooth: hci4: command 0x0419 tx timeout
[  282.762359][   T52] Bluetooth: hci6: command 0x0419 tx timeout
[  282.922433][T11391] Bluetooth: hci7: command 0x0419 tx timeout
[  300.602014][   T41] rcu: INFO: rcu_preempt detected expedited stalls on CPUs/tasks: { P10072 } 2633 jiffies s: 4077 root: 0x0/T
[  300.605775][   T41] rcu: blocking rcu_node structures (internal RCU debug):

VM DIAGNOSIS:
18:02:06  Registers:
info registers vcpu 0
RAX=0000000000000001 RBX=0000000000000021 RCX=ffffffff816a910c RDX=0000000000000000
RSI=0000000000000008 RDI=ffffffff91985220 RBP=0000000000000000 RSP=ffffc90002f0eee8
R8 =dffffc0000000000 R9 =fffffbfff2330a45 R10=fffffbfff2330a45 R11=1ffffffff2330a44
R12=0000000000000000 R13=ffff8880438f4880 R14=0000000000020002 R15=ffff8880438f5350
RIP=ffffffff816a9114 RFL=00000057 [---ZAPC] CPL=0 II=0 A20=1 SMM=0 HLT=0
ES =0000 0000000000000000 ffffffff 00c00000
CS =0010 0000000000000000 ffffffff 00a09b00 DPL=0 CS64 [-RA]
SS =0018 0000000000000000 ffffffff 00c09300 DPL=0 DS   [-WA]
DS =0000 0000000000000000 ffffffff 00c00000
FS =0000 0000555556bb0500 ffffffff 00c00000
GS =0000 ffff88802be00000 ffffffff 00c00000
LDT=0000 0000000000000000 ffffffff 00c00000
TR =0040 fffffe6df4d94000 00004087 00008b00 DPL=0 TSS64-busy
GDT=     fffffe6df4d92000 0000007f
IDT=     fffffe0000000000 00000fff
CR0=80050033 CR2=00005576d9b92000 CR3=000000006654c000 CR4=00750ef0
DR0=0000000000000000 DR1=0000000000000000 DR2=0000000000000000 DR3=0000000000000000 
DR6=00000000fffe0ff0 DR7=0000000000000400
EFER=0000000000000d01
FCW=037f FSW=0000 [ST=0] FTW=00 MXCSR=00001f80
FPR0=0000000000000000 0000 FPR1=0000000000000000 0000
FPR2=0000000000000000 0000 FPR3=0000000000000000 0000
FPR4=0000000000000000 0000 FPR5=0000000000000000 0000
FPR6=0000000000000000 0000 FPR7=0000000000000000 0000
Opmask00=0000000080000000 Opmask01=0000000000000054 Opmask02=00000000000000ff Opmask03=0000000000000000
Opmask04=0000000000000000 Opmask05=0000000000000000 Opmask06=0000000000000000 Opmask07=0000000000000000
ZMM00=0000000000000000 0000000000000000 0000000000000000 0000000000000000 0000000000000000 0000000000000000 0000000000000000 0000000000000001
ZMM01=0000000000000000 0000000000000000 0000000000000000 0000000000000000 0000000000000000 0000000000000000 0000000000000000 00007f9e209bfac0
ZMM02=0000000000000000 0000000000000000 0000000000000000 0000000000000000 0000000000000000 0000000000000000 0000000000000000 0000555555cf4e60
ZMM03=0000000000000000 0000000000000000 0000000000000000 0000000000000000 0000000000000000 0000000000000000 00007ffd92f16410 00007ffd92f16410
ZMM04=0000000000000000 0000000000000000 0000000000000000 0000000000000000 0000000000000000 0000000000000000 0000000000000000 00007ffd92f1648f
ZMM05=0000000000000000 0000000000000000 0000000000000000 0000000000000000 0000000000000000 0000000000000000 0000000000000000 00007f9e209bfac0
ZMM06=0000000000000000 0000000000000000 0000000000000000 0000000000000000 0000000000000000 0000000000000000 6f6e0a7265646e69 62097665646f6e0a
ZMM07=0000000000000000 0000000000000000 0000000000000000 0000000000000000 0000000000000000 0000000000000000 0000000000000000 6669627509766564
ZMM08=0000000000000000 0000000000000000 0000000000000000 0000000000000000 0000000000000000 0000000000000000 0000000000000000 0000000000000000
ZMM09=0000000000000000 0000000000000000 0000000000000000 0000000000000000 0000000000000000 0000000000000000 0000000000000000 0000000000000000
ZMM10=0000000000000000 0000000000000000 0000000000000000 0000000000000000 0000000000000000 0000000000000000 0000000000000000 0000000000000000
ZMM11=0000000000000000 0000000000000000 0000000000000000 0000000000000000 0000000000000000 0000000000000000 0000000000000000 0000000000000000
ZMM12=0000000000000000 0000000000000000 0000000000000000 0000000000000000 0000000000000000 0000000000000000 0000000000000000 0000000000000000
ZMM13=0000000000000000 0000000000000000 0000000000000000 0000000000000000 0000000000000000 0000000000000000 0000000000000000 0000000000000000
ZMM14=0000000000000000 0000000000000000 0000000000000000 0000000000000000 0000000000000000 0000000000000000 0000000000000000 0000000000000000
ZMM15=0000000000000000 0000000000000000 0000000000000000 0000000000000000 0000000000000000 0000000000000000 0000000000000000 0000000000000000
ZMM16=0000000000000000 0000000000000000 0000000000000000 0000000000000000 0000006f666e6975 70632f636f72702f 000000000000000a 0000555000000001
ZMM17=0000000000000000 0000000000000000 0000000000000000 0000000000000000 000000010000001a 0000555500000001 0000006f666e6975 70632f636f72702f
ZMM18=0000000000000000 0000000000000000 0000000000000000 0000000000000000 0000000200000020 0000555500000001 00000073656c7564 6f6d2f636f72702f
ZMM19=0000000000000000 0000000000000000 0000000000000000 0000000000000000 0000000300000013 0000555500000001 0000736d79736c6c 616b2f636f72702f
ZMM20=0000000000000000 0000000000000000 0000000000000000 0000000000000000 0000000400000016 0000555500000001 0000000000000000 000000000000001c
ZMM21=0000000000000000 0000000000000000 0000000000000000 0000000000000000 0000000000000000 0000000000000000 0000000000000018 0000000000000007
ZMM22=0000000000000000 0000000000000000 0000000000000000 0000000000000000 0000555500000000 0000000000000000 0000000000000011 0000000000000006
ZMM23=0000000000000000 0000000000000000 0000000000000000 0000000000000000 0000555500000000 0000006e6f697372 65762f636f72702f 0000000000000005
ZMM24=0000000000000000 0000000000000000 0000000000000000 0000000000000000 0000555500000000 0000000000000000 000000000000001d 0000000400000016
ZMM25=0000000000000000 0000000000000000 0000000000000000 0000000000000000 79656b5f5f2e6574 616572635f72676c 5f636d7320622030 3063353466373966
ZMM26=0000000000000000 0000000000000000 0000000000000000 0000000000000000 635f72676c5f636d 7320622030326335 3466373966666666 666666660a35352e
ZMM27=0000000000000000 0000000000000000 0000000000000000 0000000000000000 2030346335346637 3966666666666666 660a37352e79656b 5f5f2e6574616572
ZMM28=0000000000000000 0000000000000000 0000000000000000 0000000000000000 3966666666666666 660a79656b5f5f2e 77685f636f6c6c61 5f34353132303865
ZMM29=0000000000000000 0000000000000000 0000000000000000 0000000000000000 5f5f2e77685f636f 6c6c615f34353132 3038656565692062 2030613637346637
ZMM30=0000000000000000 0000000000000000 0000000000000000 0000000000000000 6575715f626b7320 6220306336373466 3739666666666666 66660a322e79656b
ZMM31=0000000000000000 0000000000000000 0000000000000000 0000000000000000 3734663739666666 66666666660a7965 6b5f5f2e74696e69 5f646165685f6575
info registers vcpu 1
RAX=0000000000000001 RBX=0000000000000001 RCX=0000000000000000 RDX=ffff888045ddc880
RSI=0000000000000001 RDI=ffffffff8d92a480 RBP=0000000000000001 RSP=ffffc90005957b18
R8 =ffffffff81b9d791 R9 =ffffed10041847c6 R10=ffffed10041847c6 R11=1ffff110041847c5
R12=ffff8880215f8000 R13=dffffc0000000000 R14=0000000000000000 R15=0000000000000000
RIP=ffffffff81ba9d50 RFL=00010283 [--S---C] CPL=0 II=0 A20=1 SMM=0 HLT=0
ES =0000 0000000000000000 ffffffff 00c00000
CS =0010 0000000000000000 ffffffff 00a09b00 DPL=0 CS64 [-RA]
SS =0000 0000000000000000 ffffffff 00c00000
DS =0000 0000000000000000 ffffffff 00c00000
FS =0000 00007fdf4e453900 ffffffff 00c00000
GS =0000 ffff88807ec00000 ffffffff 00c00000
LDT=0000 0000000000000000 00000000 00000000
TR =0040 fffffe7cc0959000 00004087 00008b00 DPL=0 TSS64-busy
GDT=     fffffe7cc0957000 0000007f
IDT=     fffffe0000000000 00000fff
CR0=80050033 CR2=00007fdf4cd2df58 CR3=000000004abf1000 CR4=00750ee0
DR0=0000000000000000 DR1=0000000000000000 DR2=0000000000000000 DR3=0000000000000000 
DR6=00000000fffe0ff0 DR7=0000000000000400
EFER=0000000000000d01
FCW=037f FSW=0000 [ST=0] FTW=00 MXCSR=00001f80
FPR0=0000000000000000 0000 FPR1=0000000000000000 0000
FPR2=0000000000000000 0000 FPR3=0000000000000000 0000
FPR4=0000000000000000 0000 FPR5=0000000000000000 0000
FPR6=0000000000000000 0000 FPR7=0000000000000000 0000
Opmask00=00000000c0e10000 Opmask01=0000000000000000 Opmask02=000000000000ffff Opmask03=0000000000000000
Opmask04=00000000ffffffff Opmask05=00000000ffffffff Opmask06=00000000ffffffff Opmask07=0000000000000000
ZMM00=0000000000000000 0000000000000000 0000000000000000 0000000000000000 0000000000000000 0000000000000000 0000000000000000 0000000000000000
ZMM01=0000000000000000 0000000000000000 0000000000000000 0000000000000000 0000000000000000 0000000000000000 00007fffc56f2a60 0000003000000018
ZMM02=0000000000000000 0000000000000000 0000000000000000 0000000000000000 0000000000000000 0000000000000000 ffffffffffffff0f 0e0d0c0b0a090807
ZMM03=0000000000000000 0000000000000000 0000000000000000 0000000000000000 0000000000000000 0000000000000000 50564544002f7365 63697665642f7379
ZMM04=0000000000000000 0000000000000000 0000000000000000 0000000000000000 0000000000000000 0000000000000000 0000000068bffa45 0000000000000000
ZMM05=0000000000000000 0000000000000000 0000000000000000 0000000000000000 0000000000000000 0000000000000000 0000000068bffa45 0000000028a001c8
ZMM06=0000000000000000 0000000000000000 0000000000000000 0000000000000000 0000000000000000 0000000000000000 0000000068bffa45 0000000028a001c8
ZMM07=0000000000000000 0000000000000000 0000000000000000 0000000000000000 0000000000000000 0000000000000000 0000000000000000 0000000000000000
ZMM08=0000000000000000 0000000000000000 0000000000000000 0000000000000000 0000000000000000 0000000000000000 0000000000000000 0000000000000000
ZMM09=0000000000000000 0000000000000000 0000000000000000 0000000000000000 0000000000000000 0000000000000000 51515151685b0707 241100226b070707
ZMM10=0000000000000000 0000000000000000 0000000000000000 0000000000000000 0000000000000000 0000000000000000 0707070507560750 5151515151685b0c
ZMM11=0000000000000000 0000000000000000 0000000000000000 0000000000000000 0000000000000000 0000000000000000 0000000000000000 0000000000000000
ZMM12=0000000000000000 0000000000000000 0000000000000000 0000000000000000 0000000000000000 0000000000000000 0000000000000000 0000000000000000
ZMM13=0000000000000000 0000000000000000 0000000000000000 0000000000000000 0000000000000000 0000000000000000 0000000000000000 0000000000000000
ZMM14=0000000000000000 0000000000000000 0000000000000000 0000000000000000 0000000000000000 0000000000000000 0000000000000000 0000000000000000
ZMM15=0000000000000000 0000000000000000 0000000000000000 0000000000000000 0000000000000000 0000000000000000 0000000000000000 0000000000000000
ZMM16=0000000000000000 0000000000000000 0000000000000000 0000000000000000 ffffffffffffffff ffffffffffffffff ffffffffffffffff ffffffffffffffff
ZMM17=0000000000000000 0000000000000000 0000000000000000 0000000000000000 6c616e72756f6a2e 6d65747379732f39 3162616566346139 3766633564356138
ZMM18=0000000000000000 0000000000000000 0000000000000000 0000000000000000 006c616e72756f6a 2e6d65747379732f 3931626165663461 3937666335643561
ZMM19=0000000000000000 0000000000000000 0000000000000000 0000000000000000 3834363461633938 6565616161316565 2f6c616e72756f6a 2f676f6c2f6e7572
ZMM20=0000000000000000 0000000000000000 0000000000000000 0000000000000000 cab15ecc0c9b4b8f 000000000052de10 2a3839f89a6d51dc 000000000052dda8
ZMM21=0000000000000000 0000000000000000 0000000000000000 0000000000000000 375afdebbf381c81 00000000003a9c40 d3fdd5f48436fbd7 000000000038ff30
ZMM22=0000000000000000 0000000000000000 0000000000000000 0000000000000000 daff4ed27e47cb58 000000000038fe88 a1d9e13104dade5d 000000000038fde8
ZMM23=0000000000000000 0000000000000000 0000000000000000 0000000000000000 8ca0b852b1c7c8e1 000000000038fbb8 a1fcdcf819d7e1e5 000000000038fb28
ZMM24=0000000000000000 0000000000000000 0000000000000000 0000000000000000 443d8e68ca3e24a9 00000000004d7a00 4b06e212b7f7b42a 00000000004d3d28
ZMM25=0000000000000000 0000000000000000 0000000000000000 0000000000000000 0000000000000000 0000000000000000 0000000000000000 0000000000000000
ZMM26=0000000000000000 0000000000000000 0000000000000000 0000000000000000 0000000000000000 0000000000000000 0000000000000000 0000000000000000
ZMM27=0000000000000000 0000000000000000 0000000000000000 0000000000000000 0000000000000000 0000000000000000 0000000000000000 0000000000000000
ZMM28=0000000000000000 0000000000000000 0000000000000000 0000000000000000 0000000000000000 0000000000000000 0000000000000000 0000000000000000
ZMM29=0000000000000000 0000000000000000 0000000000000000 0000000000000000 0000000000000000 0000000000000000 0000000000000000 0000000000000000
ZMM30=0000000000000000 0000000000000000 0000000000000000 0000000000000000 0000000000000000 0000000000000000 0000000000000000 0000000000000000
ZMM31=0000000000000000 0000000000000000 0000000000000000 0000000000000000 0000000000000000 0000000000000000 0000000000000000 0000000000000000
