Warning: Permanently added '[localhost]:14983' (ED25519) to the list of known hosts.
2025/09/02 23:50:18 parsed 1 programs
syzkaller login: [  157.851155][ T9354] cgroup: Unknown subsys name 'net'
[  158.016519][ T9354] cgroup: Unknown subsys name 'rlimit'
[  158.610281][ T1306] ieee802154 phy0 wpan0: encryption failed: -22
[  158.612003][ T1306] ieee802154 phy1 wpan1: encryption failed: -22
[  163.397600][ T9354] Adding 124996k swap on ./swap-file.  Priority:0 extents:1 across:124996k 
[  168.379279][ T9425] chnl_net:caif_netlink_parms(): no params data found
[  168.617751][ T9425] bridge0: port 1(bridge_slave_0) entered blocking state
[  168.620737][ T9425] bridge0: port 1(bridge_slave_0) entered disabled state
[  168.622505][ T9425] bridge_slave_0: entered allmulticast mode
[  168.632656][ T9425] bridge_slave_0: entered promiscuous mode
[  168.645365][ T9425] bridge0: port 2(bridge_slave_1) entered blocking state
[  168.647110][ T9425] bridge0: port 2(bridge_slave_1) entered disabled state
[  168.648854][ T9425] bridge_slave_1: entered allmulticast mode
[  168.652262][ T9425] bridge_slave_1: entered promiscuous mode
[  168.749415][ T9425] bond0: (slave bond_slave_0): Enslaving as an active interface with an up link
[  168.761022][ T9425] bond0: (slave bond_slave_1): Enslaving as an active interface with an up link
[  168.887463][ T9425] team0: Port device team_slave_0 added
[  168.893099][ T9425] team0: Port device team_slave_1 added
[  169.049038][ T9425] batman_adv: batadv0: Adding interface: batadv_slave_0
[  169.050590][ T9425] batman_adv: batadv0: The MTU of interface batadv_slave_0 is too small (1500) to handle the transport of batman-adv packets. Packets going over this interface will be fragmented on layer2 which could impact the performance. Setting the MTU to 1560 would solve the problem.
[  169.065787][ T9425] batman_adv: batadv0: Not using interface batadv_slave_0 (retrying later): interface not active
[  169.109695][ T9425] batman_adv: batadv0: Adding interface: batadv_slave_1
[  169.111343][ T9425] batman_adv: batadv0: The MTU of interface batadv_slave_1 is too small (1500) to handle the transport of batman-adv packets. Packets going over this interface will be fragmented on layer2 which could impact the performance. Setting the MTU to 1560 would solve the problem.
[  169.133952][ T9425] batman_adv: batadv0: Not using interface batadv_slave_1 (retrying later): interface not active
[  169.273079][ T9425] hsr_slave_0: entered promiscuous mode
[  169.278329][ T9425] hsr_slave_1: entered promiscuous mode
[  169.692188][ T9425] netdevsim netdevsim0 netdevsim0: renamed from eth0
[  169.712702][ T9425] netdevsim netdevsim0 netdevsim1: renamed from eth1
[  169.721162][ T9425] netdevsim netdevsim0 netdevsim2: renamed from eth2
[  169.735846][ T9425] netdevsim netdevsim0 netdevsim3: renamed from eth3
[  169.911614][ T9425] 8021q: adding VLAN 0 to HW filter on device bond0
[  169.949070][ T9425] 8021q: adding VLAN 0 to HW filter on device team0
[  169.963055][   T10] bridge0: port 1(bridge_slave_0) entered blocking state
[  169.965665][   T10] bridge0: port 1(bridge_slave_0) entered forwarding state
[  169.987023][ T5163] bridge0: port 2(bridge_slave_1) entered blocking state
[  169.988787][ T5163] bridge0: port 2(bridge_slave_1) entered forwarding state
[  170.392109][ T9425] 8021q: adding VLAN 0 to HW filter on device batadv0
[  170.470534][ T9425] veth0_vlan: entered promiscuous mode
[  170.489059][ T9425] veth1_vlan: entered promiscuous mode
[  170.555863][ T9425] veth0_macvtap: entered promiscuous mode
[  170.569947][ T9425] veth1_macvtap: entered promiscuous mode
[  170.606963][ T9425] batman_adv: batadv0: Interface activated: batadv_slave_0
[  170.625417][ T9425] batman_adv: batadv0: Interface activated: batadv_slave_1
[  170.638645][ T9425] netdevsim netdevsim0 netdevsim0: set [1, 0] type 2 family 0 port 6081 - 0
[  170.640872][ T9425] netdevsim netdevsim0 netdevsim1: set [1, 0] type 2 family 0 port 6081 - 0
[  170.642836][ T9425] netdevsim netdevsim0 netdevsim2: set [1, 0] type 2 family 0 port 6081 - 0
[  170.646415][ T9425] netdevsim netdevsim0 netdevsim3: set [1, 0] type 2 family 0 port 6081 - 0
[  170.911583][ T9425] syz-executor (9425) used greatest stack depth: 19432 bytes left
[  171.365589][ T5114] Bluetooth: hci0: unexpected cc 0x0c03 length: 249 > 1
[  171.372511][ T5114] Bluetooth: hci0: unexpected cc 0x1003 length: 249 > 9
[  171.376291][ T5114] Bluetooth: hci0: unexpected cc 0x1001 length: 249 > 9
[  171.379870][ T5114] Bluetooth: hci0: unexpected cc 0x0c23 length: 249 > 4
[  171.382369][ T5114] Bluetooth: hci0: unexpected cc 0x0c25 length: 249 > 3
[  171.384628][ T5114] Bluetooth: hci0: unexpected cc 0x0c38 length: 249 > 2
[  172.555876][   T64] wlan0: Created IBSS using preconfigured BSSID 50:50:50:50:50:50
[  172.562158][   T64] wlan0: Creating new IBSS network, BSSID 50:50:50:50:50:50
[  172.677615][   T28] wlan1: Created IBSS using preconfigured BSSID 50:50:50:50:50:50
[  172.679359][   T28] wlan1: Creating new IBSS network, BSSID 50:50:50:50:50:50
[  172.952793][   T11] netdevsim netdevsim0 netdevsim3 (unregistering): unset [1, 0] type 2 family 0 port 6081 - 0
[  175.990308][   T11] netdevsim netdevsim0 netdevsim2 (unregistering): unset [1, 0] type 2 family 0 port 6081 - 0
[  176.097264][   T11] netdevsim netdevsim0 netdevsim1 (unregistering): unset [1, 0] type 2 family 0 port 6081 - 0
[  176.215483][   T11] netdevsim netdevsim0 netdevsim0 (unregistering): unset [1, 0] type 2 family 0 port 6081 - 0
[  178.558467][   T11] hsr_slave_0: left promiscuous mode
[  178.561161][   T11] hsr_slave_1: left promiscuous mode
[  178.567093][   T11] batman_adv: batadv0: Interface deactivated: batadv_slave_0
[  178.568770][   T11] batman_adv: batadv0: Removing interface: batadv_slave_0
[  178.584197][   T11] batman_adv: batadv0: Interface deactivated: batadv_slave_1
[  178.586772][   T11] batman_adv: batadv0: Removing interface: batadv_slave_1
[  178.591399][   T11] bridge_slave_1: left allmulticast mode
[  178.592659][   T11] bridge_slave_1: left promiscuous mode
[  178.596174][   T11] bridge0: port 2(bridge_slave_1) entered disabled state
[  178.617197][   T11] bridge_slave_0: left allmulticast mode
[  178.618497][   T11] bridge_slave_0: left promiscuous mode
[  178.619910][   T11] bridge0: port 1(bridge_slave_0) entered disabled state
[  178.645134][   T11] veth1_macvtap: left promiscuous mode
[  178.646862][   T11] veth0_macvtap: left promiscuous mode
[  178.648260][   T11] veth1_vlan: left promiscuous mode
[  178.649676][   T11] veth0_vlan: left promiscuous mode
[  179.108457][   T11] team0 (unregistering): Port device team_slave_1 removed
[  179.126644][   T11] team0 (unregistering): Port device team_slave_0 removed
[  179.140815][   T11] bond0 (unregistering): (slave bond_slave_1): Releasing backup interface
[  179.156252][   T11] bond0 (unregistering): (slave bond_slave_0): Releasing backup interface
[  179.297143][   T11] bond0 (unregistering): Released all slaves
2025/09/02 23:50:47 executed programs: 0
[  182.215158][ T5114] Bluetooth: hci0: unexpected cc 0x0c03 length: 249 > 1
[  182.219199][ T5114] Bluetooth: hci0: unexpected cc 0x1003 length: 249 > 9
[  182.221865][ T5114] Bluetooth: hci0: unexpected cc 0x1001 length: 249 > 9
[  182.225573][ T5114] Bluetooth: hci0: unexpected cc 0x0c23 length: 249 > 4
[  182.237582][ T5114] Bluetooth: hci0: unexpected cc 0x0c25 length: 249 > 3
[  182.239754][ T5114] Bluetooth: hci0: unexpected cc 0x0c38 length: 249 > 2
[  182.858916][T10177] chnl_net:caif_netlink_parms(): no params data found
[  183.184210][T10177] bridge0: port 1(bridge_slave_0) entered blocking state
[  183.187297][T10177] bridge0: port 1(bridge_slave_0) entered disabled state
[  183.189774][T10177] bridge_slave_0: entered allmulticast mode
[  183.193135][T10177] bridge_slave_0: entered promiscuous mode
[  183.199634][T10177] bridge0: port 2(bridge_slave_1) entered blocking state
[  183.201467][T10177] bridge0: port 2(bridge_slave_1) entered disabled state
[  183.203236][T10177] bridge_slave_1: entered allmulticast mode
[  183.207743][T10177] bridge_slave_1: entered promiscuous mode
[  183.324395][T10177] bond0: (slave bond_slave_0): Enslaving as an active interface with an up link
[  183.386400][T10177] bond0: (slave bond_slave_1): Enslaving as an active interface with an up link
[  183.463921][T10177] team0: Port device team_slave_0 added
[  183.474541][T10177] team0: Port device team_slave_1 added
[  183.560892][T10177] batman_adv: batadv0: Adding interface: batadv_slave_0
[  183.562556][T10177] batman_adv: batadv0: The MTU of interface batadv_slave_0 is too small (1500) to handle the transport of batman-adv packets. Packets going over this interface will be fragmented on layer2 which could impact the performance. Setting the MTU to 1560 would solve the problem.
[  183.568900][T10177] batman_adv: batadv0: Not using interface batadv_slave_0 (retrying later): interface not active
[  183.578726][T10177] batman_adv: batadv0: Adding interface: batadv_slave_1
[  183.580404][T10177] batman_adv: batadv0: The MTU of interface batadv_slave_1 is too small (1500) to handle the transport of batman-adv packets. Packets going over this interface will be fragmented on layer2 which could impact the performance. Setting the MTU to 1560 would solve the problem.
[  183.587603][T10177] batman_adv: batadv0: Not using interface batadv_slave_1 (retrying later): interface not active
[  183.706461][T10177] hsr_slave_0: entered promiscuous mode
[  183.709360][T10177] hsr_slave_1: entered promiscuous mode
[  184.293662][ T5114] Bluetooth: hci0: command 0x0409 tx timeout
[  184.636768][T10177] netdevsim netdevsim0 netdevsim0: renamed from eth0
[  184.644632][T10177] netdevsim netdevsim0 netdevsim1: renamed from eth1
[  184.653204][T10177] netdevsim netdevsim0 netdevsim2: renamed from eth2
[  184.671761][T10177] netdevsim netdevsim0 netdevsim3: renamed from eth3
[  184.828877][T10177] 8021q: adding VLAN 0 to HW filter on device bond0
[  184.868613][T10177] 8021q: adding VLAN 0 to HW filter on device team0
[  184.882601][   T23] bridge0: port 1(bridge_slave_0) entered blocking state
[  184.884639][   T23] bridge0: port 1(bridge_slave_0) entered forwarding state
[  184.901641][ T9749] bridge0: port 2(bridge_slave_1) entered blocking state
[  184.903653][ T9749] bridge0: port 2(bridge_slave_1) entered forwarding state
[  185.287464][T10177] 8021q: adding VLAN 0 to HW filter on device batadv0
[  185.374925][T10177] veth0_vlan: entered promiscuous mode
[  185.402553][T10177] veth1_vlan: entered promiscuous mode
[  185.478491][T10177] veth0_macvtap: entered promiscuous mode
[  185.491181][T10177] veth1_macvtap: entered promiscuous mode
[  185.526543][T10177] batman_adv: batadv0: Interface activated: batadv_slave_0
[  185.539349][T10177] batman_adv: batadv0: Interface activated: batadv_slave_1
[  185.551220][T10177] netdevsim netdevsim0 netdevsim0: set [1, 0] type 2 family 0 port 6081 - 0
[  185.556420][T10177] netdevsim netdevsim0 netdevsim1: set [1, 0] type 2 family 0 port 6081 - 0
[  185.558739][T10177] netdevsim netdevsim0 netdevsim2: set [1, 0] type 2 family 0 port 6081 - 0
[  185.561031][T10177] netdevsim netdevsim0 netdevsim3: set [1, 0] type 2 family 0 port 6081 - 0
[  185.753766][ T2908] wlan0: Created IBSS using preconfigured BSSID 50:50:50:50:50:50
[  185.755667][ T2908] wlan0: Creating new IBSS network, BSSID 50:50:50:50:50:50
[  185.817235][ T2908] wlan1: Created IBSS using preconfigured BSSID 50:50:50:50:50:50
[  185.819364][ T2908] wlan1: Creating new IBSS network, BSSID 50:50:50:50:50:50
[  185.926264][T10546] 
[  185.927001][T10546] ======================================================
[  185.928846][T10546] WARNING: possible circular locking dependency detected
[  185.930722][T10546] 6.6.0 #1 Not tainted
[  185.931735][T10546] ------------------------------------------------------
[  185.934066][T10546] syz.0.17/10546 is trying to acquire lock:
[  185.937901][T10546] ffff8880504110b8 (&hdev->req_lock){+.+.}-{3:3}, at: hci_rfkill_set_block+0x11b/0x200
[  185.941952][T10546] 
[  185.941952][T10546] but task is already holding lock:
[  185.943887][T10546] ffffffff8f07c508 (rfkill_global_mutex){+.+.}-{3:3}, at: rfkill_fop_write+0x1c2/0x7b0
[  185.946424][T10546] 
[  185.946424][T10546] which lock already depends on the new lock.
[  185.946424][T10546] 
[  185.949155][T10546] 
[  185.949155][T10546] the existing dependency chain (in reverse order) is:
[  185.951309][T10546] 
[  185.951309][T10546] -> #3 (rfkill_global_mutex){+.+.}-{3:3}:
[  185.953107][T10546]        lock_acquire+0x1a9/0x400
[  185.954261][T10546]        __mutex_lock+0x131/0xd70
[  185.955387][T10546]        rfkill_register+0x30/0x8b0
[  185.956572][T10546]        hci_register_dev+0x51a/0xa60
[  185.957780][T10546]        vhci_create_device+0x3b7/0x720
[  185.959013][T10546]        vhci_write+0x385/0x440
[  185.960116][T10546]        vfs_write+0x783/0xaf0
[  185.961203][T10546]        ksys_write+0x19b/0x2c0
[  185.962307][T10546]        do_syscall_64+0x2b/0x50
[  185.963419][T10546]        entry_SYSCALL_64_after_hwframe+0x63/0xcd
[  185.964871][T10546] 
[  185.964871][T10546] -> #2 (&data->open_mutex){+.+.}-{3:3}:
[  185.966569][T10546]        lock_acquire+0x1a9/0x400
[  185.967625][T10546]        __mutex_lock+0x131/0xd70
[  185.968672][T10546]        vhci_send_frame+0x86/0xf0
[  185.969744][T10546]        hci_send_frame+0x1e7/0x360
[  185.970839][T10546]        hci_sched_acl_pkt+0x2c8/0x700
[  185.971977][T10546]        hci_tx_work+0x1b7/0x440
[  185.973019][T10546]        process_scheduled_works+0x8c5/0x1130
[  185.974288][T10546]        worker_thread+0xa7a/0x1040
[  185.975378][T10546]        kthread+0x2cd/0x360
[  185.976345][T10546]        ret_from_fork+0x44/0x70
[  185.977387][T10546]        ret_from_fork_asm+0x11/0x20
[  185.978521][T10546] 
[  185.978521][T10546] -> #1 ((work_completion)(&hdev->tx_work)){+.+.}-{0:0}:
[  185.980411][T10546]        lock_acquire+0x1a9/0x400
[  185.981495][T10546]        __flush_work+0x108/0xb00
[  185.982551][T10546]        hci_dev_close_sync+0x289/0xcf0
[  185.983714][T10546]        hci_unregister_dev+0x1d5/0x4c0
[  185.984868][T10546]        vhci_release+0x7f/0xd0
[  185.985972][T10546]        __fput+0x405/0x940
[  185.986990][T10546]        task_work_run+0x243/0x300
[  185.988135][T10546]        do_exit+0xa4e/0x25e0
[  185.989200][T10546]        do_group_exit+0x1fd/0x2b0
[  185.990351][T10546]        get_signal+0x176b/0x1830
[  185.991487][T10546]        arch_do_signal_or_restart+0x92/0x7c0
[  185.992850][T10546]        exit_to_user_mode_loop+0x74/0x160
[  185.994154][T10546]        exit_to_user_mode_prepare+0xad/0x110
[  185.995527][T10546]        syscall_exit_to_user_mode+0x2e/0x70
[  185.996869][T10546]        entry_SYSCALL_64_after_hwframe+0x63/0xcd
[  185.998296][T10546] 
[  185.998296][T10546] -> #0 (&hdev->req_lock){+.+.}-{3:3}:
[  186.000015][T10546]        validate_chain+0x185a/0x6510
[  186.001235][T10546]        __lock_acquire+0x1302/0x2050
[  186.002457][T10546]        lock_acquire+0x1a9/0x400
[  186.003595][T10546]        __mutex_lock+0x131/0xd70
[  186.004711][T10546]        hci_rfkill_set_block+0x11b/0x200
[  186.005964][T10546]        rfkill_set_block+0x1e7/0x430
[  186.007156][T10546]        rfkill_fop_write+0x5fb/0x7b0
[  186.008346][T10546]        vfs_write+0x28e/0xaf0
[  186.009444][T10546]        ksys_write+0x19b/0x2c0
[  186.010549][T10546]        do_syscall_64+0x2b/0x50
[  186.011662][T10546]        entry_SYSCALL_64_after_hwframe+0x63/0xcd
[  186.013077][T10546] 
[  186.013077][T10546] other info that might help us debug this:
[  186.013077][T10546] 
[  186.015226][T10546] Chain exists of:
[  186.015226][T10546]   &hdev->req_lock --> &data->open_mutex --> rfkill_global_mutex
[  186.015226][T10546] 
[  186.018186][T10546]  Possible unsafe locking scenario:
[  186.018186][T10546] 
[  186.019833][T10546]        CPU0                    CPU1
[  186.021014][T10546]        ----                    ----
[  186.022212][T10546]   lock(rfkill_global_mutex);
[  186.023291][T10546]                                lock(&data->open_mutex);
[  186.024864][T10546]                                lock(rfkill_global_mutex);
[  186.026499][T10546]   lock(&hdev->req_lock);
[  186.027503][T10546] 
[  186.027503][T10546]  *** DEADLOCK ***
[  186.027503][T10546] 
[  186.029285][T10546] 1 lock held by syz.0.17/10546:
[  186.030387][T10546]  #0: ffffffff8f07c508 (rfkill_global_mutex){+.+.}-{3:3}, at: rfkill_fop_write+0x1c2/0x7b0
[  186.032669][T10546] 
[  186.032669][T10546] stack backtrace:
[  186.033949][T10546] CPU: 1 PID: 10546 Comm: syz.0.17 Not tainted 6.6.0 #1
[  186.035373][T10546] Hardware name: QEMU Standard PC (i440FX + PIIX, 1996), BIOS 1.15.0-1 04/01/2014
[  186.037249][T10546] Call Trace:
[  186.037967][T10546]  <TASK>
[  186.038614][T10546]  dump_stack_lvl+0x1e3/0x2d0
[  186.039640][T10546]  ? nf_tcp_handle_invalid+0x650/0x650
[  186.040811][T10546]  ? print_circular_bug+0x13e/0x1c0
[  186.041916][T10546]  check_noncircular+0x36e/0x4a0
[  186.042973][T10546]  ? print_deadlock_bug+0x640/0x640
[  186.044083][T10546]  ? lockdep_lock+0x11d/0x2a0
[  186.045087][T10546]  ? _find_first_zero_bit+0xe8/0x110
[  186.046216][T10546]  validate_chain+0x185a/0x6510
[  186.047263][T10546]  ? validate_chain+0x124/0x6510
[  186.048305][T10546]  ? reacquire_held_locks+0x680/0x680
[  186.049459][T10546]  ? reacquire_held_locks+0x680/0x680
[  186.050602][T10546]  ? __lock_acquire+0x2050/0x2050
[  186.051673][T10546]  ? deref_stack_reg+0x1c5/0x250
[  186.052733][T10546]  ? reacquire_held_locks+0x680/0x680
[  186.053861][T10546]  ? reacquire_held_locks+0x680/0x680
[  186.055013][T10546]  ? is_bpf_text_address+0x2c3/0x2e0
[  186.056147][T10546]  ? is_bpf_text_address+0x22/0x2e0
[  186.057252][T10546]  ? stack_trace_save+0x1f0/0x1f0
[  186.058330][T10546]  ? mark_lock+0x9a/0x350
[  186.059263][T10546]  __lock_acquire+0x1302/0x2050
[  186.060308][T10546]  lock_acquire+0x1a9/0x400
[  186.061311][T10546]  ? hci_rfkill_set_block+0x11b/0x200
[  186.062465][T10546]  ? read_lock_is_recursive+0x10/0x10
[  186.063596][T10546]  ? __might_sleep+0xc0/0xc0
[  186.064585][T10546]  ? rcu_is_watching+0x11/0xb0
[  186.065599][T10546]  __mutex_lock+0x131/0xd70
[  186.066560][T10546]  ? hci_rfkill_set_block+0x11b/0x200
[  186.067693][T10546]  ? lockdep_hardirqs_on_prepare+0x448/0x7b0
[  186.068940][T10546]  ? hci_rfkill_set_block+0x11b/0x200
[  186.070074][T10546]  ? print_irqtrace_events+0x220/0x220
[  186.071222][T10546]  ? mutex_lock_nested+0x10/0x10
[  186.072271][T10546]  ? lockdep_hardirqs_on+0x95/0x140
[  186.073375][T10546]  ? _raw_spin_unlock_irqrestore+0xd9/0x130
[  186.074630][T10546]  ? _raw_spin_unlock+0x40/0x40
[  186.075671][T10546]  hci_rfkill_set_block+0x11b/0x200
[  186.076814][T10546]  ? hci_req_cmd_complete+0x960/0x960
[  186.077949][T10546]  rfkill_set_block+0x1e7/0x430
[  186.078987][T10546]  rfkill_fop_write+0x5fb/0x7b0
[  186.080024][T10546]  ? rfkill_fop_read+0x4d0/0x4d0
[  186.081082][T10546]  ? bpf_lsm_file_permission+0x5/0x10
[  186.082214][T10546]  ? security_file_permission+0xe0/0x620
[  186.083390][T10546]  ? vfs_write+0x1c6/0xaf0
[  186.084362][T10546]  ? rfkill_fop_read+0x4d0/0x4d0
[  186.085407][T10546]  vfs_write+0x28e/0xaf0
[  186.086328][T10546]  ? file_end_write+0x250/0x250
[  186.087356][T10546]  ? do_futex+0x370/0x490
[  186.088292][T10546]  ? __ia32_sys_get_robust_list+0x80/0x80
[  186.089517][T10546]  ? __fdget_pos+0x1d2/0x330
[  186.090504][T10546]  ksys_write+0x19b/0x2c0
[  186.091410][T10546]  ? print_irqtrace_events+0x220/0x220
[  186.092580][T10546]  ? __ia32_sys_read+0x80/0x80
[  186.093596][T10546]  ? syscall_enter_from_user_mode+0x2e/0x1a0
[  186.094852][T10546]  ? syscall_enter_from_user_mode+0x2e/0x1a0
[  186.096160][T10546]  do_syscall_64+0x2b/0x50
[  186.097123][T10546]  entry_SYSCALL_64_after_hwframe+0x63/0xcd
[  186.098415][T10546] RIP: 0033:0x7fa3dbfae16d
[  186.099388][T10546] Code: 02 b8 ff ff ff ff c3 66 0f 1f 44 00 00 f3 0f 1e fa 48 89 f8 48 89 f7 48 89 d6 48 89 ca 4d 89 c2 4d 89 c8 4c 8b 4c 24 08 0f 05 <48> 3d 01 f0 ff ff 73 01 c3 48 c7 c1 a8 ff ff ff f7 d8 64 89 01 48
[  186.103351][T10546] RSP: 002b:00007fff701a35f8 EFLAGS: 00000246 ORIG_RAX: 0000000000000001
[  186.105113][T10546] RAX: ffffffffffffffda RBX: 00007fa3dc1f5fa0 RCX: 00007fa3dbfae16d
[  186.106770][T10546] RDX: 0000000000000008 RSI: 0000200000000080 RDI: 0000000000000003
[  186.108421][T10546] RBP: 00007fa3dc0480f0 R08: 0000000000000000 R09: 0000000000000000
[  186.110068][T10546] R10: 0000000000000000 R11: 0000000000000246 R12: 0000000000000000
[  186.111714][T10546] R13: 00007fa3dc1f5fac R14: 00007fa3dc1f5fa0 R15: 0000000000000000
[  186.113364][T10546]  </TASK>
2025/09/02 23:50:52 executed programs: 28
2025/09/02 23:50:57 executed programs: 221

VM DIAGNOSIS:
07:50:51  Registers:
info registers vcpu 0
RAX=ffffffff81830cfa RBX=1ffff1100fd880cd RCX=ffff88801b4da4c0 RDX=0000000000000000
RSI=0000000000000001 RDI=0000000000000000 RBP=ffffc90000ed7900 RSP=ffffc90000ed76f8
R8 =ffffffff81830cba R9 =1ffffffff1e51bcd R10=dffffc0000000000 R11=fffffbfff1e51bce
R12=0000000000000001 R13=ffff88807ec40668 R14=dffffc0000000000 R15=ffff88802be3c440
RIP=ffffffff818e4c49 RFL=00000293 [--S-A-C] CPL=0 II=0 A20=1 SMM=0 HLT=0
ES =0000 0000000000000000 ffffffff 00c00000
CS =0010 0000000000000000 ffffffff 00a09b00 DPL=0 CS64 [-RA]
SS =0018 0000000000000000 ffffffff 00c09300 DPL=0 DS   [-WA]
DS =0000 0000000000000000 ffffffff 00c00000
FS =0000 0000000000000000 ffffffff 00c00000
GS =0000 ffff88802be00000 ffffffff 00c00000
LDT=0000 0000000000000000 ffffffff 00c00000
TR =0040 fffffe0000003000 00004087 00008b00 DPL=0 TSS64-busy
GDT=     fffffe0000001000 0000007f
IDT=     fffffe0000000000 00000fff
CR0=80050033 CR2=000055e44bd30000 CR3=000000000d930000 CR4=00750ef0
DR0=0000000000000000 DR1=0000000000000000 DR2=0000000000000000 DR3=0000000000000000 
DR6=00000000fffe0ff0 DR7=0000000000000400
EFER=0000000000000d01
FCW=037f FSW=0000 [ST=0] FTW=00 MXCSR=00001f80
FPR0=0000000000000000 0000 FPR1=0000000000000000 0000
FPR2=0000000000000000 0000 FPR3=0000000000000000 0000
FPR4=0000000000000000 0000 FPR5=0000000000000000 0000
FPR6=0000000000000000 0000 FPR7=0000000000000000 0000
Opmask00=00000000e8000000 Opmask01=00000000c0c00000 Opmask02=00000000fce00000 Opmask03=0000000000000000
Opmask04=0000000000000000 Opmask05=0000000000000000 Opmask06=0000000000000000 Opmask07=0000000000000000
ZMM00=0000000000000000 0000000000000000 0000000000000000 0000000000000000 0000000000000000 0000000000000000 0000000000000000 002f2e2e2f002e2e
ZMM01=0000000000000000 0000000000000000 0000000000000000 0000000000000000 0000000000000000 0000000000000000 0000000000000000 00006c696146002f
ZMM02=0000000000000000 0000000000000000 0000000000000000 0000000000000000 0000000000000000 0000000000000000 ffffffffffffffff ff0f0e0d0c0b0a09
ZMM03=0000000000000000 0000000000000000 0000000000000000 0000000000000000 0000000000000000 0000000000000000 30706f6f6c2f6b63 6f6c622f6c617574
ZMM04=0000000000000000 0000000000000000 0000000000000000 0000000000000000 0000000000000000 0000000000000000 0000000000000000 0000000000000000
ZMM05=0000000000000000 0000000000000000 0000000000000000 0000000000000000 0000000000000000 0000000000000000 ffffffffffffff00 ffffffffffff0000
ZMM06=0000000000000000 0000000000000000 0000000000000000 0000000000000000 0000000000000000 0000000000000000 3131323038656565 692f356d69737768
ZMM07=0000000000000000 0000000000000000 0000000000000000 0000000000000000 0000000000000000 0000000000000000 0000000000000000 0000000000000000
ZMM08=0000000000000000 0000000000000000 0000000000000000 0000000000000000 0000000000000000 0000000000000000 0000000000000000 0000000000000000
ZMM09=0000000000000000 0000000000000000 0000000000000000 0000000000000000 0000000000000000 0000000000000000 08080d0f02164b52 1d0c144b55555654
ZMM10=0000000000000000 0000000000000000 0000000000000000 0000000000000000 0000000000000000 0000000000000000 5c0101010d4b5109 0d17130c4b090d17
ZMM11=0000000000000000 0000000000000000 0000000000000000 0000000000000000 0000000000000000 0000000000000000 0000000000000000 0000000000000000
ZMM12=0000000000000000 0000000000000000 0000000000000000 0000000000000000 0000000000000000 0000000000000000 0000000000000000 0000000000000000
ZMM13=0000000000000000 0000000000000000 0000000000000000 0000000000000000 0000000000000000 0000000000000000 0000000000000000 0000000000000000
ZMM14=0000000000000000 0000000000000000 0000000000000000 0000000000000000 0000000000000000 0000000000000000 0000000000000000 0000000000000000
ZMM15=0000000000000000 0000000000000000 0000000000000000 0000000000000000 0000000000000000 0000000000000000 0000000000000000 0000000000000000
ZMM16=0000000000000000 0000000000000000 0000000000000000 0000000000000000 0000000000000000 0000000000000000 0000000000000000 0000000000000000
ZMM17=0000000000000000 0000000000000000 0000000000000000 0000000000000000 00736576616c732f 30706f6f6c2f6b63 6f6c622f6c617574 7269762f73656369
ZMM18=0000000000000000 0000000000000000 0000000000000000 0000000000000000 0000000000000051 000000006c617574 0000000000000000 000055007379732f
ZMM19=0000000000000000 0000000000000000 0000000000000000 0000000000000000 0000000000000021 6f6c62006c617574 0000000000000000 736563697665642f
ZMM20=0000000000000000 0000000000000000 0000000000000000 0000000000000000 0000000000000090 75003801010100ff 00000002ffffffff 000055e44bce6a20
ZMM21=0000000000000000 0000000000000000 0000000000000000 0000000000000000 000055e44bcb13d0 0000000100000002 000055e44bcddf20 000055e44bcb0ee0
ZMM22=0000000000000000 0000000000000000 0000000000000000 0000000000000000 0000000300000004 000055e44bcd7990 000055e44bcb0ec0 ffffffff00000003
ZMM23=0000000000000000 0000000000000000 0000000000000000 0000000000000000 000055e44bd0df30 000055e44bcdefd0 0000000000000000 0000000000000000
ZMM24=0000000000000000 0000000000000000 0000000000000000 0000000000000000 0000000000000110 00000000000000ff 00ff000201010101 ffffffff00000001
ZMM25=0000000000000000 0000000000000000 0000000000000000 0000000000000000 0000000000000000 0000000000000000 0000000000000000 0000000000000000
ZMM26=0000000000000000 0000000000000000 0000000000000000 0000000000000000 0000000000000000 0000000000000000 0000000000000000 0000000000000000
ZMM27=0000000000000000 0000000000000000 0000000000000000 0000000000000000 0000000000000000 0000000000000000 0000000000000000 0000000000000000
ZMM28=0000000000000000 0000000000000000 0000000000000000 0000000000000000 0000000000000000 0000000000000000 0000000000000000 0000000000000000
ZMM29=0000000000000000 0000000000000000 0000000000000000 0000000000000000 0000000000000000 0000000000000000 0000000000000000 0000000000000000
ZMM30=0000000000000000 0000000000000000 0000000000000000 0000000000000000 0000000000000000 0000000000000000 0000000000000000 0000000000000000
ZMM31=0000000000000000 0000000000000000 0000000000000000 0000000000000000 0000000000000000 0000000000000000 0000000000000000 0000000000000000
info registers vcpu 1
RAX=0000000000000038 RBX=ffffffff9816e580 RCX=0000000000000000 RDX=00000000000003f8
RSI=0000000000000000 RDI=0000000000000020 RBP=0000000000000000 RSP=ffffc90003a9eaf0
R8 =ffffffff84e2d6c6 R9 =1ffff11003bae046 R10=dffffc0000000000 R11=ffffed1003bae047
R12=dffffc0000000000 R13=dffffc0000000001 R14=0000000000000038 R15=00000000000003f8
RIP=ffffffff84e2d6f9 RFL=00000002 [-------] CPL=0 II=0 A20=1 SMM=0 HLT=0
ES =0000 0000000000000000 ffffffff 00c00000
CS =0010 0000000000000000 ffffffff 00a09b00 DPL=0 CS64 [-RA]
SS =0018 0000000000000000 ffffffff 00c09300 DPL=0 DS   [-WA]
DS =0000 0000000000000000 ffffffff 00c00000
FS =0000 00005555573b2500 ffffffff 00c00000
GS =0000 ffff88807ec00000 ffffffff 00c00000
LDT=0000 0000000000000000 00000000 00000000
TR =0040 fffffe000004a000 00004087 00008b00 DPL=0 TSS64-busy
GDT=     fffffe0000048000 0000007f
IDT=     fffffe0000000000 00000fff
CR0=80050033 CR2=0000001b30c63fff CR3=000000006319d000 CR4=00750ee0
DR0=0000000000000000 DR1=0000000000000000 DR2=0000000000000000 DR3=0000000000000000 
DR6=00000000fffe0ff0 DR7=0000000000000400
EFER=0000000000000d01
FCW=037f FSW=0000 [ST=0] FTW=00 MXCSR=00001f80
FPR0=0000000000000000 0000 FPR1=0000000000000000 0000
FPR2=0000000000000000 0000 FPR3=0000000000000000 0000
FPR4=0000000000000000 0000 FPR5=0000000000000000 0000
FPR6=0000000000000000 0000 FPR7=0000000000000000 0000
Opmask00=0000000001000000 Opmask01=0000000001000001 Opmask02=00000000ffffffef Opmask03=0000000000000000
Opmask04=0000000000000000 Opmask05=0000000000000000 Opmask06=0000000000000000 Opmask07=0000000000000000
ZMM00=0000000000000000 0000000000000000 0000000000000000 0000000000000000 0000000000000000 0000000000000000 0000000000989680 0000000000000000
ZMM01=0000000000000000 0000000000000000 0000000000000000 0000000000000000 0000000000000000 0000000000000000 0000000000000000 0000000000989680
ZMM02=0000000000000000 0000000000000000 0000000000000000 0000000000000000 0000000000000000 0000000000000000 00007fa3dcd2d660 00007fa3dcd2d660
ZMM03=0000000000000000 0000000000000000 0000000000000000 0000000000000000 0000000000000000 0000000000000000 00007fff701a3990 00007fff701a3990
ZMM04=0000000000000000 0000000000000000 0000000000000000 0000000000000000 0000000000000000 0000000000000000 0000000000000000 00007fff701a39cf
ZMM05=0000000000000000 0000000000000000 0000000000000000 0000000000000000 0000000000000000 0000000000000000 00005555573b2500 0000000000000000
ZMM06=0000000000000000 0000000000000000 0000000000000000 0000000000000000 0000000000000000 0000000000000000 0000000000000000 00007fa3dcd2d660
ZMM07=0000000000000000 0000000000000000 0000000000000000 0000000000000000 0000000000000000 0000000000000000 00007fa3dbfa4878 0000000000000000
ZMM08=0000000000000000 0000000000000000 0000000000000000 0000000000000000 0000000000000000 0000000000000000 0000000000000000 0000000000000000
ZMM09=0000000000000000 0000000000000000 0000000000000000 0000000000000000 0000000000000000 0000000000000000 0000000000000000 0000000000000000
ZMM10=0000000000000000 0000000000000000 0000000000000000 0000000000000000 0000000000000000 0000000000000000 0000000000000000 0000000000000000
ZMM11=0000000000000000 0000000000000000 0000000000000000 0000000000000000 0000000000000000 0000000000000000 0000000000000000 0000000000000000
ZMM12=0000000000000000 0000000000000000 0000000000000000 0000000000000000 0000000000000000 0000000000000000 0000000000000000 0000000000000000
ZMM13=0000000000000000 0000000000000000 0000000000000000 0000000000000000 0000000000000000 0000000000000000 0000000000000000 0000000000000000
ZMM14=0000000000000000 0000000000000000 0000000000000000 0000000000000000 0000000000000000 0000000000000000 0000000000000000 0000000000000000
ZMM15=0000000000000000 0000000000000000 0000000000000000 0000000000000000 0000000000000000 0000000000000000 0000000000000000 0000000000000000
ZMM16=0000000000000000 0000000000000000 0000000000000000 0000000000000000 0000000000000000 0000000000000000 0000000000000000 0000000000000000
ZMM17=0000000000000000 0000000000000000 0000000000000000 0000000000000000 0000000000000000 0000000000000000 0000000000000000 0000000000000000
ZMM18=0000000000000000 0000000000000000 0000000000000000 0000000000000000 0000000000000001 0000000000000000 0000000000000000 0000000000000000
ZMM19=0000000000000000 0000000000000000 0000000000000000 0000000000000000 0000000000000000 0000000000000000 0000000000000000 0000000000000048
ZMM20=0000000000000000 0000000000000000 0000000000000000 0000000000000000 0000000000000001 0000000000000000 0000000000000000 0000000000000048
ZMM21=0000000000000000 0000000000000000 0000000000000000 0000000000000000 0000000000000000 0000000000000000 0000000000000000 000000524f525245
ZMM22=0000000000000000 0000000000000000 0000000000000000 0000000000000000 0000000000000000 0000000000000000 0000000000000000 00524f5252450040
ZMM23=0000000000000000 0000000000000000 0000000000000000 0000000000000000 0000000000000000 0000000000000000 0000000000000000 00e800a800000000
ZMM24=0000000000000000 0000000000000000 0000000000000000 0000000000000000 0000000000000000 0000000000000000 0000000000000000 0000000000000000
ZMM25=0000000000000000 0000000000000000 0000000000000000 0000000000000000 0000000000000000 0000000000000000 0000000000000000 0000000000000000
ZMM26=0000000000000000 0000000000000000 0000000000000000 0000000000000000 0000000000000000 0000000000000000 0000000000000000 0000000000000000
ZMM27=0000000000000000 0000000000000000 0000000000000000 0000000000000000 0000000000000000 0000000000000000 0000000000000000 0000000000000000
ZMM28=0000000000000000 0000000000000000 0000000000000000 0000000000000000 0000000000000000 0000000000000000 0000000000000000 0000000000000000
ZMM29=0000000000000000 0000000000000000 0000000000000000 0000000000000000 0000000000000000 0000000000000000 0000000000000000 0000000000000000
ZMM30=0000000000000000 0000000000000000 0000000000000000 0000000000000000 0000000000000000 0000000000000000 0000000000000000 0000000000000000
ZMM31=0000000000000000 0000000000000000 0000000000000000 0000000000000000 0000000000000000 0000000000000000 0000000000000000 0000000000000000
