Warning: Permanently added '[localhost]:55564' (ED25519) to the list of known hosts.
2025/09/08 14:53:05 parsed 1 programs
syzkaller login: [  206.522092][ T9365] cgroup: Unknown subsys name 'net'
[  206.693927][ T9365] cgroup: Unknown subsys name 'rlimit'
[  213.764032][ T9365] Adding 124996k swap on ./swap-file.  Priority:0 extents:1 across:124996k 
[  223.083627][ T9517] chnl_net:caif_netlink_parms(): no params data found
[  223.373370][ T9517] bridge0: port 1(bridge_slave_0) entered blocking state
[  223.375229][ T9517] bridge0: port 1(bridge_slave_0) entered disabled state
[  223.377413][ T9517] bridge_slave_0: entered allmulticast mode
[  223.382532][ T9517] bridge_slave_0: entered promiscuous mode
[  223.416035][ T9517] bridge0: port 2(bridge_slave_1) entered blocking state
[  223.418456][ T9517] bridge0: port 2(bridge_slave_1) entered disabled state
[  223.424077][ T9517] bridge_slave_1: entered allmulticast mode
[  223.427415][ T9517] bridge_slave_1: entered promiscuous mode
[  223.579395][ T9517] bond0: (slave bond_slave_0): Enslaving as an active interface with an up link
[  223.589049][ T9517] bond0: (slave bond_slave_1): Enslaving as an active interface with an up link
[  223.733513][ T9517] team0: Port device team_slave_0 added
[  223.741745][ T9517] team0: Port device team_slave_1 added
[  224.006181][ T9517] batman_adv: batadv0: Adding interface: batadv_slave_0
[  224.007839][ T9517] batman_adv: batadv0: The MTU of interface batadv_slave_0 is too small (1500) to handle the transport of batman-adv packets. Packets going over this interface will be fragmented on layer2 which could impact the performance. Setting the MTU to 1560 would solve the problem.
[  224.014741][ T9517] batman_adv: batadv0: Not using interface batadv_slave_0 (retrying later): interface not active
[  224.049462][ T9517] batman_adv: batadv0: Adding interface: batadv_slave_1
[  224.051236][ T9517] batman_adv: batadv0: The MTU of interface batadv_slave_1 is too small (1500) to handle the transport of batman-adv packets. Packets going over this interface will be fragmented on layer2 which could impact the performance. Setting the MTU to 1560 would solve the problem.
[  224.057084][ T9517] batman_adv: batadv0: Not using interface batadv_slave_1 (retrying later): interface not active
[  224.293416][ T9517] hsr_slave_0: entered promiscuous mode
[  224.298276][ T9517] hsr_slave_1: entered promiscuous mode
[  224.786742][ T9517] netdevsim netdevsim0 netdevsim0: renamed from eth0
[  224.822213][ T9517] netdevsim netdevsim0 netdevsim1: renamed from eth1
[  224.835326][ T9517] netdevsim netdevsim0 netdevsim2: renamed from eth2
[  224.851563][ T9517] netdevsim netdevsim0 netdevsim3: renamed from eth3
[  225.072627][ T9517] 8021q: adding VLAN 0 to HW filter on device bond0
[  225.107316][ T9517] 8021q: adding VLAN 0 to HW filter on device team0
[  225.129091][ T5160] bridge0: port 1(bridge_slave_0) entered blocking state
[  225.131163][ T5160] bridge0: port 1(bridge_slave_0) entered forwarding state
[  225.154270][ T5159] bridge0: port 2(bridge_slave_1) entered blocking state
[  225.155930][ T5159] bridge0: port 2(bridge_slave_1) entered forwarding state
[  225.594395][ T9517] 8021q: adding VLAN 0 to HW filter on device batadv0
[  225.670272][ T9517] veth0_vlan: entered promiscuous mode
[  225.689426][ T9517] veth1_vlan: entered promiscuous mode
[  225.753258][ T9517] veth0_macvtap: entered promiscuous mode
[  225.769661][ T9517] veth1_macvtap: entered promiscuous mode
[  225.803408][ T9517] batman_adv: batadv0: Interface activated: batadv_slave_0
[  225.823740][ T9517] batman_adv: batadv0: Interface activated: batadv_slave_1
[  225.846160][ T9517] netdevsim netdevsim0 netdevsim0: set [1, 0] type 2 family 0 port 6081 - 0
[  225.848453][ T9517] netdevsim netdevsim0 netdevsim1: set [1, 0] type 2 family 0 port 6081 - 0
[  225.861087][ T9517] netdevsim netdevsim0 netdevsim2: set [1, 0] type 2 family 0 port 6081 - 0
[  225.863984][ T9517] netdevsim netdevsim0 netdevsim3: set [1, 0] type 2 family 0 port 6081 - 0
[  226.869712][   T13] netdevsim netdevsim0 netdevsim3 (unregistering): unset [1, 0] type 2 family 0 port 6081 - 0
[  228.973662][   T53] Bluetooth: hci0: unexpected cc 0x0c03 length: 249 > 1
[  228.983712][   T53] Bluetooth: hci0: unexpected cc 0x1003 length: 249 > 9
[  228.986450][   T53] Bluetooth: hci0: unexpected cc 0x1001 length: 249 > 9
[  228.991064][   T53] Bluetooth: hci0: unexpected cc 0x0c23 length: 249 > 4
[  228.993528][   T53] Bluetooth: hci0: unexpected cc 0x0c25 length: 249 > 3
[  228.996473][   T53] Bluetooth: hci0: unexpected cc 0x0c38 length: 249 > 2
[  229.632168][   T13] netdevsim netdevsim0 netdevsim2 (unregistering): unset [1, 0] type 2 family 0 port 6081 - 0
[  230.198356][ T4067] wlan0: Created IBSS using preconfigured BSSID 50:50:50:50:50:50
[  230.209010][ T4067] wlan0: Creating new IBSS network, BSSID 50:50:50:50:50:50
[  230.381900][   T64] wlan1: Created IBSS using preconfigured BSSID 50:50:50:50:50:50
[  230.384520][   T64] wlan1: Creating new IBSS network, BSSID 50:50:50:50:50:50
[  230.565875][ T1306] ieee802154 phy0 wpan0: encryption failed: -22
[  230.567778][ T1306] ieee802154 phy1 wpan1: encryption failed: -22
[  230.779240][   T13] netdevsim netdevsim0 netdevsim1 (unregistering): unset [1, 0] type 2 family 0 port 6081 - 0
[  230.861957][   T13] netdevsim netdevsim0 netdevsim0 (unregistering): unset [1, 0] type 2 family 0 port 6081 - 0
[  232.390987][   T13] hsr_slave_0: left promiscuous mode
[  232.398481][   T13] hsr_slave_1: left promiscuous mode
[  232.436256][   T13] batman_adv: batadv0: Interface deactivated: batadv_slave_0
[  232.439097][   T13] batman_adv: batadv0: Removing interface: batadv_slave_0
[  232.488375][   T13] batman_adv: batadv0: Interface deactivated: batadv_slave_1
[  232.507361][   T13] batman_adv: batadv0: Removing interface: batadv_slave_1
[  232.519814][   T13] bridge_slave_1: left allmulticast mode
[  232.543442][   T13] bridge_slave_1: left promiscuous mode
[  232.548273][   T13] bridge0: port 2(bridge_slave_1) entered disabled state
[  232.626073][   T13] bridge_slave_0: left allmulticast mode
[  232.628105][   T13] bridge_slave_0: left promiscuous mode
[  232.642306][   T13] bridge0: port 1(bridge_slave_0) entered disabled state
[  232.701937][   T13] veth1_macvtap: left promiscuous mode
[  232.703729][   T13] veth0_macvtap: left promiscuous mode
[  232.705162][   T13] veth1_vlan: left promiscuous mode
[  232.706571][   T13] veth0_vlan: left promiscuous mode
[  233.504970][   T13] team0 (unregistering): Port device team_slave_1 removed
[  233.524716][   T13] team0 (unregistering): Port device team_slave_0 removed
[  233.545431][   T13] bond0 (unregistering): (slave bond_slave_1): Releasing backup interface
[  233.568590][   T13] bond0 (unregistering): (slave bond_slave_0): Releasing backup interface
[  233.765119][   T13] bond0 (unregistering): Released all slaves
2025/09/08 14:53:41 executed programs: 0
[  236.164273][   T53] Bluetooth: hci0: unexpected cc 0x0c03 length: 249 > 1
[  236.170615][   T53] Bluetooth: hci0: unexpected cc 0x1003 length: 249 > 9
[  236.180975][   T53] Bluetooth: hci0: unexpected cc 0x1001 length: 249 > 9
[  236.191506][   T53] Bluetooth: hci0: unexpected cc 0x0c23 length: 249 > 4
[  236.201953][   T53] Bluetooth: hci0: unexpected cc 0x0c25 length: 249 > 3
[  236.205322][   T53] Bluetooth: hci0: unexpected cc 0x0c38 length: 249 > 2
[  237.274329][T10174] chnl_net:caif_netlink_parms(): no params data found
[  237.640667][T10174] bridge0: port 1(bridge_slave_0) entered blocking state
[  237.643726][T10174] bridge0: port 1(bridge_slave_0) entered disabled state
[  237.646456][T10174] bridge_slave_0: entered allmulticast mode
[  237.652245][T10174] bridge_slave_0: entered promiscuous mode
[  237.798916][T10174] bridge0: port 2(bridge_slave_1) entered blocking state
[  237.801994][T10174] bridge0: port 2(bridge_slave_1) entered disabled state
[  237.804767][T10174] bridge_slave_1: entered allmulticast mode
[  237.809210][T10174] bridge_slave_1: entered promiscuous mode
[  237.989155][T10174] bond0: (slave bond_slave_0): Enslaving as an active interface with an up link
[  238.021828][T10174] bond0: (slave bond_slave_1): Enslaving as an active interface with an up link
[  238.213447][T10174] team0: Port device team_slave_0 added
[  238.219302][T10174] team0: Port device team_slave_1 added
[  238.242641][ T5114] Bluetooth: hci0: command 0x0409 tx timeout
[  238.414218][T10174] batman_adv: batadv0: Adding interface: batadv_slave_0
[  238.415767][T10174] batman_adv: batadv0: The MTU of interface batadv_slave_0 is too small (1500) to handle the transport of batman-adv packets. Packets going over this interface will be fragmented on layer2 which could impact the performance. Setting the MTU to 1560 would solve the problem.
[  238.426875][T10174] batman_adv: batadv0: Not using interface batadv_slave_0 (retrying later): interface not active
[  238.437632][T10174] batman_adv: batadv0: Adding interface: batadv_slave_1
[  238.439287][T10174] batman_adv: batadv0: The MTU of interface batadv_slave_1 is too small (1500) to handle the transport of batman-adv packets. Packets going over this interface will be fragmented on layer2 which could impact the performance. Setting the MTU to 1560 would solve the problem.
[  238.450678][T10174] batman_adv: batadv0: Not using interface batadv_slave_1 (retrying later): interface not active
[  238.748088][T10174] hsr_slave_0: entered promiscuous mode
[  238.764023][T10174] hsr_slave_1: entered promiscuous mode
[  240.321254][ T5114] Bluetooth: hci0: command 0x041b tx timeout
[  240.328660][T10174] netdevsim netdevsim0 netdevsim0: renamed from eth0
[  240.344804][T10174] netdevsim netdevsim0 netdevsim1: renamed from eth1
[  240.353257][T10174] netdevsim netdevsim0 netdevsim2: renamed from eth2
[  240.362766][T10174] netdevsim netdevsim0 netdevsim3: renamed from eth3
[  240.526908][T10174] 8021q: adding VLAN 0 to HW filter on device bond0
[  240.562105][T10174] 8021q: adding VLAN 0 to HW filter on device team0
[  240.576959][ T5165] bridge0: port 1(bridge_slave_0) entered blocking state
[  240.578750][ T5165] bridge0: port 1(bridge_slave_0) entered forwarding state
[  240.598214][   T23] bridge0: port 2(bridge_slave_1) entered blocking state
[  240.599978][   T23] bridge0: port 2(bridge_slave_1) entered forwarding state
[  240.984444][T10174] 8021q: adding VLAN 0 to HW filter on device batadv0
[  241.067446][T10174] veth0_vlan: entered promiscuous mode
[  241.088258][T10174] veth1_vlan: entered promiscuous mode
[  241.146111][T10174] veth0_macvtap: entered promiscuous mode
[  241.159054][T10174] veth1_macvtap: entered promiscuous mode
[  241.193028][T10174] batman_adv: batadv0: Interface activated: batadv_slave_0
[  241.207792][T10174] batman_adv: batadv0: Interface activated: batadv_slave_1
[  241.221965][T10174] netdevsim netdevsim0 netdevsim0: set [1, 0] type 2 family 0 port 6081 - 0
[  241.223922][T10174] netdevsim netdevsim0 netdevsim1: set [1, 0] type 2 family 0 port 6081 - 0
[  241.225811][T10174] netdevsim netdevsim0 netdevsim2: set [1, 0] type 2 family 0 port 6081 - 0
[  241.227701][T10174] netdevsim netdevsim0 netdevsim3: set [1, 0] type 2 family 0 port 6081 - 0
[  241.429466][   T26] wlan0: Created IBSS using preconfigured BSSID 50:50:50:50:50:50
[  241.431322][   T26] wlan0: Creating new IBSS network, BSSID 50:50:50:50:50:50
[  241.537552][   T26] wlan1: Created IBSS using preconfigured BSSID 50:50:50:50:50:50
[  241.539292][   T26] wlan1: Creating new IBSS network, BSSID 50:50:50:50:50:50
2025/09/08 14:53:47 executed programs: 2
[  241.678548][T10544] sit0: entered allmulticast mode
[  241.743713][T10544] FAULT_INJECTION: forcing a failure.
[  241.743713][T10544] name failslab, interval 1, probability 0, space 0, times 1
[  241.748733][T10544] CPU: 1 PID: 10544 Comm: syz.0.17 Not tainted 6.6.0 #1
[  241.751063][T10544] Hardware name: QEMU Standard PC (i440FX + PIIX, 1996), BIOS 1.15.0-1 04/01/2014
[  241.754113][T10544] Call Trace:
[  241.755284][T10544]  <TASK>
[  241.756406][T10544]  dump_stack_lvl+0x1e3/0x2d0
[  241.758169][T10544]  ? nf_tcp_handle_invalid+0x650/0x650
[  241.760100][T10544]  ? panic+0x760/0x760
[  241.761566][T10544]  should_fail_ex+0x3aa/0x4e0
[  241.763212][T10544]  ? fib6_add_1+0x6ab/0x1380
[  241.764836][T10544]  should_failslab+0x5/0x20
[  241.766430][T10544]  kmem_cache_alloc+0x69/0x300
[  241.768088][T10544]  fib6_add_1+0x6ab/0x1380
[  241.769705][T10544]  ? fib6_add+0x3d0/0x40b0
[  241.771273][T10544]  fib6_add+0x5d7/0x40b0
[  241.772874][T10544]  ? lockdep_softirqs_on+0x5a0/0x5a0
[  241.774762][T10544]  ? read_lock_is_recursive+0x10/0x10
[  241.776660][T10544]  ? fib6_update_sernum_stub+0x220/0x220
[  241.778617][T10544]  ? do_raw_spin_lock+0x147/0x3a0
[  241.780419][T10544]  ? __ipv6_addr_type+0x1e0/0x2e0
[  241.782140][T10544]  ? __rwlock_init+0x140/0x140
[  241.783834][T10544]  ? ip6_route_add+0x6f/0x120
[  241.785501][T10544]  ip6_route_add+0x84/0x120
[  241.787089][T10544]  ipv6_route_ioctl+0x50c/0x7a0
[  241.788832][T10544]  ? rt6_purge_dflt_routers+0xd10/0xd10
[  241.790795][T10544]  ? __might_fault+0xbd/0x110
[  241.792373][T10544]  inet6_ioctl+0x1e2/0x240
[  241.793975][T10544]  ? inet6_getname+0x640/0x640
[  241.795699][T10544]  ? tomoyo_path_number_perm+0x5dc/0x6e0
[  241.797719][T10544]  ? tomoyo_path_number_perm+0x1f6/0x6e0
[  241.799861][T10544]  sock_do_ioctl+0x14d/0x3d0
[  241.801478][T10544]  ? sock_show_fdinfo+0xb0/0xb0
[  241.803181][T10544]  ? file_end_write+0x160/0x250
[  241.804915][T10544]  sock_ioctl+0x4c7/0x7e0
[  241.806468][T10544]  ? sock_poll+0x3d0/0x3d0
[  241.807991][T10544]  ? lockdep_hardirqs_on_prepare+0x448/0x7b0
[  241.810139][T10544]  ? print_irqtrace_events+0x220/0x220
[  241.812062][T10544]  ? lockdep_hardirqs_on_prepare+0x448/0x7b0
[  241.814313][T10544]  ? bpf_lsm_file_ioctl+0x5/0x10
[  241.816145][T10544]  ? security_file_ioctl+0x9d/0xb0
[  241.818018][T10544]  ? sock_poll+0x3d0/0x3d0
[  241.819752][T10544]  __se_sys_ioctl+0xfe/0x170
[  241.821426][T10544]  do_syscall_64+0x2b/0x50
[  241.822961][T10544]  entry_SYSCALL_64_after_hwframe+0x63/0xcd
[  241.825003][T10544] RIP: 0033:0x7f00515ae16d
[  241.826609][T10544] Code: 02 b8 ff ff ff ff c3 66 0f 1f 44 00 00 f3 0f 1e fa 48 89 f8 48 89 f7 48 89 d6 48 89 ca 4d 89 c2 4d 89 c8 4c 8b 4c 24 08 0f 05 <48> 3d 01 f0 ff ff 73 01 c3 48 c7 c1 a8 ff ff ff f7 d8 64 89 01 48
[  241.833133][T10544] RSP: 002b:00007ffcf5961c88 EFLAGS: 00000246 ORIG_RAX: 0000000000000010
[  241.836190][T10544] RAX: ffffffffffffffda RBX: 00007f00517f5fa0 RCX: 00007f00515ae16d
[  241.839055][T10544] RDX: 0000200000000500 RSI: 000000000000890b RDI: 0000000000000004
[  241.841712][T10544] RBP: 00007ffcf5961d00 R08: 0000000000000000 R09: 0000000000000000
[  241.844342][T10544] R10: 0000000000000000 R11: 0000000000000246 R12: 0000000000000001
[  241.847044][T10544] R13: 00007f00517f5fac R14: 00007f00517f5fa0 R15: 0000000000000000
[  241.849748][T10544]  </TASK>
[  242.047319][T10545] FAULT_INJECTION: forcing a failure.
[  242.047319][T10545] name failslab, interval 1, probability 0, space 0, times 0
[  242.052437][T10545] CPU: 0 PID: 10545 Comm: syz.0.18 Not tainted 6.6.0 #1
[  242.054915][T10545] Hardware name: QEMU Standard PC (i440FX + PIIX, 1996), BIOS 1.15.0-1 04/01/2014
[  242.058089][T10545] Call Trace:
[  242.059388][T10545]  <TASK>
[  242.060426][T10545]  dump_stack_lvl+0x1e3/0x2d0
[  242.062136][T10545]  ? nf_tcp_handle_invalid+0x650/0x650
[  242.064094][T10545]  ? panic+0x760/0x760
[  242.065655][T10545]  should_fail_ex+0x3aa/0x4e0
[  242.067329][T10545]  ? nsim_fib_event_nb+0xdb/0xfd0
[  242.069166][T10545]  should_failslab+0x5/0x20
[  242.070789][T10545]  __kmem_cache_alloc_node+0x68/0x320
[  242.072815][T10545]  ? nsim_fib_event_nb+0xdb/0xfd0
[  242.074612][T10545]  kmalloc_trace+0x26/0x60
[  242.076198][T10545]  nsim_fib_event_nb+0xdb/0xfd0
[  242.077942][T10545]  ? rcu_is_watching+0x11/0xb0
[  242.079630][T10545]  atomic_notifier_call_chain+0x1ca/0x2e0
[  242.081746][T10545]  ? atomic_notifier_call_chain+0x2c/0x2e0
[  242.083923][T10545]  call_fib_notifiers+0x2d/0x60
[  242.085645][T10545]  fib6_add+0x1c2f/0x40b0
[  242.087227][T10545]  ? lockdep_softirqs_on+0x5a0/0x5a0
[  242.089232][T10545]  ? read_lock_is_recursive+0x10/0x10
[  242.091098][T10545]  ? fib6_update_sernum_stub+0x220/0x220
[  242.093006][T10545]  ? do_raw_spin_lock+0x147/0x3a0
[  242.094733][T10545]  ? __ipv6_addr_type+0x1e0/0x2e0
[  242.096506][T10545]  ? __rwlock_init+0x140/0x140
[  242.098188][T10545]  ? ip6_route_add+0x6f/0x120
[  242.099858][T10545]  ip6_route_add+0x84/0x120
[  242.101513][T10545]  ipv6_route_ioctl+0x50c/0x7a0
[  242.103242][T10545]  ? rt6_purge_dflt_routers+0xd10/0xd10
[  242.105204][T10545]  ? __might_fault+0xbd/0x110
[  242.107152][T10545]  inet6_ioctl+0x1e2/0x240
[  242.108852][T10545]  ? inet6_getname+0x640/0x640
[  242.110569][T10545]  ? tomoyo_path_number_perm+0x5dc/0x6e0
[  242.112649][T10545]  ? tomoyo_path_number_perm+0x1f6/0x6e0
[  242.114697][T10545]  sock_do_ioctl+0x14d/0x3d0
[  242.116412][T10545]  ? sock_show_fdinfo+0xb0/0xb0
[  242.118135][T10545]  ? file_end_write+0x160/0x250
[  242.119884][T10545]  sock_ioctl+0x4c7/0x7e0
[  242.121522][T10545]  ? sock_poll+0x3d0/0x3d0
[  242.123110][T10545]  ? lockdep_hardirqs_on_prepare+0x448/0x7b0
[  242.125269][T10545]  ? print_irqtrace_events+0x220/0x220
[  242.127208][T10545]  ? lockdep_hardirqs_on_prepare+0x448/0x7b0
[  242.129277][T10545]  ? bpf_lsm_file_ioctl+0x5/0x10
[  242.130995][T10545]  ? security_file_ioctl+0x9d/0xb0
[  242.132884][T10545]  ? sock_poll+0x3d0/0x3d0
[  242.134487][T10545]  __se_sys_ioctl+0xfe/0x170
[  242.136117][T10545]  do_syscall_64+0x2b/0x50
[  242.137705][T10545]  entry_SYSCALL_64_after_hwframe+0x63/0xcd
[  242.139759][T10545] RIP: 0033:0x7f00515ae16d
[  242.141390][T10545] Code: 02 b8 ff ff ff ff c3 66 0f 1f 44 00 00 f3 0f 1e fa 48 89 f8 48 89 f7 48 89 d6 48 89 ca 4d 89 c2 4d 89 c8 4c 8b 4c 24 08 0f 05 <48> 3d 01 f0 ff ff 73 01 c3 48 c7 c1 a8 ff ff ff f7 d8 64 89 01 48
[  242.147846][T10545] RSP: 002b:00007ffcf5961c88 EFLAGS: 00000246 ORIG_RAX: 0000000000000010
[  242.150696][T10545] RAX: ffffffffffffffda RBX: 00007f00517f5fa0 RCX: 00007f00515ae16d
[  242.153551][T10545] RDX: 0000200000000500 RSI: 000000000000890b RDI: 0000000000000004
[  242.156367][T10545] RBP: 00007ffcf5961d00 R08: 0000000000000000 R09: 0000000000000000
[  242.159125][T10545] R10: 0000000000000000 R11: 0000000000000246 R12: 0000000000000001
[  242.161971][T10545] R13: 00007f00517f5fac R14: 00007f00517f5fa0 R15: 0000000000000000
[  242.164807][T10545]  </TASK>
[  242.167738][T10545] ------------[ cut here ]------------
[  242.169643][T10545] WARNING: CPU: 0 PID: 10545 at net/ipv6/ip6_fib.c:1516 fib6_add+0x362d/0x40b0
[  242.172934][T10545] Modules linked in:
[  242.174299][T10545] CPU: 0 PID: 10545 Comm: syz.0.18 Not tainted 6.6.0 #1
[  242.176905][T10545] Hardware name: QEMU Standard PC (i440FX + PIIX, 1996), BIOS 1.15.0-1 04/01/2014
[  242.180399][T10545] RIP: 0010:fib6_add+0x362d/0x40b0
[  242.183388][T10545] Code: 8b 94 24 90 00 00 00 e8 21 1e 00 00 48 85 c0 74 14 49 89 c6 e8 24 7f c2 f7 eb 5b e8 1d 7f c2 f7 e9 c8 00 00 00 e8 13 7f c2 f7 <0f> 0b 48 b8 00 00 00 00 00 fc ff df 48 8b 4c 24 50 80 3c 01 00 74
[  242.190996][T10545] RSP: 0018:ffffc90003b9f740 EFLAGS: 00010293
[  242.192314][T10545] RAX: ffffffff89cbccdd RBX: ffffc90003b9fab0 RCX: ffff88804b6cc980
[  242.194042][T10545] RDX: 0000000000000000 RSI: 0000000000000001 RDI: 0000000000000000
[  242.195742][T10545] RBP: ffffc90003b9f980 R08: ffffffff89cbed9f R09: 1ffff1100969d305
[  242.197427][T10545] R10: dffffc0000000000 R11: ffffed100969d306 R12: 00000000ffffffff
[  242.199095][T10545] R13: 1ffff1100c5d7fb4 R14: 0000000000000003 R15: ffff888062ebfda0
[  242.201024][T10545] FS:  000055555631f500(0000) GS:ffff88802be00000(0000) knlGS:0000000000000000
[  242.202933][T10545] CS:  0010 DS: 0000 ES: 0000 CR0: 0000000080050033
[  242.204501][T10545] CR2: 0000200000000000 CR3: 0000000000869000 CR4: 0000000000750ef0
[  242.206178][T10545] DR0: 0000000000000000 DR1: 0000000000000000 DR2: 0000000000000000
[  242.207909][T10545] DR3: 0000000000000000 DR6: 00000000fffe0ff0 DR7: 0000000000000400
[  242.209725][T10545] PKRU: 00000000
[  242.210591][T10545] Call Trace:
[  242.211325][T10545]  <TASK>
[  242.212096][T10545]  ? __warn+0x15e/0x2d0
[  242.213061][T10545]  ? report_bug+0x2a8/0x4f0
[  242.214075][T10545]  ? fib6_add+0x362d/0x40b0
[  242.215123][T10545]  ? handle_bug+0x3d/0x70
[  242.216397][T10545]  ? exc_invalid_op+0x16/0x40
[  242.217622][T10545]  ? asm_exc_invalid_op+0x16/0x20
[  242.218747][T10545]  ? fib6_find_prefix+0x2bf/0x3e0
[  242.219884][T10545]  ? fib6_add+0x362d/0x40b0
[  242.221028][T10545]  ? fib6_add+0x362d/0x40b0
[  242.222137][T10545]  ? lockdep_softirqs_on+0x5a0/0x5a0
[  242.223551][T10545]  ? read_lock_is_recursive+0x10/0x10
[  242.224907][T10545]  ? fib6_update_sernum_stub+0x220/0x220
[  242.226215][T10545]  ? do_raw_spin_lock+0x147/0x3a0
[  242.227373][T10545]  ? __ipv6_addr_type+0x1e0/0x2e0
[  242.228483][T10545]  ? __rwlock_init+0x140/0x140
[  242.229562][T10545]  ? ip6_route_add+0x6f/0x120
[  242.230686][T10545]  ip6_route_add+0x84/0x120
[  242.231717][T10545]  ipv6_route_ioctl+0x50c/0x7a0
[  242.232795][T10545]  ? rt6_purge_dflt_routers+0xd10/0xd10
[  242.234032][T10545]  ? __might_fault+0xbd/0x110
[  242.235076][T10545]  inet6_ioctl+0x1e2/0x240
[  242.236063][T10545]  ? inet6_getname+0x640/0x640
[  242.237177][T10545]  ? tomoyo_path_number_perm+0x5dc/0x6e0
[  242.238457][T10545]  ? tomoyo_path_number_perm+0x1f6/0x6e0
[  242.239754][T10545]  sock_do_ioctl+0x14d/0x3d0
[  242.240967][T10545]  ? sock_show_fdinfo+0xb0/0xb0
[  242.242069][T10545]  ? file_end_write+0x160/0x250
[  242.243192][T10545]  sock_ioctl+0x4c7/0x7e0
[  242.244322][T10545]  ? sock_poll+0x3d0/0x3d0
[  242.245400][T10545]  ? lockdep_hardirqs_on_prepare+0x448/0x7b0
[  242.246826][T10545]  ? print_irqtrace_events+0x220/0x220
[  242.248244][T10545]  ? lockdep_hardirqs_on_prepare+0x448/0x7b0
[  242.249686][T10545]  ? bpf_lsm_file_ioctl+0x5/0x10
[  242.250931][T10545]  ? security_file_ioctl+0x9d/0xb0
[  242.252281][T10545]  ? sock_poll+0x3d0/0x3d0
[  242.253324][T10545]  __se_sys_ioctl+0xfe/0x170
[  242.254470][T10545]  do_syscall_64+0x2b/0x50
[  242.255552][T10545]  entry_SYSCALL_64_after_hwframe+0x63/0xcd
[  242.257037][T10545] RIP: 0033:0x7f00515ae16d
[  242.258050][T10545] Code: 02 b8 ff ff ff ff c3 66 0f 1f 44 00 00 f3 0f 1e fa 48 89 f8 48 89 f7 48 89 d6 48 89 ca 4d 89 c2 4d 89 c8 4c 8b 4c 24 08 0f 05 <48> 3d 01 f0 ff ff 73 01 c3 48 c7 c1 a8 ff ff ff f7 d8 64 89 01 48
[  242.262630][T10545] RSP: 002b:00007ffcf5961c88 EFLAGS: 00000246 ORIG_RAX: 0000000000000010
[  242.264732][T10545] RAX: ffffffffffffffda RBX: 00007f00517f5fa0 RCX: 00007f00515ae16d
[  242.266607][T10545] RDX: 0000200000000500 RSI: 000000000000890b RDI: 0000000000000004
[  242.268936][T10545] RBP: 00007ffcf5961d00 R08: 0000000000000000 R09: 0000000000000000
[  242.271789][T10545] R10: 0000000000000000 R11: 0000000000000246 R12: 0000000000000001
[  242.274522][T10545] R13: 00007f00517f5fac R14: 00007f00517f5fa0 R15: 0000000000000000
[  242.276735][T10545]  </TASK>
[  242.277524][T10545] Kernel panic - not syncing: kernel: panic_on_warn set ...
[  242.279191][T10545] CPU: 0 PID: 10545 Comm: syz.0.18 Not tainted 6.6.0 #1
[  242.280814][T10545] Hardware name: QEMU Standard PC (i440FX + PIIX, 1996), BIOS 1.15.0-1 04/01/2014
[  242.282912][T10545] Call Trace:
[  242.283731][T10545]  <TASK>
[  242.284474][T10545]  dump_stack_lvl+0x1e3/0x2d0
[  242.285613][T10545]  ? nf_tcp_handle_invalid+0x650/0x650
[  242.286965][T10545]  ? panic+0x760/0x760
[  242.287975][T10545]  ? fib6_add+0x3550/0x40b0
[  242.289057][T10545]  panic+0x2f5/0x760
[  242.289996][T10545]  ? __warn+0x16d/0x2d0
[  242.290977][T10545]  ? __memcpy_flushcache+0x2e0/0x2e0
[  242.292242][T10545]  ? fib6_add+0x362d/0x40b0
[  242.293370][T10545]  __warn+0x284/0x2d0
[  242.294304][T10545]  report_bug+0x2a8/0x4f0
[  242.295323][T10545]  ? fib6_add+0x362d/0x40b0
[  242.296417][T10545]  handle_bug+0x3d/0x70
[  242.297390][T10545]  exc_invalid_op+0x16/0x40
[  242.298486][T10545]  asm_exc_invalid_op+0x16/0x20
[  242.299643][T10545] RIP: 0010:fib6_add+0x362d/0x40b0
[  242.300838][T10545] Code: 8b 94 24 90 00 00 00 e8 21 1e 00 00 48 85 c0 74 14 49 89 c6 e8 24 7f c2 f7 eb 5b e8 1d 7f c2 f7 e9 c8 00 00 00 e8 13 7f c2 f7 <0f> 0b 48 b8 00 00 00 00 00 fc ff df 48 8b 4c 24 50 80 3c 01 00 74
[  242.305196][T10545] RSP: 0018:ffffc90003b9f740 EFLAGS: 00010293
[  242.306611][T10545] RAX: ffffffff89cbccdd RBX: ffffc90003b9fab0 RCX: ffff88804b6cc980
[  242.308415][T10545] RDX: 0000000000000000 RSI: 0000000000000001 RDI: 0000000000000000
[  242.310223][T10545] RBP: ffffc90003b9f980 R08: ffffffff89cbed9f R09: 1ffff1100969d305
[  242.312021][T10545] R10: dffffc0000000000 R11: ffffed100969d306 R12: 00000000ffffffff
[  242.313846][T10545] R13: 1ffff1100c5d7fb4 R14: 0000000000000003 R15: ffff888062ebfda0
[  242.315675][T10545]  ? fib6_find_prefix+0x2bf/0x3e0
[  242.316855][T10545]  ? fib6_add+0x362d/0x40b0
[  242.317974][T10545]  ? lockdep_softirqs_on+0x5a0/0x5a0
[  242.319222][T10545]  ? read_lock_is_recursive+0x10/0x10
[  242.320544][T10545]  ? fib6_update_sernum_stub+0x220/0x220
[  242.321876][T10545]  ? do_raw_spin_lock+0x147/0x3a0
[  242.323054][T10545]  ? __ipv6_addr_type+0x1e0/0x2e0
[  242.324243][T10545]  ? __rwlock_init+0x140/0x140
[  242.325401][T10545]  ? ip6_route_add+0x6f/0x120
[  242.326508][T10545]  ip6_route_add+0x84/0x120
[  242.327585][T10545]  ipv6_route_ioctl+0x50c/0x7a0
[  242.328876][T10545]  ? rt6_purge_dflt_routers+0xd10/0xd10
[  242.330567][T10545]  ? __might_fault+0xbd/0x110
[  242.331672][T10545]  inet6_ioctl+0x1e2/0x240
[  242.332748][T10545]  ? inet6_getname+0x640/0x640
[  242.333868][T10545]  ? tomoyo_path_number_perm+0x5dc/0x6e0
[  242.335169][T10545]  ? tomoyo_path_number_perm+0x1f6/0x6e0
[  242.336530][T10545]  sock_do_ioctl+0x14d/0x3d0
[  242.337608][T10545]  ? sock_show_fdinfo+0xb0/0xb0
[  242.338784][T10545]  ? file_end_write+0x160/0x250
[  242.339986][T10545]  sock_ioctl+0x4c7/0x7e0
[  242.341134][T10545]  ? sock_poll+0x3d0/0x3d0
[  242.342133][T10545]  ? lockdep_hardirqs_on_prepare+0x448/0x7b0
[  242.343448][T10545]  ? print_irqtrace_events+0x220/0x220
[  242.344762][T10545]  ? lockdep_hardirqs_on_prepare+0x448/0x7b0
[  242.346122][T10545]  ? bpf_lsm_file_ioctl+0x5/0x10
[  242.347181][T10545]  ? security_file_ioctl+0x9d/0xb0
[  242.348444][T10545]  ? sock_poll+0x3d0/0x3d0
[  242.349412][T10545]  __se_sys_ioctl+0xfe/0x170
[  242.350431][T10545]  do_syscall_64+0x2b/0x50
[  242.351420][T10545]  entry_SYSCALL_64_after_hwframe+0x63/0xcd
[  242.352834][T10545] RIP: 0033:0x7f00515ae16d
[  242.353807][T10545] Code: 02 b8 ff ff ff ff c3 66 0f 1f 44 00 00 f3 0f 1e fa 48 89 f8 48 89 f7 48 89 d6 48 89 ca 4d 89 c2 4d 89 c8 4c 8b 4c 24 08 0f 05 <48> 3d 01 f0 ff ff 73 01 c3 48 c7 c1 a8 ff ff ff f7 d8 64 89 01 48
[  242.358163][T10545] RSP: 002b:00007ffcf5961c88 EFLAGS: 00000246 ORIG_RAX: 0000000000000010
[  242.360853][T10545] RAX: ffffffffffffffda RBX: 00007f00517f5fa0 RCX: 00007f00515ae16d
[  242.362557][T10545] RDX: 0000200000000500 RSI: 000000000000890b RDI: 0000000000000004
[  242.364213][T10545] RBP: 00007ffcf5961d00 R08: 0000000000000000 R09: 0000000000000000
[  242.365950][T10545] R10: 0000000000000000 R11: 0000000000000246 R12: 0000000000000001
[  242.367625][T10545] R13: 00007f00517f5fac R14: 00007f00517f5fa0 R15: 0000000000000000
[  242.369418][T10545]  </TASK>
[  242.370905][T10545] Kernel Offset: disabled
[  242.371862][T10545] Rebooting in 86400 seconds..

VM DIAGNOSIS:
22:53:48  Registers:
info registers vcpu 0
RAX=1ffffffff302dc60 RBX=ffffffff9816e580 RCX=0000000000000000 RDX=00000000000003fd
RSI=0000000000000000 RDI=0000000000000020 RBP=0000000000000000 RSP=ffffc90003b9ee18
R8 =ffffffff84e2d611 R9 =1ffff11008914046 R10=dffffc0000000000 R11=ffffed1008914047
R12=0000000000000000 R13=dffffc0000000000 R14=00000000000003fd R15=dffffc0000000000
RIP=ffffffff84e2d641 RFL=00000002 [-------] CPL=0 II=0 A20=1 SMM=0 HLT=0
ES =0000 0000000000000000 ffffffff 00c00000
CS =0010 0000000000000000 ffffffff 00a09b00 DPL=0 CS64 [-RA]
SS =0018 0000000000000000 ffffffff 00c09300 DPL=0 DS   [-WA]
DS =0000 0000000000000000 ffffffff 00c00000
FS =0000 000055555631f500 ffffffff 00c00000
GS =0000 ffff88802be00000 ffffffff 00c00000
LDT=0000 0000000000000000 ffffffff 00c00000
TR =0040 fffffe0000003000 00004087 00008b00 DPL=0 TSS64-busy
GDT=     fffffe0000001000 0000007f
IDT=     fffffe0000000000 00000fff
CR0=80050033 CR2=0000200000000000 CR3=0000000000869000 CR4=00750ef0
DR0=0000000000000000 DR1=0000000000000000 DR2=0000000000000000 DR3=0000000000000000 
DR6=00000000fffe0ff0 DR7=0000000000000400
EFER=0000000000000d01
FCW=037f FSW=0000 [ST=0] FTW=00 MXCSR=00001f80
FPR0=0000000000000000 0000 FPR1=0000000000000000 0000
FPR2=0000000000000000 0000 FPR3=0000000000000000 0000
FPR4=0000000000000000 0000 FPR5=0000000000000000 0000
FPR6=0000000000000000 0000 FPR7=0000000000000000 0000
Opmask00=00000000d0fed0fe Opmask01=0000000000000000 Opmask02=000000000000003f Opmask03=0000000000000000
Opmask04=0000000000000000 Opmask05=0000000000000000 Opmask06=0000000000000000 Opmask07=0000000000000000
ZMM00=0000000000000000 0000000000000000 0000000000000000 0000000000000000 0000000000000000 0000000000000000 00007ffcf5961d0f 00007ffcf5961d00
ZMM01=0000000000000000 0000000000000000 0000000000000000 0000000000000000 0000000000000000 0000000000000000 00007ffcf5961cb0 0000003000000020
ZMM02=0000000000000000 0000000000000000 0000000000000000 0000000000000000 0000000000000000 0000000000000000 0000000000000000 00007ffcf5961d00
ZMM03=0000000000000000 0000000000000000 0000000000000000 0000000000000000 0000000000000000 0000000000000000 00007ffcf5961d00 00007ffcf5961d00
ZMM04=0000000000000000 0000000000000000 0000000000000000 0000000000000000 0000000000000000 0000000000000000 0000000000000000 00007ffcf5961d0f
ZMM05=0000000000000000 0000000000000000 0000000000000000 0000000000000000 0000000000000000 0000000000000000 000055555631f500 0000000000000000
ZMM06=0000000000000000 0000000000000000 0000000000000000 0000000000000000 0000000000000000 0000000000000000 0000000000000000 00007f005232d660
ZMM07=0000000000000000 0000000000000000 0000000000000000 0000000000000000 0000000000000000 0000000000000000 00007f00515a4878 0000000000000000
ZMM08=0000000000000000 0000000000000000 0000000000000000 0000000000000000 0000000000000000 0000000000000000 0000000000000000 0000000000000000
ZMM09=0000000000000000 0000000000000000 0000000000000000 0000000000000000 0000000000000000 0000000000000000 0000000000000000 0000000000000000
ZMM10=0000000000000000 0000000000000000 0000000000000000 0000000000000000 0000000000000000 0000000000000000 0000000000000000 0000000000000000
ZMM11=0000000000000000 0000000000000000 0000000000000000 0000000000000000 0000000000000000 0000000000000000 0000000000000000 0000000000000000
ZMM12=0000000000000000 0000000000000000 0000000000000000 0000000000000000 0000000000000000 0000000000000000 0000000000000000 0000000000000000
ZMM13=0000000000000000 0000000000000000 0000000000000000 0000000000000000 0000000000000000 0000000000000000 0000000000000000 0000000000000000
ZMM14=0000000000000000 0000000000000000 0000000000000000 0000000000000000 0000000000000000 0000000000000000 0000000000000000 0000000000000000
ZMM15=0000000000000000 0000000000000000 0000000000000000 0000000000000000 0000000000000000 0000000000000000 0000000000000000 0000000000000000
ZMM16=0000000000000000 0000000000000000 0000000000000000 0000000000000000 0000000000000000 0000000000000000 0000000000000000 0000000000000000
ZMM17=0000000000000000 0000000000000000 0000000000000000 0000000000000000 2525252525252525 2525252525252525 2525252525252525 2525252525252525
ZMM18=0000000000000000 0000000000000000 0000000000000000 0000000000000000 45455250203a524f 5455434558452d5a 5953000a29642520 6f6e727265282000
ZMM19=0000000000000000 0000000000000000 0000000000000000 0000000000000000 45455250051f524f 545543455845085a 5953000a0c410005 4a4b5757400d0500
ZMM20=0000000000000000 0000000000000000 0000000000000000 0000000000000000 0000000000000000 00000000000001f0 0000000000000006 0000000000000000
ZMM21=0000000000000000 0000000000000000 0000000000000000 0000000000000000 0000000000000000 0000000000000000 0000000000000000 000000524f525245
ZMM22=0000000000000000 0000000000000000 0000000000000000 0000000000000000 0000000000000000 0000000000000000 0000000000000000 00524f5252450040
ZMM23=0000000000000000 0000000000000000 0000000000000000 0000000000000000 0000000000000000 0000000000000000 0000000000000000 00e800a800000000
ZMM24=0000000000000000 0000000000000000 0000000000000000 0000000000000000 0000000000000000 0000000000000000 0000000000000000 0000000000000000
ZMM25=0000000000000000 0000000000000000 0000000000000000 0000000000000000 0000000000000000 0000000000000000 0000000000000000 0000000000000000
ZMM26=0000000000000000 0000000000000000 0000000000000000 0000000000000000 0000000000000000 0000000000000000 0000000000000000 0000000000000000
ZMM27=0000000000000000 0000000000000000 0000000000000000 0000000000000000 0000000000000000 0000000000000000 0000000000000000 0000000000000000
ZMM28=0000000000000000 0000000000000000 0000000000000000 0000000000000000 0000000000000000 0000000000000000 0000000000000000 0000000000000000
ZMM29=0000000000000000 0000000000000000 0000000000000000 0000000000000000 0000000000000000 0000000000000000 0000000000000000 0000000000000000
ZMM30=0000000000000000 0000000000000000 0000000000000000 0000000000000000 0000000000000000 0000000000000000 0000000000000000 0000000000000000
ZMM31=0000000000000000 0000000000000000 0000000000000000 0000000000000000 0000000000000000 0000000000000000 0000000000000000 0000000000000000
info registers vcpu 1
RAX=0000000000000000 RBX=00000000000783ff RCX=ffff888019af8000 RDX=0000000000000000
RSI=00000000ffffffff RDI=ffffffff8db2e080 RBP=00000000ffffffff RSP=ffffc900003ef858
R8 =ffffffff8f28de6f R9 =1ffffffff1e51bcd R10=dffffc0000000000 R11=fffffbfff1e51bce
R12=0000000000000000 R13=ffff888019af8000 R14=ffff8880257c1ff8 R15=1ffff9200007df1c
RIP=ffffffff8b1475de RFL=00000246 [---Z-P-] CPL=0 II=0 A20=1 SMM=0 HLT=0
ES =0000 0000000000000000 ffffffff 00c00100
CS =0010 0000000000000000 ffffffff 00a09b00 DPL=0 CS64 [-RA]
SS =0018 0000000000000000 ffffffff 00c09300 DPL=0 DS   [-WA]
DS =0000 0000000000000000 ffffffff 00c00100
FS =0000 0000000000000000 ffffffff 00c00100
GS =0000 ffff88807ec00000 ffffffff 00c00100
LDT=0000 0000000000000000 00000000 00000000
TR =0040 fffffe000004a000 00004087 00008b00 DPL=0 TSS64-busy
GDT=     fffffe0000048000 0000007f
IDT=     fffffe0000000000 00000fff
CR0=80050033 CR2=00007f7edb800218 CR3=000000004e369000 CR4=00750ee0
DR0=0000000000000000 DR1=0000000000000000 DR2=0000000000000000 DR3=0000000000000000 
DR6=00000000fffe0ff0 DR7=0000000000000400
EFER=0000000000000d01
FCW=037f FSW=0000 [ST=0] FTW=00 MXCSR=00001f80
FPR0=0000000000000000 0000 FPR1=0000000000000000 0000
FPR2=0000000000000000 0000 FPR3=0000000000000000 0000
FPR4=0000000000000000 0000 FPR5=0000000000000000 0000
FPR6=0000000000000000 0000 FPR7=0000000000000000 0000
Opmask00=0000000000000000 Opmask01=0000000000030100 Opmask02=00000000ffffffef Opmask03=0000000000000000
Opmask04=0000000000000000 Opmask05=0000000000000000 Opmask06=0000000000000000 Opmask07=0000000000000000
ZMM00=0000000000000000 0000000000000000 0000000000000000 0000000000000000 0000000000000000 0000000000000000 0000000000989680 0000000000000000
ZMM01=0000000000000000 0000000000000000 0000000000000000 0000000000000000 0000000000000000 0000000000000000 0000000000000000 0000000000989680
ZMM02=0000000000000000 0000000000000000 0000000000000000 0000000000000000 0000000000000000 0000000000000000 00007f005232d660 00007f005232d660
ZMM03=0000000000000000 0000000000000000 0000000000000000 0000000000000000 0000000000000000 0000000000000000 00007ffcf5962020 00007ffcf5962020
ZMM04=0000000000000000 0000000000000000 0000000000000000 0000000000000000 0000000000000000 0000000000000000 0000000000000000 00007ffcf596205f
ZMM05=0000000000000000 0000000000000000 0000000000000000 0000000000000000 0000000000000000 0000000000000000 000055555631f500 0000000000000000
ZMM06=0000000000000000 0000000000000000 0000000000000000 0000000000000000 0000000000000000 0000000000000000 0000000000000000 00007f005232d660
ZMM07=0000000000000000 0000000000000000 0000000000000000 0000000000000000 0000000000000000 0000000000000000 00007f00515a4878 0000000000000000
ZMM08=0000000000000000 0000000000000000 0000000000000000 0000000000000000 0000000000000000 0000000000000000 0000000000000000 0000000000000000
ZMM09=0000000000000000 0000000000000000 0000000000000000 0000000000000000 0000000000000000 0000000000000000 0000000000000000 0000000000000000
ZMM10=0000000000000000 0000000000000000 0000000000000000 0000000000000000 0000000000000000 0000000000000000 0000000000000000 0000000000000000
ZMM11=0000000000000000 0000000000000000 0000000000000000 0000000000000000 0000000000000000 0000000000000000 0000000000000000 0000000000000000
ZMM12=0000000000000000 0000000000000000 0000000000000000 0000000000000000 0000000000000000 0000000000000000 0000000000000000 0000000000000000
ZMM13=0000000000000000 0000000000000000 0000000000000000 0000000000000000 0000000000000000 0000000000000000 0000000000000000 0000000000000000
ZMM14=0000000000000000 0000000000000000 0000000000000000 0000000000000000 0000000000000000 0000000000000000 0000000000000000 0000000000000000
ZMM15=0000000000000000 0000000000000000 0000000000000000 0000000000000000 0000000000000000 0000000000000000 0000000000000000 0000000000000000
ZMM16=0000000000000000 0000000000000000 0000000000000000 0000000000000000 0000000000000000 0000000000000000 0000000000000000 0000000000000000
ZMM17=0000000000000000 0000000000000000 0000000000000000 0000000000000000 0000000000000000 0000000000000000 0000000000000000 0000000000000000
ZMM18=0000000000000000 0000000000000000 0000000000000000 0000000000000000 0000000000000000 0000000000000000 0000000000000000 0000000000000000
ZMM19=0000000000000000 0000000000000000 0000000000000000 0000000000000000 0000000000000000 0000000000000000 0000000000000000 0000000000000000
ZMM20=0000000000000000 0000000000000000 0000000000000000 0000000000000000 0000000000000000 00000000000001f0 0000000000000006 0000000000000000
ZMM21=0000000000000000 0000000000000000 0000000000000000 0000000000000000 0000000000000000 0000000000000000 0000000000000000 000000524f525245
ZMM22=0000000000000000 0000000000000000 0000000000000000 0000000000000000 0000000000000000 0000000000000000 0000000000000000 00524f5252450040
ZMM23=0000000000000000 0000000000000000 0000000000000000 0000000000000000 0000000000000000 0000000000000000 0000000000000000 00e800a800000000
ZMM24=0000000000000000 0000000000000000 0000000000000000 0000000000000000 0000000000000000 0000000000000000 0000000000000000 0000000000000000
ZMM25=0000000000000000 0000000000000000 0000000000000000 0000000000000000 0000000000000000 0000000000000000 0000000000000000 0000000000000000
ZMM26=0000000000000000 0000000000000000 0000000000000000 0000000000000000 0000000000000000 0000000000000000 0000000000000000 0000000000000000
ZMM27=0000000000000000 0000000000000000 0000000000000000 0000000000000000 0000000000000000 0000000000000000 0000000000000000 0000000000000000
ZMM28=0000000000000000 0000000000000000 0000000000000000 0000000000000000 0000000000000000 0000000000000000 0000000000000000 0000000000000000
ZMM29=0000000000000000 0000000000000000 0000000000000000 0000000000000000 0000000000000000 0000000000000000 0000000000000000 0000000000000000
ZMM30=0000000000000000 0000000000000000 0000000000000000 0000000000000000 0000000000000000 0000000000000000 0000000000000000 0000000000000000
ZMM31=0000000000000000 0000000000000000 0000000000000000 0000000000000000 0000000000000000 0000000000000000 0000000000000000 0000000000000000
