buildroot login: [  176.111485][    C0] 
[  176.114666][    C0] =============================
[  176.116315][    C0] [ BUG: Invalid wait context ]
[  176.118121][    C0] 6.6.0 #1 Not tainted
[  176.119954][    C0] -----------------------------
[  176.121850][    C0] scp/2947 is trying to lock:
[  176.123637][    C0] ff600000ffdefb58 (&zone->lock){-.-.}-{3:3}, at: __rmqueue_pcplist+0x274/0x1084
[  176.130355][    C0] other info that might help us debug this:
[  176.132808][    C0] context-{2:2}
[  176.136774][    C0] 7 locks held by scp/2947:
[  176.141635][    C0]  #0: ff60000091a1a410 (sb_writers#4){.+.+}-{0:0}, at: vfs_write+0x24a/0x966
[  176.149348][    C0]  #1: ff6000008bb7ddb8 (&sb->s_type->i_mutex_key#8){++++}-{4:4}, at: ext4_buffered_write_iter+0xa6/0x37a
[  176.154181][    C0]  #2: ffffffff87b63c88 (remove_cache_srcu){.+.+}-{0:0}, at: kasan_quarantine_reduce+0x34/0x1e6
[  176.158726][    C0]  #3: ffffffff879c5d00 (rcu_read_lock){....}-{1:3}, at: page_ext_get+0x0/0x424
[  176.162033][    C0]  #4: ffffffff879c5d00 (rcu_read_lock){....}-{1:3}, at: dev_gro_receive+0xcb0/0x252e
[  176.165120][    C0]  #5: ff600000fdcfee18 (&rq->__lock){-.-.}-{2:2}, at: scheduler_tick+0x10a/0x89c
[  176.168165][    C0]  #6: ff600000fdd041d8 (&pcp->lock){+.+.}-{3:3}, at: get_page_from_freelist+0xa96/0x3116
[  176.171532][    C0] stack backtrace:
[  176.173118][    C0] CPU: 0 PID: 2947 Comm: scp Not tainted 6.6.0 #1
[  176.175247][    C0] Hardware name: riscv-virtio,qemu (DT)
[  176.177155][    C0] Call Trace:
[  176.178306][    C0] [<ffffffff8000dc50>] dump_backtrace+0x32/0x3c
[  176.180203][    C0] [<ffffffff85aeb8b6>] show_stack+0x34/0x40
[  176.181965][    C0] [<ffffffff85b4131c>] dump_stack_lvl+0xe2/0x14c
[  176.183870][    C0] [<ffffffff85b413a2>] dump_stack+0x1c/0x24
[  176.185761][    C0] [<ffffffff8023e890>] __lock_acquire+0x6de2/0x6f34
[  176.187701][    C0] [<ffffffff8023ed30>] lock_acquire+0x34e/0xd20
[  176.189512][    C0] [<ffffffff85b651a6>] _raw_spin_lock_irqsave+0x3e/0x62
[  176.191519][    C0] [<ffffffff80869476>] __rmqueue_pcplist+0x274/0x1084
[  176.193472][    C0] [<ffffffff8086df7e>] get_page_from_freelist+0xb10/0x3116
[  176.195544][    C0] [<ffffffff808719ea>] __alloc_pages+0x1d6/0x243a
[  176.197437][    C0] [<ffffffff808e2270>] alloc_pages+0x2ae/0x45c
[  176.199264][    C0] [<ffffffff816da494>] __stack_depot_save+0x434/0x602
[  176.201170][    C0] [<ffffffff809145b2>] kasan_save_stack+0x50/0x62
[  176.203063][    C0] [<ffffffff80916ad0>] __kasan_record_aux_stack+0xe4/0x146
[  176.205109][    C0] [<ffffffff80916ee4>] kasan_record_aux_stack+0xe/0x16
[  176.207096][    C0] [<ffffffff80130ba8>] task_work_add+0x9c/0x276
[  176.208985][    C0] [<ffffffff8018607e>] task_tick_mm_cid+0xd0/0x186
[  176.210909][    C0] [<ffffffff801863ca>] scheduler_tick+0x296/0x89c
[  176.212802][    C0] [<ffffffff80318c14>] update_process_times+0x1be/0x25e
[  176.214807][    C0] [<ffffffff8034eec8>] tick_sched_handle+0x78/0x152
[  176.216724][    C0] [<ffffffff8034fa5c>] tick_sched_timer+0xc0/0x1c6
[  176.218568][    C0] [<ffffffff8031bab8>] __hrtimer_run_queues+0x1f4/0xbbe
[  176.220590][    C0] [<ffffffff8031eeae>] hrtimer_interrupt+0x2c4/0x79c
[  176.222530][    C0] [<ffffffff84192570>] riscv_timer_interrupt+0x7a/0xcc
[  176.224488][    C0] [<ffffffff8027c4da>] handle_percpu_devid_irq+0x284/0x59e
[  176.226438][    C0] [<ffffffff80265bd4>] generic_handle_domain_irq+0x76/0xaa
[  176.228524][    C0] [<ffffffff816e7b9e>] riscv_intc_irq+0x6e/0xa2
[  176.230609][    C0] [<ffffffff85b424e4>] handle_riscv_irq+0x2e/0x4c
[  176.232609][    C0] [<ffffffff85b42ba2>] do_irq+0x92/0xb4
[  176.234342][    C0] [<ffffffff80006ef8>] ret_from_exception+0x0/0x64
[  176.236203][    C0] [<ffffffff85091cf6>] inet_gro_receive+0x184/0xf9a
[  176.238100][    C0] [<ffffffff84a6311a>] dev_gro_receive+0x10ea/0x252e
[  176.239956][    C0] [<ffffffff84a647b6>] napi_gro_receive+0x258/0xd7e
[  176.241781][    C0] [<ffffffff82dbe392>] receive_buf+0x11b2/0x77d0
[  176.243651][    C0] [<ffffffff82dc5202>] virtnet_poll+0x852/0x131e
[  176.245490][    C0] [<ffffffff849935e4>] __napi_poll.constprop.0+0xa4/0x79c
[  176.247488][    C0] [<ffffffff84994506>] net_rx_action+0x82a/0xc92
[  176.249323][    C0] [<ffffffff85b66a5c>] __do_softirq+0x410/0x102e
[  176.251222][    C0] [<ffffffff800c8790>] __irq_exit_rcu+0x16a/0x436
[  176.253128][    C0] [<ffffffff800c8dee>] irq_exit_rcu+0xc/0x114
[  176.254948][    C0] [<ffffffff85b424f6>] handle_riscv_irq+0x40/0x4c
[  176.256864][    C0] [<ffffffff85b42b7a>] do_irq+0x6a/0xb4
[  232.152747][    C0] hrtimer: interrupt took 71688100 ns
Warning: Permanently added '[localhost]:4566' (ED25519) to the list of known hosts.

VM DIAGNOSIS:
01:53:30  Registers:
info registers vcpu 0
 pc       ffffffff804049f6
 mhartid  0000000000000000
 mstatus  0000000a000000a2
 mip      0000000000000000
 mie      00000000000002aa
 mideleg  0000000000000222
 medeleg  000000000000b109
 mtvec    0000000080000520
 stvec    ffffffff80006e1c
 mepc     ffffffff80017912
 sepc     ffffffff804049f6
 mcause   0000000000000009
 scause   8000000000000005
 mtval    0000000000000000
 stval    0000000000000000
 mscratch 000000008001a000
 sscratch 0000000000000000
 satp     a006e000001066d5
 x0/zero  0000000000000000 x1/ra    ffffffff807cb10e x2/sp    ff20000004903420 x3/gp    ffffffff890652c0
 x4/tp    ff6000008a681980 x5/t0    ffffffff8023e9e2 x6/t1    00000000000f0000 x7/t2    ffffffff87223478
 x8/s0    ff20000004903450 x9/s1    ff1c000004500680 x10/a0   0000000000000007 x11/a1   0000000000000000
 x12/a2   0000000000000000 x13/a3   ffffffff807cb100 x14/a4   0000000000000000 x15/a5   ff6000008a682980
 x16/a6   0000000000000003 x17/a7   0000000000000000 x18/s2   ff1c000004500648 x19/s3   1fec0000115eaaa9
 x20/s4   0000000045006893 x21/s5   0000000000100073 x22/s6   ff1c000004500680 x23/s7   ff1c0000045006b4
 x24/s8   ff1c000004500680 x25/s9   00005555b70a9000 x26/s10  dfffffff00000000 x27/s11  ff6000008ff76548
 x28/t3   0000000000f00000 x29/t4   ffe37fff008a00d6 x30/t5   ffe37fff008a00d7 x31/t6   fffffffff3000000
 f0/ft0   0000000000000000 f1/ft1   0000000000000000 f2/ft2   0000000000000000 f3/ft3   0000000000000000
 f4/ft4   0000000000000000 f5/ft5   0000000000000000 f6/ft6   0000000000000000 f7/ft7   0000000000000000
 f8/fs0   0000000000000000 f9/fs1   0000000000000000 f10/fa0  0000000000000000 f11/fa1  0000000000000000
 f12/fa2  0000000000000000 f13/fa3  0000000000000000 f14/fa4  0000000000000000 f15/fa5  0000000000000000
 f16/fa6  0000000000000000 f17/fa7  0000000000000000 f18/fs2  0000000000000000 f19/fs3  0000000000000000
 f20/fs4  0000000000000000 f21/fs5  0000000000000000 f22/fs6  0000000000000000 f23/fs7  0000000000000000
 f24/fs8  0000000000000000 f25/fs9  0000000000000000 f26/fs10 0000000000000000 f27/fs11 0000000000000000
 f28/ft8  0000000000000000 f29/ft9  0000000000000000 f30/ft10 0000000000000000 f31/ft11 0000000000000000
info registers vcpu 1
 pc       ffffffff80836990
 mhartid  0000000000000001
 mstatus  0000000a000000a2
 mip      0000000000000000
 mie      00000000000002aa
 mideleg  0000000000000222
 medeleg  000000000000b109
 mtvec    0000000080000520
 stvec    ffffffff80006e1c
 mepc     ffffffff80017912
 sepc     ffffffff8001d8d4
 mcause   0000000000000009
 scause   8000000000000005
 mtval    0000000000000000
 stval    0000000000000000
 mscratch 0000000080018000
 sscratch 0000000000000000
 satp     a008a0000010f8d1
 x0/zero  0000000000000000 x1/ra    ffffffff80836990 x2/sp    ff2000000035ba40 x3/gp    ffffffff890652c0
 x4/tp    ff6000008d059980 x5/t0    ffffffff8023e9e2 x6/t1    00000000000f0000 x7/t2    ffffffff87223478
 x8/s0    ff2000000035ba90 x9/s1    ff1c0000045ee5c0 x10/a0   0000000000000007 x11/a1   0000000000000000
 x12/a2   0000000000000000 x13/a3   ffffffff80836990 x14/a4   0000000000000000 x15/a5   ff6000008d05a980
 x16/a6   0000000000000003 x17/a7   0000000000000000 x18/s2   ff1c00000450ea48 x19/s3   0000000000000000
 x20/s4   1fe38000008bdcb9 x21/s5   ff1c0000045ee5c0 x22/s6   ff60000083e9e441 x23/s7   0000000000000001
 x24/s8   ff2000000035bc90 x25/s9   ff2000000035bba0 x26/s10  1fe400000006b795 x27/s11  0000000000000001
 x28/t3   0000000000f00000 x29/t4   ffe37fff008bdcbe x30/t5   ffe37fff008bdcbf x31/t6   fffffffff3000000
 f0/ft0   0000000000000000 f1/ft1   0000000000000000 f2/ft2   0000000000000000 f3/ft3   0000000000000000
 f4/ft4   0000000000000000 f5/ft5   0000000000000000 f6/ft6   0000000000000000 f7/ft7   0000000000000000
 f8/fs0   0000000000000000 f9/fs1   0000000000000000 f10/fa0  0000000000000000 f11/fa1  0000000000000000
 f12/fa2  0000000000000000 f13/fa3  0000000000000000 f14/fa4  0000000000000000 f15/fa5  0000000000000000
 f16/fa6  0000000000000000 f17/fa7  0000000000000000 f18/fs2  0000000000000000 f19/fs3  0000000000000000
 f20/fs4  0000000000000000 f21/fs5  0000000000000000 f22/fs6  0000000000000000 f23/fs7  0000000000000000
 f24/fs8  0000000000000000 f25/fs9  0000000000000000 f26/fs10 0000000000000000 f27/fs11 0000000000000000
 f28/ft8  0000000000000000 f29/ft9  0000000000000000 f30/ft10 0000000000000000 f31/ft11 0000000000000000
