Warning: Permanently added '[localhost]:44185' (ED25519) to the list of known hosts.
2025/09/07 14:59:29 parsed 1 programs
syzkaller login: [  207.414790][ T9357] cgroup: Unknown subsys name 'net'
[  207.589285][ T9357] cgroup: Unknown subsys name 'rlimit'
[  214.238267][ T9357] Adding 124996k swap on ./swap-file.  Priority:0 extents:1 across:124996k 
[  219.748082][   T31] wlan0: Created IBSS using preconfigured BSSID 50:50:50:50:50:50
[  219.751366][   T31] wlan0: Creating new IBSS network, BSSID 50:50:50:50:50:50
[  219.948612][   T85] wlan1: Created IBSS using preconfigured BSSID 50:50:50:50:50:50
[  219.951157][   T85] wlan1: Creating new IBSS network, BSSID 50:50:50:50:50:50
[  222.819718][ T5115] Bluetooth: hci0: unexpected cc 0x0c03 length: 249 > 1
[  222.840666][ T5115] Bluetooth: hci0: unexpected cc 0x1003 length: 249 > 9
[  222.855580][ T5115] Bluetooth: hci0: unexpected cc 0x1001 length: 249 > 9
[  222.861778][ T5115] Bluetooth: hci0: unexpected cc 0x0c23 length: 249 > 4
[  222.866109][ T5115] Bluetooth: hci0: unexpected cc 0x0c25 length: 249 > 3
[  222.869330][ T5115] Bluetooth: hci0: unexpected cc 0x0c38 length: 249 > 2
[  225.620792][ T1310] ieee802154 phy0 wpan0: encryption failed: -22
[  225.624011][ T1310] ieee802154 phy1 wpan1: encryption failed: -22
[  229.531329][ T9769] chnl_net:caif_netlink_parms(): no params data found
[  229.942979][ T9769] bridge0: port 1(bridge_slave_0) entered blocking state
[  229.951063][ T9769] bridge0: port 1(bridge_slave_0) entered disabled state
[  229.956005][ T9769] bridge_slave_0: entered allmulticast mode
[  229.959454][ T9769] bridge_slave_0: entered promiscuous mode
[  229.969204][ T9769] bridge0: port 2(bridge_slave_1) entered blocking state
[  229.970994][ T9769] bridge0: port 2(bridge_slave_1) entered disabled state
[  229.972703][ T9769] bridge_slave_1: entered allmulticast mode
[  229.977136][ T9769] bridge_slave_1: entered promiscuous mode
[  230.072292][ T9769] bond0: (slave bond_slave_0): Enslaving as an active interface with an up link
[  230.078889][ T9769] bond0: (slave bond_slave_1): Enslaving as an active interface with an up link
[  230.180112][ T9769] team0: Port device team_slave_0 added
[  230.190162][ T9769] team0: Port device team_slave_1 added
[  230.287827][ T9769] batman_adv: batadv0: Adding interface: batadv_slave_0
[  230.289331][ T9769] batman_adv: batadv0: The MTU of interface batadv_slave_0 is too small (1500) to handle the transport of batman-adv packets. Packets going over this interface will be fragmented on layer2 which could impact the performance. Setting the MTU to 1560 would solve the problem.
[  230.295761][ T9769] batman_adv: batadv0: Not using interface batadv_slave_0 (retrying later): interface not active
[  230.302438][ T9769] batman_adv: batadv0: Adding interface: batadv_slave_1
[  230.306498][ T9769] batman_adv: batadv0: The MTU of interface batadv_slave_1 is too small (1500) to handle the transport of batman-adv packets. Packets going over this interface will be fragmented on layer2 which could impact the performance. Setting the MTU to 1560 would solve the problem.
[  230.311703][ T9769] batman_adv: batadv0: Not using interface batadv_slave_1 (retrying later): interface not active
[  230.430464][ T9769] hsr_slave_0: entered promiscuous mode
[  230.433260][ T9769] hsr_slave_1: entered promiscuous mode
[  230.998846][ T9769] netdevsim netdevsim0 netdevsim0: renamed from eth0
[  231.011032][ T9769] netdevsim netdevsim0 netdevsim1: renamed from eth1
[  231.022753][ T9769] netdevsim netdevsim0 netdevsim2: renamed from eth2
[  231.057365][ T9769] netdevsim netdevsim0 netdevsim3: renamed from eth3
[  231.297651][ T9769] 8021q: adding VLAN 0 to HW filter on device bond0
[  231.359819][ T9769] 8021q: adding VLAN 0 to HW filter on device team0
[  231.375316][ T5161] bridge0: port 1(bridge_slave_0) entered blocking state
[  231.377334][ T5161] bridge0: port 1(bridge_slave_0) entered forwarding state
[  231.429858][ T5161] bridge0: port 2(bridge_slave_1) entered blocking state
[  231.431488][ T5161] bridge0: port 2(bridge_slave_1) entered forwarding state
[  231.860836][ T9769] 8021q: adding VLAN 0 to HW filter on device batadv0
[  231.935359][ T9769] veth0_vlan: entered promiscuous mode
[  231.950886][ T9769] veth1_vlan: entered promiscuous mode
[  232.008603][ T9769] veth0_macvtap: entered promiscuous mode
[  232.021225][ T9769] veth1_macvtap: entered promiscuous mode
[  232.061717][ T9769] batman_adv: batadv0: Interface activated: batadv_slave_0
[  232.080420][ T9769] batman_adv: batadv0: Interface activated: batadv_slave_1
[  232.100002][ T9769] netdevsim netdevsim0 netdevsim0: set [1, 0] type 2 family 0 port 6081 - 0
[  232.102126][ T9769] netdevsim netdevsim0 netdevsim1: set [1, 0] type 2 family 0 port 6081 - 0
[  232.115232][ T9769] netdevsim netdevsim0 netdevsim2: set [1, 0] type 2 family 0 port 6081 - 0
[  232.117225][ T9769] netdevsim netdevsim0 netdevsim3: set [1, 0] type 2 family 0 port 6081 - 0
[  233.659440][   T11] netdevsim netdevsim0 netdevsim3 (unregistering): unset [1, 0] type 2 family 0 port 6081 - 0
2025/09/07 15:00:01 executed programs: 0
[  234.443723][   T53] Bluetooth: hci0: unexpected cc 0x0c03 length: 249 > 1
[  234.448501][   T53] Bluetooth: hci0: unexpected cc 0x1003 length: 249 > 9
[  234.465357][   T53] Bluetooth: hci0: unexpected cc 0x1001 length: 249 > 9
[  234.500154][   T53] Bluetooth: hci0: unexpected cc 0x0c23 length: 249 > 4
[  234.515336][   T53] Bluetooth: hci0: unexpected cc 0x0c25 length: 249 > 3
[  234.518352][   T53] Bluetooth: hci0: unexpected cc 0x0c38 length: 249 > 2
[  235.333215][T10135] chnl_net:caif_netlink_parms(): no params data found
[  235.576016][T10135] bridge0: port 1(bridge_slave_0) entered blocking state
[  235.578148][T10135] bridge0: port 1(bridge_slave_0) entered disabled state
[  235.580195][T10135] bridge_slave_0: entered allmulticast mode
[  235.583806][T10135] bridge_slave_0: entered promiscuous mode
[  235.596154][T10135] bridge0: port 2(bridge_slave_1) entered blocking state
[  235.599157][T10135] bridge0: port 2(bridge_slave_1) entered disabled state
[  235.600952][T10135] bridge_slave_1: entered allmulticast mode
[  235.609852][T10135] bridge_slave_1: entered promiscuous mode
[  235.778838][T10135] bond0: (slave bond_slave_0): Enslaving as an active interface with an up link
[  235.801588][T10135] bond0: (slave bond_slave_1): Enslaving as an active interface with an up link
[  235.979603][   T11] netdevsim netdevsim0 netdevsim2 (unregistering): unset [1, 0] type 2 family 0 port 6081 - 0
[  236.023774][T10135] team0: Port device team_slave_0 added
[  236.031501][T10135] team0: Port device team_slave_1 added
[  236.139162][T10135] batman_adv: batadv0: Adding interface: batadv_slave_0
[  236.140862][T10135] batman_adv: batadv0: The MTU of interface batadv_slave_0 is too small (1500) to handle the transport of batman-adv packets. Packets going over this interface will be fragmented on layer2 which could impact the performance. Setting the MTU to 1560 would solve the problem.
[  236.151307][T10135] batman_adv: batadv0: Not using interface batadv_slave_0 (retrying later): interface not active
[  236.159862][T10135] batman_adv: batadv0: Adding interface: batadv_slave_1
[  236.161650][T10135] batman_adv: batadv0: The MTU of interface batadv_slave_1 is too small (1500) to handle the transport of batman-adv packets. Packets going over this interface will be fragmented on layer2 which could impact the performance. Setting the MTU to 1560 would solve the problem.
[  236.170412][T10135] batman_adv: batadv0: Not using interface batadv_slave_1 (retrying later): interface not active
[  236.352883][T10135] hsr_slave_0: entered promiscuous mode
[  236.357576][T10135] hsr_slave_1: entered promiscuous mode
[  236.359953][T10135] debugfs: Directory 'hsr0' with parent 'hsr' already present!
[  236.362870][T10135] Cannot create hsr debugfs directory
[  236.568335][ T5115] Bluetooth: hci0: command 0x0409 tx timeout
[  236.640038][   T11] netdevsim netdevsim0 netdevsim1 (unregistering): unset [1, 0] type 2 family 0 port 6081 - 0
[  236.890438][   T11] netdevsim netdevsim0 netdevsim0 (unregistering): unset [1, 0] type 2 family 0 port 6081 - 0
[  238.442451][T10135] netdevsim netdevsim0 netdevsim0: renamed from eth0
[  238.480641][   T11] hsr_slave_0: left promiscuous mode
[  238.483323][   T11] hsr_slave_1: left promiscuous mode
[  238.487075][   T11] batman_adv: batadv0: Interface deactivated: batadv_slave_0
[  238.488760][   T11] batman_adv: batadv0: Removing interface: batadv_slave_0
[  238.505412][   T11] batman_adv: batadv0: Interface deactivated: batadv_slave_1
[  238.507085][   T11] batman_adv: batadv0: Removing interface: batadv_slave_1
[  238.515221][   T11] bridge_slave_1: left allmulticast mode
[  238.516484][   T11] bridge_slave_1: left promiscuous mode
[  238.519568][   T11] bridge0: port 2(bridge_slave_1) entered disabled state
[  238.539869][   T11] bridge_slave_0: left allmulticast mode
[  238.541139][   T11] bridge_slave_0: left promiscuous mode
[  238.542766][   T11] bridge0: port 1(bridge_slave_0) entered disabled state
[  238.569574][   T11] veth1_macvtap: left promiscuous mode
[  238.571618][   T11] veth0_macvtap: left promiscuous mode
[  238.577356][   T11] veth1_vlan: left promiscuous mode
[  238.579189][   T11] veth0_vlan: left promiscuous mode
[  238.644276][ T5115] Bluetooth: hci0: command 0x041b tx timeout
[  239.302526][   T11] team0 (unregistering): Port device team_slave_1 removed
[  239.331059][   T11] team0 (unregistering): Port device team_slave_0 removed
[  239.357688][   T11] bond0 (unregistering): (slave bond_slave_1): Releasing backup interface
[  239.389028][   T11] bond0 (unregistering): (slave bond_slave_0): Releasing backup interface
[  239.583809][   T11] bond0 (unregistering): Released all slaves
[  239.711013][T10135] netdevsim netdevsim0 netdevsim1: renamed from eth1
[  239.740282][T10135] netdevsim netdevsim0 netdevsim2: renamed from eth2
[  239.780216][T10135] netdevsim netdevsim0 netdevsim3: renamed from eth3
[  240.150725][T10135] 8021q: adding VLAN 0 to HW filter on device bond0
[  240.318622][T10135] 8021q: adding VLAN 0 to HW filter on device team0
[  240.355549][ T8620] bridge0: port 1(bridge_slave_0) entered blocking state
[  240.357448][ T8620] bridge0: port 1(bridge_slave_0) entered forwarding state
[  240.430506][ T5161] bridge0: port 2(bridge_slave_1) entered blocking state
[  240.432195][ T5161] bridge0: port 2(bridge_slave_1) entered forwarding state
[  240.724417][ T5115] Bluetooth: hci0: command 0x040f tx timeout
[  241.309325][T10135] 8021q: adding VLAN 0 to HW filter on device batadv0
[  241.520867][T10135] veth0_vlan: entered promiscuous mode
[  241.586385][T10135] veth1_vlan: entered promiscuous mode
[  241.740956][T10135] veth0_macvtap: entered promiscuous mode
[  241.778077][T10135] veth1_macvtap: entered promiscuous mode
[  241.909666][T10135] batman_adv: batadv0: Interface activated: batadv_slave_0
[  241.936006][T10135] batman_adv: batadv0: Interface activated: batadv_slave_1
[  241.950845][T10135] netdevsim netdevsim0 netdevsim0: set [1, 0] type 2 family 0 port 6081 - 0
[  241.953122][T10135] netdevsim netdevsim0 netdevsim1: set [1, 0] type 2 family 0 port 6081 - 0
[  241.957412][T10135] netdevsim netdevsim0 netdevsim2: set [1, 0] type 2 family 0 port 6081 - 0
[  241.959335][T10135] netdevsim netdevsim0 netdevsim3: set [1, 0] type 2 family 0 port 6081 - 0
[  242.287992][   T85] wlan0: Created IBSS using preconfigured BSSID 50:50:50:50:50:50
[  242.290752][   T85] wlan0: Creating new IBSS network, BSSID 50:50:50:50:50:50
[  242.529806][   T85] wlan1: Created IBSS using preconfigured BSSID 50:50:50:50:50:50
[  242.531512][   T85] wlan1: Creating new IBSS network, BSSID 50:50:50:50:50:50
[  242.690827][T10525] ------------[ cut here ]------------
[  242.692070][T10525] WARNING: CPU: 0 PID: 10525 at mm/page_alloc.c:4402 __alloc_pages+0x30a/0x560
[  242.694652][T10525] Modules linked in:
[  242.695543][T10525] CPU: 0 PID: 10525 Comm: syz.0.17 Not tainted 6.6.0 #1
[  242.697063][T10525] Hardware name: QEMU Standard PC (i440FX + PIIX, 1996), BIOS 1.15.0-1 04/01/2014
[  242.699037][T10525] RIP: 0010:__alloc_pages+0x30a/0x560
[  242.700741][T10525] Code: 5c 24 04 0f 85 f3 00 00 00 44 89 e1 81 e1 7f ff ff ff a9 00 00 04 00 41 0f 44 cc 41 89 cc e9 e3 00 00 00 c6 05 81 67 35 0d 01 <0f> 0b 83 fb 0a 0f 86 c8 fd ff ff 31 db 48 c7 44 24 20 0e 36 e0 45
[  242.707854][T10525] RSP: 0018:ffffc900053bf9c0 EFLAGS: 00010246
[  242.709183][T10525] RAX: ffffc900053bfa20 RBX: 0000000000000019 RCX: 0000000000000000
[  242.710849][T10525] RDX: 0000000000000000 RSI: 0000000000000000 RDI: ffffc900053bfa48
[  242.712587][T10525] RBP: ffffc900053bfad8 R08: ffffffff8881fed0 R09: 0000000000000000
[  242.715125][T10525] R10: ffffc900053bfa20 R11: fffff52000a77fc8 R12: 0000000000040dc0
[  242.716804][T10525] R13: 1ffff92000a77f40 R14: dffffc0000000000 R15: 1ffff92000a77f3c
[  242.718444][T10525] FS:  00005555573ab500(0000) GS:ffff88802be00000(0000) knlGS:0000000000000000
[  242.720307][T10525] CS:  0010 DS: 0000 ES: 0000 CR0: 0000000080050033
[  242.721702][T10525] CR2: 0000001b2e263fff CR3: 0000000065468000 CR4: 0000000000750ef0
[  242.723333][T10525] DR0: 0000000000000000 DR1: 0000000000000000 DR2: 0000000000000000
[  242.725159][T10525] DR3: 0000000000000000 DR6: 00000000fffe0ff0 DR7: 0000000000000400
[  242.726841][T10525] PKRU: 00000000
[  242.727625][T10525] Call Trace:
[  242.728351][T10525]  <TASK>
[  242.729021][T10525]  ? __warn+0x15e/0x2d0
[  242.730131][T10525]  ? report_bug+0x2a8/0x4f0
[  242.731491][T10525]  ? __alloc_pages+0x30a/0x560
[  242.732731][T10525]  ? handle_bug+0x3d/0x70
[  242.733967][T10525]  ? exc_invalid_op+0x16/0x40
[  242.734995][T10525]  ? asm_exc_invalid_op+0x16/0x20
[  242.736105][T10525]  ? comedi_unlocked_ioctl+0x330/0x1130
[  242.737353][T10525]  ? __alloc_pages+0x30a/0x560
[  242.738400][T10525]  ? zone_statistics+0x160/0x160
[  242.739485][T10525]  ? __might_sleep+0xc0/0xc0
[  242.740494][T10525]  ? __might_fault+0xa1/0x110
[  242.741510][T10525]  ? __lock_acquire+0x2050/0x2050
[  242.742644][T10525]  __kmalloc_large_node+0x95/0x1f0
[  242.744182][T10525]  ? comedi_unlocked_ioctl+0xa3a/0x1130
[  242.745812][T10525]  __kmalloc+0xfe/0x190
[  242.746920][T10525]  comedi_unlocked_ioctl+0xa3a/0x1130
[  242.749108][T10525]  ? tomoyo_path_number_perm+0x55d/0x6e0
[  242.750664][T10525]  ? comedi_poll+0x900/0x900
[  242.751965][T10525]  ? tomoyo_path_number_perm+0x5dc/0x6e0
[  242.753817][T10525]  ? tomoyo_path_number_perm+0x1f6/0x6e0
[  242.755789][T10525]  ? tomoyo_check_path_acl+0x1c0/0x1c0
[  242.757242][T10525]  ? count_memcg_event_mm+0x3be/0x410
[  242.758607][T10525]  ? do_futex+0x370/0x490
[  242.759627][T10525]  ? print_irqtrace_events+0x220/0x220
[  242.760798][T10525]  ? lockdep_hardirqs_on_prepare+0x448/0x7b0
[  242.762099][T10525]  ? bpf_lsm_file_ioctl+0x5/0x10
[  242.763167][T10525]  ? security_file_ioctl+0x9d/0xb0
[  242.764406][T10525]  ? comedi_poll+0x900/0x900
[  242.765507][T10525]  __se_sys_ioctl+0xfe/0x170
[  242.766532][T10525]  do_syscall_64+0x2b/0x50
[  242.767536][T10525]  entry_SYSCALL_64_after_hwframe+0x63/0xcd
[  242.768820][T10525] RIP: 0033:0x7fa8d89ae16d
[  242.769802][T10525] Code: 02 b8 ff ff ff ff c3 66 0f 1f 44 00 00 f3 0f 1e fa 48 89 f8 48 89 f7 48 89 d6 48 89 ca 4d 89 c2 4d 89 c8 4c 8b 4c 24 08 0f 05 <48> 3d 01 f0 ff ff 73 01 c3 48 c7 c1 a8 ff ff ff f7 d8 64 89 01 48
[  242.773753][T10525] RSP: 002b:00007ffc511d0098 EFLAGS: 00000246 ORIG_RAX: 0000000000000010
[  242.775600][T10525] RAX: ffffffffffffffda RBX: 00007fa8d8bf5fa0 RCX: 00007fa8d89ae16d
[  242.777251][T10525] RDX: 0000200000000080 RSI: 000000008010640b RDI: 0000000000000003
[  242.778922][T10525] RBP: 00007fa8d8a480f0 R08: 0000000000000000 R09: 0000000000000000
[  242.780594][T10525] R10: 0000000000000000 R11: 0000000000000246 R12: 0000000000000000
[  242.782258][T10525] R13: 00007fa8d8bf5fac R14: 00007fa8d8bf5fa0 R15: 0000000000000000
[  242.784056][T10525]  </TASK>
[  242.784769][T10525] Kernel panic - not syncing: kernel: panic_on_warn set ...
[  242.786312][T10525] CPU: 0 PID: 10525 Comm: syz.0.17 Not tainted 6.6.0 #1
[  242.787759][T10525] Hardware name: QEMU Standard PC (i440FX + PIIX, 1996), BIOS 1.15.0-1 04/01/2014
[  242.789642][T10525] Call Trace:
[  242.790338][T10525]  <TASK>
[  242.790992][T10525]  dump_stack_lvl+0x1e3/0x2d0
[  242.792001][T10525]  ? nf_tcp_handle_invalid+0x650/0x650
[  242.793164][T10525]  ? panic+0x760/0x760
[  242.794086][T10525]  ? __alloc_pages+0x2b0/0x560
[  242.795118][T10525]  panic+0x2f5/0x760
[  242.796032][T10525]  ? __warn+0x16d/0x2d0
[  242.796933][T10525]  ? __memcpy_flushcache+0x2e0/0x2e0
[  242.798091][T10525]  ? __alloc_pages+0x30a/0x560
[  242.799111][T10525]  __warn+0x284/0x2d0
[  242.800016][T10525]  report_bug+0x2a8/0x4f0
[  242.800978][T10525]  ? __alloc_pages+0x30a/0x560
[  242.802006][T10525]  handle_bug+0x3d/0x70
[  242.802929][T10525]  exc_invalid_op+0x16/0x40
[  242.803918][T10525]  asm_exc_invalid_op+0x16/0x20
[  242.804952][T10525] RIP: 0010:__alloc_pages+0x30a/0x560
[  242.806096][T10525] Code: 5c 24 04 0f 85 f3 00 00 00 44 89 e1 81 e1 7f ff ff ff a9 00 00 04 00 41 0f 44 cc 41 89 cc e9 e3 00 00 00 c6 05 81 67 35 0d 01 <0f> 0b 83 fb 0a 0f 86 c8 fd ff ff 31 db 48 c7 44 24 20 0e 36 e0 45
[  242.809988][T10525] RSP: 0018:ffffc900053bf9c0 EFLAGS: 00010246
[  242.811252][T10525] RAX: ffffc900053bfa20 RBX: 0000000000000019 RCX: 0000000000000000
[  242.812984][T10525] RDX: 0000000000000000 RSI: 0000000000000000 RDI: ffffc900053bfa48
[  242.814804][T10525] RBP: ffffc900053bfad8 R08: ffffffff8881fed0 R09: 0000000000000000
[  242.816704][T10525] R10: ffffc900053bfa20 R11: fffff52000a77fc8 R12: 0000000000040dc0
[  242.818324][T10525] R13: 1ffff92000a77f40 R14: dffffc0000000000 R15: 1ffff92000a77f3c
[  242.819998][T10525]  ? comedi_unlocked_ioctl+0x330/0x1130
[  242.821215][T10525]  ? zone_statistics+0x160/0x160
[  242.822296][T10525]  ? __might_sleep+0xc0/0xc0
[  242.823294][T10525]  ? __might_fault+0xa1/0x110
[  242.824306][T10525]  ? __lock_acquire+0x2050/0x2050
[  242.825385][T10525]  __kmalloc_large_node+0x95/0x1f0
[  242.826481][T10525]  ? comedi_unlocked_ioctl+0xa3a/0x1130
[  242.827670][T10525]  __kmalloc+0xfe/0x190
[  242.828602][T10525]  comedi_unlocked_ioctl+0xa3a/0x1130
[  242.829743][T10525]  ? tomoyo_path_number_perm+0x55d/0x6e0
[  242.830925][T10525]  ? comedi_poll+0x900/0x900
[  242.831904][T10525]  ? tomoyo_path_number_perm+0x5dc/0x6e0
[  242.833078][T10525]  ? tomoyo_path_number_perm+0x1f6/0x6e0
[  242.834263][T10525]  ? tomoyo_check_path_acl+0x1c0/0x1c0
[  242.835425][T10525]  ? count_memcg_event_mm+0x3be/0x410
[  242.836582][T10525]  ? do_futex+0x370/0x490
[  242.837524][T10525]  ? print_irqtrace_events+0x220/0x220
[  242.838684][T10525]  ? lockdep_hardirqs_on_prepare+0x448/0x7b0
[  242.839953][T10525]  ? bpf_lsm_file_ioctl+0x5/0x10
[  242.841008][T10525]  ? security_file_ioctl+0x9d/0xb0
[  242.842092][T10525]  ? comedi_poll+0x900/0x900
[  242.843072][T10525]  __se_sys_ioctl+0xfe/0x170
[  242.844082][T10525]  do_syscall_64+0x2b/0x50
[  242.845038][T10525]  entry_SYSCALL_64_after_hwframe+0x63/0xcd
[  242.846285][T10525] RIP: 0033:0x7fa8d89ae16d
[  242.847315][T10525] Code: 02 b8 ff ff ff ff c3 66 0f 1f 44 00 00 f3 0f 1e fa 48 89 f8 48 89 f7 48 89 d6 48 89 ca 4d 89 c2 4d 89 c8 4c 8b 4c 24 08 0f 05 <48> 3d 01 f0 ff ff 73 01 c3 48 c7 c1 a8 ff ff ff f7 d8 64 89 01 48
[  242.851233][T10525] RSP: 002b:00007ffc511d0098 EFLAGS: 00000246 ORIG_RAX: 0000000000000010
[  242.852981][T10525] RAX: ffffffffffffffda RBX: 00007fa8d8bf5fa0 RCX: 00007fa8d89ae16d
[  242.854599][T10525] RDX: 0000200000000080 RSI: 000000008010640b RDI: 0000000000000003
[  242.856251][T10525] RBP: 00007fa8d8a480f0 R08: 0000000000000000 R09: 0000000000000000
[  242.857907][T10525] R10: 0000000000000000 R11: 0000000000000246 R12: 0000000000000000
[  242.859530][T10525] R13: 00007fa8d8bf5fac R14: 00007fa8d8bf5fa0 R15: 0000000000000000
[  242.861199][T10525]  </TASK>
[  242.862604][T10525] Kernel Offset: disabled
[  242.863751][T10525] Rebooting in 86400 seconds..

VM DIAGNOSIS:
23:00:10  Registers:
info registers vcpu 0
RAX=0000000000000030 RBX=ffffffff9816e580 RCX=0000000000000000 RDX=00000000000003f8
RSI=0000000000000000 RDI=0000000000000020 RBP=0000000000000000 RSP=ffffc900053bf010
R8 =ffffffff84e2d6c6 R9 =1ffff11003b76046 R10=dffffc0000000000 R11=ffffed1003b76047
R12=dffffc0000000000 R13=dffffc0000000001 R14=0000000000000030 R15=00000000000003f8
RIP=ffffffff84e2d6f9 RFL=00000002 [-------] CPL=0 II=0 A20=1 SMM=0 HLT=0
ES =0000 0000000000000000 ffffffff 00c00000
CS =0010 0000000000000000 ffffffff 00a09b00 DPL=0 CS64 [-RA]
SS =0018 0000000000000000 ffffffff 00c09300 DPL=0 DS   [-WA]
DS =0000 0000000000000000 ffffffff 00c00000
FS =0000 00005555573ab500 ffffffff 00c00000
GS =0000 ffff88802be00000 ffffffff 00c00000
LDT=0000 0000000000000000 ffffffff 00c00000
TR =0040 fffffe0000003000 00004087 00008b00 DPL=0 TSS64-busy
GDT=     fffffe0000001000 0000007f
IDT=     fffffe0000000000 00000fff
CR0=80050033 CR2=0000001b2e263fff CR3=0000000065468000 CR4=00750ef0
DR0=0000000000000000 DR1=0000000000000000 DR2=0000000000000000 DR3=0000000000000000 
DR6=00000000fffe0ff0 DR7=0000000000000400
EFER=0000000000000d01
FCW=037f FSW=0000 [ST=0] FTW=00 MXCSR=00001f80
FPR0=0000000000000000 0000 FPR1=0000000000000000 0000
FPR2=0000000000000000 0000 FPR3=0000000000000000 0000
FPR4=0000000000000000 0000 FPR5=0000000000000000 0000
FPR6=0000000000000000 0000 FPR7=0000000000000000 0000
Opmask00=0000000000008001 Opmask01=0000000001000003 Opmask02=00000000ffffffef Opmask03=0000000000000000
Opmask04=0000000000000000 Opmask05=0000000000000000 Opmask06=0000000000000000 Opmask07=0000000000000000
ZMM00=0000000000000000 0000000000000000 0000000000000000 0000000000000000 0000000000000000 0000000000000000 0000000000000000 0000000000000000
ZMM01=0000000000000000 0000000000000000 0000000000000000 0000000000000000 0000000000000000 0000000000000000 00007ffc511d0160 0000003000000028
ZMM02=0000000000000000 0000000000000000 0000000000000000 0000000000000000 0000000000000000 0000000000000000 0000000000000000 00007ffc511d02e0
ZMM03=0000000000000000 0000000000000000 0000000000000000 0000000000000000 0000000000000000 0000000000000000 00007ffc511d02e0 00007ffc511d02e0
ZMM04=0000000000000000 0000000000000000 0000000000000000 0000000000000000 0000000000000000 0000000000000000 0000000000000000 00007ffc511d031f
ZMM05=0000000000000000 0000000000000000 0000000000000000 0000000000000000 0000000000000000 0000000000000000 00005555573ab500 0000000000000000
ZMM06=0000000000000000 0000000000000000 0000000000000000 0000000000000000 0000000000000000 0000000000000000 0000000000000000 00007fa8d972d660
ZMM07=0000000000000000 0000000000000000 0000000000000000 0000000000000000 0000000000000000 0000000000000000 00007fa8d89a4878 0000000000000000
ZMM08=0000000000000000 0000000000000000 0000000000000000 0000000000000000 0000000000000000 0000000000000000 0000000000000000 0000000000000000
ZMM09=0000000000000000 0000000000000000 0000000000000000 0000000000000000 0000000000000000 0000000000000000 0000000000000000 0000000000000000
ZMM10=0000000000000000 0000000000000000 0000000000000000 0000000000000000 0000000000000000 0000000000000000 0000000000000000 0000000000000000
ZMM11=0000000000000000 0000000000000000 0000000000000000 0000000000000000 0000000000000000 0000000000000000 0000000000000000 0000000000000000
ZMM12=0000000000000000 0000000000000000 0000000000000000 0000000000000000 0000000000000000 0000000000000000 0000000000000000 0000000000000000
ZMM13=0000000000000000 0000000000000000 0000000000000000 0000000000000000 0000000000000000 0000000000000000 0000000000000000 0000000000000000
ZMM14=0000000000000000 0000000000000000 0000000000000000 0000000000000000 0000000000000000 0000000000000000 0000000000000000 0000000000000000
ZMM15=0000000000000000 0000000000000000 0000000000000000 0000000000000000 0000000000000000 0000000000000000 0000000000000000 0000000000000000
ZMM16=0000000000000000 0000000000000000 0000000000000000 0000000000000000 0000000000000000 0000000000000000 0000000000000000 0000000000000000
ZMM17=0000000000000000 0000000000000000 0000000000000000 0000000000000000 2525252525252525 2525252525252525 2525252525252525 2525252525252525
ZMM18=0000000000000000 0000000000000000 0000000000000000 0000000000000000 6f6c667265766f20 6772612061746164 000a747261745374 6f687370616e5300
ZMM19=0000000000000000 0000000000000000 0000000000000000 0000000000000000 4a49435740534a05 4257440544514441 000a515744515351 4a4d5655444b5300
ZMM20=0000000000000000 0000000000000000 0000000000000000 0000000000000000 0000000000000005 0000000000000000 0000000000000000 000000000000018c
ZMM21=0000000000000000 0000000000000000 0000000000000000 0000000000000000 0000000000000000 0000000000000000 0000000000000000 000000524f525245
ZMM22=0000000000000000 0000000000000000 0000000000000000 0000000000000000 0000000000000000 0000000000000000 0000000000000000 00524f5252450040
ZMM23=0000000000000000 0000000000000000 0000000000000000 0000000000000000 0000000000000000 0000000000000000 0000000000000000 00e800a800000000
ZMM24=0000000000000000 0000000000000000 0000000000000000 0000000000000000 0000000000000000 0000000000000000 0000000000000000 0000000000000000
ZMM25=0000000000000000 0000000000000000 0000000000000000 0000000000000000 0000000000000000 0000000000000000 0000000000000000 0000000000000000
ZMM26=0000000000000000 0000000000000000 0000000000000000 0000000000000000 0000000000000000 0000000000000000 0000000000000000 0000000000000000
ZMM27=0000000000000000 0000000000000000 0000000000000000 0000000000000000 0000000000000000 0000000000000000 0000000000000000 0000000000000000
ZMM28=0000000000000000 0000000000000000 0000000000000000 0000000000000000 0000000000000000 0000000000000000 0000000000000000 0000000000000000
ZMM29=0000000000000000 0000000000000000 0000000000000000 0000000000000000 0000000000000000 0000000000000000 0000000000000000 0000000000000000
ZMM30=0000000000000000 0000000000000000 0000000000000000 0000000000000000 0000000000000000 0000000000000000 0000000000000000 0000000000000000
ZMM31=0000000000000000 0000000000000000 0000000000000000 0000000000000000 0000000000000000 0000000000000000 0000000000000000 0000000000000000
info registers vcpu 1
RAX=0000000000000000 RBX=ffff8880004a01a0 RCX=ffff888046000000 RDX=0000000000000000
RSI=00000000ffffffff RDI=ffff8880004a01a0 RBP=00000000ffffffff RSP=ffffc9000530f278
R8 =ffffffff8b0b1f4e R9 =ffffffff8b0b1cbc R10=0000000000000003 R11=ffff888046000000
R12=0000000000000246 R13=ffff888046000000 R14=00000000ffffffff R15=ffff8880004a01a0
RIP=ffffffff8b1475fa RFL=00000246 [---Z-P-] CPL=0 II=0 A20=1 SMM=0 HLT=0
ES =0000 0000000000000000 ffffffff 00c00000
CS =0010 0000000000000000 ffffffff 00a09b00 DPL=0 CS64 [-RA]
SS =0018 0000000000000000 ffffffff 00c09300 DPL=0 DS   [-WA]
DS =0000 0000000000000000 ffffffff 00c00000
FS =0000 0000000000000000 ffffffff 00c00000
GS =0000 ffff88807ec00000 ffffffff 00c00000
LDT=0000 0000000000000000 00000000 00000000
TR =0040 fffffe000004a000 00004087 00008b00 DPL=0 TSS64-busy
GDT=     fffffe0000048000 0000007f
IDT=     fffffe0000000000 00000fff
CR0=80050033 CR2=00007f73e2db7260 CR3=00000000004fc000 CR4=00750ee0
DR0=0000000000000000 DR1=0000000000000000 DR2=0000000000000000 DR3=0000000000000000 
DR6=00000000fffe0ff0 DR7=0000000000000400
EFER=0000000000000d01
FCW=037f FSW=0000 [ST=0] FTW=00 MXCSR=00001f80
FPR0=0000000000000000 0000 FPR1=0000000000000000 0000
FPR2=0000000000000000 0000 FPR3=0000000000000000 0000
FPR4=0000000000000000 0000 FPR5=0000000000000000 0000
FPR6=0000000000000000 0000 FPR7=0000000000000000 0000
Opmask00=0000000000000000 Opmask01=0000000000000000 Opmask02=0000000000000000 Opmask03=0000000000000000
Opmask04=0000000000000000 Opmask05=0000000000000000 Opmask06=0000000000000000 Opmask07=0000000000000000
ZMM00=0000000000000000 0000000000000000 0000000000000000 0000000000000000 0000000000000000 0000000000000000 756e696c2d34365f 3638782f62696c2f
ZMM01=0000000000000000 0000000000000000 0000000000000000 0000000000000000 0000000000000000 0000000000000000 78756e696c657362 696c2f756e672d78
ZMM02=0000000000000000 0000000000000000 0000000000000000 0000000000000000 0000000000000000 0000000000000000 00312e6f732e7875 6e696c657362696c
ZMM03=0000000000000000 0000000000000000 0000000000000000 0000000000000000 0000000000000000 0000000000000000 2f756e672d78756e 696c2d34365f3638
ZMM04=0000000000000000 0000000000000000 0000000000000000 0000000000000000 0000000000000000 0000000000000000 0000000000000000 0000000000000000
ZMM05=0000000000000000 0000000000000000 0000000000000000 0000000000000000 0000000000000000 0000000000000000 0000000000000000 0000000000000000
ZMM06=0000000000000000 0000000000000000 0000000000000000 0000000000000000 0000000000000000 0000000000000000 0000000000000000 0000000000000000
ZMM07=0000000000000000 0000000000000000 0000000000000000 0000000000000000 0000000000000000 0000000000000000 0000000000000000 0000000000000000
ZMM08=0000000000000000 0000000000000000 0000000000000000 0000000000000000 0000000000000000 0000000000000000 0000000000000000 0000000000000000
ZMM09=0000000000000000 0000000000000000 0000000000000000 0000000000000000 0000000000000000 0000000000000000 0000000000000000 0000000000000000
ZMM10=0000000000000000 0000000000000000 0000000000000000 0000000000000000 0000000000000000 0000000000000000 0000000000000000 0000000000000000
ZMM11=0000000000000000 0000000000000000 0000000000000000 0000000000000000 0000000000000000 0000000000000000 0000000000000000 0000000000000000
ZMM12=0000000000000000 0000000000000000 0000000000000000 0000000000000000 0000000000000000 0000000000000000 0000000000000000 0000000000000000
ZMM13=0000000000000000 0000000000000000 0000000000000000 0000000000000000 0000000000000000 0000000000000000 0000000000000000 0000000000000000
ZMM14=0000000000000000 0000000000000000 0000000000000000 0000000000000000 0000000000000000 0000000000000000 0000000000000000 0000000000000000
ZMM15=0000000000000000 0000000000000000 0000000000000000 0000000000000000 0000000000000000 0000000000000000 0000000000000000 0000000000000000
ZMM16=0000000000000000 0000000000000000 0000000000000000 0000000000000000 0000000000000000 0000000000000000 0000000000000000 0000000000000000
ZMM17=0000000000000000 0000000000000000 0000000000000000 0000000000000000 0000000000000000 0000000000000000 0000000000000000 0000000000000000
ZMM18=0000000000000000 0000000000000000 0000000000000000 0000000000000000 0000000000000000 0000000000000000 0000000000000000 0000000000000000
ZMM19=0000000000000000 0000000000000000 0000000000000000 0000000000000000 0000000000000000 0000000000000000 0000000000000000 0000000000000000
ZMM20=0000000000000000 0000000000000000 0000000000000000 0000000000000000 0000000000000000 0000000000000000 0000000000000000 0000000000000000
ZMM21=0000000000000000 0000000000000000 0000000000000000 0000000000000000 0000000000000000 0000000000000000 0000000000000000 0000000000000000
ZMM22=0000000000000000 0000000000000000 0000000000000000 0000000000000000 0000000000000000 0000000000000000 0000000000000000 0000000000000000
ZMM23=0000000000000000 0000000000000000 0000000000000000 0000000000000000 0000000000000000 0000000000000000 0000000000000000 0000000000000000
ZMM24=0000000000000000 0000000000000000 0000000000000000 0000000000000000 0000000000000000 0000000000000000 0000000000000000 0000000000000000
ZMM25=0000000000000000 0000000000000000 0000000000000000 0000000000000000 0000000000000000 0000000000000000 0000000000000000 0000000000000000
ZMM26=0000000000000000 0000000000000000 0000000000000000 0000000000000000 0000000000000000 0000000000000000 0000000000000000 0000000000000000
ZMM27=0000000000000000 0000000000000000 0000000000000000 0000000000000000 0000000000000000 0000000000000000 0000000000000000 0000000000000000
ZMM28=0000000000000000 0000000000000000 0000000000000000 0000000000000000 0000000000000000 0000000000000000 0000000000000000 0000000000000000
ZMM29=0000000000000000 0000000000000000 0000000000000000 0000000000000000 0000000000000000 0000000000000000 0000000000000000 0000000000000000
ZMM30=0000000000000000 0000000000000000 0000000000000000 0000000000000000 0000000000000000 0000000000000000 0000000000000000 0000000000000000
ZMM31=0000000000000000 0000000000000000 0000000000000000 0000000000000000 0000000000000000 0000000000000000 0000000000000000 0000000000000000
