Warning: Permanently added '[localhost]:4331' (ED25519) to the list of known hosts.
2025/09/02 22:54:29 parsed 1 programs
syzkaller login: [  157.613401][ T9365] cgroup: Unknown subsys name 'net'
[  157.817805][ T9365] cgroup: Unknown subsys name 'rlimit'
[  158.547447][ T1308] ieee802154 phy0 wpan0: encryption failed: -22
[  158.549306][ T1308] ieee802154 phy1 wpan1: encryption failed: -22
[  163.298792][ T9365] Adding 124996k swap on ./swap-file.  Priority:0 extents:1 across:124996k 
[  168.149152][   T25] wlan0: Created IBSS using preconfigured BSSID 50:50:50:50:50:50
[  168.151186][   T25] wlan0: Creating new IBSS network, BSSID 50:50:50:50:50:50
[  168.334841][  T145] wlan1: Created IBSS using preconfigured BSSID 50:50:50:50:50:50
[  168.336607][  T145] wlan1: Creating new IBSS network, BSSID 50:50:50:50:50:50
[  173.242073][ T9639] Bluetooth: hci0: unexpected cc 0x0c03 length: 249 > 1
[  173.246019][ T9639] Bluetooth: hci0: unexpected cc 0x1003 length: 249 > 9
[  173.248596][ T9639] Bluetooth: hci0: unexpected cc 0x1001 length: 249 > 9
[  173.255135][ T9639] Bluetooth: hci0: unexpected cc 0x0c23 length: 249 > 4
[  173.257629][ T9639] Bluetooth: hci0: unexpected cc 0x0c25 length: 249 > 3
[  173.262584][ T9639] Bluetooth: hci0: unexpected cc 0x0c38 length: 249 > 2
[  175.642990][ T9755] chnl_net:caif_netlink_parms(): no params data found
[  175.878850][ T9755] bridge0: port 1(bridge_slave_0) entered blocking state
[  175.882804][ T9755] bridge0: port 1(bridge_slave_0) entered disabled state
[  175.884539][ T9755] bridge_slave_0: entered allmulticast mode
[  175.887834][ T9755] bridge_slave_0: entered promiscuous mode
[  175.895976][ T9755] bridge0: port 2(bridge_slave_1) entered blocking state
[  175.897747][ T9755] bridge0: port 2(bridge_slave_1) entered disabled state
[  175.899581][ T9755] bridge_slave_1: entered allmulticast mode
[  175.902764][ T9755] bridge_slave_1: entered promiscuous mode
[  175.988607][ T9755] bond0: (slave bond_slave_0): Enslaving as an active interface with an up link
[  175.995546][ T9755] bond0: (slave bond_slave_1): Enslaving as an active interface with an up link
[  176.084095][ T9755] team0: Port device team_slave_0 added
[  176.090789][ T9755] team0: Port device team_slave_1 added
[  176.175493][ T9755] batman_adv: batadv0: Adding interface: batadv_slave_0
[  176.177018][ T9755] batman_adv: batadv0: The MTU of interface batadv_slave_0 is too small (1500) to handle the transport of batman-adv packets. Packets going over this interface will be fragmented on layer2 which could impact the performance. Setting the MTU to 1560 would solve the problem.
[  176.187234][ T9755] batman_adv: batadv0: Not using interface batadv_slave_0 (retrying later): interface not active
[  176.194678][ T9755] batman_adv: batadv0: Adding interface: batadv_slave_1
[  176.196177][ T9755] batman_adv: batadv0: The MTU of interface batadv_slave_1 is too small (1500) to handle the transport of batman-adv packets. Packets going over this interface will be fragmented on layer2 which could impact the performance. Setting the MTU to 1560 would solve the problem.
[  176.203973][ T9755] batman_adv: batadv0: Not using interface batadv_slave_1 (retrying later): interface not active
[  176.324662][ T9755] hsr_slave_0: entered promiscuous mode
[  176.327568][ T9755] hsr_slave_1: entered promiscuous mode
[  176.740642][ T9755] netdevsim netdevsim0 netdevsim0: renamed from eth0
[  176.759086][ T9755] netdevsim netdevsim0 netdevsim1: renamed from eth1
[  176.776502][ T9755] netdevsim netdevsim0 netdevsim2: renamed from eth2
[  176.790925][ T9755] netdevsim netdevsim0 netdevsim3: renamed from eth3
[  176.981965][ T9755] 8021q: adding VLAN 0 to HW filter on device bond0
[  177.013980][ T9755] 8021q: adding VLAN 0 to HW filter on device team0
[  177.026658][ T1216] bridge0: port 1(bridge_slave_0) entered blocking state
[  177.028849][ T1216] bridge0: port 1(bridge_slave_0) entered forwarding state
[  177.046976][ T5166] bridge0: port 2(bridge_slave_1) entered blocking state
[  177.048642][ T5166] bridge0: port 2(bridge_slave_1) entered forwarding state
[  177.494336][ T9755] 8021q: adding VLAN 0 to HW filter on device batadv0
[  177.615277][ T9755] veth0_vlan: entered promiscuous mode
[  177.632380][ T9755] veth1_vlan: entered promiscuous mode
[  177.735305][ T9755] veth0_macvtap: entered promiscuous mode
[  177.747874][ T9755] veth1_macvtap: entered promiscuous mode
[  177.794940][ T9755] batman_adv: batadv0: Interface activated: batadv_slave_0
[  177.810476][ T9755] batman_adv: batadv0: Interface activated: batadv_slave_1
[  177.849785][ T9755] netdevsim netdevsim0 netdevsim0: set [1, 0] type 2 family 0 port 6081 - 0
[  177.851964][ T9755] netdevsim netdevsim0 netdevsim1: set [1, 0] type 2 family 0 port 6081 - 0
[  177.853806][ T9755] netdevsim netdevsim0 netdevsim2: set [1, 0] type 2 family 0 port 6081 - 0
[  177.855648][ T9755] netdevsim netdevsim0 netdevsim3: set [1, 0] type 2 family 0 port 6081 - 0
2025/09/02 22:54:55 executed programs: 0
[  179.244827][ T5120] Bluetooth: hci0: unexpected cc 0x0c03 length: 249 > 1
[  179.248550][ T5120] Bluetooth: hci0: unexpected cc 0x1003 length: 249 > 9
[  179.261537][ T5120] Bluetooth: hci0: unexpected cc 0x1001 length: 249 > 9
[  179.264682][ T5120] Bluetooth: hci0: unexpected cc 0x0c23 length: 249 > 4
[  179.267718][ T5120] Bluetooth: hci0: unexpected cc 0x0c25 length: 249 > 3
[  179.280417][ T5120] Bluetooth: hci0: unexpected cc 0x0c38 length: 249 > 2
[  180.037768][T10142] chnl_net:caif_netlink_parms(): no params data found
[  180.196770][   T10] netdevsim netdevsim0 netdevsim3 (unregistering): unset [1, 0] type 2 family 0 port 6081 - 0
[  180.296196][T10142] bridge0: port 1(bridge_slave_0) entered blocking state
[  180.300808][T10142] bridge0: port 1(bridge_slave_0) entered disabled state
[  180.302988][T10142] bridge_slave_0: entered allmulticast mode
[  180.306534][T10142] bridge_slave_0: entered promiscuous mode
[  180.318308][T10142] bridge0: port 2(bridge_slave_1) entered blocking state
[  180.323155][T10142] bridge0: port 2(bridge_slave_1) entered disabled state
[  180.325291][T10142] bridge_slave_1: entered allmulticast mode
[  180.329375][T10142] bridge_slave_1: entered promiscuous mode
[  180.443948][T10142] bond0: (slave bond_slave_0): Enslaving as an active interface with an up link
[  180.454378][T10142] bond0: (slave bond_slave_1): Enslaving as an active interface with an up link
[  180.546117][T10142] team0: Port device team_slave_0 added
[  180.554980][T10142] team0: Port device team_slave_1 added
[  180.645277][T10142] batman_adv: batadv0: Adding interface: batadv_slave_0
[  180.647246][T10142] batman_adv: batadv0: The MTU of interface batadv_slave_0 is too small (1500) to handle the transport of batman-adv packets. Packets going over this interface will be fragmented on layer2 which could impact the performance. Setting the MTU to 1560 would solve the problem.
[  180.657367][T10142] batman_adv: batadv0: Not using interface batadv_slave_0 (retrying later): interface not active
[  180.664890][T10142] batman_adv: batadv0: Adding interface: batadv_slave_1
[  180.666817][T10142] batman_adv: batadv0: The MTU of interface batadv_slave_1 is too small (1500) to handle the transport of batman-adv packets. Packets going over this interface will be fragmented on layer2 which could impact the performance. Setting the MTU to 1560 would solve the problem.
[  180.675531][T10142] batman_adv: batadv0: Not using interface batadv_slave_1 (retrying later): interface not active
[  180.794345][T10142] hsr_slave_0: entered promiscuous mode
[  180.797810][T10142] hsr_slave_1: entered promiscuous mode
[  180.810145][T10142] debugfs: Directory 'hsr0' with parent 'hsr' already present!
[  180.812826][T10142] Cannot create hsr debugfs directory
[  181.350641][ T5120] Bluetooth: hci0: command 0x0409 tx timeout
[  183.263129][   T10] netdevsim netdevsim0 netdevsim2 (unregistering): unset [1, 0] type 2 family 0 port 6081 - 0
[  183.335449][   T10] netdevsim netdevsim0 netdevsim1 (unregistering): unset [1, 0] type 2 family 0 port 6081 - 0
[  183.403002][   T10] netdevsim netdevsim0 netdevsim0 (unregistering): unset [1, 0] type 2 family 0 port 6081 - 0
[  183.420232][ T5120] Bluetooth: hci0: command 0x041b tx timeout
[  185.252435][   T10] hsr_slave_0: left promiscuous mode
[  185.256190][   T10] hsr_slave_1: left promiscuous mode
[  185.268027][   T10] batman_adv: batadv0: Interface deactivated: batadv_slave_0
[  185.270605][   T10] batman_adv: batadv0: Removing interface: batadv_slave_0
[  185.277150][   T10] batman_adv: batadv0: Interface deactivated: batadv_slave_1
[  185.278755][   T10] batman_adv: batadv0: Removing interface: batadv_slave_1
[  185.286792][   T10] bridge_slave_1: left allmulticast mode
[  185.288047][   T10] bridge_slave_1: left promiscuous mode
[  185.299048][   T10] bridge0: port 2(bridge_slave_1) entered disabled state
[  185.340596][   T10] bridge_slave_0: left allmulticast mode
[  185.342502][   T10] bridge_slave_0: left promiscuous mode
[  185.344607][   T10] bridge0: port 1(bridge_slave_0) entered disabled state
[  185.402235][   T10] veth1_macvtap: left promiscuous mode
[  185.404592][   T10] veth0_macvtap: left promiscuous mode
[  185.406603][   T10] veth1_vlan: left promiscuous mode
[  185.408611][   T10] veth0_vlan: left promiscuous mode
[  185.500299][ T5120] Bluetooth: hci0: command 0x040f tx timeout
[  186.076551][   T10] team0 (unregistering): Port device team_slave_1 removed
[  186.094806][   T10] team0 (unregistering): Port device team_slave_0 removed
[  186.107967][   T10] bond0 (unregistering): (slave bond_slave_1): Releasing backup interface
[  186.123359][   T10] bond0 (unregistering): (slave bond_slave_0): Releasing backup interface
[  186.260359][   T10] bond0 (unregistering): Released all slaves
[  186.344208][T10142] netdevsim netdevsim0 netdevsim0: renamed from eth0
[  186.358399][T10142] netdevsim netdevsim0 netdevsim1: renamed from eth1
[  186.366230][T10142] netdevsim netdevsim0 netdevsim2: renamed from eth2
[  186.375870][T10142] netdevsim netdevsim0 netdevsim3: renamed from eth3
[  186.551135][T10142] 8021q: adding VLAN 0 to HW filter on device bond0
[  186.578275][T10142] 8021q: adding VLAN 0 to HW filter on device team0
[  186.591299][ T5172] bridge0: port 1(bridge_slave_0) entered blocking state
[  186.593760][ T5172] bridge0: port 1(bridge_slave_0) entered forwarding state
[  186.615234][ T5172] bridge0: port 2(bridge_slave_1) entered blocking state
[  186.616932][ T5172] bridge0: port 2(bridge_slave_1) entered forwarding state
[  186.695745][T10142] hsr0: Slave B (hsr_slave_1) is not up; please bring it up to get a fully working HSR network
[  186.984272][T10142] 8021q: adding VLAN 0 to HW filter on device batadv0
[  187.064896][T10142] veth0_vlan: entered promiscuous mode
[  187.082996][T10142] veth1_vlan: entered promiscuous mode
[  187.134522][T10142] veth0_macvtap: entered promiscuous mode
[  187.143869][T10142] veth1_macvtap: entered promiscuous mode
[  187.172723][T10142] batman_adv: batadv0: Interface activated: batadv_slave_0
[  187.193443][T10142] batman_adv: batadv0: Interface activated: batadv_slave_1
[  187.208318][T10142] netdevsim netdevsim0 netdevsim0: set [1, 0] type 2 family 0 port 6081 - 0
[  187.212388][T10142] netdevsim netdevsim0 netdevsim1: set [1, 0] type 2 family 0 port 6081 - 0
[  187.214320][T10142] netdevsim netdevsim0 netdevsim2: set [1, 0] type 2 family 0 port 6081 - 0
[  187.216161][T10142] netdevsim netdevsim0 netdevsim3: set [1, 0] type 2 family 0 port 6081 - 0
[  187.411099][  T145] wlan0: Created IBSS using preconfigured BSSID 50:50:50:50:50:50
[  187.412836][  T145] wlan0: Creating new IBSS network, BSSID 50:50:50:50:50:50
[  187.514673][ T2947] wlan1: Created IBSS using preconfigured BSSID 50:50:50:50:50:50
[  187.516433][ T2947] wlan1: Creating new IBSS network, BSSID 50:50:50:50:50:50
[  187.579832][ T5120] Bluetooth: hci0: command 0x0419 tx timeout
2025/09/02 22:55:04 executed programs: 2
[  187.642200][T10540] 
[  187.642801][T10540] ======================================================
[  187.644254][T10540] WARNING: possible circular locking dependency detected
[  187.645721][T10540] 6.6.0 #1 Not tainted
[  187.646584][T10540] ------------------------------------------------------
[  187.648029][T10540] syz.0.17/10540 is trying to acquire lock:
[  187.649607][T10540] ffff888000c5d0b8 (&hdev->req_lock){+.+.}-{3:3}, at: hci_rfkill_set_block+0x11b/0x200
[  187.652785][T10540] 
[  187.652785][T10540] but task is already holding lock:
[  187.655181][T10540] ffffffff8f07c508 (rfkill_global_mutex){+.+.}-{3:3}, at: rfkill_fop_write+0x1c2/0x7b0
[  187.657220][T10540] 
[  187.657220][T10540] which lock already depends on the new lock.
[  187.657220][T10540] 
[  187.659371][T10540] 
[  187.659371][T10540] the existing dependency chain (in reverse order) is:
[  187.661200][T10540] 
[  187.661200][T10540] -> #3 (rfkill_global_mutex){+.+.}-{3:3}:
[  187.662905][T10540]        lock_acquire+0x1a9/0x400
[  187.663977][T10540]        __mutex_lock+0x131/0xd70
[  187.665046][T10540]        rfkill_register+0x30/0x8b0
[  187.666141][T10540]        hci_register_dev+0x51a/0xa60
[  187.667283][T10540]        vhci_create_device+0x3b7/0x720
[  187.668459][T10540]        vhci_write+0x385/0x440
[  187.669516][T10540]        vfs_write+0x783/0xaf0
[  187.670527][T10540]        ksys_write+0x19b/0x2c0
[  187.671562][T10540]        do_syscall_64+0x2b/0x50
[  187.672610][T10540]        entry_SYSCALL_64_after_hwframe+0x63/0xcd
[  187.673946][T10540] 
[  187.673946][T10540] -> #2 (&data->open_mutex){+.+.}-{3:3}:
[  187.675607][T10540]        lock_acquire+0x1a9/0x400
[  187.676677][T10540]        __mutex_lock+0x131/0xd70
[  187.677748][T10540]        vhci_send_frame+0x86/0xf0
[  187.678842][T10540]        hci_send_frame+0x1e7/0x360
[  187.679948][T10540]        hci_sched_acl_pkt+0x2c8/0x700
[  187.681095][T10540]        hci_tx_work+0x1b7/0x440
[  187.682140][T10540]        process_scheduled_works+0x8c5/0x1130
[  187.683429][T10540]        worker_thread+0xa7a/0x1040
[  187.684535][T10540]        kthread+0x2cd/0x360
[  187.685512][T10540]        ret_from_fork+0x44/0x70
[  187.686553][T10540]        ret_from_fork_asm+0x11/0x20
[  187.687679][T10540] 
[  187.687679][T10540] -> #1 ((work_completion)(&hdev->tx_work)){+.+.}-{0:0}:
[  187.689598][T10540]        lock_acquire+0x1a9/0x400
[  187.690664][T10540]        __flush_work+0x108/0xb00
[  187.691730][T10540]        hci_dev_close_sync+0x289/0xcf0
[  187.692898][T10540]        hci_unregister_dev+0x1d5/0x4c0
[  187.694075][T10540]        vhci_release+0x7f/0xd0
[  187.695109][T10540]        __fput+0x405/0x940
[  187.696084][T10540]        task_work_run+0x243/0x300
[  187.697166][T10540]        do_exit+0xa4e/0x25e0
[  187.698173][T10540]        do_group_exit+0x1fd/0x2b0
[  187.699281][T10540]        get_signal+0x176b/0x1830
[  187.700354][T10540]        arch_do_signal_or_restart+0x92/0x7c0
[  187.701633][T10540]        exit_to_user_mode_loop+0x74/0x160
[  187.702848][T10540]        exit_to_user_mode_prepare+0xad/0x110
[  187.704124][T10540]        syscall_exit_to_user_mode+0x2e/0x70
[  187.705400][T10540]        entry_SYSCALL_64_after_hwframe+0x63/0xcd
[  187.706740][T10540] 
[  187.706740][T10540] -> #0 (&hdev->req_lock){+.+.}-{3:3}:
[  187.708380][T10540]        validate_chain+0x185a/0x6510
[  187.709515][T10540]        __lock_acquire+0x1302/0x2050
[  187.710653][T10540]        lock_acquire+0x1a9/0x400
[  187.711720][T10540]        __mutex_lock+0x131/0xd70
[  187.712781][T10540]        hci_rfkill_set_block+0x11b/0x200
[  187.713982][T10540]        rfkill_set_block+0x1e7/0x430
[  187.715105][T10540]        rfkill_fop_write+0x5fb/0x7b0
[  187.716262][T10540]        vfs_write+0x28e/0xaf0
[  187.717291][T10540]        ksys_write+0x19b/0x2c0
[  187.718322][T10540]        do_syscall_64+0x2b/0x50
[  187.719371][T10540]        entry_SYSCALL_64_after_hwframe+0x63/0xcd
[  187.720715][T10540] 
[  187.720715][T10540] other info that might help us debug this:
[  187.720715][T10540] 
[  187.722823][T10540] Chain exists of:
[  187.722823][T10540]   &hdev->req_lock --> &data->open_mutex --> rfkill_global_mutex
[  187.722823][T10540] 
[  187.725671][T10540]  Possible unsafe locking scenario:
[  187.725671][T10540] 
[  187.727193][T10540]        CPU0                    CPU1
[  187.728314][T10540]        ----                    ----
[  187.729425][T10540]   lock(rfkill_global_mutex);
[  187.730441][T10540]                                lock(&data->open_mutex);
[  187.731921][T10540]                                lock(rfkill_global_mutex);
[  187.733441][T10540]   lock(&hdev->req_lock);
[  187.734402][T10540] 
[  187.734402][T10540]  *** DEADLOCK ***
[  187.734402][T10540] 
[  187.736065][T10540] 1 lock held by syz.0.17/10540:
[  187.737103][T10540]  #0: ffffffff8f07c508 (rfkill_global_mutex){+.+.}-{3:3}, at: rfkill_fop_write+0x1c2/0x7b0
[  187.739245][T10540] 
[  187.739245][T10540] stack backtrace:
[  187.740504][T10540] CPU: 0 PID: 10540 Comm: syz.0.17 Not tainted 6.6.0 #1
[  187.741952][T10540] Hardware name: QEMU Standard PC (i440FX + PIIX, 1996), BIOS 1.15.0-1 04/01/2014
[  187.743855][T10540] Call Trace:
[  187.744582][T10540]  <TASK>
[  187.745226][T10540]  dump_stack_lvl+0x1e3/0x2d0
[  187.746277][T10540]  ? nf_tcp_handle_invalid+0x650/0x650
[  187.747443][T10540]  ? print_circular_bug+0x13e/0x1c0
[  187.748554][T10540]  check_noncircular+0x36e/0x4a0
[  187.749626][T10540]  ? print_deadlock_bug+0x640/0x640
[  187.750744][T10540]  ? lockdep_lock+0x11d/0x2a0
[  187.751764][T10540]  ? _find_first_zero_bit+0xe8/0x110
[  187.752900][T10540]  validate_chain+0x185a/0x6510
[  187.753967][T10540]  ? validate_chain+0x124/0x6510
[  187.755039][T10540]  ? reacquire_held_locks+0x680/0x680
[  187.756198][T10540]  ? reacquire_held_locks+0x680/0x680
[  187.757373][T10540]  ? __lock_acquire+0x2050/0x2050
[  187.758456][T10540]  ? deref_stack_reg+0x1c5/0x250
[  187.759530][T10540]  ? reacquire_held_locks+0x680/0x680
[  187.760685][T10540]  ? reacquire_held_locks+0x680/0x680
[  187.761836][T10540]  ? is_bpf_text_address+0x2c3/0x2e0
[  187.762972][T10540]  ? is_bpf_text_address+0x22/0x2e0
[  187.764102][T10540]  ? stack_trace_save+0x1f0/0x1f0
[  187.765206][T10540]  ? mark_lock+0x9a/0x350
[  187.766153][T10540]  __lock_acquire+0x1302/0x2050
[  187.767222][T10540]  lock_acquire+0x1a9/0x400
[  187.768213][T10540]  ? hci_rfkill_set_block+0x11b/0x200
[  187.769390][T10540]  ? read_lock_is_recursive+0x10/0x10
[  187.770537][T10540]  ? __might_sleep+0xc0/0xc0
[  187.771545][T10540]  ? rcu_is_watching+0x11/0xb0
[  187.772575][T10540]  __mutex_lock+0x131/0xd70
[  187.773560][T10540]  ? hci_rfkill_set_block+0x11b/0x200
[  187.774720][T10540]  ? lockdep_hardirqs_on_prepare+0x448/0x7b0
[  187.776004][T10540]  ? hci_rfkill_set_block+0x11b/0x200
[  187.777174][T10540]  ? print_irqtrace_events+0x220/0x220
[  187.778361][T10540]  ? mutex_lock_nested+0x10/0x10
[  187.779432][T10540]  ? lockdep_hardirqs_on+0x95/0x140
[  187.780556][T10540]  ? _raw_spin_unlock_irqrestore+0xd9/0x130
[  187.781813][T10540]  ? _raw_spin_unlock+0x40/0x40
[  187.782867][T10540]  hci_rfkill_set_block+0x11b/0x200
[  187.783999][T10540]  ? hci_req_cmd_complete+0x960/0x960
[  187.785142][T10540]  rfkill_set_block+0x1e7/0x430
[  187.786193][T10540]  rfkill_fop_write+0x5fb/0x7b0
[  187.787241][T10540]  ? rfkill_fop_read+0x4d0/0x4d0
[  187.788321][T10540]  ? bpf_lsm_file_permission+0x5/0x10
[  187.789469][T10540]  ? security_file_permission+0xe0/0x620
[  187.790671][T10540]  ? vfs_write+0x1c6/0xaf0
[  187.791637][T10540]  ? rfkill_fop_read+0x4d0/0x4d0
[  187.792704][T10540]  vfs_write+0x28e/0xaf0
[  187.793630][T10540]  ? file_end_write+0x250/0x250
[  187.794677][T10540]  ? do_futex+0x370/0x490
[  187.795632][T10540]  ? __ia32_sys_get_robust_list+0x80/0x80
[  187.796852][T10540]  ? __fdget_pos+0x1d2/0x330
[  187.797858][T10540]  ksys_write+0x19b/0x2c0
[  187.798796][T10540]  ? print_irqtrace_events+0x220/0x220
[  187.799975][T10540]  ? __ia32_sys_read+0x80/0x80
[  187.801003][T10540]  ? syscall_enter_from_user_mode+0x2e/0x1a0
[  187.802301][T10540]  ? syscall_enter_from_user_mode+0x2e/0x1a0
[  187.803605][T10540]  do_syscall_64+0x2b/0x50
[  187.804571][T10540]  entry_SYSCALL_64_after_hwframe+0x63/0xcd
[  187.805852][T10540] RIP: 0033:0x7f251dfae16d
[  187.806833][T10540] Code: 02 b8 ff ff ff ff c3 66 0f 1f 44 00 00 f3 0f 1e fa 48 89 f8 48 89 f7 48 89 d6 48 89 ca 4d 89 c2 4d 89 c8 4c 8b 4c 24 08 0f 05 <48> 3d 01 f0 ff ff 73 01 c3 48 c7 c1 a8 ff ff ff f7 d8 64 89 01 48
[  187.810832][T10540] RSP: 002b:00007ffe17549228 EFLAGS: 00000246 ORIG_RAX: 0000000000000001
[  187.812609][T10540] RAX: ffffffffffffffda RBX: 00007f251e1f5fa0 RCX: 00007f251dfae16d
[  187.814244][T10540] RDX: 0000000000000008 RSI: 0000200000000080 RDI: 0000000000000003
[  187.815902][T10540] RBP: 00007f251e0480f0 R08: 0000000000000000 R09: 0000000000000000
[  187.817576][T10540] R10: 0000000000000000 R11: 0000000000000246 R12: 0000000000000000
[  187.819213][T10540] R13: 00007f251e1f5fac R14: 00007f251e1f5fa0 R15: 0000000000000000
[  187.820943][T10540]  </TASK>
2025/09/02 22:55:09 executed programs: 209
2025/09/02 22:55:14 executed programs: 450

VM DIAGNOSIS:
06:55:04  Registers:
info registers vcpu 0
RAX=0000000000000030 RBX=ffffffff9816e580 RCX=0000000000000000 RDX=00000000000003f8
RSI=0000000000000000 RDI=0000000000000020 RBP=0000000000000000 RSP=ffffc9000667eaf0
R8 =ffffffff84e2d6c6 R9 =1ffff110088c0046 R10=dffffc0000000000 R11=ffffed10088c0047
R12=dffffc0000000000 R13=dffffc0000000001 R14=0000000000000030 R15=00000000000003f8
RIP=ffffffff84e2d6f9 RFL=00000002 [-------] CPL=0 II=0 A20=1 SMM=0 HLT=0
ES =0000 0000000000000000 ffffffff 00c00000
CS =0010 0000000000000000 ffffffff 00a09b00 DPL=0 CS64 [-RA]
SS =0018 0000000000000000 ffffffff 00c09300 DPL=0 DS   [-WA]
DS =0000 0000000000000000 ffffffff 00c00000
FS =0000 00005555556c2500 ffffffff 00c00000
GS =0000 ffff88802be00000 ffffffff 00c00000
LDT=0000 0000000000000000 ffffffff 00c00000
TR =0040 fffffe0000003000 00004087 00008b00 DPL=0 TSS64-busy
GDT=     fffffe0000001000 0000007f
IDT=     fffffe0000000000 00000fff
CR0=80050033 CR2=0000001b2e963fff CR3=000000004d711000 CR4=00750ef0
DR0=0000000000000000 DR1=0000000000000000 DR2=0000000000000000 DR3=0000000000000000 
DR6=00000000fffe0ff0 DR7=0000000000000400
EFER=0000000000000d01
FCW=037f FSW=0000 [ST=0] FTW=00 MXCSR=00001f80
FPR0=0000000000000000 0000 FPR1=0000000000000000 0000
FPR2=0000000000000000 0000 FPR3=0000000000000000 0000
FPR4=0000000000000000 0000 FPR5=0000000000000000 0000
FPR6=0000000000000000 0000 FPR7=0000000000000000 0000
Opmask00=00000000fcffffc0 Opmask01=0000000000010000 Opmask02=0000000000400400 Opmask03=0000000000000000
Opmask04=0000000000000000 Opmask05=0000000000000000 Opmask06=0000000000000000 Opmask07=0000000000000000
ZMM00=0000000000000000 0000000000000000 0000000000000000 0000000000000000 0000000000000000 0000000000000000 0000000000000000 00006c696146002f
ZMM01=0000000000000000 0000000000000000 0000000000000000 0000000000000000 0000000000000000 0000000000000000 000000696e656420 737365636341002f
ZMM02=0000000000000000 0000000000000000 0000000000000000 0000000000000000 0000000000000000 0000000000000000 ffffff0f0e0d0c0b 0a09080706050403
ZMM03=0000000000000000 0000000000000000 0000000000000000 0000000000000000 0000000000000000 0000000000000000 696e656420737365 636341002f737973
ZMM04=0000000000000000 0000000000000000 0000000000000000 0000000000000000 0000000000000000 0000000000000000 ffffffffffffff00 ffffff0000000000
ZMM05=0000000000000000 0000000000000000 0000000000000000 0000000000000000 0000000000000000 0000000000000000 ffff000000000000 ffff000000000000
ZMM06=0000000000000000 0000000000000000 0000000000000000 0000000000000000 0000000000000000 0000000000000000 ffffffffffffff00 ffffff0000000000
ZMM07=0000000000000000 0000000000000000 0000000000000000 0000000000000000 0000000000000000 0000000000000000 0000000000000000 0000000000000000
ZMM08=0000000000000000 0000000000000000 0000000000000000 0000000000000000 0000000000000000 0000000000000000 0000000000000000 0000000000000000
ZMM09=0000000000000000 0000000000000000 0000000000000000 0000000000000000 0000000000000000 0000000000000000 6464646464646455 6464646464645455
ZMM10=0000000000000000 0000000000000000 0000000000000000 0000000000000000 0000000000000000 0000000000000000 08080d0f02164b52 1d0c144b55555654
ZMM11=0000000000000000 0000000000000000 0000000000000000 0000000000000000 0000000000000000 0000000000000000 0000000000000000 0000000000000000
ZMM12=0000000000000000 0000000000000000 0000000000000000 0000000000000000 0000000000000000 0000000000000000 0000000000000000 0000000000000000
ZMM13=0000000000000000 0000000000000000 0000000000000000 0000000000000000 0000000000000000 0000000000000000 0000000000000000 0000000000000000
ZMM14=0000000000000000 0000000000000000 0000000000000000 0000000000000000 0000000000000000 0000000000000000 0000000000000000 0000000000000000
ZMM15=0000000000000000 0000000000000000 0000000000000000 0000000000000000 0000000000000000 0000000000000000 0000000000000000 0000000000000000
ZMM16=0000000000000000 0000000000000000 0000000000000000 0000000000000000 0000000000000000 0000000000000000 0000000000000000 0000000000000000
ZMM17=0000000000000000 0000000000000000 0000000000000000 0000000000000000 0000000000000000 0000000000000000 44455a494c414954 494e495f43455355
ZMM18=0000000000000000 0000000000000000 0000000000000000 0000000000000000 4c4c494b46520030 63666e3d454d414e 5f4c4c494b465200 6c6c696b66723d4d
ZMM19=0000000000000000 0000000000000000 0000000000000000 0000000000000000 5f4c4c494b465200 303d45544154535f 4c4c494b46520063 666e3d455059545f
ZMM20=0000000000000000 0000000000000000 0000000000000000 0000000000000000 0000000000000000 00323739393d4d55 4e51455300307830 3d4e4f534145525f
ZMM21=0000000000000000 0000000000000000 0000000000000000 0000000000000000 4b434f4c425f5748 5f4c4c494b465200 303d45544154535f 4c4c494b46520063
ZMM22=0000000000000000 0000000000000000 0000000000000000 0000000000000000 666e3d455059545f 4c4c494b46520030 63666e3d454d414e 5f4c4c494b465200
ZMM23=0000000000000000 0000000000000000 0000000000000000 0000000000000000 6c6c696b66723d4d 4554535953425553 00306c6c696b6672 2f3063666e2f6366
ZMM24=0000000000000000 0000000000000000 0000000000000000 0000000000000000 0000000000000110 00000000000000ff 000000ff00000201 0000000200000001
ZMM25=0000000000000000 0000000000000000 0000000000000000 0000000000000000 0000000000000000 0000000000000000 0000000000000000 0000000000000000
ZMM26=0000000000000000 0000000000000000 0000000000000000 0000000000000000 0000000000000000 0000000000000000 0000000000000000 0000000000000000
ZMM27=0000000000000000 0000000000000000 0000000000000000 0000000000000000 0000000000000000 0000000000000000 0000000000000000 0000000000000000
ZMM28=0000000000000000 0000000000000000 0000000000000000 0000000000000000 0000000000000000 0000000000000000 0000000000000000 0000000000000000
ZMM29=0000000000000000 0000000000000000 0000000000000000 0000000000000000 0000000000000000 0000000000000000 0000000000000000 0000000000000000
ZMM30=0000000000000000 0000000000000000 0000000000000000 0000000000000000 0000000000000000 0000000000000000 0000000000000000 0000000000000000
ZMM31=0000000000000000 0000000000000000 0000000000000000 0000000000000000 0000000000000000 0000000000000000 0000000000000000 0000000000000000
info registers vcpu 1
RAX=0000000000000000 RBX=1ffff92000077f28 RCX=dffffc0000000000 RDX=dffffc0000000000
RSI=ffff888019a98000 RDI=ffffc900003bf940 RBP=ffffc900003bf9b0 RSP=ffffc900003bf8a0
R8 =ffffffff8f28de6f R9 =1ffffffff1e51bcd R10=dffffc0000000000 R11=fffffbfff1e51bce
R12=0000000000000000 R13=ffff888019a9843c R14=1ffff11003353087 R15=1ffff92000077f1c
RIP=ffffffff8162522a RFL=00000202 [-------] CPL=0 II=0 A20=1 SMM=0 HLT=0
ES =0000 0000000000000000 ffffffff 00c00000
CS =0010 0000000000000000 ffffffff 00a09b00 DPL=0 CS64 [-RA]
SS =0018 0000000000000000 ffffffff 00c09300 DPL=0 DS   [-WA]
DS =0000 0000000000000000 ffffffff 00c00000
FS =0000 0000000000000000 ffffffff 00c00000
GS =0000 ffff88807ec00000 ffffffff 00c00000
LDT=0000 0000000000000000 00000000 00000000
TR =0040 fffffe000004a000 00004087 00008b00 DPL=0 TSS64-busy
GDT=     fffffe0000048000 0000007f
IDT=     fffffe0000000000 00000fff
CR0=80050033 CR2=00007f8fe7b0c260 CR3=000000004666d000 CR4=00750ee0
DR0=0000000000000000 DR1=0000000000000000 DR2=0000000000000000 DR3=0000000000000000 
DR6=00000000fffe0ff0 DR7=0000000000000400
EFER=0000000000000d01
FCW=037f FSW=0000 [ST=0] FTW=00 MXCSR=00001f80
FPR0=0000000000000000 0000 FPR1=0000000000000000 0000
FPR2=0000000000000000 0000 FPR3=0000000000000000 0000
FPR4=0000000000000000 0000 FPR5=0000000000000000 0000
FPR6=0000000000000000 0000 FPR7=0000000000000000 0000
Opmask00=0000000000000000 Opmask01=0000000000000000 Opmask02=0000000000000000 Opmask03=0000000000000000
Opmask04=0000000000000000 Opmask05=0000000000000000 Opmask06=0000000000000000 Opmask07=0000000000000000
ZMM00=0000000000000000 0000000000000000 0000000000000000 0000000000000000 0000000000000000 0000000000000000 756e696c2d34365f 3638782f62696c2f
ZMM01=0000000000000000 0000000000000000 0000000000000000 0000000000000000 0000000000000000 0000000000000000 732e637434706962 696c2f756e672d78
ZMM02=0000000000000000 0000000000000000 0000000000000000 0000000000000000 0000000000000000 0000000000000000 00322e6f732e6374 34706962696c2f75
ZMM03=0000000000000000 0000000000000000 0000000000000000 0000000000000000 0000000000000000 0000000000000000 6e672d78756e696c 2d34365f3638782f
ZMM04=0000000000000000 0000000000000000 0000000000000000 0000000000000000 0000000000000000 0000000000000000 0000000000000000 0000000000000000
ZMM05=0000000000000000 0000000000000000 0000000000000000 0000000000000000 0000000000000000 0000000000000000 0000000000000000 0000000000000000
ZMM06=0000000000000000 0000000000000000 0000000000000000 0000000000000000 0000000000000000 0000000000000000 0000000000000000 0000000000000000
ZMM07=0000000000000000 0000000000000000 0000000000000000 0000000000000000 0000000000000000 0000000000000000 0000000000000000 0000000000000000
ZMM08=0000000000000000 0000000000000000 0000000000000000 0000000000000000 0000000000000000 0000000000000000 0000000000000000 0000000000000000
ZMM09=0000000000000000 0000000000000000 0000000000000000 0000000000000000 0000000000000000 0000000000000000 0000000000000000 0000000000000000
ZMM10=0000000000000000 0000000000000000 0000000000000000 0000000000000000 0000000000000000 0000000000000000 0000000000000000 0000000000000000
ZMM11=0000000000000000 0000000000000000 0000000000000000 0000000000000000 0000000000000000 0000000000000000 0000000000000000 0000000000000000
ZMM12=0000000000000000 0000000000000000 0000000000000000 0000000000000000 0000000000000000 0000000000000000 0000000000000000 0000000000000000
ZMM13=0000000000000000 0000000000000000 0000000000000000 0000000000000000 0000000000000000 0000000000000000 0000000000000000 0000000000000000
ZMM14=0000000000000000 0000000000000000 0000000000000000 0000000000000000 0000000000000000 0000000000000000 0000000000000000 0000000000000000
ZMM15=0000000000000000 0000000000000000 0000000000000000 0000000000000000 0000000000000000 0000000000000000 0000000000000000 0000000000000000
ZMM16=0000000000000000 0000000000000000 0000000000000000 0000000000000000 0000000000000000 0000000000000000 0000000000000000 0000000000000000
ZMM17=0000000000000000 0000000000000000 0000000000000000 0000000000000000 0000000000000000 0000000000000000 0000000000000000 0000000000000000
ZMM18=0000000000000000 0000000000000000 0000000000000000 0000000000000000 0000000000000000 0000000000000000 0000000000000000 0000000000000000
ZMM19=0000000000000000 0000000000000000 0000000000000000 0000000000000000 0000000000000000 0000000000000000 0000000000000000 0000000000000000
ZMM20=0000000000000000 0000000000000000 0000000000000000 0000000000000000 0000000000000000 0000000000000000 0000000000000000 0000000000000000
ZMM21=0000000000000000 0000000000000000 0000000000000000 0000000000000000 0000000000000000 0000000000000000 0000000000000000 0000000000000000
ZMM22=0000000000000000 0000000000000000 0000000000000000 0000000000000000 0000000000000000 0000000000000000 0000000000000000 0000000000000000
ZMM23=0000000000000000 0000000000000000 0000000000000000 0000000000000000 0000000000000000 0000000000000000 0000000000000000 0000000000000000
ZMM24=0000000000000000 0000000000000000 0000000000000000 0000000000000000 0000000000000000 0000000000000000 0000000000000000 0000000000000000
ZMM25=0000000000000000 0000000000000000 0000000000000000 0000000000000000 0000000000000000 0000000000000000 0000000000000000 0000000000000000
ZMM26=0000000000000000 0000000000000000 0000000000000000 0000000000000000 0000000000000000 0000000000000000 0000000000000000 0000000000000000
ZMM27=0000000000000000 0000000000000000 0000000000000000 0000000000000000 0000000000000000 0000000000000000 0000000000000000 0000000000000000
ZMM28=0000000000000000 0000000000000000 0000000000000000 0000000000000000 0000000000000000 0000000000000000 0000000000000000 0000000000000000
ZMM29=0000000000000000 0000000000000000 0000000000000000 0000000000000000 0000000000000000 0000000000000000 0000000000000000 0000000000000000
ZMM30=0000000000000000 0000000000000000 0000000000000000 0000000000000000 0000000000000000 0000000000000000 0000000000000000 0000000000000000
ZMM31=0000000000000000 0000000000000000 0000000000000000 0000000000000000 0000000000000000 0000000000000000 0000000000000000 0000000000000000
