Warning: Permanently added '[localhost]:31778' (ED25519) to the list of known hosts.
2025/09/02 15:15:48 parsed 1 programs
syzkaller login: [  158.165868][ T9363] cgroup: Unknown subsys name 'net'
[  158.306067][ T9363] cgroup: Unknown subsys name 'rlimit'
[  158.568759][ T1307] ieee802154 phy0 wpan0: encryption failed: -22
[  158.571663][ T1307] ieee802154 phy1 wpan1: encryption failed: -22
[  163.555541][ T9363] Adding 124996k swap on ./swap-file.  Priority:0 extents:1 across:124996k 
[  171.190681][ T9519] chnl_net:caif_netlink_parms(): no params data found
[  171.401484][ T9519] bridge0: port 1(bridge_slave_0) entered blocking state
[  171.405117][ T9519] bridge0: port 1(bridge_slave_0) entered disabled state
[  171.406858][ T9519] bridge_slave_0: entered allmulticast mode
[  171.410070][ T9519] bridge_slave_0: entered promiscuous mode
[  171.418082][ T9519] bridge0: port 2(bridge_slave_1) entered blocking state
[  171.419816][ T9519] bridge0: port 2(bridge_slave_1) entered disabled state
[  171.421515][ T9519] bridge_slave_1: entered allmulticast mode
[  171.424761][ T9519] bridge_slave_1: entered promiscuous mode
[  171.496282][ T9519] bond0: (slave bond_slave_0): Enslaving as an active interface with an up link
[  171.504533][ T9519] bond0: (slave bond_slave_1): Enslaving as an active interface with an up link
[  171.599759][ T9519] team0: Port device team_slave_0 added
[  171.606708][ T9519] team0: Port device team_slave_1 added
[  171.698478][ T9519] batman_adv: batadv0: Adding interface: batadv_slave_0
[  171.700017][ T9519] batman_adv: batadv0: The MTU of interface batadv_slave_0 is too small (1500) to handle the transport of batman-adv packets. Packets going over this interface will be fragmented on layer2 which could impact the performance. Setting the MTU to 1560 would solve the problem.
[  171.707219][ T9519] batman_adv: batadv0: Not using interface batadv_slave_0 (retrying later): interface not active
[  171.716573][ T9519] batman_adv: batadv0: Adding interface: batadv_slave_1
[  171.718058][ T9519] batman_adv: batadv0: The MTU of interface batadv_slave_1 is too small (1500) to handle the transport of batman-adv packets. Packets going over this interface will be fragmented on layer2 which could impact the performance. Setting the MTU to 1560 would solve the problem.
[  171.723484][ T9519] batman_adv: batadv0: Not using interface batadv_slave_1 (retrying later): interface not active
[  171.830873][ T9519] hsr_slave_0: entered promiscuous mode
[  171.836882][ T9519] hsr_slave_1: entered promiscuous mode
[  172.241626][ T9519] netdevsim netdevsim0 netdevsim0: renamed from eth0
[  172.265804][ T9519] netdevsim netdevsim0 netdevsim1: renamed from eth1
[  172.277855][ T9519] netdevsim netdevsim0 netdevsim2: renamed from eth2
[  172.296213][ T9519] netdevsim netdevsim0 netdevsim3: renamed from eth3
[  172.501158][ T9519] 8021q: adding VLAN 0 to HW filter on device bond0
[  172.548918][ T9519] 8021q: adding VLAN 0 to HW filter on device team0
[  172.565224][ T1183] bridge0: port 1(bridge_slave_0) entered blocking state
[  172.567225][ T1183] bridge0: port 1(bridge_slave_0) entered forwarding state
[  172.604551][ T1183] bridge0: port 2(bridge_slave_1) entered blocking state
[  172.606235][ T1183] bridge0: port 2(bridge_slave_1) entered forwarding state
[  172.980642][ T9519] 8021q: adding VLAN 0 to HW filter on device batadv0
[  173.060964][ T9519] veth0_vlan: entered promiscuous mode
[  173.080018][ T9519] veth1_vlan: entered promiscuous mode
[  173.138404][ T9519] veth0_macvtap: entered promiscuous mode
[  173.157225][ T9519] veth1_macvtap: entered promiscuous mode
[  173.184466][ T9519] batman_adv: batadv0: Interface activated: batadv_slave_0
[  173.196260][ T9519] batman_adv: batadv0: Interface activated: batadv_slave_1
[  173.204903][ T9519] netdevsim netdevsim0 netdevsim0: set [1, 0] type 2 family 0 port 6081 - 0
[  173.208462][ T9519] netdevsim netdevsim0 netdevsim1: set [1, 0] type 2 family 0 port 6081 - 0
[  173.210387][ T9519] netdevsim netdevsim0 netdevsim2: set [1, 0] type 2 family 0 port 6081 - 0
[  173.221825][ T9519] netdevsim netdevsim0 netdevsim3: set [1, 0] type 2 family 0 port 6081 - 0
[  173.467780][ T9519] syz-executor (9519) used greatest stack depth: 19432 bytes left
[  175.959786][   T11] netdevsim netdevsim0 netdevsim3 (unregistering): unset [1, 0] type 2 family 0 port 6081 - 0
[  176.329797][   T53] Bluetooth: hci0: unexpected cc 0x0c03 length: 249 > 1
[  176.334690][ T9967] Bluetooth: hci0: unexpected cc 0x1003 length: 249 > 9
[  176.337237][ T9967] Bluetooth: hci0: unexpected cc 0x1001 length: 249 > 9
[  176.340160][ T9967] Bluetooth: hci0: unexpected cc 0x0c23 length: 249 > 4
[  176.344735][ T9967] Bluetooth: hci0: unexpected cc 0x0c25 length: 249 > 3
[  176.346676][ T9967] Bluetooth: hci0: unexpected cc 0x0c38 length: 249 > 2
[  178.156811][ T2951] wlan0: Created IBSS using preconfigured BSSID 50:50:50:50:50:50
[  178.158755][ T2951] wlan0: Creating new IBSS network, BSSID 50:50:50:50:50:50
[  178.276597][ T2951] wlan1: Created IBSS using preconfigured BSSID 50:50:50:50:50:50
[  178.278316][ T2951] wlan1: Creating new IBSS network, BSSID 50:50:50:50:50:50
[  178.555945][   T11] netdevsim netdevsim0 netdevsim2 (unregistering): unset [1, 0] type 2 family 0 port 6081 - 0
[  178.608203][   T11] netdevsim netdevsim0 netdevsim1 (unregistering): unset [1, 0] type 2 family 0 port 6081 - 0
[  178.718824][   T11] netdevsim netdevsim0 netdevsim0 (unregistering): unset [1, 0] type 2 family 0 port 6081 - 0
[  180.472088][   T11] hsr_slave_0: left promiscuous mode
[  180.474931][   T11] hsr_slave_1: left promiscuous mode
[  180.477302][   T11] batman_adv: batadv0: Interface deactivated: batadv_slave_0
[  180.479017][   T11] batman_adv: batadv0: Removing interface: batadv_slave_0
[  180.486840][   T11] batman_adv: batadv0: Interface deactivated: batadv_slave_1
[  180.488488][   T11] batman_adv: batadv0: Removing interface: batadv_slave_1
[  180.502441][   T11] bridge_slave_1: left allmulticast mode
[  180.503715][   T11] bridge_slave_1: left promiscuous mode
[  180.506721][   T11] bridge0: port 2(bridge_slave_1) entered disabled state
[  180.528176][   T11] bridge_slave_0: left allmulticast mode
[  180.531337][   T11] bridge_slave_0: left promiscuous mode
[  180.536042][   T11] bridge0: port 1(bridge_slave_0) entered disabled state
[  180.557669][   T11] veth1_macvtap: left promiscuous mode
[  180.559341][   T11] veth0_macvtap: left promiscuous mode
[  180.560725][   T11] veth1_vlan: left promiscuous mode
[  180.565078][   T11] veth0_vlan: left promiscuous mode
2025/09/02 15:16:16 executed programs: 0
[  181.080507][   T11] team0 (unregistering): Port device team_slave_1 removed
[  181.099594][   T11] team0 (unregistering): Port device team_slave_0 removed
[  181.119152][   T11] bond0 (unregistering): (slave bond_slave_1): Releasing backup interface
[  181.137300][   T11] bond0 (unregistering): (slave bond_slave_0): Releasing backup interface
[  181.186120][ T5117] Bluetooth: hci0: unexpected cc 0x0c03 length: 249 > 1
[  181.190051][ T5117] Bluetooth: hci0: unexpected cc 0x1003 length: 249 > 9
[  181.193891][ T5117] Bluetooth: hci0: unexpected cc 0x1001 length: 249 > 9
[  181.198117][ T5117] Bluetooth: hci0: unexpected cc 0x0c23 length: 249 > 4
[  181.217567][ T5117] Bluetooth: hci0: unexpected cc 0x0c25 length: 249 > 3
[  181.220786][ T5117] Bluetooth: hci0: unexpected cc 0x0c38 length: 249 > 2
[  181.356435][   T11] bond0 (unregistering): Released all slaves
[  181.888098][T10181] chnl_net:caif_netlink_parms(): no params data found
[  182.088165][T10181] bridge0: port 1(bridge_slave_0) entered blocking state
[  182.090026][T10181] bridge0: port 1(bridge_slave_0) entered disabled state
[  182.091703][T10181] bridge_slave_0: entered allmulticast mode
[  182.095462][T10181] bridge_slave_0: entered promiscuous mode
[  182.100527][T10181] bridge0: port 2(bridge_slave_1) entered blocking state
[  182.104431][T10181] bridge0: port 2(bridge_slave_1) entered disabled state
[  182.106126][T10181] bridge_slave_1: entered allmulticast mode
[  182.109445][T10181] bridge_slave_1: entered promiscuous mode
[  182.202197][T10181] bond0: (slave bond_slave_0): Enslaving as an active interface with an up link
[  182.208725][T10181] bond0: (slave bond_slave_1): Enslaving as an active interface with an up link
[  182.307573][T10181] team0: Port device team_slave_0 added
[  182.318952][T10181] team0: Port device team_slave_1 added
[  182.410678][T10181] batman_adv: batadv0: Adding interface: batadv_slave_0
[  182.412656][T10181] batman_adv: batadv0: The MTU of interface batadv_slave_0 is too small (1500) to handle the transport of batman-adv packets. Packets going over this interface will be fragmented on layer2 which could impact the performance. Setting the MTU to 1560 would solve the problem.
[  182.417918][T10181] batman_adv: batadv0: Not using interface batadv_slave_0 (retrying later): interface not active
[  182.428142][T10181] batman_adv: batadv0: Adding interface: batadv_slave_1
[  182.429678][T10181] batman_adv: batadv0: The MTU of interface batadv_slave_1 is too small (1500) to handle the transport of batman-adv packets. Packets going over this interface will be fragmented on layer2 which could impact the performance. Setting the MTU to 1560 would solve the problem.
[  182.439274][T10181] batman_adv: batadv0: Not using interface batadv_slave_1 (retrying later): interface not active
[  182.570294][T10181] hsr_slave_0: entered promiscuous mode
[  182.585130][T10181] hsr_slave_1: entered promiscuous mode
[  183.304074][ T5117] Bluetooth: hci0: command 0x0409 tx timeout
[  183.716278][T10181] netdevsim netdevsim0 netdevsim0: renamed from eth0
[  183.726556][T10181] netdevsim netdevsim0 netdevsim1: renamed from eth1
[  183.738773][T10181] netdevsim netdevsim0 netdevsim2: renamed from eth2
[  183.747452][T10181] netdevsim netdevsim0 netdevsim3: renamed from eth3
[  183.938147][T10181] 8021q: adding VLAN 0 to HW filter on device bond0
[  183.969330][T10181] 8021q: adding VLAN 0 to HW filter on device team0
[  183.979909][ T1183] bridge0: port 1(bridge_slave_0) entered blocking state
[  183.981569][ T1183] bridge0: port 1(bridge_slave_0) entered forwarding state
[  183.995084][   T30] bridge0: port 2(bridge_slave_1) entered blocking state
[  183.996720][   T30] bridge0: port 2(bridge_slave_1) entered forwarding state
[  184.486390][T10181] 8021q: adding VLAN 0 to HW filter on device batadv0
[  184.648752][T10181] veth0_vlan: entered promiscuous mode
[  184.664208][T10181] veth1_vlan: entered promiscuous mode
[  184.784265][T10181] veth0_macvtap: entered promiscuous mode
[  184.797184][T10181] veth1_macvtap: entered promiscuous mode
[  184.888227][T10181] batman_adv: batadv0: Interface activated: batadv_slave_0
[  184.916268][T10181] batman_adv: batadv0: Interface activated: batadv_slave_1
[  184.978596][T10181] netdevsim netdevsim0 netdevsim0: set [1, 0] type 2 family 0 port 6081 - 0
[  184.980534][T10181] netdevsim netdevsim0 netdevsim1: set [1, 0] type 2 family 0 port 6081 - 0
[  184.992146][T10181] netdevsim netdevsim0 netdevsim2: set [1, 0] type 2 family 0 port 6081 - 0
[  184.994034][T10181] netdevsim netdevsim0 netdevsim3: set [1, 0] type 2 family 0 port 6081 - 0
[  185.374450][ T5117] Bluetooth: hci0: command 0x041b tx timeout
[  185.407802][   T26] wlan0: Created IBSS using preconfigured BSSID 50:50:50:50:50:50
[  185.409540][   T26] wlan0: Creating new IBSS network, BSSID 50:50:50:50:50:50
[  185.649466][   T26] wlan1: Created IBSS using preconfigured BSSID 50:50:50:50:50:50
[  185.651182][   T26] wlan1: Creating new IBSS network, BSSID 50:50:50:50:50:50
[  185.854750][T10551] 
[  185.855371][T10551] ======================================================
[  185.856886][T10551] WARNING: possible circular locking dependency detected
[  185.858326][T10551] 6.6.0 #1 Not tainted
[  185.859200][T10551] ------------------------------------------------------
[  185.860991][T10551] syz.0.17/10551 is trying to acquire lock:
[  185.862230][T10551] ffff8880633950b8 (&hdev->req_lock){+.+.}-{3:3}, at: hci_rfkill_set_block+0x11b/0x200
[  185.866267][T10551] 
[  185.866267][T10551] but task is already holding lock:
[  185.867808][T10551] ffffffff8f07c508 (rfkill_global_mutex){+.+.}-{3:3}, at: rfkill_fop_write+0x1c2/0x7b0
[  185.869841][T10551] 
[  185.869841][T10551] which lock already depends on the new lock.
[  185.869841][T10551] 
[  185.871950][T10551] 
[  185.871950][T10551] the existing dependency chain (in reverse order) is:
[  185.873846][T10551] 
[  185.873846][T10551] -> #3 (rfkill_global_mutex){+.+.}-{3:3}:
[  185.875521][T10551]        lock_acquire+0x1a9/0x400
[  185.876593][T10551]        __mutex_lock+0x131/0xd70
[  185.877660][T10551]        rfkill_register+0x30/0x8b0
[  185.878749][T10551]        hci_register_dev+0x51a/0xa60
[  185.879877][T10551]        vhci_create_device+0x3b7/0x720
[  185.881054][T10551]        vhci_write+0x385/0x440
[  185.882107][T10551]        vfs_write+0x783/0xaf0
[  185.883133][T10551]        ksys_write+0x19b/0x2c0
[  185.884159][T10551]        do_syscall_64+0x2b/0x50
[  185.885227][T10551]        entry_SYSCALL_64_after_hwframe+0x63/0xcd
[  185.886569][T10551] 
[  185.886569][T10551] -> #2 (&data->open_mutex){+.+.}-{3:3}:
[  185.888202][T10551]        lock_acquire+0x1a9/0x400
[  185.889266][T10551]        __mutex_lock+0x131/0xd70
[  185.890319][T10551]        vhci_send_frame+0x86/0xf0
[  185.891496][T10551]        hci_send_frame+0x1e7/0x360
[  185.892599][T10551]        hci_sched_acl_pkt+0x2c8/0x700
[  185.893736][T10551]        hci_tx_work+0x1b7/0x440
[  185.894793][T10551]        process_scheduled_works+0x8c5/0x1130
[  185.896070][T10551]        worker_thread+0xa7a/0x1040
[  185.897159][T10551]        kthread+0x2cd/0x360
[  185.898131][T10551]        ret_from_fork+0x44/0x70
[  185.899166][T10551]        ret_from_fork_asm+0x11/0x20
[  185.900274][T10551] 
[  185.900274][T10551] -> #1 ((work_completion)(&hdev->tx_work)){+.+.}-{0:0}:
[  185.902184][T10551]        lock_acquire+0x1a9/0x400
[  185.903253][T10551]        __flush_work+0x108/0xb00
[  185.904311][T10551]        hci_dev_close_sync+0x289/0xcf0
[  185.905512][T10551]        hci_unregister_dev+0x1d5/0x4c0
[  185.906672][T10551]        vhci_release+0x7f/0xd0
[  185.907696][T10551]        __fput+0x405/0x940
[  185.908656][T10551]        task_work_run+0x243/0x300
[  185.909724][T10551]        do_exit+0xa4e/0x25e0
[  185.910727][T10551]        do_group_exit+0x1fd/0x2b0
[  185.911805][T10551]        get_signal+0x176b/0x1830
[  185.912861][T10551]        arch_do_signal_or_restart+0x92/0x7c0
[  185.914131][T10551]        exit_to_user_mode_loop+0x74/0x160
[  185.915338][T10551]        exit_to_user_mode_prepare+0xad/0x110
[  185.916606][T10551]        syscall_exit_to_user_mode+0x2e/0x70
[  185.917860][T10551]        entry_SYSCALL_64_after_hwframe+0x63/0xcd
[  185.919187][T10551] 
[  185.919187][T10551] -> #0 (&hdev->req_lock){+.+.}-{3:3}:
[  185.920797][T10551]        validate_chain+0x185a/0x6510
[  185.921933][T10551]        __lock_acquire+0x1302/0x2050
[  185.923057][T10551]        lock_acquire+0x1a9/0x400
[  185.924115][T10551]        __mutex_lock+0x131/0xd70
[  185.925165][T10551]        hci_rfkill_set_block+0x11b/0x200
[  185.926374][T10551]        rfkill_set_block+0x1e7/0x430
[  185.927501][T10551]        rfkill_fop_write+0x5fb/0x7b0
[  185.928620][T10551]        vfs_write+0x28e/0xaf0
[  185.929641][T10551]        ksys_write+0x19b/0x2c0
[  185.930659][T10551]        do_syscall_64+0x2b/0x50
[  185.931698][T10551]        entry_SYSCALL_64_after_hwframe+0x63/0xcd
[  185.933033][T10551] 
[  185.933033][T10551] other info that might help us debug this:
[  185.933033][T10551] 
[  185.935100][T10551] Chain exists of:
[  185.935100][T10551]   &hdev->req_lock --> &data->open_mutex --> rfkill_global_mutex
[  185.935100][T10551] 
[  185.937878][T10551]  Possible unsafe locking scenario:
[  185.937878][T10551] 
[  185.939411][T10551]        CPU0                    CPU1
[  185.940507][T10551]        ----                    ----
[  185.941609][T10551]   lock(rfkill_global_mutex);
[  185.942638][T10551]                                lock(&data->open_mutex);
[  185.944109][T10551]                                lock(rfkill_global_mutex);
[  185.945634][T10551]   lock(&hdev->req_lock);
[  185.946571][T10551] 
[  185.946571][T10551]  *** DEADLOCK ***
[  185.946571][T10551] 
[  185.948227][T10551] 1 lock held by syz.0.17/10551:
[  185.949261][T10551]  #0: ffffffff8f07c508 (rfkill_global_mutex){+.+.}-{3:3}, at: rfkill_fop_write+0x1c2/0x7b0
[  185.951406][T10551] 
[  185.951406][T10551] stack backtrace:
[  185.952634][T10551] CPU: 1 PID: 10551 Comm: syz.0.17 Not tainted 6.6.0 #1
[  185.954077][T10551] Hardware name: QEMU Standard PC (i440FX + PIIX, 1996), BIOS 1.15.0-1 04/01/2014
[  185.955960][T10551] Call Trace:
[  185.956700][T10551]  <TASK>
[  185.957334][T10551]  dump_stack_lvl+0x1e3/0x2d0
[  185.958363][T10551]  ? nf_tcp_handle_invalid+0x650/0x650
[  185.959530][T10551]  ? print_circular_bug+0x13e/0x1c0
[  185.960632][T10551]  check_noncircular+0x36e/0x4a0
[  185.961686][T10551]  ? print_deadlock_bug+0x640/0x640
[  185.962786][T10551]  ? lockdep_lock+0x11d/0x2a0
[  185.963790][T10551]  ? _find_first_zero_bit+0xe8/0x110
[  185.964917][T10551]  validate_chain+0x185a/0x6510
[  185.965965][T10551]  ? validate_chain+0x124/0x6510
[  185.967014][T10551]  ? reacquire_held_locks+0x680/0x680
[  185.968158][T10551]  ? rcu_is_watching+0x11/0xb0
[  185.969178][T10551]  ? reacquire_held_locks+0x680/0x680
[  185.970308][T10551]  ? try_to_wake_up+0x556/0xac0
[  185.971334][T10551]  ? do_raw_spin_lock+0x147/0x3a0
[  185.972439][T10551]  ? __lock_acquire+0x2050/0x2050
[  185.973521][T10551]  ? mark_lock+0x9a/0x350
[  185.974464][T10551]  __lock_acquire+0x1302/0x2050
[  185.975515][T10551]  lock_acquire+0x1a9/0x400
[  185.976497][T10551]  ? hci_rfkill_set_block+0x11b/0x200
[  185.977638][T10551]  ? read_lock_is_recursive+0x10/0x10
[  185.978773][T10551]  ? __might_sleep+0xc0/0xc0
[  185.979775][T10551]  ? rcu_is_watching+0x11/0xb0
[  185.980800][T10551]  __mutex_lock+0x131/0xd70
[  185.981770][T10551]  ? hci_rfkill_set_block+0x11b/0x200
[  185.982926][T10551]  ? lockdep_hardirqs_on_prepare+0x448/0x7b0
[  185.984193][T10551]  ? hci_rfkill_set_block+0x11b/0x200
[  185.985333][T10551]  ? print_irqtrace_events+0x220/0x220
[  185.986510][T10551]  ? mutex_lock_nested+0x10/0x10
[  185.987561][T10551]  ? lockdep_hardirqs_on+0x95/0x140
[  185.988676][T10551]  ? _raw_spin_unlock_irqrestore+0xd9/0x130
[  185.989923][T10551]  ? _raw_spin_unlock+0x40/0x40
[  185.990968][T10551]  hci_rfkill_set_block+0x11b/0x200
[  185.992077][T10551]  ? hci_req_cmd_complete+0x960/0x960
[  185.993274][T10551]  rfkill_set_block+0x1e7/0x430
[  185.994589][T10551]  rfkill_fop_write+0x5fb/0x7b0
[  185.995650][T10551]  ? rfkill_fop_read+0x4d0/0x4d0
[  185.996702][T10551]  ? bpf_lsm_file_permission+0x5/0x10
[  185.997852][T10551]  ? security_file_permission+0xe0/0x620
[  185.999043][T10551]  ? vfs_write+0x1c6/0xaf0
[  186.000001][T10551]  ? rfkill_fop_read+0x4d0/0x4d0
[  186.001047][T10551]  vfs_write+0x28e/0xaf0
[  186.001967][T10551]  ? file_end_write+0x250/0x250
[  186.002994][T10551]  ? do_futex+0x370/0x490
[  186.003939][T10551]  ? __ia32_sys_get_robust_list+0x80/0x80
[  186.005138][T10551]  ? __fdget_pos+0x1d2/0x330
[  186.006137][T10551]  ksys_write+0x19b/0x2c0
[  186.007057][T10551]  ? print_irqtrace_events+0x220/0x220
[  186.008231][T10551]  ? __ia32_sys_read+0x80/0x80
[  186.009247][T10551]  ? syscall_enter_from_user_mode+0x2e/0x1a0
[  186.010515][T10551]  ? syscall_enter_from_user_mode+0x2e/0x1a0
[  186.011780][T10551]  do_syscall_64+0x2b/0x50
[  186.012731][T10551]  entry_SYSCALL_64_after_hwframe+0x63/0xcd
[  186.013972][T10551] RIP: 0033:0x7f1eba1ae16d
[  186.014932][T10551] Code: 02 b8 ff ff ff ff c3 66 0f 1f 44 00 00 f3 0f 1e fa 48 89 f8 48 89 f7 48 89 d6 48 89 ca 4d 89 c2 4d 89 c8 4c 8b 4c 24 08 0f 05 <48> 3d 01 f0 ff ff 73 01 c3 48 c7 c1 a8 ff ff ff f7 d8 64 89 01 48
[  186.018857][T10551] RSP: 002b:00007ffc0e6d1578 EFLAGS: 00000246 ORIG_RAX: 0000000000000001
[  186.020611][T10551] RAX: ffffffffffffffda RBX: 00007f1eba3f5fa0 RCX: 00007f1eba1ae16d
[  186.022249][T10551] RDX: 0000000000000008 RSI: 0000200000000080 RDI: 0000000000000003
[  186.023899][T10551] RBP: 00007f1eba2480f0 R08: 0000000000000000 R09: 0000000000000000
[  186.025551][T10551] R10: 0000000000000000 R11: 0000000000000246 R12: 0000000000000000
[  186.027181][T10551] R13: 00007f1eba3f5fac R14: 00007f1eba3f5fa0 R15: 0000000000000000
[  186.028832][T10551]  </TASK>
2025/09/02 15:16:21 executed programs: 3
2025/09/02 15:16:26 executed programs: 171

VM DIAGNOSIS:
23:16:21  Registers:
info registers vcpu 0
RAX=ffffc9000265fe18 RBX=0000000000000001 RCX=0000000000000000 RDX=0000000000000003
RSI=ffffffff8d99d4f0 RDI=0000000000000002 RBP=dffffc0000000000 RSP=ffffc9000265f8e8
R8 =0000000000000005 R9 =ffffffff813d4a02 R10=0000000000000003 R11=ffff888020e524c0
R12=1ffff920004cbf3a R13=ffffc90002660000 R14=1ffff920004cbf39 R15=ffffc9000265fe10
RIP=ffffffff813d4a9a RFL=00000246 [---Z-P-] CPL=0 II=0 A20=1 SMM=0 HLT=0
ES =0000 0000000000000000 ffffffff 00c00000
CS =0010 0000000000000000 ffffffff 00a09b00 DPL=0 CS64 [-RA]
SS =0018 0000000000000000 ffffffff 00c09300 DPL=0 DS   [-WA]
DS =0000 0000000000000000 ffffffff 00c00000
FS =0000 00007f9b28b55900 ffffffff 00c00000
GS =0000 ffff88802be00000 ffffffff 00c00000
LDT=0000 0000000000000000 ffffffff 00c00000
TR =0040 fffffe0000003000 00004087 00008b00 DPL=0 TSS64-busy
GDT=     fffffe0000001000 0000007f
IDT=     fffffe0000000000 00000fff
CR0=80050033 CR2=000055f71eb3d298 CR3=0000000045f0e000 CR4=00750ef0
DR0=0000000000000000 DR1=0000000000000000 DR2=0000000000000000 DR3=0000000000000000 
DR6=00000000fffe0ff0 DR7=0000000000000400
EFER=0000000000000d01
FCW=037f FSW=0000 [ST=0] FTW=00 MXCSR=00001f80
FPR0=0000000000000000 0000 FPR1=0000000000000000 0000
FPR2=0000000000000000 0000 FPR3=0000000000000000 0000
FPR4=0000000000000000 0000 FPR5=0000000000000000 0000
FPR6=0000000000000000 0000 FPR7=0000000000000000 0000
Opmask00=00000000fec0ff00 Opmask01=0000000000000011 Opmask02=0000000000000000 Opmask03=0000000000000000
Opmask04=0000000000000000 Opmask05=0000000000000000 Opmask06=0000000000000000 Opmask07=0000000000000000
ZMM00=0000000000000000 0000000000000000 0000000000000000 0000000000000000 0000000000000000 0000000000000000 0000000000000000 007f9b28ffabe000
ZMM01=0000000000000000 0000000000000000 0000000000000000 0000000000000000 0000000000000000 0000000000000000 0000000000000000 0000002f2e2f002f
ZMM02=0000000000000000 0000000000000000 0000000000000000 0000000000000000 0000000000000000 0000000000000000 ffffffffffffff0f 0e0d0c0b0a090807
ZMM03=0000000000000000 0000000000000000 0000000000000000 0000000000000000 0000000000000000 0000000000000000 0000000000001000 0000000000000000
ZMM04=0000000000000000 0000000000000000 0000000000000000 0000000000000000 0000000000000000 0000000000000000 0000000068b709d2 0000000000000000
ZMM05=0000000000000000 0000000000000000 0000000000000000 0000000000000000 0000000000000000 0000000000000000 0000000068b709d2 000000002e84a1d0
ZMM06=0000000000000000 0000000000000000 0000000000000000 0000000000000000 0000000000000000 0000000000000000 0000000068b709d2 000000002e84a1d0
ZMM07=0000000000000000 0000000000000000 0000000000000000 0000000000000000 0000000000000000 0000000000000000 0000000000000000 000000002e84a1d0
ZMM08=0000000000000000 0000000000000000 0000000000000000 0000000000000000 0000000000000000 0000000000000000 0000000000ff0000 0000000000000000
ZMM09=0000000000000000 0000000000000000 0000000000000000 0000000000000000 0000000000000000 0000000000000000 427b427b427b4816 1b2778427b48161b
ZMM10=0000000000000000 0000000000000000 0000000000000000 0000000000000000 0000000000000000 0000000000000000 2200171113002678 437b48161b222278
ZMM11=0000000000000000 0000000000000000 0000000000000000 0000000000000000 0000000000000000 0000000000000000 0000000000000000 0000000000000000
ZMM12=0000000000000000 0000000000000000 0000000000000000 0000000000000000 0000000000000000 0000000000000000 0000000000000000 0000000000000000
ZMM13=0000000000000000 0000000000000000 0000000000000000 0000000000000000 0000000000000000 0000000000000000 0000000000000000 0000000000000000
ZMM14=0000000000000000 0000000000000000 0000000000000000 0000000000000000 0000000000000000 0000000000000000 0000000000000000 0000000000000000
ZMM15=0000000000000000 0000000000000000 0000000000000000 0000000000000000 0000000000000000 0000000000000000 0000000000000000 0000000000000000
ZMM16=0000000000000000 0000000000000000 0000000000000000 0000000000000000 0000000000000000 0000000000000000 0000000000000000 0000000000000000
ZMM17=0000000000000000 0000000000000000 0000000000000000 0000000000000000 0000000000000000 0000000000000000 5f6365006c617574 7269762f73656369
ZMM18=0000000000000000 0000000000000000 0000000000000000 0000000000000000 6c6c696b66720031 6c6c696b66722f6c 000055f71eb35010 0000000000000000
ZMM19=0000000000000000 0000000000000000 0000000000000000 0000000000000000 0000000000000031 000055f71eb3a090 0000000000000000 316c6c696b66722f
ZMM20=0000000000000000 0000000000000000 0000000000000000 0000000000000000 0000000000000000 000000ff00020100 0000000000000000 0000000000000000
ZMM21=0000000000000000 0000000000000000 0000000000000000 0000000000000000 0000000000000000 ffffffff00000000 000055f71eb3a0c0 000055f71eb39fd0
ZMM22=0000000000000000 0000000000000000 0000000000000000 0000000000000000 00000001ffffffff 000055f71eb37ba0 000055f71eb38fa0 0000000000000002
ZMM23=0000000000000000 0000000000000000 0000000000000000 0000000000000000 000055f71eb3a130 000055f71eb36350 0000000300000001 000055f71eb37c20
ZMM24=0000000000000000 0000000000000000 0000000000000000 0000000000000000 69747570635f6c6c 6174735f7570635f 7563722e65746164 7075637220313d64
ZMM25=0000000000000000 0000000000000000 0000000000000000 0000000000000000 0000000000000000 0000000000000000 0000000000000000 0000000000000000
ZMM26=0000000000000000 0000000000000000 0000000000000000 0000000000000000 0000000000000000 0000000000000000 0000000000000000 0000000000000000
ZMM27=0000000000000000 0000000000000000 0000000000000000 0000000000000000 0000000000000000 0000000000000000 0000000000000000 0000000000000000
ZMM28=0000000000000000 0000000000000000 0000000000000000 0000000000000000 0000000000000000 0000000000000000 0000000000000000 0000000000000000
ZMM29=0000000000000000 0000000000000000 0000000000000000 0000000000000000 0000000000000000 0000000000000000 0000000000000000 0000000000000000
ZMM30=0000000000000000 0000000000000000 0000000000000000 0000000000000000 0000000000000000 0000000000000000 0000000000000000 0000000000000000
ZMM31=0000000000000000 0000000000000000 0000000000000000 0000000000000000 0000000000000000 0000000000000000 0000000000000000 0000000000000000
info registers vcpu 1
RAX=000000000000000a RBX=ffffffff9816e580 RCX=0000000000000000 RDX=00000000000003f8
RSI=0000000000000000 RDI=0000000000000020 RBP=0000000000000000 RSP=ffffc900052ceaf0
R8 =ffffffff84e2d6c6 R9 =1ffff1100884e046 R10=dffffc0000000000 R11=ffffed100884e047
R12=dffffc0000000000 R13=dffffc0000000001 R14=000000000000000a R15=00000000000003f8
RIP=ffffffff84e2d6f9 RFL=00000002 [-------] CPL=0 II=0 A20=1 SMM=0 HLT=0
ES =0000 0000000000000000 ffffffff 00c00000
CS =0010 0000000000000000 ffffffff 00a09b00 DPL=0 CS64 [-RA]
SS =0018 0000000000000000 ffffffff 00c09300 DPL=0 DS   [-WA]
DS =0000 0000000000000000 ffffffff 00c00000
FS =0000 0000555556581500 ffffffff 00c00000
GS =0000 ffff88807ec00000 ffffffff 00c00000
LDT=0000 0000000000000000 00000000 00000000
TR =0040 fffffe000004a000 00004087 00008b00 DPL=0 TSS64-busy
GDT=     fffffe0000048000 0000007f
IDT=     fffffe0000000000 00000fff
CR0=80050033 CR2=0000001b30f63fff CR3=000000002349f000 CR4=00750ee0
DR0=0000000000000000 DR1=0000000000000000 DR2=0000000000000000 DR3=0000000000000000 
DR6=00000000fffe0ff0 DR7=0000000000000400
EFER=0000000000000d01
FCW=037f FSW=0000 [ST=0] FTW=00 MXCSR=00001f80
FPR0=0000000000000000 0000 FPR1=0000000000000000 0000
FPR2=0000000000000000 0000 FPR3=0000000000000000 0000
FPR4=0000000000000000 0000 FPR5=0000000000000000 0000
FPR6=0000000000000000 0000 FPR7=0000000000000000 0000
Opmask00=0000000000008001 Opmask01=0000000000000000 Opmask02=00000000ffffffef Opmask03=0000000000000000
Opmask04=0000000000000000 Opmask05=0000000000000000 Opmask06=0000000000000000 Opmask07=0000000000000000
ZMM00=0000000000000000 0000000000000000 0000000000000000 0000000000000000 0000000000000000 0000000000000000 5cf6e6d62a4b3fa6 db50564a43a3920a
ZMM01=0000000000000000 0000000000000000 0000000000000000 0000000000000000 0000000000000000 0000000000000000 8f65287fd7337834 abd9537b78c7d79b
ZMM02=0000000000000000 0000000000000000 0000000000000000 0000000000000000 0000000000000000 0000000000000000 ac7ed0b1f32cac83 549f0cdf62e69ec6
ZMM03=0000000000000000 0000000000000000 0000000000000000 0000000000000000 0000000000000000 0000000000000000 57a1146220cf0a0e c9aae0f8d8b8c9f0
ZMM04=0000000000000000 0000000000000000 0000000000000000 0000000000000000 0000000000000000 0000000000000000 0000000000000000 0000000000005580
ZMM05=0000000000000000 0000000000000000 0000000000000000 0000000000000000 0000000000000000 0000000000000000 0000000000000000 0000000000000040
ZMM06=0000000000000000 0000000000000000 0000000000000000 0000000000000000 0000000000000000 0000000000000000 00000017006608c9 0000000034ae0000
ZMM07=0000000000000000 0000000000000000 0000000000000000 0000000000000000 0000000000000000 0000000000000000 0066089f00000000 0000006601000011
ZMM08=0000000000000000 0000000000000000 0000000000000000 0000000000000000 0000000000000000 0000000000000000 00000000bb2c0000 0000000097320000
ZMM09=0000000000000000 0000000000000000 0000000000000000 0000000000000000 0000000000000000 0000000000000000 02080000251116b4 00660d7ce3640000
ZMM10=0000000000000000 0000000000000000 0000000000000000 0000000000000000 0000000000000000 0000000000000000 8fc0523dede7c08a 3502c2aa624e6ece
ZMM11=0000000000000000 0000000000000000 0000000000000000 0000000000000000 0000000000000000 0000000000000000 5cb89be3faf488f0 0dc3598c06771de7
ZMM12=0000000000000000 0000000000000000 0000000000000000 0000000000000000 0000000000000000 0000000000000000 0000000000000000 0000000000000000
ZMM13=0000000000000000 0000000000000000 0000000000000000 0000000000000000 0000000000000000 0000000000000000 0000000000000000 0000000000000000
ZMM14=0000000000000000 0000000000000000 0000000000000000 0000000000000000 0000000000000000 0000000000000000 a54ff53a3c6ef372 bb67ae856a09e667
ZMM15=0000000000000000 0000000000000000 0000000000000000 0000000000000000 0000000000000000 0000000000000000 5be0cd191f83d9ab 9b05688c510e527f
ZMM16=0000000000000000 0000000000000000 0000000000000000 0000000000000000 0000000000000000 0000000000000000 0000000000000000 0000000000000000
ZMM17=0000000000000000 0000000000000000 0000000000000000 0000000000000000 2525252525252525 2525252525252525 2525252525252525 2525252525252525
ZMM18=0000000000000000 0000000000000000 0000000000000000 0000000000000000 6f6c667265766f20 6772612061746164 000a747261745374 6f687370616e5300
ZMM19=0000000000000000 0000000000000000 0000000000000000 0000000000000000 4a49435740534a05 4257440544514441 000a515744515351 4a4d5655444b5300
ZMM20=0000000000000000 0000000000000000 0000000000000000 0000000000000000 0000000000000000 0000000000000000 0000000000000000 0000000000000000
ZMM21=0000000000000000 0000000000000000 0000000000000000 0000000000000000 0000000000000000 0000000000000000 0000000000000000 000000524f525245
ZMM22=0000000000000000 0000000000000000 0000000000000000 0000000000000000 0000000000000000 0000000000000000 0000000000000000 00524f5252450040
ZMM23=0000000000000000 0000000000000000 0000000000000000 0000000000000000 0000000000000000 0000000000000000 0000000000000000 00e800a800000000
ZMM24=0000000000000000 0000000000000000 0000000000000000 0000000000000000 0000000000000000 0000000000000000 0000000000000000 0000000000000000
ZMM25=0000000000000000 0000000000000000 0000000000000000 0000000000000000 0000000000000000 0000000000000000 0000000000000000 0000000000000000
ZMM26=0000000000000000 0000000000000000 0000000000000000 0000000000000000 0000000000000000 0000000000000000 0000000000000000 0000000000000000
ZMM27=0000000000000000 0000000000000000 0000000000000000 0000000000000000 0000000000000000 0000000000000000 0000000000000000 0000000000000000
ZMM28=0000000000000000 0000000000000000 0000000000000000 0000000000000000 0000000000000000 0000000000000000 0000000000000000 0000000000000000
ZMM29=0000000000000000 0000000000000000 0000000000000000 0000000000000000 0000000000000000 0000000000000000 0000000000000000 0000000000000000
ZMM30=0000000000000000 0000000000000000 0000000000000000 0000000000000000 0000000000000000 0000000000000000 0000000000000000 0000000000000000
ZMM31=0000000000000000 0000000000000000 0000000000000000 0000000000000000 0000000000000000 0000000000000000 0000000000000000 0000000000000000
