Warning: Permanently added '[localhost]:57758' (ED25519) to the list of known hosts.
2025/09/15 12:39:01 parsed 1 programs
buildroot login: [  248.020993] cgroup: Unknown subsys name 'net'
[  248.225212] cgroup: Unknown subsys name 'cpuset'
[  248.261541] cgroup: Unknown subsys name 'rlimit'
[  248.265531] cgroup: Unknown subsys name 'memory'
[  249.554903] Adding 124996k swap on ./swap-file.  Priority:0 extents:1 across:124996k 
[  369.961672] bond0 (unregistering): Released all slaves
2025/09/15 12:41:32 executed programs: 0
2025/09/15 12:43:21 executed programs: 2
2025/09/15 12:43:26 executed programs: 25
2025/09/15 12:43:31 executed programs: 54
[  510.809210] ==================================================================
[  510.847732] BUG: KASAN: out-of-bounds in walk_stackframe+0x36a/0x3ac
[  510.849699] Read of size 8 at addr ff20000002c17928 by task syz.3.71/1265
[  510.851105] 
[  510.855527] CPU: 2 UID: 0 PID: 1265 Comm: syz.3.71 Not tainted 6.16.0 #1 NONE 
[  510.856738] Hardware name: riscv-virtio,qemu (DT)
[  510.857969] Call Trace:
[  510.859407] [<ffffffff80039f62>] dump_backtrace+0x32/0x3c
[  510.860075] [<ffffffff80002c28>] show_stack+0x30/0x3c
[  510.860461] [<ffffffff80027472>] dump_stack_lvl+0x7e/0xb0
[  510.860898] [<ffffffff8000c772>] print_report+0x242/0x560
[  510.861347] [<ffffffff807deb1c>] kasan_report+0xe4/0x108
[  510.861802] [<ffffffff807e0876>] __asan_report_load8_noabort+0x12/0x1c
[  510.862307] [<ffffffff80039b56>] walk_stackframe+0x36a/0x3ac
[  510.862854] [<ffffffff8277e3f8>] arch_stack_walk+0x1c/0x28
[  510.863405] [<ffffffff8028c8c4>] stack_trace_save_tsk+0x164/0x1fc
[  510.863951] [<ffffffff809e0c68>] proc_pid_stack+0x130/0x228
[  510.864469] [<ffffffff809e20e4>] proc_single_show+0xe8/0x1a8
[  510.864997] [<ffffffff808ce9b0>] seq_read_iter+0x2b8/0xdf0
[  510.865467] [<ffffffff808cf748>] seq_read+0x260/0x310
[  510.865931] [<ffffffff808200b2>] vfs_read+0x242/0x8c8
[  510.866317] [<ffffffff80822280>] ksys_read+0x110/0x200
[  510.866720] [<ffffffff808223dc>] __riscv_sys_read+0x6c/0xa0
[  510.867121] [<ffffffff800381f4>] syscall_handler+0x80/0x120
[  510.867708] [<ffffffff8277e32e>] do_trap_ecall_u+0x15e/0x188
[  510.868241] [<ffffffff827a1b9e>] handle_exception+0x146/0x152
[  510.869092] 
[  510.886309] The buggy address belongs to a 8-page vmalloc region starting at 0xff20000002c10000 allocated at kernel_clone+0xe2/0xa94
[  510.892430] The buggy address belongs to the physical page:
[  510.894095] page: refcount:1 mapcount:0 mapping:0000000000000000 index:0x0 pfn:0x1189a7
[  510.896415] flags: 0x4000000000000000(zone=1)
[  510.900583] raw: 4000000000000000 0000000000000000 dead000000000122 0000000000000000
[  510.901914] raw: 0000000000000000 0000000000000000 00000001ffffffff 0000000000000000
[  510.903309] page dumped because: kasan: bad access detected
[  510.904693] 
[  510.905694] Memory state around the buggy address:
[  510.908243]  ff20000002c17800: 00 00 00 00 00 00 00 00 00 00 00 00 00 00 00 00
[  510.910338]  ff20000002c17880: 00 00 00 00 00 00 00 00 00 00 00 00 00 00 00 00
[  510.912545] >ff20000002c17900: 00 00 00 00 00 00 00 00 00 00 00 00 00 00 00 00
[  510.914332]                                      ^
[  510.917240]  ff20000002c17980: 00 00 00 00 f1 f1 f1 f1 f1 f1 04 f2 00 00 f2 f2
[  510.919098]  ff20000002c17a00: 00 00 00 f3 f3 f3 f3 f3 00 00 00 00 00 00 00 00
[  510.921463] ==================================================================
[  510.926644] Disabling lock debugging due to kernel taint
2025/09/15 12:43:36 executed programs: 82
2025/09/15 12:43:41 executed programs: 111
2025/09/15 12:43:46 executed programs: 143
2025/09/15 12:43:52 executed programs: 171
2025/09/15 12:43:57 executed programs: 200

VM DIAGNOSIS:
20:43:32  Registers:
info registers vcpu 0
 pc       ffffffff8002c718
 mhartid  0000000000000000
 mstatus  0000000a000000a0
 mip      0000000000000000
 mie      00000000000002aa
 mideleg  0000000000000222
 medeleg  000000000000b109
 mtvec    0000000080000520
 stvec    ffffffff827a1a58
 mepc     ffffffff8004ab10
 sepc     ffffffff8018557c
 mcause   0000000000000009
 scause   8000000000000005
 mtval    0000000000000000
 stval    0000000000000000
 mscratch 000000008001e000
 sscratch 0000000000000000
 satp     a045b00000117f31
 x0/zero  0000000000000000 x1/ra    ffffffff8002c710 x2/sp    ffffffff83607d00 x3/gp    ffffffff83d276c0
 x4/tp    ffffffff83615d80 x5/t0    0000000000000001 x6/t1    ffebffff3ecf27b9 x7/t2    00000000000004b7
 x8/s0    ffffffff83607d10 x9/s1    ffffffff83d4a640 x10/a0   0000000000050c94 x11/a1   0000000000000004
 x12/a2   0000000000000001 x13/a3   0000000000000002 x14/a4   0000000000000000 x15/a5   ffffffff83616d80
 x16/a6   ffebffff3ecf27ba x17/a7   ff600001f6793dcb x18/s2   dfffffff00000000 x19/s3   0000000000000000
 x20/s4   fffffffef07a94c8 x21/s5   1ffffffff06c0fac x22/s6   ffffffff83607dc0 x23/s7   0000000000000000
 x24/s8   0000000000000000 x25/s9   000000000000007f x26/s10  0000000000000000 x27/s11  0000000000000000
 x28/t3   ff600001f6798508 x29/t4   ffebffff3ecf27b9 x30/t5   ffebffff3ecf27ba x31/t6   0000000000000000
 f0/ft0   0000000000000000 f1/ft1   0000000000000000 f2/ft2   0000000000000000 f3/ft3   0000000000000000
 f4/ft4   0000000000000000 f5/ft5   0000000000000000 f6/ft6   0000000000000000 f7/ft7   0000000000000000
 f8/fs0   0000000000000000 f9/fs1   0000000000000000 f10/fa0  0000000000000000 f11/fa1  0000000000000000
 f12/fa2  0000000000000000 f13/fa3  0000000000000000 f14/fa4  0000000000000000 f15/fa5  0000000000000000
 f16/fa6  0000000000000000 f17/fa7  0000000000000000 f18/fs2  0000000000000000 f19/fs3  0000000000000000
 f20/fs4  0000000000000000 f21/fs5  0000000000000000 f22/fs6  0000000000000000 f23/fs7  0000000000000000
 f24/fs8  0000000000000000 f25/fs9  0000000000000000 f26/fs10 0000000000000000 f27/fs11 0000000000000000
 f28/ft8  0000000000000000 f29/ft9  0000000000000000 f30/ft10 0000000000000000 f31/ft11 0000000000000000
info registers vcpu 1
 pc       ffffffff8002c718
 mhartid  0000000000000001
 mstatus  0000000a000000a0
 mip      0000000000000000
 mie      00000000000002aa
 mideleg  0000000000000222
 medeleg  000000000000b109
 mtvec    0000000080000520
 stvec    ffffffff827a1a58
 mepc     ffffffff8004ab10
 sepc     00000000000f8fa2
 mcause   0000000000000009
 scause   0000000000000008
 mtval    0000000000000000
 stval    0000000000000000
 mscratch 000000008001c000
 sscratch 0000000000000000
 satp     a0281000001186eb
 x0/zero  0000000000000000 x1/ra    ffffffff8002c710 x2/sp    ff20000000167d60 x3/gp    ffffffff83d276c0
 x4/tp    ff600000802be400 x5/t0    0000000000000001 x6/t1    ffebffff3ecf65b9 x7/t2    00000000000004d1
 x8/s0    ff20000000167d70 x9/s1    ffffffff83d4a640 x10/a0   000000000003df54 x11/a1   0000000000000004
 x12/a2   0000000000000001 x13/a3   0000000000000002 x14/a4   0000000000000000 x15/a5   ff600000802bf400
 x16/a6   ffebffff3ecf65ba x17/a7   ff600001f67b2dcb x18/s2   dfffffff00000000 x19/s3   0000000000000001
 x20/s4   fffffffef07a94c8 x21/s5   1fe400000002cfb8 x22/s6   ff20000000167e20 x23/s7   0000000000000000
 x24/s8   0000000000000000 x25/s9   0000000080013714 x26/s10  0000000000000000 x27/s11  0000000000000000
 x28/t3   ffffffff83db5828 x29/t4   ffebffff3ecf65b9 x30/t5   ffebffff3ecf65ba x31/t6   0000000000000000
 f0/ft0   0000000000000000 f1/ft1   0000000000000000 f2/ft2   0000000000000000 f3/ft3   0000000000000000
 f4/ft4   0000000000000000 f5/ft5   0000000000000000 f6/ft6   0000000000000000 f7/ft7   0000000000000000
 f8/fs0   0000000000000000 f9/fs1   0000000000000000 f10/fa0  0000000000000000 f11/fa1  0000000000000000
 f12/fa2  0000000000000000 f13/fa3  0000000000000000 f14/fa4  0000000000000000 f15/fa5  0000000000000000
 f16/fa6  0000000000000000 f17/fa7  0000000000000000 f18/fs2  0000000000000000 f19/fs3  0000000000000000
 f20/fs4  0000000000000000 f21/fs5  0000000000000000 f22/fs6  0000000000000000 f23/fs7  0000000000000000
 f24/fs8  0000000000000000 f25/fs9  0000000000000000 f26/fs10 0000000000000000 f27/fs11 0000000000000000
 f28/ft8  0000000000000000 f29/ft9  0000000000000000 f30/ft10 0000000000000000 f31/ft11 0000000000000000
info registers vcpu 2
 pc       ffffffff82762524
 mhartid  0000000000000002
 mstatus  0000000a000000a0
 mip      00000000000000a0
 mie      000000000000022a
 mideleg  0000000000000222
 medeleg  000000000000b109
 mtvec    0000000080000520
 stvec    ffffffff827a1a58
 mepc     ffffffff801e75fc
 sepc     ffffffff807ddf00
 mcause   8000000000000007
 scause   8000000000000005
 mtval    0000000000000000
 stval    0000000000000000
 mscratch 000000008001a000
 sscratch 0000000000000000
 satp     a045b00000117f31
 x0/zero  0000000000000000 x1/ra    ffffffff801dd800 x2/sp    ff20000004857110 x3/gp    ffffffff83d276c0
 x4/tp    ff600000992ef080 x5/t0    ff20000004857364 x6/t1    0000000000000002 x7/t2    7320666f20646165
 x8/s0    ff20000004857320 x9/s1    ffffffff8364ee80 x10/a0   ffffffff8364eeb0 x11/a1   ffffffff8364ee80
 x12/a2   ff200000048571e0 x13/a3   0000000000000002 x14/a4   0000000000000000 x15/a5   ff600000992f0080
 x16/a6   fffffffff1f1f1f1 x17/a7   fffffffff3000000 x18/s2   0000000000000020 x19/s3   ff200000048570e0
 x20/s4   0000000000000046 x21/s5   1fe400000090ae04 x22/s6   ff200000048571e0 x23/s7   ff200000048571e0
 x24/s8   ff20000004857220 x25/s9   1fe400000090ae3e x26/s10  0000000000000000 x27/s11  0000000000000000
 x28/t3   ffffffff8276e370 x29/t4   fffffffef07a98d0 x30/t5   fffffffef07a98d1 x31/t6   ff20000004857267
 f0/ft0   0000000000000000 f1/ft1   0000000000000000 f2/ft2   0000000000000000 f3/ft3   0000000000000000
 f4/ft4   0000000000000000 f5/ft5   0000000000000000 f6/ft6   0000000000000000 f7/ft7   0000000000000000
 f8/fs0   0000000000000000 f9/fs1   0000000000000000 f10/fa0  0000000000000000 f11/fa1  0000000000000000
 f12/fa2  0000000000000000 f13/fa3  0000000000000000 f14/fa4  0000000000000000 f15/fa5  0000000000000000
 f16/fa6  0000000000000000 f17/fa7  0000000000000000 f18/fs2  0000000000000000 f19/fs3  0000000000000000
 f20/fs4  0000000000000000 f21/fs5  0000000000000000 f22/fs6  0000000000000000 f23/fs7  0000000000000000
 f24/fs8  0000000000000000 f25/fs9  0000000000000000 f26/fs10 0000000000000000 f27/fs11 0000000000000000
 f28/ft8  0000000000000000 f29/ft9  0000000000000000 f30/ft10 0000000000000000 f31/ft11 0000000000000000
info registers vcpu 3
 pc       ffffffff8002c718
 mhartid  0000000000000003
 mstatus  0000000a000000a0
 mip      0000000000000000
 mie      00000000000002aa
 mideleg  0000000000000222
 medeleg  000000000000b109
 mtvec    0000000080000520
 stvec    ffffffff827a1a58
 mepc     ffffffff8002c718
 sepc     ffffffff8018557c
 mcause   8000000000000003
 scause   8000000000000001
 mtval    0000000000000000
 stval    0000000000000000
 mscratch 0000000080018000
 sscratch 0000000000000000
 satp     a045b00000117f31
 x0/zero  0000000000000000 x1/ra    ffffffff8002c710 x2/sp    ff20000000187d60 x3/gp    ffffffff83d276c0
 x4/tp    ff600000802d0000 x5/t0    0000000000000114 x6/t1    ffebffff3ecfe1b9 x7/t2    00000000fa83b2da
 x8/s0    ff20000000187d70 x9/s1    ffffffff83d4a640 x10/a0   0000000000038b24 x11/a1   0000000000000004
 x12/a2   0000000000000001 x13/a3   0000000000000002 x14/a4   0000000000000000 x15/a5   ff600000802d1000
 x16/a6   ffebffff3ecfe1ba x17/a7   ff600001f67f0dcb x18/s2   dfffffff00000000 x19/s3   0000000000000003
 x20/s4   fffffffef07a94c8 x21/s5   1fe4000000030fb8 x22/s6   ff20000000187e20 x23/s7   0000000000000000
 x24/s8   0000000000000000 x25/s9   000000008001371c x26/s10  0000000000000000 x27/s11  0000000000000000
 x28/t3   ffffffff83db5838 x29/t4   ffebffff3ecfe1b9 x30/t5   ffebffff3ecfe1ba x31/t6   0000000000000001
 f0/ft0   0000000000000000 f1/ft1   0000000000000000 f2/ft2   0000000000000000 f3/ft3   0000000000000000
 f4/ft4   0000000000000000 f5/ft5   0000000000000000 f6/ft6   0000000000000000 f7/ft7   0000000000000000
 f8/fs0   0000000000000000 f9/fs1   0000000000000000 f10/fa0  0000000000000000 f11/fa1  0000000000000000
 f12/fa2  0000000000000000 f13/fa3  0000000000000000 f14/fa4  0000000000000000 f15/fa5  0000000000000000
 f16/fa6  0000000000000000 f17/fa7  0000000000000000 f18/fs2  0000000000000000 f19/fs3  0000000000000000
 f20/fs4  0000000000000000 f21/fs5  0000000000000000 f22/fs6  0000000000000000 f23/fs7  0000000000000000
 f24/fs8  0000000000000000 f25/fs9  0000000000000000 f26/fs10 0000000000000000 f27/fs11 0000000000000000
 f28/ft8  0000000000000000 f29/ft9  0000000000000000 f30/ft10 0000000000000000 f31/ft11 0000000000000000
