syzkaller login: [  163.244085][ T9315] sshd (9315) used greatest stack depth: 19632 bytes left
Warning: Permanently added '[localhost]:36419' (ED25519) to the list of known hosts.
2025/09/10 02:29:42 parsed 1 programs
[  193.525253][ T9361] cgroup: Unknown subsys name 'net'
[  193.737234][ T9361] cgroup: Unknown subsys name 'rlimit'
[  200.063850][ T9361] Adding 124996k swap on ./swap-file.  Priority:0 extents:1 across:124996k 
[  211.844315][   T25] wlan0: Created IBSS using preconfigured BSSID 50:50:50:50:50:50
[  211.846425][   T25] wlan0: Creating new IBSS network, BSSID 50:50:50:50:50:50
[  212.050292][   T25] wlan1: Created IBSS using preconfigured BSSID 50:50:50:50:50:50
[  212.052952][   T25] wlan1: Creating new IBSS network, BSSID 50:50:50:50:50:50
[  212.491365][ T9618] Bluetooth: hci0: unexpected cc 0x0c03 length: 249 > 1
[  212.503355][ T9618] Bluetooth: hci0: unexpected cc 0x1003 length: 249 > 9
[  212.507405][ T9618] Bluetooth: hci0: unexpected cc 0x1001 length: 249 > 9
[  212.510931][ T9618] Bluetooth: hci0: unexpected cc 0x0c23 length: 249 > 4
[  212.515492][ T9618] Bluetooth: hci0: unexpected cc 0x0c25 length: 249 > 3
[  212.517582][ T9618] Bluetooth: hci0: unexpected cc 0x0c38 length: 249 > 2
[  214.436676][ T9706] chnl_net:caif_netlink_parms(): no params data found
[  214.677638][ T9706] bridge0: port 1(bridge_slave_0) entered blocking state
[  214.684140][ T9706] bridge0: port 1(bridge_slave_0) entered disabled state
[  214.686067][ T9706] bridge_slave_0: entered allmulticast mode
[  214.692234][ T9706] bridge_slave_0: entered promiscuous mode
[  214.702723][ T9706] bridge0: port 2(bridge_slave_1) entered blocking state
[  214.704766][ T9706] bridge0: port 2(bridge_slave_1) entered disabled state
[  214.706632][ T9706] bridge_slave_1: entered allmulticast mode
[  214.712892][ T9706] bridge_slave_1: entered promiscuous mode
[  214.814514][ T9706] bond0: (slave bond_slave_0): Enslaving as an active interface with an up link
[  214.823579][ T9706] bond0: (slave bond_slave_1): Enslaving as an active interface with an up link
[  214.937281][ T9706] team0: Port device team_slave_0 added
[  214.949303][ T9706] team0: Port device team_slave_1 added
[  215.052104][ T9706] batman_adv: batadv0: Adding interface: batadv_slave_0
[  215.053947][ T9706] batman_adv: batadv0: The MTU of interface batadv_slave_0 is too small (1500) to handle the transport of batman-adv packets. Packets going over this interface will be fragmented on layer2 which could impact the performance. Setting the MTU to 1560 would solve the problem.
[  215.061205][ T9706] batman_adv: batadv0: Not using interface batadv_slave_0 (retrying later): interface not active
[  215.069217][ T9706] batman_adv: batadv0: Adding interface: batadv_slave_1
[  215.073563][ T9706] batman_adv: batadv0: The MTU of interface batadv_slave_1 is too small (1500) to handle the transport of batman-adv packets. Packets going over this interface will be fragmented on layer2 which could impact the performance. Setting the MTU to 1560 would solve the problem.
[  215.083202][ T9706] batman_adv: batadv0: Not using interface batadv_slave_1 (retrying later): interface not active
[  215.207800][ T9706] hsr_slave_0: entered promiscuous mode
[  215.213482][ T9706] hsr_slave_1: entered promiscuous mode
[  215.742345][ T9706] netdevsim netdevsim0 netdevsim0: renamed from eth0
[  215.758130][ T9706] netdevsim netdevsim0 netdevsim1: renamed from eth1
[  215.782435][ T9706] netdevsim netdevsim0 netdevsim2: renamed from eth2
[  215.815250][ T9706] netdevsim netdevsim0 netdevsim3: renamed from eth3
[  216.057459][ T9706] 8021q: adding VLAN 0 to HW filter on device bond0
[  216.107701][ T9706] 8021q: adding VLAN 0 to HW filter on device team0
[  216.146075][   T59] bridge0: port 1(bridge_slave_0) entered blocking state
[  216.149247][   T59] bridge0: port 1(bridge_slave_0) entered forwarding state
[  216.190239][ T5165] bridge0: port 2(bridge_slave_1) entered blocking state
[  216.191984][ T5165] bridge0: port 2(bridge_slave_1) entered forwarding state
[  216.788509][ T9706] 8021q: adding VLAN 0 to HW filter on device batadv0
[  216.993473][ T9706] veth0_vlan: entered promiscuous mode
[  217.014751][ T9706] veth1_vlan: entered promiscuous mode
[  217.119497][ T9706] veth0_macvtap: entered promiscuous mode
[  217.130932][ T9706] veth1_macvtap: entered promiscuous mode
[  217.185645][ T9706] batman_adv: batadv0: Interface activated: batadv_slave_0
[  217.200153][ T9706] batman_adv: batadv0: Interface activated: batadv_slave_1
[  217.214003][ T9706] netdevsim netdevsim0 netdevsim0: set [1, 0] type 2 family 0 port 6081 - 0
[  217.216230][ T9706] netdevsim netdevsim0 netdevsim1: set [1, 0] type 2 family 0 port 6081 - 0
[  217.218162][ T9706] netdevsim netdevsim0 netdevsim2: set [1, 0] type 2 family 0 port 6081 - 0
[  217.222873][ T9706] netdevsim netdevsim0 netdevsim3: set [1, 0] type 2 family 0 port 6081 - 0
[  219.938625][   T13] netdevsim netdevsim0 netdevsim3 (unregistering): unset [1, 0] type 2 family 0 port 6081 - 0
[  221.991312][   T13] netdevsim netdevsim0 netdevsim2 (unregistering): unset [1, 0] type 2 family 0 port 6081 - 0
[  222.083190][   T13] netdevsim netdevsim0 netdevsim1 (unregistering): unset [1, 0] type 2 family 0 port 6081 - 0
[  222.251624][   T13] netdevsim netdevsim0 netdevsim0 (unregistering): unset [1, 0] type 2 family 0 port 6081 - 0
2025/09/10 02:30:16 executed programs: 0
[  222.891027][ T5116] Bluetooth: hci0: unexpected cc 0x0c03 length: 249 > 1
[  222.900129][ T5116] Bluetooth: hci0: unexpected cc 0x1003 length: 249 > 9
[  222.908847][ T5116] Bluetooth: hci0: unexpected cc 0x1001 length: 249 > 9
[  222.934508][ T5116] Bluetooth: hci0: unexpected cc 0x0c23 length: 249 > 4
[  222.938677][ T5116] Bluetooth: hci0: unexpected cc 0x0c25 length: 249 > 3
[  222.943242][ T5116] Bluetooth: hci0: unexpected cc 0x0c38 length: 249 > 2
[  224.494769][   T13] hsr_slave_0: left promiscuous mode
[  224.498178][   T13] hsr_slave_1: left promiscuous mode
[  224.507961][   T13] batman_adv: batadv0: Interface deactivated: batadv_slave_0
[  224.511907][   T13] batman_adv: batadv0: Removing interface: batadv_slave_0
[  224.518579][   T13] batman_adv: batadv0: Interface deactivated: batadv_slave_1
[  224.524118][   T13] batman_adv: batadv0: Removing interface: batadv_slave_1
[  224.530158][   T13] bridge_slave_1: left allmulticast mode
[  224.531858][   T13] bridge_slave_1: left promiscuous mode
[  224.534661][   T13] bridge0: port 2(bridge_slave_1) entered disabled state
[  224.557289][   T13] bridge_slave_0: left allmulticast mode
[  224.558613][   T13] bridge_slave_0: left promiscuous mode
[  224.563677][   T13] bridge0: port 1(bridge_slave_0) entered disabled state
[  224.609945][   T13] veth1_macvtap: left promiscuous mode
[  224.612512][   T13] veth0_macvtap: left promiscuous mode
[  224.614035][   T13] veth1_vlan: left promiscuous mode
[  224.615782][   T13] veth0_vlan: left promiscuous mode
[  224.991469][ T5116] Bluetooth: hci0: command 0x0409 tx timeout
[  225.197711][   T13] team0 (unregistering): Port device team_slave_1 removed
[  225.236834][   T13] team0 (unregistering): Port device team_slave_0 removed
[  225.251310][   T13] bond0 (unregistering): (slave bond_slave_1): Releasing backup interface
[  225.277481][   T13] bond0 (unregistering): (slave bond_slave_0): Releasing backup interface
[  225.414733][   T13] bond0 (unregistering): Released all slaves
[  225.905254][T10170] chnl_net:caif_netlink_parms(): no params data found
[  226.040520][ T1308] ieee802154 phy0 wpan0: encryption failed: -22
[  226.042871][ T1308] ieee802154 phy1 wpan1: encryption failed: -22
[  226.192735][T10170] bridge0: port 1(bridge_slave_0) entered blocking state
[  226.195146][T10170] bridge0: port 1(bridge_slave_0) entered disabled state
[  226.197191][T10170] bridge_slave_0: entered allmulticast mode
[  226.201411][T10170] bridge_slave_0: entered promiscuous mode
[  226.208917][T10170] bridge0: port 2(bridge_slave_1) entered blocking state
[  226.211950][T10170] bridge0: port 2(bridge_slave_1) entered disabled state
[  226.213917][T10170] bridge_slave_1: entered allmulticast mode
[  226.217639][T10170] bridge_slave_1: entered promiscuous mode
[  226.324301][T10170] bond0: (slave bond_slave_0): Enslaving as an active interface with an up link
[  226.337694][T10170] bond0: (slave bond_slave_1): Enslaving as an active interface with an up link
[  226.435993][T10170] team0: Port device team_slave_0 added
[  226.446617][T10170] team0: Port device team_slave_1 added
[  226.542253][T10170] batman_adv: batadv0: Adding interface: batadv_slave_0
[  226.543860][T10170] batman_adv: batadv0: The MTU of interface batadv_slave_0 is too small (1500) to handle the transport of batman-adv packets. Packets going over this interface will be fragmented on layer2 which could impact the performance. Setting the MTU to 1560 would solve the problem.
[  226.549204][T10170] batman_adv: batadv0: Not using interface batadv_slave_0 (retrying later): interface not active
[  226.563909][T10170] batman_adv: batadv0: Adding interface: batadv_slave_1
[  226.565496][T10170] batman_adv: batadv0: The MTU of interface batadv_slave_1 is too small (1500) to handle the transport of batman-adv packets. Packets going over this interface will be fragmented on layer2 which could impact the performance. Setting the MTU to 1560 would solve the problem.
[  226.575167][T10170] batman_adv: batadv0: Not using interface batadv_slave_1 (retrying later): interface not active
[  226.701243][T10170] hsr_slave_0: entered promiscuous mode
[  226.707484][T10170] hsr_slave_1: entered promiscuous mode
[  227.069689][ T5116] Bluetooth: hci0: command 0x041b tx timeout
[  227.986659][T10170] netdevsim netdevsim0 netdevsim0: renamed from eth0
[  228.015328][T10170] netdevsim netdevsim0 netdevsim1: renamed from eth1
[  228.044088][T10170] netdevsim netdevsim0 netdevsim2: renamed from eth2
[  228.075762][T10170] netdevsim netdevsim0 netdevsim3: renamed from eth3
[  228.314559][T10170] 8021q: adding VLAN 0 to HW filter on device bond0
[  228.344705][T10170] 8021q: adding VLAN 0 to HW filter on device team0
[  228.358886][ T5163] bridge0: port 1(bridge_slave_0) entered blocking state
[  228.360674][ T5163] bridge0: port 1(bridge_slave_0) entered forwarding state
[  228.384616][ T5163] bridge0: port 2(bridge_slave_1) entered blocking state
[  228.386305][ T5163] bridge0: port 2(bridge_slave_1) entered forwarding state
[  228.746453][T10170] 8021q: adding VLAN 0 to HW filter on device batadv0
[  228.838303][T10170] veth0_vlan: entered promiscuous mode
[  228.854376][T10170] veth1_vlan: entered promiscuous mode
[  228.904295][T10170] veth0_macvtap: entered promiscuous mode
[  228.913167][T10170] veth1_macvtap: entered promiscuous mode
[  228.955798][T10170] batman_adv: batadv0: Interface activated: batadv_slave_0
[  228.974902][T10170] batman_adv: batadv0: Interface activated: batadv_slave_1
[  228.993504][T10170] netdevsim netdevsim0 netdevsim0: set [1, 0] type 2 family 0 port 6081 - 0
[  228.995433][T10170] netdevsim netdevsim0 netdevsim1: set [1, 0] type 2 family 0 port 6081 - 0
[  228.997271][T10170] netdevsim netdevsim0 netdevsim2: set [1, 0] type 2 family 0 port 6081 - 0
[  228.999161][T10170] netdevsim netdevsim0 netdevsim3: set [1, 0] type 2 family 0 port 6081 - 0
[  229.149919][ T5116] Bluetooth: hci0: command 0x040f tx timeout
[  229.212235][ T3478] wlan0: Created IBSS using preconfigured BSSID 50:50:50:50:50:50
[  229.214020][ T3478] wlan0: Creating new IBSS network, BSSID 50:50:50:50:50:50
[  229.362602][   T67] wlan1: Created IBSS using preconfigured BSSID 50:50:50:50:50:50
[  229.365156][   T67] wlan1: Creating new IBSS network, BSSID 50:50:50:50:50:50
2025/09/10 02:30:23 executed programs: 2
[  229.500691][T10553] mac80211_hwsim hwsim4 wlan0: entered allmulticast mode
[  229.566007][T10555] ------------[ cut here ]------------
[  229.567479][T10555] wlan0: Failed check-sdata-in-driver check, flags: 0x0
[  229.570370][T10555] WARNING: CPU: 0 PID: 10555 at net/mac80211/main.c:236 ieee80211_bss_info_change_notify+0x4ca/0x560
[  229.572794][T10555] Modules linked in:
[  229.573690][T10555] CPU: 0 PID: 10555 Comm: syz.0.18 Not tainted 6.6.0 #1
[  229.575175][T10555] Hardware name: QEMU Standard PC (i440FX + PIIX, 1996), BIOS 1.15.0-1 04/01/2014
[  229.577123][T10555] RIP: 0010:ieee80211_bss_info_change_notify+0x4ca/0x560
[  229.579055][T10555] Code: e8 8b 94 64 f7 49 8b 86 10 09 00 00 49 8d b6 30 09 00 00 48 85 c0 48 0f 45 f0 48 c7 c7 00 80 9a 8c 89 da 31 c0 e8 06 eb cd f6 <0f> 0b e9 39 fd ff ff 89 f9 80 e1 07 80 c1 03 38 c1 0f 8c a4 fb ff
[  229.585500][T10555] RSP: 0018:ffffc90003c7f250 EFLAGS: 00010246
[  229.586837][T10555] RAX: e28592ece92c9d00 RBX: 0000000000000000 RCX: ffff88801d9b8000
[  229.588529][T10555] RDX: 0000000000000000 RSI: 0000000000000000 RDI: 0000000000000000
[  229.590391][T10555] RBP: dffffc0000000000 R08: ffffffff8153dc8c R09: 1ffff110057c4f6a
[  229.592090][T10555] R10: dffffc0000000000 R11: ffffed10057c4f6b R12: ffff88804b6b9598
[  229.593785][T10555] R13: 0000000000000a00 R14: ffff88804b6b8c80 R15: ffff888058280e20
[  229.595481][T10555] FS:  00005555567b4500(0000) GS:ffff88802be00000(0000) knlGS:0000000000000000
[  229.597357][T10555] CS:  0010 DS: 0000 ES: 0000 CR0: 0000000080050033
[  229.598743][T10555] CR2: 0000200000000040 CR3: 0000000057c78000 CR4: 0000000000750ef0
[  229.600573][T10555] DR0: 0000000000000000 DR1: 0000000000000000 DR2: 0000000000000000
[  229.602283][T10555] DR3: 0000000000000000 DR6: 00000000fffe0ff0 DR7: 0000000000000400
[  229.604020][T10555] PKRU: 00000000
[  229.604850][T10555] Call Trace:
[  229.605640][T10555]  <TASK>
[  229.606314][T10555]  ? __warn+0x15e/0x2d0
[  229.607263][T10555]  ? report_bug+0x2a8/0x4f0
[  229.608275][T10555]  ? ieee80211_bss_info_change_notify+0x4ca/0x560
[  229.609857][T10555]  ? handle_bug+0x3d/0x70
[  229.610834][T10555]  ? exc_invalid_op+0x16/0x40
[  229.611868][T10555]  ? asm_exc_invalid_op+0x16/0x20
[  229.612971][T10555]  ? __warn_printk+0x24c/0x310
[  229.614028][T10555]  ? ieee80211_bss_info_change_notify+0x4ca/0x560
[  229.615411][T10555]  ieee80211_ibss_disconnect+0x5a1/0x960
[  229.616633][T10555]  ieee80211_ibss_leave+0x2a/0x140
[  229.617756][T10555]  __cfg80211_leave_ibss+0x11c/0x200
[  229.618968][T10555]  cfg80211_leave_ibss+0x5b/0x70
[  229.620167][T10555]  cfg80211_change_iface+0x434/0xab0
[  229.621406][T10555]  nl80211_set_interface+0x647/0x8f0
[  229.622617][T10555]  ? nl80211_dump_interface+0x6b0/0x6b0
[  229.623844][T10555]  genl_rcv_msg+0xb1e/0xdd0
[  229.624854][T10555]  ? mark_lock+0x9a/0x350
[  229.625890][T10555]  ? genl_bind+0x370/0x370
[  229.626960][T10555]  ? read_lock_is_recursive+0x10/0x10
[  229.628145][T10555]  ? trace_rdev_set_hw_timestamp+0x1c0/0x1c0
[  229.630109][T10555]  ? nl80211_dump_interface+0x6b0/0x6b0
[  229.631349][T10555]  ? nl80211_pre_doit+0x8b0/0x8b0
[  229.632439][T10555]  ? __might_sleep+0xc0/0xc0
[  229.633485][T10555]  ? ref_tracker_free+0x605/0x7a0
[  229.634641][T10555]  netlink_rcv_skb+0x1f0/0x470
[  229.635722][T10555]  ? genl_bind+0x370/0x370
[  229.636726][T10555]  ? netlink_ack+0x1290/0x1290
[  229.637844][T10555]  ? __lock_acquire+0x2050/0x2050
[  229.638987][T10555]  genl_rcv+0x24/0x40
[  229.640022][T10555]  netlink_unicast+0x804/0x9a0
[  229.641128][T10555]  ? netlink_detachskb+0xa0/0xa0
[  229.642269][T10555]  ? __phys_addr_symbol+0x2b/0x70
[  229.643410][T10555]  ? 0xffffffff81000000
[  229.644355][T10555]  ? __check_object_size+0x15a/0x210
[  229.645552][T10555]  ? bpf_lsm_netlink_send+0x5/0x10
[  229.646730][T10555]  netlink_sendmsg+0x93c/0xd10
[  229.647812][T10555]  ? netlink_getsockopt+0x580/0x580
[  229.648952][T10555]  ? aa_sock_msg_perm+0x91/0x150
[  229.650223][T10555]  ? bpf_lsm_socket_sendmsg+0x5/0x10
[  229.651400][T10555]  ? security_socket_sendmsg+0x9d/0xb0
[  229.652580][T10555]  ? netlink_getsockopt+0x580/0x580
[  229.653786][T10555]  ____sys_sendmsg+0x5d6/0x960
[  229.654872][T10555]  ? __sys_sendmsg_sock+0x30/0x30
[  229.656023][T10555]  ? __fdget+0x14c/0x210
[  229.656970][T10555]  __sys_sendmsg+0x26d/0x360
[  229.658060][T10555]  ? ____sys_sendmsg+0x960/0x960
[  229.659196][T10555]  ? lockdep_hardirqs_on_prepare+0x448/0x7b0
[  229.660620][T10555]  ? syscall_enter_from_user_mode+0x2e/0x1a0
[  229.661986][T10555]  ? syscall_enter_from_user_mode+0x2e/0x1a0
[  229.663299][T10555]  do_syscall_64+0x2b/0x50
[  229.664316][T10555]  entry_SYSCALL_64_after_hwframe+0x63/0xcd
[  229.665638][T10555] RIP: 0033:0x7efe85bae16d
[  229.666613][T10555] Code: 02 b8 ff ff ff ff c3 66 0f 1f 44 00 00 f3 0f 1e fa 48 89 f8 48 89 f7 48 89 d6 48 89 ca 4d 89 c2 4d 89 c8 4c 8b 4c 24 08 0f 05 <48> 3d 01 f0 ff ff 73 01 c3 48 c7 c1 a8 ff ff ff f7 d8 64 89 01 48
[  229.670921][T10555] RSP: 002b:00007ffecfac6708 EFLAGS: 00000246 ORIG_RAX: 000000000000002e
[  229.672789][T10555] RAX: ffffffffffffffda RBX: 00007efe85df5fa0 RCX: 00007efe85bae16d
[  229.674552][T10555] RDX: 0000000000000000 RSI: 00002000000000c0 RDI: 0000000000000003
[  229.676211][T10555] RBP: 00007efe85c480f0 R08: 0000000000000000 R09: 0000000000000000
[  229.677946][T10555] R10: 0000000000000000 R11: 0000000000000246 R12: 0000000000000000
[  229.679782][T10555] R13: 00007efe85df5fac R14: 00007efe85df5fa0 R15: 0000000000000000
[  229.681533][T10555]  </TASK>
[  229.682261][T10555] Kernel panic - not syncing: kernel: panic_on_warn set ...
[  229.683806][T10555] CPU: 0 PID: 10555 Comm: syz.0.18 Not tainted 6.6.0 #1
[  229.685330][T10555] Hardware name: QEMU Standard PC (i440FX + PIIX, 1996), BIOS 1.15.0-1 04/01/2014
[  229.687273][T10555] Call Trace:
[  229.688000][T10555]  <TASK>
[  229.688670][T10555]  dump_stack_lvl+0x1e3/0x2d0
[  229.689780][T10555]  ? nf_tcp_handle_invalid+0x650/0x650
[  229.690973][T10555]  ? panic+0x760/0x760
[  229.691893][T10555]  ? ieee80211_bss_info_change_notify+0x490/0x560
[  229.693308][T10555]  panic+0x2f5/0x760
[  229.694528][T10555]  ? __warn+0x16d/0x2d0
[  229.695776][T10555]  ? __memcpy_flushcache+0x2e0/0x2e0
[  229.696966][T10555]  ? ieee80211_bss_info_change_notify+0x4ca/0x560
[  229.698763][T10555]  __warn+0x284/0x2d0
[  229.699839][T10555]  report_bug+0x2a8/0x4f0
[  229.701067][T10555]  ? ieee80211_bss_info_change_notify+0x4ca/0x560
[  229.702727][T10555]  handle_bug+0x3d/0x70
[  229.703971][T10555]  exc_invalid_op+0x16/0x40
[  229.705305][T10555]  asm_exc_invalid_op+0x16/0x20
[  229.706580][T10555] RIP: 0010:ieee80211_bss_info_change_notify+0x4ca/0x560
[  229.708470][T10555] Code: e8 8b 94 64 f7 49 8b 86 10 09 00 00 49 8d b6 30 09 00 00 48 85 c0 48 0f 45 f0 48 c7 c7 00 80 9a 8c 89 da 31 c0 e8 06 eb cd f6 <0f> 0b e9 39 fd ff ff 89 f9 80 e1 07 80 c1 03 38 c1 0f 8c a4 fb ff
[  229.713681][T10555] RSP: 0018:ffffc90003c7f250 EFLAGS: 00010246
[  229.715164][T10555] RAX: e28592ece92c9d00 RBX: 0000000000000000 RCX: ffff88801d9b8000
[  229.717224][T10555] RDX: 0000000000000000 RSI: 0000000000000000 RDI: 0000000000000000
[  229.719479][T10555] RBP: dffffc0000000000 R08: ffffffff8153dc8c R09: 1ffff110057c4f6a
[  229.721476][T10555] R10: dffffc0000000000 R11: ffffed10057c4f6b R12: ffff88804b6b9598
[  229.724672][T10555] R13: 0000000000000a00 R14: ffff88804b6b8c80 R15: ffff888058280e20
[  229.727933][T10555]  ? __warn_printk+0x24c/0x310
[  229.729984][T10555]  ieee80211_ibss_disconnect+0x5a1/0x960
[  229.732270][T10555]  ieee80211_ibss_leave+0x2a/0x140
[  229.734339][T10555]  __cfg80211_leave_ibss+0x11c/0x200
[  229.736514][T10555]  cfg80211_leave_ibss+0x5b/0x70
[  229.738680][T10555]  cfg80211_change_iface+0x434/0xab0
[  229.740783][T10555]  nl80211_set_interface+0x647/0x8f0
[  229.742588][T10555]  ? nl80211_dump_interface+0x6b0/0x6b0
[  229.744521][T10555]  genl_rcv_msg+0xb1e/0xdd0
[  229.746085][T10555]  ? mark_lock+0x9a/0x350
[  229.747679][T10555]  ? genl_bind+0x370/0x370
[  229.749267][T10555]  ? read_lock_is_recursive+0x10/0x10
[  229.751120][T10555]  ? trace_rdev_set_hw_timestamp+0x1c0/0x1c0
[  229.753117][T10555]  ? nl80211_dump_interface+0x6b0/0x6b0
[  229.755021][T10555]  ? nl80211_pre_doit+0x8b0/0x8b0
[  229.756690][T10555]  ? __might_sleep+0xc0/0xc0
[  229.758324][T10555]  ? ref_tracker_free+0x605/0x7a0
[  229.760140][T10555]  netlink_rcv_skb+0x1f0/0x470
[  229.761810][T10555]  ? genl_bind+0x370/0x370
[  229.763422][T10555]  ? netlink_ack+0x1290/0x1290
[  229.765092][T10555]  ? __lock_acquire+0x2050/0x2050
[  229.767035][T10555]  genl_rcv+0x24/0x40
[  229.768482][T10555]  netlink_unicast+0x804/0x9a0
[  229.770181][T10555]  ? netlink_detachskb+0xa0/0xa0
[  229.771959][T10555]  ? __phys_addr_symbol+0x2b/0x70
[  229.773727][T10555]  ? 0xffffffff81000000
[  229.775254][T10555]  ? __check_object_size+0x15a/0x210
[  229.777013][T10555]  ? bpf_lsm_netlink_send+0x5/0x10
[  229.778854][T10555]  netlink_sendmsg+0x93c/0xd10
[  229.780576][T10555]  ? netlink_getsockopt+0x580/0x580
[  229.782389][T10555]  ? aa_sock_msg_perm+0x91/0x150
[  229.784195][T10555]  ? bpf_lsm_socket_sendmsg+0x5/0x10
[  229.786098][T10555]  ? security_socket_sendmsg+0x9d/0xb0
[  229.788036][T10555]  ? netlink_getsockopt+0x580/0x580
[  229.789892][T10555]  ____sys_sendmsg+0x5d6/0x960
[  229.791675][T10555]  ? __sys_sendmsg_sock+0x30/0x30
[  229.793478][T10555]  ? __fdget+0x14c/0x210
[  229.795033][T10555]  __sys_sendmsg+0x26d/0x360
[  229.796713][T10555]  ? ____sys_sendmsg+0x960/0x960
[  229.798662][T10555]  ? lockdep_hardirqs_on_prepare+0x448/0x7b0
[  229.800816][T10555]  ? syscall_enter_from_user_mode+0x2e/0x1a0
[  229.802995][T10555]  ? syscall_enter_from_user_mode+0x2e/0x1a0
[  229.805099][T10555]  do_syscall_64+0x2b/0x50
[  229.806726][T10555]  entry_SYSCALL_64_after_hwframe+0x63/0xcd
[  229.808812][T10555] RIP: 0033:0x7efe85bae16d
[  229.810318][T10555] Code: 02 b8 ff ff ff ff c3 66 0f 1f 44 00 00 f3 0f 1e fa 48 89 f8 48 89 f7 48 89 d6 48 89 ca 4d 89 c2 4d 89 c8 4c 8b 4c 24 08 0f 05 <48> 3d 01 f0 ff ff 73 01 c3 48 c7 c1 a8 ff ff ff f7 d8 64 89 01 48
[  229.816451][T10555] RSP: 002b:00007ffecfac6708 EFLAGS: 00000246 ORIG_RAX: 000000000000002e
[  229.819289][T10555] RAX: ffffffffffffffda RBX: 00007efe85df5fa0 RCX: 00007efe85bae16d
[  229.821860][T10555] RDX: 0000000000000000 RSI: 00002000000000c0 RDI: 0000000000000003
[  229.824419][T10555] RBP: 00007efe85c480f0 R08: 0000000000000000 R09: 0000000000000000
[  229.826936][T10555] R10: 0000000000000000 R11: 0000000000000246 R12: 0000000000000000
[  229.829446][T10555] R13: 00007efe85df5fac R14: 00007efe85df5fa0 R15: 0000000000000000
[  229.832074][T10555]  </TASK>
[  229.833418][T10555] Kernel Offset: disabled
[  229.835146][T10555] Rebooting in 86400 seconds..

VM DIAGNOSIS:
10:30:24  Registers:
info registers vcpu 0
RAX=0000000000000065 RBX=ffffffff9816e580 RCX=0000000000000000 RDX=00000000000003f8
RSI=0000000000000000 RDI=0000000000000020 RBP=0000000000000000 RSP=ffffc90003c7e8b0
R8 =ffffffff84e2d6c6 R9 =1ffff11003c22046 R10=dffffc0000000000 R11=ffffed1003c22047
R12=dffffc0000000000 R13=dffffc0000000001 R14=0000000000000065 R15=00000000000003f8
RIP=ffffffff84e2d6f9 RFL=00000002 [-------] CPL=0 II=0 A20=1 SMM=0 HLT=0
ES =0000 0000000000000000 ffffffff 00c00000
CS =0010 0000000000000000 ffffffff 00a09b00 DPL=0 CS64 [-RA]
SS =0018 0000000000000000 ffffffff 00c09300 DPL=0 DS   [-WA]
DS =0000 0000000000000000 ffffffff 00c00000
FS =0000 00005555567b4500 ffffffff 00c00000
GS =0000 ffff88802be00000 ffffffff 00c00000
LDT=0000 0000000000000000 ffffffff 00c00000
TR =0040 fffffe0000003000 00004087 00008b00 DPL=0 TSS64-busy
GDT=     fffffe0000001000 0000007f
IDT=     fffffe0000000000 00000fff
CR0=80050033 CR2=0000200000000040 CR3=0000000057c78000 CR4=00750ef0
DR0=0000000000000000 DR1=0000000000000000 DR2=0000000000000000 DR3=0000000000000000 
DR6=00000000fffe0ff0 DR7=0000000000000400
EFER=0000000000000d01
FCW=037f FSW=0000 [ST=0] FTW=00 MXCSR=00001f80
FPR0=0000000000000000 0000 FPR1=0000000000000000 0000
FPR2=0000000000000000 0000 FPR3=0000000000000000 0000
FPR4=0000000000000000 0000 FPR5=0000000000000000 0000
FPR6=0000000000000000 0000 FPR7=0000000000000000 0000
Opmask00=00000000ffffff80 Opmask01=0000000000000000 Opmask02=000000000000003f Opmask03=0000000000000000
Opmask04=0000000000000000 Opmask05=0000000000000000 Opmask06=0000000000000000 Opmask07=0000000000000000
ZMM00=0000000000000000 0000000000000000 0000000000000000 0000000000000000 0000000000000000 0000000000000000 0000000000000000 0000000000000000
ZMM01=0000000000000000 0000000000000000 0000000000000000 0000000000000000 0000000000000000 0000000000000000 0000000000000000 000000306e616c77
ZMM02=0000000000000000 0000000000000000 0000000000000000 0000000000000000 0000000000000000 0000000000000000 0000000000000000 00007ffecfac6950
ZMM03=0000000000000000 0000000000000000 0000000000000000 0000000000000000 0000000000000000 0000000000000000 00007ffecfac6950 00007ffecfac6950
ZMM04=0000000000000000 0000000000000000 0000000000000000 0000000000000000 0000000000000000 0000000000000000 0000000000000000 00007ffecfac698f
ZMM05=0000000000000000 0000000000000000 0000000000000000 0000000000000000 0000000000000000 0000000000000000 00005555567b4500 0000000000000000
ZMM06=0000000000000000 0000000000000000 0000000000000000 0000000000000000 0000000000000000 0000000000000000 0000000000000000 00007efe8692d660
ZMM07=0000000000000000 0000000000000000 0000000000000000 0000000000000000 0000000000000000 0000000000000000 00007efe85ba4878 0000000000000000
ZMM08=0000000000000000 0000000000000000 0000000000000000 0000000000000000 0000000000000000 0000000000000000 0000000000000000 0000000000000000
ZMM09=0000000000000000 0000000000000000 0000000000000000 0000000000000000 0000000000000000 0000000000000000 0000000000000000 0000000000000000
ZMM10=0000000000000000 0000000000000000 0000000000000000 0000000000000000 0000000000000000 0000000000000000 0000000000000000 0000000000000000
ZMM11=0000000000000000 0000000000000000 0000000000000000 0000000000000000 0000000000000000 0000000000000000 0000000000000000 0000000000000000
ZMM12=0000000000000000 0000000000000000 0000000000000000 0000000000000000 0000000000000000 0000000000000000 0000000000000000 0000000000000000
ZMM13=0000000000000000 0000000000000000 0000000000000000 0000000000000000 0000000000000000 0000000000000000 0000000000000000 0000000000000000
ZMM14=0000000000000000 0000000000000000 0000000000000000 0000000000000000 0000000000000000 0000000000000000 0000000000000000 0000000000000000
ZMM15=0000000000000000 0000000000000000 0000000000000000 0000000000000000 0000000000000000 0000000000000000 0000000000000000 0000000000000000
ZMM16=0000000000000000 0000000000000000 0000000000000000 0000000000000000 0000000000000000 0000000000000000 0000000000000000 0000000000000000
ZMM17=0000000000000000 0000000000000000 0000000000000000 0000000000000000 2525252525252525 2525252525252525 2525252525252525 2525252525252525
ZMM18=0000000000000000 0000000000000000 0000000000000000 0000000000000000 6f6c667265766f20 6772612061746164 000a747261745374 6f68000500060006
ZMM19=0000000000000000 0000000000000000 0000000000000000 0000000000000000 4a49435740534a05 4257440544514441 000a515744515351 4a4d5655444b5300
ZMM20=0000000000000000 0000000000000000 0000000000000000 0000000000000000 0000000000000000 0000000000000048 0000000000000001 0000000000000000
ZMM21=0000000000000000 0000000000000000 0000000000000000 0000000000000000 0000000000000000 0000000000000000 0000000000000000 000000524f525245
ZMM22=0000000000000000 0000000000000000 0000000000000000 0000000000000000 0000000000000000 0000000000000000 0000000000000000 00524f5252450040
ZMM23=0000000000000000 0000000000000000 0000000000000000 0000000000000000 0000000000000000 0000000000000000 0000000000000000 00e800a800000000
ZMM24=0000000000000000 0000000000000000 0000000000000000 0000000000000000 0000000000000000 0000000000000000 0000000000000000 0000000000000000
ZMM25=0000000000000000 0000000000000000 0000000000000000 0000000000000000 0000000000000000 0000000000000000 0000000000000000 0000000000000000
ZMM26=0000000000000000 0000000000000000 0000000000000000 0000000000000000 0000000000000000 0000000000000000 0000000000000000 0000000000000000
ZMM27=0000000000000000 0000000000000000 0000000000000000 0000000000000000 0000000000000000 0000000000000000 0000000000000000 0000000000000000
ZMM28=0000000000000000 0000000000000000 0000000000000000 0000000000000000 0000000000000000 0000000000000000 0000000000000000 0000000000000000
ZMM29=0000000000000000 0000000000000000 0000000000000000 0000000000000000 0000000000000000 0000000000000000 0000000000000000 0000000000000000
ZMM30=0000000000000000 0000000000000000 0000000000000000 0000000000000000 0000000000000000 0000000000000000 0000000000000000 0000000000000000
ZMM31=0000000000000000 0000000000000000 0000000000000000 0000000000000000 0000000000000000 0000000000000000 0000000000000000 0000000000000000
info registers vcpu 1
RAX=dffffc0000000000 RBX=00000000059364d8 RCX=00000000059364d8 RDX=ffffffffff58c50d
RSI=ffffffff8bae4e40 RDI=ffff88802be3b508 RBP=00000000059364d8 RSP=ffffc900028deef0
R8 =ffffffff8f28de6f R9 =1ffffffff1e51bcd R10=dffffc0000000000 R11=fffffbfff1e51bce
R12=00000000000007d1 R13=1ffff110057c768a R14=ffff88802be3b450 R15=00000000016b201a
RIP=ffffffff81642d06 RFL=00000046 [---Z-P-] CPL=0 II=0 A20=1 SMM=0 HLT=0
ES =0000 0000000000000000 ffffffff 00c00000
CS =0010 0000000000000000 ffffffff 00a09b00 DPL=0 CS64 [-RA]
SS =0018 0000000000000000 ffffffff 00c09300 DPL=0 DS   [-WA]
DS =0000 0000000000000000 ffffffff 00c00000
FS =0000 0000000000000000 ffffffff 00c00000
GS =0000 ffff88807ec00000 ffffffff 00c00000
LDT=0000 0000000000000000 00000000 00000000
TR =0040 fffffe000004a000 00004087 00008b00 DPL=0 TSS64-busy
GDT=     fffffe0000048000 0000007f
IDT=     fffffe0000000000 00000fff
CR0=80050033 CR2=00007f31a3e3edd0 CR3=0000000023889000 CR4=00750ee0
DR0=0000000000000000 DR1=0000000000000000 DR2=0000000000000000 DR3=0000000000000000 
DR6=00000000fffe0ff0 DR7=0000000000000400
EFER=0000000000000d01
FCW=037f FSW=0000 [ST=0] FTW=00 MXCSR=00001f80
FPR0=0000000000000000 0000 FPR1=0000000000000000 0000
FPR2=0000000000000000 0000 FPR3=0000000000000000 0000
FPR4=0000000000000000 0000 FPR5=0000000000000000 0000
FPR6=0000000000000000 0000 FPR7=0000000000000000 0000
Opmask00=00000000ffffff00 Opmask01=0000000000000111 Opmask02=000000000000ffff Opmask03=0000000000000000
Opmask04=0000000000000000 Opmask05=0000000000000000 Opmask06=0000000000000000 Opmask07=0000000000000000
ZMM00=0000000000000000 0000000000000000 0000000000000000 0000000000000000 0000000000000000 0000000000000000 00ffffffffffffff ffffffffff000000
ZMM01=0000000000000000 0000000000000000 0000000000000000 0000000000000000 0000000000000000 0000000000000000 74656e2f6e75722f 7261762f0074656e
ZMM02=0000000000000000 0000000000000000 0000000000000000 0000000000000000 0000000000000000 0000000000000000 ffffffffffffff0f 0e0d0c0b0a090807
ZMM03=0000000000000000 0000000000000000 0000000000000000 0000000000000000 0000000000000000 0000000000000000 0000000000000000 0000000000000000
ZMM04=0000000000000000 0000000000000000 0000000000000000 0000000000000000 0000000000000000 0000000000000000 0000000000000000 0000000000000000
ZMM05=0000000000000000 0000000000000000 0000000000000000 0000000000000000 0000000000000000 0000000000000000 0000000000000000 0000000000000000
ZMM06=0000000000000000 0000000000000000 0000000000000000 0000000000000000 0000000000000000 0000000000000000 0000000000000000 0000000000000000
ZMM07=0000000000000000 0000000000000000 0000000000000000 0000000000000000 0000000000000000 0000000000000000 0000000000000000 0000000000000000
ZMM08=0000000000000000 0000000000000000 0000000000000000 0000000000000000 0000000000000000 0000000000000000 0000000000000020 0000000000002000
ZMM09=0000000000000000 0000000000000000 0000000000000000 0000000000000000 0000000000000000 0000000000000000 0000ffffffffffff ffffffffffffff00
ZMM10=0000000000000000 0000000000000000 0000000000000000 0000000000000000 0000000000000000 0000000000000000 0000000000000000 0000000000000000
ZMM11=0000000000000000 0000000000000000 0000000000000000 0000000000000000 0000000000000000 0000000000000000 0000000000000000 0000000000000000
ZMM12=0000000000000000 0000000000000000 0000000000000000 0000000000000000 0000000000000000 0000000000000000 0000000000000000 0000000000000000
ZMM13=0000000000000000 0000000000000000 0000000000000000 0000000000000000 0000000000000000 0000000000000000 0000000000000000 0000000000000000
ZMM14=0000000000000000 0000000000000000 0000000000000000 0000000000000000 0000000000000000 0000000000000000 0000000000000000 0000000000000000
ZMM15=0000000000000000 0000000000000000 0000000000000000 0000000000000000 0000000000000000 0000000000000000 0000000000000000 0000000000000000
ZMM16=0000000000000000 0000000000000000 0000000000000000 0000000000000000 6c656e72656b2072 656c6c616b7a7973 2033323a30333a32 3020303120706553
ZMM17=0000000000000000 0000000000000000 0000000000000000 0000000000000000 73656c75646f4d20 5d3535353031545b 5d3439373237352e 39323220205b203a
ZMM18=0000000000000000 0000000000000000 0000000000000000 0000000000000000 0a3a6e692064656b 6e696c2073656c75 646f4d205d353535 3031545b5d343937
ZMM19=0000000000000000 0000000000000000 0000000000000000 0000000000000000 3237352e39323220 205b203a6c656e72 656b2072656c6c61 6b7a79732033323a
ZMM20=0000000000000000 0000000000000000 0000000000000000 0000000000000000 0a30363578302f61 633478302b796669 746f6e5f65676e61 68635f6f666e695f
ZMM21=0000000000000000 0000000000000000 0000000000000000 0000000000000000 7373625f31313230 3865656569203633 323a632e6e69616d 2f31313230386361
ZMM22=0000000000000000 0000000000000000 0000000000000000 0000000000000000 6d2f74656e207461 203535353031203a 4449502030203a55 5043203a474e494e
ZMM23=0000000000000000 0000000000000000 0000000000000000 0000000000000000 524157205d353535 3031545b5d303733 3037352e39323220 205b203a6c656e72
ZMM24=0000000000000000 0000000000000000 0000000000000000 0000000000000000 6465746e656d6761 7266206562206c6c 6977206563616672 65746e6920736968
ZMM25=0000000000000000 0000000000000000 0000000000000000 0000000000000000 0000000000000000 0000000000000000 0000000000000000 0000000000000000
ZMM26=0000000000000000 0000000000000000 0000000000000000 0000000000000000 0000000000000000 0000000000000000 0000000000000000 0000000000000000
ZMM27=0000000000000000 0000000000000000 0000000000000000 0000000000000000 0000000000000000 0000000000000000 0000000000000000 0000000000000000
ZMM28=0000000000000000 0000000000000000 0000000000000000 0000000000000000 0000000000000000 0000000000000000 0000000000000000 0000000000000000
ZMM29=0000000000000000 0000000000000000 0000000000000000 0000000000000000 0000000000000000 0000000000000000 0000000000000000 0000000000000000
ZMM30=0000000000000000 0000000000000000 0000000000000000 0000000000000000 0000000000000000 0000000000000000 0000000000000000 0000000000000000
ZMM31=0000000000000000 0000000000000000 0000000000000000 0000000000000000 0000000000000000 0000000000000000 0000000000000000 0000000000000000
