
Debian GNU/Linux 11 syzkaller ttyS0

Warning: Permanently added '[localhost]:53979' (ED25519) to the list of known hosts.
2025/08/31 15:28:21 parsed 1 programs
syzkaller login: [   38.745086][ T8018] cgroup: Unknown subsys name 'net'
[   38.917834][ T8018] cgroup: Unknown subsys name 'rlimit'
[   41.780195][ T8026] mkswap (8026) used greatest stack depth: 10216 bytes left
[   43.432773][ T8018] Adding 124996k swap on ./swap-file.  Priority:0 extents:1 across:124996k 
[   46.472024][ T8118] chnl_net:caif_netlink_parms(): no params data found
[   46.518659][ T8118] bridge0: port 1(bridge_slave_0) entered blocking state
[   46.522433][ T8118] bridge0: port 1(bridge_slave_0) entered disabled state
[   46.524103][ T8118] bridge_slave_0: entered allmulticast mode
[   46.525925][ T8118] bridge_slave_0: entered promiscuous mode
[   46.531689][ T8118] bridge0: port 2(bridge_slave_1) entered blocking state
[   46.534302][ T8118] bridge0: port 2(bridge_slave_1) entered disabled state
[   46.536846][ T8118] bridge_slave_1: entered allmulticast mode
[   46.539027][ T8118] bridge_slave_1: entered promiscuous mode
[   46.566298][ T8118] bond0: (slave bond_slave_0): Enslaving as an active interface with an up link
[   46.570071][ T8118] bond0: (slave bond_slave_1): Enslaving as an active interface with an up link
[   46.594502][ T8118] team0: Port device team_slave_0 added
[   46.598134][ T8118] team0: Port device team_slave_1 added
[   46.623407][ T8118] batman_adv: batadv0: Adding interface: batadv_slave_0
[   46.625905][ T8118] batman_adv: batadv0: The MTU of interface batadv_slave_0 is too small (1500) to handle the transport of batman-adv packets. Packets going over this interface will be fragmented on layer2 which could impact the performance. Setting the MTU to 1560 would solve the problem.
[   46.632331][ T8118] batman_adv: batadv0: Not using interface batadv_slave_0 (retrying later): interface not active
[   46.639202][ T8118] batman_adv: batadv0: Adding interface: batadv_slave_1
[   46.642042][ T8118] batman_adv: batadv0: The MTU of interface batadv_slave_1 is too small (1500) to handle the transport of batman-adv packets. Packets going over this interface will be fragmented on layer2 which could impact the performance. Setting the MTU to 1560 would solve the problem.
[   46.649824][ T8118] batman_adv: batadv0: Not using interface batadv_slave_1 (retrying later): interface not active
[   46.676261][ T8118] hsr_slave_0: entered promiscuous mode
[   46.678182][ T8118] hsr_slave_1: entered promiscuous mode
[   46.758089][ T8118] netdevsim netdevsim0 netdevsim0: renamed from eth0
[   46.762652][ T8118] netdevsim netdevsim0 netdevsim1: renamed from eth1
[   46.766274][ T8118] netdevsim netdevsim0 netdevsim2: renamed from eth2
[   46.769779][ T8118] netdevsim netdevsim0 netdevsim3: renamed from eth3
[   46.786248][ T8118] bridge0: port 2(bridge_slave_1) entered blocking state
[   46.787991][ T8118] bridge0: port 2(bridge_slave_1) entered forwarding state
[   46.791419][ T8118] bridge0: port 1(bridge_slave_0) entered blocking state
[   46.793415][ T8118] bridge0: port 1(bridge_slave_0) entered forwarding state
[   46.823004][ T8118] 8021q: adding VLAN 0 to HW filter on device bond0
[   46.835374][ T1159] bridge0: port 1(bridge_slave_0) entered disabled state
[   46.838468][ T1159] bridge0: port 2(bridge_slave_1) entered disabled state
[   46.849024][ T8118] 8021q: adding VLAN 0 to HW filter on device team0
[   46.854927][ T1678] bridge0: port 1(bridge_slave_0) entered blocking state
[   46.856467][ T1678] bridge0: port 1(bridge_slave_0) entered forwarding state
[   46.870927][ T1159] bridge0: port 2(bridge_slave_1) entered blocking state
[   46.872477][ T1159] bridge0: port 2(bridge_slave_1) entered forwarding state
[   46.881868][ T8118] hsr0: Slave A (hsr_slave_0) is not up; please bring it up to get a fully working HSR network
[   46.884135][ T8118] hsr0: Slave B (hsr_slave_1) is not up; please bring it up to get a fully working HSR network
[   46.970873][ T8118] 8021q: adding VLAN 0 to HW filter on device batadv0
[   46.993643][ T8118] veth0_vlan: entered promiscuous mode
[   46.998837][ T8118] veth1_vlan: entered promiscuous mode
[   47.014773][ T8118] veth0_macvtap: entered promiscuous mode
[   47.018163][ T8118] veth1_macvtap: entered promiscuous mode
[   47.026954][ T8118] batman_adv: batadv0: Interface activated: batadv_slave_0
[   47.033496][ T8118] batman_adv: batadv0: Interface activated: batadv_slave_1
[   47.038283][ T8118] netdevsim netdevsim0 netdevsim0: set [1, 0] type 2 family 0 port 6081 - 0
[   47.041055][ T8118] netdevsim netdevsim0 netdevsim1: set [1, 0] type 2 family 0 port 6081 - 0
[   47.043037][ T8118] netdevsim netdevsim0 netdevsim2: set [1, 0] type 2 family 0 port 6081 - 0
[   47.045016][ T8118] netdevsim netdevsim0 netdevsim3: set [1, 0] type 2 family 0 port 6081 - 0
[   47.270793][ T4469] wlan0: Created IBSS using preconfigured BSSID 50:50:50:50:50:50
[   47.272706][ T4469] wlan0: Creating new IBSS network, BSSID 50:50:50:50:50:50
[   47.292716][ T3403] wlan1: Created IBSS using preconfigured BSSID 50:50:50:50:50:50
[   47.294553][ T3403] wlan1: Creating new IBSS network, BSSID 50:50:50:50:50:50
[   47.609602][   T13] netdevsim netdevsim0 netdevsim3 (unregistering): unset [1, 0] type 2 family 0 port 6081 - 0
[   47.723897][ T8799] Bluetooth: hci0: unexpected cc 0x0c03 length: 249 > 1
[   47.726890][ T8799] Bluetooth: hci0: unexpected cc 0x1003 length: 249 > 9
[   47.729515][ T8799] Bluetooth: hci0: unexpected cc 0x1001 length: 249 > 9
[   47.731919][ T8799] Bluetooth: hci0: unexpected cc 0x0c23 length: 249 > 4
[   47.734079][ T8799] Bluetooth: hci0: unexpected cc 0x0c25 length: 249 > 3
[   47.736027][ T8799] Bluetooth: hci0: unexpected cc 0x0c38 length: 249 > 2
2025/08/31 15:28:33 executed programs: 0
[   48.755523][   T66] Bluetooth: hci0: unexpected cc 0x0c03 length: 249 > 1
[   48.758379][   T66] Bluetooth: hci0: unexpected cc 0x1003 length: 249 > 9
[   48.761031][   T66] Bluetooth: hci0: unexpected cc 0x1001 length: 249 > 9
[   48.763361][   T66] Bluetooth: hci0: unexpected cc 0x0c23 length: 249 > 4
[   48.765563][   T66] Bluetooth: hci0: unexpected cc 0x0c25 length: 249 > 3
[   48.767453][   T66] Bluetooth: hci0: unexpected cc 0x0c38 length: 249 > 2
[   48.853114][ T9026] chnl_net:caif_netlink_parms(): no params data found
[   48.891535][ T9026] bridge0: port 1(bridge_slave_0) entered blocking state
[   48.893180][ T9026] bridge0: port 1(bridge_slave_0) entered disabled state
[   48.894871][ T9026] bridge_slave_0: entered allmulticast mode
[   48.896706][ T9026] bridge_slave_0: entered promiscuous mode
[   48.899064][ T9026] bridge0: port 2(bridge_slave_1) entered blocking state
[   48.901152][ T9026] bridge0: port 2(bridge_slave_1) entered disabled state
[   48.902860][ T9026] bridge_slave_1: entered allmulticast mode
[   48.904692][ T9026] bridge_slave_1: entered promiscuous mode
[   48.923175][ T9026] bond0: (slave bond_slave_0): Enslaving as an active interface with an up link
[   48.926611][ T9026] bond0: (slave bond_slave_1): Enslaving as an active interface with an up link
[   48.950470][ T9026] team0: Port device team_slave_0 added
[   48.953050][ T9026] team0: Port device team_slave_1 added
[   48.971248][ T9026] batman_adv: batadv0: Adding interface: batadv_slave_0
[   48.972864][ T9026] batman_adv: batadv0: The MTU of interface batadv_slave_0 is too small (1500) to handle the transport of batman-adv packets. Packets going over this interface will be fragmented on layer2 which could impact the performance. Setting the MTU to 1560 would solve the problem.
[   48.978526][ T9026] batman_adv: batadv0: Not using interface batadv_slave_0 (retrying later): interface not active
[   48.982093][ T9026] batman_adv: batadv0: Adding interface: batadv_slave_1
[   48.983583][ T9026] batman_adv: batadv0: The MTU of interface batadv_slave_1 is too small (1500) to handle the transport of batman-adv packets. Packets going over this interface will be fragmented on layer2 which could impact the performance. Setting the MTU to 1560 would solve the problem.
[   48.988991][ T9026] batman_adv: batadv0: Not using interface batadv_slave_1 (retrying later): interface not active
[   49.015409][ T9026] hsr_slave_0: entered promiscuous mode
[   49.017128][ T9026] hsr_slave_1: entered promiscuous mode
[   49.018684][ T9026] debugfs: Directory 'hsr0' with parent 'hsr' already present!
[   49.020862][ T9026] Cannot create hsr debugfs directory
[   50.245436][   T13] netdevsim netdevsim0 netdevsim2 (unregistering): unset [1, 0] type 2 family 0 port 6081 - 0
[   50.820931][ T8799] Bluetooth: hci0: command 0x0409 tx timeout
[   52.674451][   T13] netdevsim netdevsim0 netdevsim1 (unregistering): unset [1, 0] type 2 family 0 port 6081 - 0
[   52.756417][   T13] netdevsim netdevsim0 netdevsim0 (unregistering): unset [1, 0] type 2 family 0 port 6081 - 0
[   52.901873][ T8799] Bluetooth: hci0: command 0x041b tx timeout
[   53.473909][ T9026] netdevsim netdevsim0 netdevsim0: renamed from eth0
[   53.477778][ T9026] netdevsim netdevsim0 netdevsim1: renamed from eth1
[   53.486441][ T9026] netdevsim netdevsim0 netdevsim2: renamed from eth2
[   53.490264][ T9026] netdevsim netdevsim0 netdevsim3: renamed from eth3
[   53.537984][ T9026] 8021q: adding VLAN 0 to HW filter on device bond0
[   53.547756][ T9026] 8021q: adding VLAN 0 to HW filter on device team0
[   53.552351][  T942] bridge0: port 1(bridge_slave_0) entered blocking state
[   53.554023][  T942] bridge0: port 1(bridge_slave_0) entered forwarding state
[   53.561172][    T8] bridge0: port 2(bridge_slave_1) entered blocking state
[   53.562879][    T8] bridge0: port 2(bridge_slave_1) entered forwarding state
[   53.578424][ T9026] hsr0: Slave A (hsr_slave_0) is not up; please bring it up to get a fully working HSR network
[   53.581120][ T9026] hsr0: Slave B (hsr_slave_1) is not up; please bring it up to get a fully working HSR network
[   53.667894][ T9026] 8021q: adding VLAN 0 to HW filter on device batadv0
[   53.700955][ T9026] veth0_vlan: entered promiscuous mode
[   53.705195][ T9026] veth1_vlan: entered promiscuous mode
[   53.718084][ T9026] veth0_macvtap: entered promiscuous mode
[   53.721490][ T9026] veth1_macvtap: entered promiscuous mode
[   53.728230][ T9026] batman_adv: The newly added mac address (aa:aa:aa:aa:aa:3e) already exists on: batadv_slave_0
[   53.731892][ T9026] batman_adv: It is strongly recommended to keep mac addresses unique to avoid problems!
[   53.734968][ T9026] batman_adv: batadv0: Interface activated: batadv_slave_0
[   53.739604][ T9026] batman_adv: The newly added mac address (aa:aa:aa:aa:aa:3f) already exists on: batadv_slave_1
[   53.742066][ T9026] batman_adv: It is strongly recommended to keep mac addresses unique to avoid problems!
[   53.744793][ T9026] batman_adv: batadv0: Interface activated: batadv_slave_1
[   53.747872][ T9026] netdevsim netdevsim0 netdevsim0: set [1, 0] type 2 family 0 port 6081 - 0
[   53.751200][ T9026] netdevsim netdevsim0 netdevsim1: set [1, 0] type 2 family 0 port 6081 - 0
[   53.753132][ T9026] netdevsim netdevsim0 netdevsim2: set [1, 0] type 2 family 0 port 6081 - 0
[   53.755000][ T9026] netdevsim netdevsim0 netdevsim3: set [1, 0] type 2 family 0 port 6081 - 0
[   53.810785][   T41] wlan0: Created IBSS using preconfigured BSSID 50:50:50:50:50:50
[   53.818381][   T41] wlan0: Creating new IBSS network, BSSID 50:50:50:50:50:50
[   53.840416][   T40] wlan1: Created IBSS using preconfigured BSSID 50:50:50:50:50:50
[   53.842212][   T40] wlan1: Creating new IBSS network, BSSID 50:50:50:50:50:50
2025/08/31 15:28:38 executed programs: 2
[   54.191210][   T13] hsr_slave_0: left promiscuous mode
[   54.195129][   T13] hsr_slave_1: left promiscuous mode
[   54.197172][   T13] batman_adv: batadv0: Interface deactivated: batadv_slave_0
[   54.198824][   T13] batman_adv: batadv0: Removing interface: batadv_slave_0
[   54.202927][   T13] batman_adv: batadv0: Interface deactivated: batadv_slave_1
[   54.204546][   T13] batman_adv: batadv0: Removing interface: batadv_slave_1
[   54.207415][   T13] bridge_slave_1: left allmulticast mode
[   54.208667][   T13] bridge_slave_1: left promiscuous mode
[   54.210956][   T13] bridge0: port 2(bridge_slave_1) entered disabled state
[   54.216340][   T13] bridge_slave_0: left allmulticast mode
[   54.217658][   T13] bridge_slave_0: left promiscuous mode
[   54.218951][   T13] bridge0: port 1(bridge_slave_0) entered disabled state
[   54.231336][   T13] veth1_macvtap: left promiscuous mode
[   54.232814][   T13] veth0_macvtap: left promiscuous mode
[   54.234052][   T13] veth1_vlan: left promiscuous mode
[   54.235275][   T13] veth0_vlan: left promiscuous mode
[   54.352261][ T9640] loop0: detected capacity change from 0 to 32768
[   54.364741][ T9640] gfs2: fsid=syz:syz: Trying to join cluster "lock_nolock", "syz:syz"
[   54.366926][ T9640] gfs2: fsid=syz:syz: Now mounting FS (format 1801)...
[   54.395986][   T13] team0 (unregistering): Port device team_slave_1 removed
[   54.400989][ T9640] gfs2: fsid=syz:syz.0: journal 0 mapped with 1 extents in 0ms
[   54.407353][ T4469] gfs2: fsid=syz:syz.0: jid=0, already locked for use
[   54.407675][   T13] team0 (unregistering): Port device team_slave_0 removed
[   54.409034][ T4469] gfs2: fsid=syz:syz.0: jid=0: Looking at journal...
[   54.417334][   T13] bond0 (unregistering): (slave bond_slave_1): Releasing backup interface
[   54.426599][   T13] bond0 (unregistering): (slave bond_slave_0): Releasing backup interface
[   54.465183][ T4469] gfs2: fsid=syz:syz.0: jid=0: Journal head lookup took 56ms
[   54.468628][ T4469] gfs2: fsid=syz:syz.0: jid=0: Done
[   54.470564][ T9640] gfs2: fsid=syz:syz.0: first mount done, others may mount
[   54.492803][   T13] bond0 (unregistering): Released all slaves
[   57.395225][ T9658] ------------[ cut here ]------------
[   57.396849][ T9658] WARNING: CPU: 1 PID: 9658 at include/linux/backing-dev.h:255 folio_account_dirtied+0x2cc/0x3a0
[   57.399107][ T9658] Modules linked in:
[   57.400019][ T9658] CPU: 1 PID: 9658 Comm: syz.0.17 Not tainted 6.8.0 #1
[   57.401569][ T9658] Hardware name: QEMU Standard PC (i440FX + PIIX, 1996), BIOS 1.15.0-1 04/01/2014
[   57.403949][ T9658] RIP: 0010:folio_account_dirtied+0x2cc/0x3a0
[   57.406783][ T9658] Code: c4 08 5b 41 5c 41 5e 41 5f c3 e8 4f d7 e6 ff 4c 89 ff 4c 89 f6 48 83 c4 08 5b 41 5c 41 5e 41 5f e9 b9 dd 19 00 e8 34 d7 e6 ff <0f> 0b e9 91 fe ff ff e8 28 d7 e6 ff e9 ae 00 00 00 4c 89 fe 48 81
[   57.413654][ T9658] RSP: 0018:ffffc90003417ae0 EFLAGS: 00010093
[   57.414960][ T9658] RAX: ffffffff815e6f8c RBX: 0000000000000000 RCX: ffff88811d7f23c0
[   57.416653][ T9658] RDX: 0000000000000000 RSI: 0000000000000000 RDI: 0000000000000000
[   57.418331][ T9658] RBP: 0000000000000000 R08: ffffffff815e6e17 R09: 0000000000000001
[   57.420032][ T9658] R10: ffffffff81635e48 R11: 0000000000000000 R12: 0000000000000001
[   57.421737][ T9658] R13: ffff88811d80a000 R14: ffff88800e540650 R15: ffffea000079ddc0
[   57.423423][ T9658] FS:  0000000000000000(0000) GS:ffff88813dc00000(0000) knlGS:0000000000000000
[   57.425321][ T9658] CS:  0010 DS: 0000 ES: 0000 CR0: 0000000080050033
[   57.426745][ T9658] CR2: 00007f00896e0470 CR3: 00000000066c8000 CR4: 0000000000750ef0
[   57.428428][ T9658] DR0: 0000000000000000 DR1: 0000000000000000 DR2: 0000000000000000
[   57.430126][ T9658] DR3: 0000000000000000 DR6: 00000000fffe0ff0 DR7: 0000000000000400
[   57.431826][ T9658] PKRU: 00000000
[   57.432606][ T9658] Call Trace:
[   57.433326][ T9658]  <TASK>
[   57.433978][ T9658]  ? __warn+0x114/0x230
[   57.434905][ T9658]  ? report_bug+0x1ae/0x270
[   57.435913][ T9658]  ? folio_account_dirtied+0x2cc/0x3a0
[   57.437115][ T9658]  ? handle_bug+0x3d/0x70
[   57.438072][ T9658]  ? exc_invalid_op+0x16/0x40
[   57.439094][ T9658]  ? asm_exc_invalid_op+0x16/0x20
[   57.440190][ T9658]  ? percpu_ref_put_many+0x18/0x1b0
[   57.441330][ T9658]  ? folio_account_dirtied+0x157/0x3a0
[   57.442518][ T9658]  ? folio_account_dirtied+0x2cc/0x3a0
[   57.443734][ T9658]  ? folio_account_dirtied+0x2cc/0x3a0
[   57.444919][ T9658]  ? __folio_mark_dirty+0x93/0x170
[   57.446040][ T9658]  __folio_mark_dirty+0xa5/0x170
[   57.447128][ T9658]  mark_buffer_dirty+0x10b/0x200
[   57.448217][ T9658]  gfs2_unpin+0xac/0x350
[   57.449158][ T9658]  ? log_write_header+0x3ae/0x420
[   57.450270][ T9658]  ? buf_lo_before_commit+0x50/0x50
[   57.451408][ T9658]  buf_lo_after_commit+0x7b/0xb0
[   57.452502][ T9658]  gfs2_log_flush+0x7b8/0x1150
[   57.453556][ T9658]  gfs2_kill_sb+0x35/0x200
[   57.454535][ T9658]  deactivate_locked_super+0x5a/0x90
[   57.455707][ T9658]  cleanup_mnt+0x1ba/0x220
[   57.456684][ T9658]  task_work_run+0xc9/0x110
[   57.457688][ T9658]  do_exit+0x4b6/0xee0
[   57.458588][ T9658]  do_group_exit+0xa7/0xe0
[   57.459564][ T9658]  get_signal+0x9e6/0xa80
[   57.460550][ T9658]  arch_do_signal_or_restart+0x2a/0x3c0
[   57.461764][ T9658]  ? trace_hrtimer_expire_exit+0x120/0x120
[   57.463036][ T9658]  ? syscall_exit_to_user_mode+0x67/0x260
[   57.464270][ T9658]  syscall_exit_to_user_mode+0x85/0x260
[   57.465481][ T9658]  do_syscall_64+0x8e/0x150
[   57.466467][ T9658]  entry_SYSCALL_64_after_hwframe+0x63/0x6b
[   57.467772][ T9658] RIP: 0033:0x7fa4707ee468
[   57.468747][ T9658] Code: Unable to access opcode bytes at 0x7fa4707ee43e.
[   57.470217][ T9658] RSP: 002b:00007ffdd60e3300 EFLAGS: 00000293 ORIG_RAX: 00000000000000e6
[   57.472010][ T9658] RAX: fffffffffffffdfc RBX: 00007fa4709f5f01 RCX: 00007fa4707ee468
[   57.473712][ T9658] RDX: 00007ffdd60e3390 RSI: 0000000000000000 RDI: 0000000000000000
[   57.475393][ T9658] RBP: 00007fa4708480f0 R08: 0000000000000000 R09: 0000000000000058
[   57.477087][ T9658] R10: 0000000000000000 R11: 0000000000000293 R12: 00007ffdd60e3390
[   57.478786][ T9658] R13: 0000000000000000 R14: 0000000000000000 R15: 0000000000000000
[   57.480475][ T9658]  </TASK>
[   57.481153][ T9658] Kernel panic - not syncing: kernel: panic_on_warn set ...
[   57.482700][ T9658] CPU: 1 PID: 9658 Comm: syz.0.17 Not tainted 6.8.0 #1
[   57.484163][ T9658] Hardware name: QEMU Standard PC (i440FX + PIIX, 1996), BIOS 1.15.0-1 04/01/2014
[   57.486109][ T9658] Call Trace:
[   57.486834][ T9658]  <TASK>
[   57.487468][ T9658]  dump_stack_lvl+0xea/0x170
[   57.488475][ T9658]  panic+0x1c6/0x490
[   57.489341][ T9658]  ? __warn+0x123/0x230
[   57.490255][ T9658]  ? folio_account_dirtied+0x2cc/0x3a0
[   57.491439][ T9658]  __warn+0x1f2/0x230
[   57.492339][ T9658]  report_bug+0x1ae/0x270
[   57.493289][ T9658]  ? folio_account_dirtied+0x2cc/0x3a0
[   57.494490][ T9658]  handle_bug+0x3d/0x70
[   57.495411][ T9658]  exc_invalid_op+0x16/0x40
[   57.496393][ T9658]  asm_exc_invalid_op+0x16/0x20
[   57.497452][ T9658] RIP: 0010:folio_account_dirtied+0x2cc/0x3a0
[   57.498788][ T9658] Code: c4 08 5b 41 5c 41 5e 41 5f c3 e8 4f d7 e6 ff 4c 89 ff 4c 89 f6 48 83 c4 08 5b 41 5c 41 5e 41 5f e9 b9 dd 19 00 e8 34 d7 e6 ff <0f> 0b e9 91 fe ff ff e8 28 d7 e6 ff e9 ae 00 00 00 4c 89 fe 48 81
[   57.502865][ T9658] RSP: 0018:ffffc90003417ae0 EFLAGS: 00010093
[   57.504172][ T9658] RAX: ffffffff815e6f8c RBX: 0000000000000000 RCX: ffff88811d7f23c0
[   57.505880][ T9658] RDX: 0000000000000000 RSI: 0000000000000000 RDI: 0000000000000000
[   57.507563][ T9658] RBP: 0000000000000000 R08: ffffffff815e6e17 R09: 0000000000000001
[   57.509262][ T9658] R10: ffffffff81635e48 R11: 0000000000000000 R12: 0000000000000001
[   57.510958][ T9658] R13: ffff88811d80a000 R14: ffff88800e540650 R15: ffffea000079ddc0
[   57.512667][ T9658]  ? percpu_ref_put_many+0x18/0x1b0
[   57.513799][ T9658]  ? folio_account_dirtied+0x157/0x3a0
[   57.514983][ T9658]  ? folio_account_dirtied+0x2cc/0x3a0
[   57.516168][ T9658]  ? __folio_mark_dirty+0x93/0x170
[   57.517277][ T9658]  __folio_mark_dirty+0xa5/0x170
[   57.518355][ T9658]  mark_buffer_dirty+0x10b/0x200
[   57.519440][ T9658]  gfs2_unpin+0xac/0x350
[   57.520380][ T9658]  ? log_write_header+0x3ae/0x420
[   57.521478][ T9658]  ? buf_lo_before_commit+0x50/0x50
[   57.522621][ T9658]  buf_lo_after_commit+0x7b/0xb0
[   57.523702][ T9658]  gfs2_log_flush+0x7b8/0x1150
[   57.524765][ T9658]  gfs2_kill_sb+0x35/0x200
[   57.525756][ T9658]  deactivate_locked_super+0x5a/0x90
[   57.526930][ T9658]  cleanup_mnt+0x1ba/0x220
[   57.527914][ T9658]  task_work_run+0xc9/0x110
[   57.528915][ T9658]  do_exit+0x4b6/0xee0
[   57.529829][ T9658]  do_group_exit+0xa7/0xe0
[   57.530819][ T9658]  get_signal+0x9e6/0xa80
[   57.531779][ T9658]  arch_do_signal_or_restart+0x2a/0x3c0
[   57.532977][ T9658]  ? trace_hrtimer_expire_exit+0x120/0x120
[   57.534257][ T9658]  ? syscall_exit_to_user_mode+0x67/0x260
[   57.535500][ T9658]  syscall_exit_to_user_mode+0x85/0x260
[   57.536716][ T9658]  do_syscall_64+0x8e/0x150
[   57.537720][ T9658]  entry_SYSCALL_64_after_hwframe+0x63/0x6b
[   57.539003][ T9658] RIP: 0033:0x7fa4707ee468
[   57.539984][ T9658] Code: Unable to access opcode bytes at 0x7fa4707ee43e.
[   57.541464][ T9658] RSP: 002b:00007ffdd60e3300 EFLAGS: 00000293 ORIG_RAX: 00000000000000e6
[   57.543243][ T9658] RAX: fffffffffffffdfc RBX: 00007fa4709f5f01 RCX: 00007fa4707ee468
[   57.544935][ T9658] RDX: 00007ffdd60e3390 RSI: 0000000000000000 RDI: 0000000000000000
[   57.546644][ T9658] RBP: 00007fa4708480f0 R08: 0000000000000000 R09: 0000000000000058
[   57.548324][ T9658] R10: 0000000000000000 R11: 0000000000000293 R12: 00007ffdd60e3390
[   57.550025][ T9658] R13: 0000000000000000 R14: 0000000000000000 R15: 0000000000000000
[   57.551727][ T9658]  </TASK>
[   57.552989][ T9658] Kernel Offset: disabled
[   57.554274][ T9658] Rebooting in 86400 seconds..

VM DIAGNOSIS:
23:28:42  Registers:
info registers vcpu 0
RAX=2f284e9819ca3e00 RBX=ffffffff81334c4b RCX=00000000001e1161 RDX=0000000000000000
RSI=ffffffff86115163 RDI=ffffffff8634faa3 RBP=ffffffff8668ae40 RSP=ffffffff86603e70
R8 =ffffffff813ea369 R9 =0000000000000001 R10=ffffffff813caac1 R11=0000000000000004
R12=0000000000000000 R13=0000000000000000 R14=ffffffff86603e88 R15=0000000000000000
RIP=ffffffff8501849b RFL=000002c6 [--SZ-P-] CPL=0 II=0 A20=1 SMM=0 HLT=1
ES =0000 0000000000000000 ffffffff 00c00000
CS =0010 0000000000000000 ffffffff 00a09b00 DPL=0 CS64 [-RA]
SS =0018 0000000000000000 ffffffff 00c09300 DPL=0 DS   [-WA]
DS =0000 0000000000000000 ffffffff 00c00000
FS =0000 0000000000000000 ffffffff 00c00000
GS =0000 ffff88807dc00000 ffffffff 00c00000
LDT=0000 0000000000000000 ffffffff 00c00000
TR =0040 fffffe0000003000 00004087 00008b00 DPL=0 TSS64-busy
GDT=     fffffe0000001000 0000007f
IDT=     fffffe0000000000 00000fff
CR0=80050033 CR2=00005569a9074aa0 CR3=00000000066c8000 CR4=00750ef0
DR0=0000000000000000 DR1=0000000000000000 DR2=0000000000000000 DR3=0000000000000000 
DR6=00000000fffe0ff0 DR7=0000000000000400
EFER=0000000000000d01
FCW=037f FSW=0000 [ST=0] FTW=00 MXCSR=00001fa0
FPR0=0000000000000000 0000 FPR1=0000000000000000 0000
FPR2=0000000000000000 0000 FPR3=0000000000000000 0000
FPR4=0000000000000000 0000 FPR5=0000000000000000 0000
FPR6=0000000000000000 0000 FPR7=0000000000000000 0000
Opmask00=0000000000000000 Opmask01=0000000000000000 Opmask02=0000000000000000 Opmask03=0000000000000000
Opmask04=0000000000000000 Opmask05=0000000000000000 Opmask06=0000000000000000 Opmask07=0000000000000000
ZMM00=0000000000000000 0000000000000000 0000000000000000 0000000000000000 0000000000000000 0000000000000000 0000000000000000 8080808080808076
ZMM01=0000000000000000 0000000000000000 0000000000000000 0000000000000000 0000000000000000 0000000000000000 0000000000000000 8000000000000000
ZMM02=0000000000000000 0000000000000000 0000000000000000 0000000000000000 0000000000000000 0000000000000000 0000000000000000 8000000000000000
ZMM03=0000000000000000 0000000000000000 0000000000000000 0000000000000000 0000000000000000 0000000000000000 0000000000000000 8000000000000000
ZMM04=0000000000000000 0000000000000000 0000000000000000 0000000000000000 0000000000000000 0000000000000000 01ffffffffffffff fff5081bfd800304
ZMM05=0000000000000000 0000000000000000 0000000000000000 0000000000000000 0000000000000000 0000000000000000 1c8080041bfca810 0002020002800400
ZMM06=0000000000000000 0000000000000000 0000000000000000 0000000000000000 0000000000000000 0000000000000000 ffff040a90031181 80808010000a8003
ZMM07=0000000000000000 0000000000000000 0000000000000000 0000000000000000 0000000000000000 0000000000000000 0fffffffffffff04 0aa0030fffffffff
ZMM08=0000000000000000 0000000000000000 0000000000000000 0000000000000000 0000000000000000 0000000000000000 08000ac0030fffff ffffffff040ab003
ZMM09=0000000000000000 0000000000000000 0000000000000000 0000000000000000 0000000000000000 0000000000000000 000ae0030fffffff ffffff040ad00326
ZMM10=0000000000000000 0000000000000000 0000000000000000 0000000000000000 0000000000000000 0000000000000000 0b80030fffffffff ffff040af0030010
ZMM11=0000000000000000 0000000000000000 0000000000000000 0000000000000000 0000000000000000 0000000000000000 a0030010000b9003 0fffffffffffff04
ZMM12=0000000000000000 0000000000000000 0000000000000000 0000000000000000 0000000000000000 0000000000000000 0101b010000a8004 040172d80108000b
ZMM13=0000000000000000 0000000000000000 0000000000000000 0000000000000000 0000000000000000 0000000000000000 aa2d5fa0d20a2da4 103ec750a639f7c3
ZMM14=0000000000000000 0000000000000000 0000000000000000 0000000000000000 0000000000000000 0000000000000000 0000002f56b82f42 97284db72a17505e
ZMM15=0000000000000000 0000000000000000 0000000000000000 0000000000000000 0000000000000000 0000000000000000 0000000000000000 0000000000000000
ZMM16=0000000000000000 0000000000000000 0000000000000000 0000000000000000 0000000000000000 0000000000000000 0000000000000000 0000000000000000
ZMM17=0000000000000000 0000000000000000 0000000000000000 0000000000000000 0000000000000000 0000000000000000 0000000000000000 0000000000000000
ZMM18=0000000000000000 0000000000000000 0000000000000000 0000000000000000 0000000000000000 0000000000000000 0000000000000000 0000000000000000
ZMM19=0000000000000000 0000000000000000 0000000000000000 0000000000000000 0000000000000000 0000000000000000 0000000000000000 0000000000000000
ZMM20=0000000000000000 0000000000000000 0000000000000000 0000000000000000 0000000000000000 0000000000000000 0000000000000000 0000000000000000
ZMM21=0000000000000000 0000000000000000 0000000000000000 0000000000000000 0000000000000000 0000000000000000 0000000000000000 0000000000000000
ZMM22=0000000000000000 0000000000000000 0000000000000000 0000000000000000 0000000000000000 0000000000000000 0000000000000000 0000000000000000
ZMM23=0000000000000000 0000000000000000 0000000000000000 0000000000000000 0000000000000000 0000000000000000 0000000000000000 0000000000000000
ZMM24=0000000000000000 0000000000000000 0000000000000000 0000000000000000 0000000000000000 0000000000000000 0000000000000000 0000000000000000
ZMM25=0000000000000000 0000000000000000 0000000000000000 0000000000000000 0000000000000000 0000000000000000 0000000000000000 0000000000000000
ZMM26=0000000000000000 0000000000000000 0000000000000000 0000000000000000 0000000000000000 0000000000000000 0000000000000000 0000000000000000
ZMM27=0000000000000000 0000000000000000 0000000000000000 0000000000000000 0000000000000000 0000000000000000 0000000000000000 0000000000000000
ZMM28=0000000000000000 0000000000000000 0000000000000000 0000000000000000 0000000000000000 0000000000000000 0000000000000000 0000000000000000
ZMM29=0000000000000000 0000000000000000 0000000000000000 0000000000000000 0000000000000000 0000000000000000 0000000000000000 0000000000000000
ZMM30=0000000000000000 0000000000000000 0000000000000000 0000000000000000 0000000000000000 0000000000000000 0000000000000000 0000000000000000
ZMM31=0000000000000000 0000000000000000 0000000000000000 0000000000000000 0000000000000000 0000000000000000 0000000000000000 0000000000000000
info registers vcpu 1
RAX=0000000000000031 RBX=ffffffff89997eb0 RCX=ffff88811d7f2300 RDX=00000000000003f8
RSI=0000000000000000 RDI=ffffffff89997eb0 RBP=00000000000003f8 RSP=ffffc900034175e8
R8 =ffffffff82b11eb9 R9 =0000000000000001 R10=ffffffff82b11608 R11=205d383536395420
R12=ffffffff8974ad70 R13=0000000000000000 R14=0000000000000031 R15=ffffffff89997eb0
RIP=ffffffff82b128a2 RFL=00000002 [-------] CPL=0 II=0 A20=1 SMM=0 HLT=0
ES =0000 0000000000000000 ffffffff 00c00000
CS =0010 0000000000000000 ffffffff 00a09b00 DPL=0 CS64 [-RA]
SS =0018 0000000000000000 ffffffff 00c09300 DPL=0 DS   [-WA]
DS =0000 0000000000000000 ffffffff 00c00000
FS =0000 0000000000000000 ffffffff 00c00000
GS =0000 ffff88813dc00000 ffffffff 00c00000
LDT=0000 0000000000000000 00000000 00000000
TR =0040 fffffe000003e000 00004087 00008b00 DPL=0 TSS64-busy
GDT=     fffffe000003c000 0000007f
IDT=     fffffe0000000000 00000fff
CR0=80050033 CR2=00007f00896e0470 CR3=00000000066c8000 CR4=00750ef0
DR0=0000000000000000 DR1=0000000000000000 DR2=0000000000000000 DR3=0000000000000000 
DR6=00000000fffe0ff0 DR7=0000000000000400
EFER=0000000000000d01
FCW=037f FSW=0000 [ST=0] FTW=00 MXCSR=00001f80
FPR0=0000000000000000 0000 FPR1=0000000000000000 0000
FPR2=0000000000000000 0000 FPR3=0000000000000000 0000
FPR4=0000000000000000 0000 FPR5=0000000000000000 0000
FPR6=0000000000000000 0000 FPR7=0000000000000000 0000
Opmask00=00000000feffffc8 Opmask01=0000000000020924 Opmask02=0000000000000000 Opmask03=0000000000000000
Opmask04=0000000000000000 Opmask05=0000000000000000 Opmask06=0000000000000000 Opmask07=0000000000000000
ZMM00=0000000000000000 0000000000000000 0000000000000000 0000000000000000 0000000000000000 0000000000000000 00000000bac2fd7b 000000006b749fb2
ZMM01=0000000000000000 0000000000000000 0000000000000000 0000000000000000 0000000000000000 0000000000000000 0000000000000000 015d486f45b6f662
ZMM02=0000000000000000 0000000000000000 0000000000000000 0000000000000000 0000000000000000 0000000000000000 0000000000000000 0000000000000000
ZMM03=0000000000000000 0000000000000000 0000000000000000 0000000000000000 0000000000000000 0000000000000000 3a65a55763cf2964 4b5ef02d5e764aa0
ZMM04=0000000000000000 0000000000000000 0000000000000000 0000000000000000 0000000000000000 0000000000000000 0000000000000000 000000000000c280
ZMM05=0000000000000000 0000000000000000 0000000000000000 0000000000000000 0000000000000000 0000000000000000 0000000000000000 0000000000000040
ZMM06=0000000000000000 0000000000000000 0000000000000000 0000000000000000 0000000000000000 0000000000000000 7600000011000000 000001331f5100a1
ZMM07=0000000000000000 0000000000000000 0000000000000000 0000000000000000 0000000000000000 0000000000000000 f400000044000000 e886220fdb000000
ZMM08=0000000000000000 0000000000000000 0000000000000000 0000000000000000 0000000000000000 0000000000000000 ca0000001f50e996 000001a31f50d44a
ZMM09=0000000000000000 0000000000000000 0000000000000000 0000000000000000 0000000000000000 0000000000000000 000001d81f85fa18 e8000000000001e3
ZMM10=0000000000000000 0000000000000000 0000000000000000 0000000000000000 0000000000000000 0000000000000000 7988949eed3d2815 87379ed5f92b66fa
ZMM11=0000000000000000 0000000000000000 0000000000000000 0000000000000000 0000000000000000 0000000000000000 26a342efe53f6fdb 71d81f5733980ba9
ZMM12=0000000000000000 0000000000000000 0000000000000000 0000000000000000 0000000000000000 0000000000000000 0000000000000000 0000000000000000
ZMM13=0000000000000000 0000000000000000 0000000000000000 0000000000000000 0000000000000000 0000000000000000 0000000000000000 0000000000000000
ZMM14=0000000000000000 0000000000000000 0000000000000000 0000000000000000 0000000000000000 0000000000000000 a54ff53a3c6ef372 bb67ae856a09e667
ZMM15=0000000000000000 0000000000000000 0000000000000000 0000000000000000 0000000000000000 0000000000000000 5be0cd191f83d9ab 9b05688c510e527f
ZMM16=0000000000000000 0000000000000000 0000000000000000 0000000000000000 ffffffffffffffff ffffffffffffffff ffffffffffffffff ffffffffffffffff
ZMM17=0000000000000000 0000000000000000 0000000000000000 0000000000000000 0000000000000000 0000000000000000 00000001ffffffff 000055e03c7c3750
ZMM18=0000000000000000 0000000000000000 0000000000000000 0000000000000000 0000373233393d4d 554e514553007366 6e3d4d4554535953 42555300746e6569
ZMM19=0000000000000000 0000000000000000 0000000000000000 0000000000000000 6c635f73666e2f74 656e2f73666e2f73 662f3d4854415056 45440065766f6d65
ZMM20=0000000000000000 0000000000000000 0000000000000000 0000000000000000 0000000000000000 000000ff01010000 0000000000000000 0000000000000000
ZMM21=0000000000000000 0000000000000000 0000000000000000 0000000000000000 0000000000000000 0000000100000002 000055e03c796690 000055e03c7dbff0
ZMM22=0000000000000000 0000000000000000 0000000000000000 0000000000000000 00000003ffffffff 000055e03c7b8690 000055e03c7dc070 0000000000000003
ZMM23=0000000000000000 0000000000000000 0000000000000000 0000000000000000 000055e03c796670 000055e03c796630 ffffffff00000001 000055e03c78fdb0
ZMM24=0000000000000000 0000000000000000 0000000000000000 0000000000000000 0000000000000110 000000000000ffff 0000010202020100 0000000000000000
ZMM25=0000000000000000 0000000000000000 0000000000000000 0000000000000000 0000000000000000 0000000000000000 0000000000000000 0000000000000000
ZMM26=0000000000000000 0000000000000000 0000000000000000 0000000000000000 0000000000000000 0000000000000000 0000000000000000 0000000000000000
ZMM27=0000000000000000 0000000000000000 0000000000000000 0000000000000000 0000000000000000 0000000000000000 0000000000000000 0000000000000000
ZMM28=0000000000000000 0000000000000000 0000000000000000 0000000000000000 0000000000000000 0000000000000000 0000000000000000 0000000000000000
ZMM29=0000000000000000 0000000000000000 0000000000000000 0000000000000000 0000000000000000 0000000000000000 0000000000000000 0000000000000000
ZMM30=0000000000000000 0000000000000000 0000000000000000 0000000000000000 0000000000000000 0000000000000000 0000000000000000 0000000000000000
ZMM31=0000000000000000 0000000000000000 0000000000000000 0000000000000000 0000000000000000 0000000000000000 0000000000000000 0000000000000000
info registers vcpu 2
RAX=bec9dd88aff48d00 RBX=ffffffff81334c4b RCX=000000000017f391 RDX=0000000000000000
RSI=ffffffff86115163 RDI=ffffffff8634faa3 RBP=ffff88800e258000 RSP=ffffc900000cfee0
R8 =ffffffff813ea546 R9 =0000000000000001 R10=ffffffff813d0695 R11=0000000000000004
R12=0000000000000000 R13=0000000000000000 R14=ffffc900000cfef8 R15=0000000000000000
RIP=ffffffff8501849b RFL=000002c2 [--SZ---] CPL=0 II=0 A20=1 SMM=0 HLT=1
ES =0000 0000000000000000 ffffffff 00c00000
CS =0010 0000000000000000 ffffffff 00a09b00 DPL=0 CS64 [-RA]
SS =0018 0000000000000000 ffffffff 00c09300 DPL=0 DS   [-WA]
DS =0000 0000000000000000 ffffffff 00c00000
FS =0000 0000000000000000 ffffffff 00c00000
GS =0000 ffff88807dd00000 ffffffff 00c00000
LDT=0000 0000000000000000 00000000 00000000
TR =0040 fffffe0000079000 00004087 00008b00 DPL=0 TSS64-busy
GDT=     fffffe0000077000 0000007f
IDT=     fffffe0000000000 00000fff
CR0=80050033 CR2=000055e03c7bbfb8 CR3=00000000187c0000 CR4=00750ef0
DR0=0000000000000000 DR1=0000000000000000 DR2=0000000000000000 DR3=0000000000000000 
DR6=00000000fffe0ff0 DR7=0000000000000400
EFER=0000000000000d01
FCW=037f FSW=0000 [ST=0] FTW=00 MXCSR=00001f80
FPR0=0000000000000000 0000 FPR1=0000000000000000 0000
FPR2=0000000000000000 0000 FPR3=0000000000000000 0000
FPR4=0000000000000000 0000 FPR5=0000000000000000 0000
FPR6=0000000000000000 0000 FPR7=0000000000000000 0000
Opmask00=0000000080000000 Opmask01=00000000000000ff Opmask02=00000000000000ff Opmask03=0000000000000000
Opmask04=0000000000000000 Opmask05=0000000000000000 Opmask06=0000000000000000 Opmask07=0000000000000000
ZMM00=0000000000000000 0000000000000000 0000000000000000 0000000000000000 0000000000000000 0000000000000000 0000000000000000 0000000000000001
ZMM01=0000000000000000 0000000000000000 0000000000000000 0000000000000000 0000000000000000 0000000000000000 00007f93b1bbfac0 00007f93b1bbfac0
ZMM02=0000000000000000 0000000000000000 0000000000000000 0000000000000000 0000000000000000 0000000000000000 0000000000000000 00007f93b1bc0190
ZMM03=0000000000000000 0000000000000000 0000000000000000 0000000000000000 0000000000000000 0000000000000000 00007ffcfb1130d0 00007ffcfb1130d0
ZMM04=0000000000000000 0000000000000000 0000000000000000 0000000000000000 0000000000000000 0000000000000000 0000000000000000 00007ffcfb11314f
ZMM05=0000000000000000 0000000000000000 0000000000000000 0000000000000000 0000000000000000 0000000000000000 0000000000000000 00007f93b1bbfac0
ZMM06=0000000000000000 0000000000000000 0000000000000000 0000000000000000 0000000000000000 0000000000000000 6f6e0a7265646e69 62097665646f6e0a
ZMM07=0000000000000000 0000000000000000 0000000000000000 0000000000000000 0000000000000000 0000000000000000 0000000000000000 6669627509766564
ZMM08=0000000000000000 0000000000000000 0000000000000000 0000000000000000 0000000000000000 0000000000000000 0000000000000000 0000000000000000
ZMM09=0000000000000000 0000000000000000 0000000000000000 0000000000000000 0000000000000000 0000000000000000 0000000000000000 0000000000000000
ZMM10=0000000000000000 0000000000000000 0000000000000000 0000000000000000 0000000000000000 0000000000000000 0000000000000000 0000000000000000
ZMM11=0000000000000000 0000000000000000 0000000000000000 0000000000000000 0000000000000000 0000000000000000 0000000000000000 0000000000000000
ZMM12=0000000000000000 0000000000000000 0000000000000000 0000000000000000 0000000000000000 0000000000000000 0000000000000000 0000000000000000
ZMM13=0000000000000000 0000000000000000 0000000000000000 0000000000000000 0000000000000000 0000000000000000 0000000000000000 0000000000000000
ZMM14=0000000000000000 0000000000000000 0000000000000000 0000000000000000 0000000000000000 0000000000000000 0000000000000000 0000000000000000
ZMM15=0000000000000000 0000000000000000 0000000000000000 0000000000000000 0000000000000000 0000000000000000 0000000000000000 0000000000000000
ZMM16=0000000000000000 0000000000000000 0000000000000000 0000000000000000 0000000000000000 0000000000000000 0000000000000000 0000000000000000
ZMM17=0000000000000000 0000000000000000 0000000000000000 0000000000000000 000003a972d42aab ebb9c1d6f500019a 080280030030656c 69662f2e01ffffff
ZMM18=0000000000000000 0000000000000000 0000000000000000 0000000000000000 0000736d79736c6c 616b2f636f72702f 0000000200000011 00080007000c0008
ZMM19=0000000000000000 0000000000000000 0000000000000000 0000000000000000 0000000000000000 000000000000001c 0000000300000007 0000555500000001
ZMM20=0000000000000000 0000000000000000 0000000000000000 0000000000000000 0000000000000000 000000000000001d 0000000400000008 0000555500000001
ZMM21=0000000000000000 0000000000000000 0000000000000000 0000000000000000 0000000000000000 0000000000000000 0000000000000018 0000000000000007
ZMM22=0000000000000000 0000000000000000 0000000000000000 0000000000000000 0000555500000000 0000000000000000 0000000000000011 0000000000000006
ZMM23=0000000000000000 0000000000000000 0000000000000000 0000000000000000 0000555500000000 0000006e6f697372 65762f636f72702f 0000000000000005
ZMM24=0000000000000000 0000000000000000 0000000000000000 0000000000000000 0000555500000000 0000000000000000 000000000000001d 0000000400000008
ZMM25=0000000000000000 0000000000000000 0000000000000000 0000000000000000 3861336139386666 6666666666660a34 2e79656b5f5f2e74 696e695f636c6468
ZMM26=0000000000000000 0000000000000000 0000000000000000 0000000000000000 666666660a362e79 656b5f5f2e74696e 695f636c6468735f 636c6c2062203863
ZMM27=0000000000000000 0000000000000000 0000000000000000 0000000000000000 5f5f2e74696e695f 636c6468735f636c 6c20622038643861 3361393866666666
ZMM28=0000000000000000 0000000000000000 0000000000000000 0000000000000000 2062203063636433 6139386666666666 6666660a79656b5f 5f2e74656b636f73
ZMM29=0000000000000000 0000000000000000 0000000000000000 0000000000000000 74656b636f735f6e 657473696c5f6574 616572635f6c6e5f 6d705f706374706d
ZMM30=0000000000000000 0000000000000000 0000000000000000 0000000000000000 74706d2062203064 6364336139386666 6666666666660a30 362e79656b5f5f2e
ZMM31=0000000000000000 0000000000000000 0000000000000000 0000000000000000 6220306663643361 3938666666666666 66660a7379656b5f 6b636f6c735f7063
info registers vcpu 3
RAX=0000000080000000 RBX=0000000000000003 RCX=ffff88800de70000 RDX=0000000000000000
RSI=ffffffff862a94af RDI=ffffffff8634faa3 RBP=ffffffff84570269 RSP=ffffc90000097cb8
R8 =ffffffff845706e0 R9 =0000000000000000 R10=ffffffff84570269 R11=ffff88800de70000
R12=ffff88800de70000 R13=ffffffff86805470 R14=ffffffff89a2e980 R15=ffff888108400000
RIP=ffffffff85017c6b RFL=00000046 [---Z-P-] CPL=0 II=0 A20=1 SMM=0 HLT=0
ES =0000 0000000000000000 ffffffff 00c00000
CS =0010 0000000000000000 ffffffff 00a09b00 DPL=0 CS64 [-RA]
SS =0018 0000000000000000 ffffffff 00c09300 DPL=0 DS   [-WA]
DS =0000 0000000000000000 ffffffff 00c00000
FS =0000 0000000000000000 ffffffff 00c00000
GS =0000 ffff88813dd00000 ffffffff 00c00000
LDT=0000 0000000000000000 00000000 00000000
TR =0040 fffffe00000b4000 00004087 00008b00 DPL=0 TSS64-busy
GDT=     fffffe00000b2000 0000007f
IDT=     fffffe0000000000 00000fff
CR0=80050033 CR2=000055e03c7cb3b8 CR3=00000000066c8000 CR4=00750ef0
DR0=0000000000000000 DR1=0000000000000000 DR2=0000000000000000 DR3=0000000000000000 
DR6=00000000fffe0ff0 DR7=0000000000000400
EFER=0000000000000d01
FCW=037f FSW=0000 [ST=0] FTW=00 MXCSR=00001fa0
FPR0=0000000000000000 0000 FPR1=0000000000000000 0000
FPR2=0000000000000000 0000 FPR3=0000000000000000 0000
FPR4=0000000000000000 0000 FPR5=0000000000000000 0000
FPR6=0000000000000000 0000 FPR7=0000000000000000 0000
Opmask00=0000000000000000 Opmask01=0000000000000000 Opmask02=0000000000000000 Opmask03=0000000000000000
Opmask04=0000000000000000 Opmask05=0000000000000000 Opmask06=0000000000000000 Opmask07=0000000000000000
ZMM00=0000000000000000 0000000000000000 0000000000000000 0000000000000000 0000000000000000 0000000000000000 dd2299fbdd2299fb dd2299fbdd2299fb
ZMM01=0000000000000000 0000000000000000 0000000000000000 0000000000000000 0000000000000000 0000000000000000 672161fd672161fd 672161fd672161fd
ZMM02=0000000000000000 0000000000000000 0000000000000000 0000000000000000 0000000000000000 0000000000000000 47673e7547673e75 47673e7547673e75
ZMM03=0000000000000000 0000000000000000 0000000000000000 0000000000000000 0000000000000000 0000000000000000 5afe5a5c5afe5a5c 5afe5a5c5afe5a5c
ZMM04=0000000000000000 0000000000000000 0000000000000000 0000000000000000 0000000000000000 0000000000000000 2460eebe90f2ec5f 09f00e7fe90d4461
ZMM05=0000000000000000 0000000000000000 0000000000000000 0000000000000000 0000000000000000 0000000000000000 1559f14433f5bfe9 c9e86306c8f4b9a1
ZMM06=0000000000000000 0000000000000000 0000000000000000 0000000000000000 0000000000000000 0000000000000000 0893c9ed8b460c52 c74dcfb556cadbdc
ZMM07=0000000000000000 0000000000000000 0000000000000000 0000000000000000 0000000000000000 0000000000000000 0dbcdb0cba2ea462 9ed5c3be44503853
ZMM08=0000000000000000 0000000000000000 0000000000000000 0000000000000000 0000000000000000 0000000000000000 e5d00aca73384215 39b33c5dfeed8a1f
ZMM09=0000000000000000 0000000000000000 0000000000000000 0000000000000000 0000000000000000 0000000000000000 4e850348d51061b0 d56fb2941c7a3652
ZMM10=0000000000000000 0000000000000000 0000000000000000 0000000000000000 0000000000000000 0000000000000000 36089942e01fcea1 e9cdf43111b91447
ZMM11=0000000000000000 0000000000000000 0000000000000000 0000000000000000 0000000000000000 0000000000000000 f31b5488669cc84c c4ee9a45b6e847dc
ZMM12=0000000000000000 0000000000000000 0000000000000000 0000000000000000 0000000000000000 0000000000000000 5d8e7f9e5d8e7f9e 5d8e7f9e5d8e7f9e
ZMM13=0000000000000000 0000000000000000 0000000000000000 0000000000000000 0000000000000000 0000000000000000 f230a403f230a403 f230a403f230a403
ZMM14=0000000000000000 0000000000000000 0000000000000000 0000000000000000 0000000000000000 0000000000000000 13471b2e13471b2e 13471b2e13471b2e
ZMM15=0000000000000000 0000000000000000 0000000000000000 0000000000000000 0000000000000000 0000000000000000 0000000000000000 0000000000000000
ZMM16=0000000000000000 0000000000000000 0000000000000000 0000000000000000 0000000000000000 0000000000000000 0000000000000000 0000000000000000
ZMM17=0000000000000000 0000000000000000 0000000000000000 0000000000000000 0000000000000000 0000000000000000 0000000000000000 0000000000000000
ZMM18=0000000000000000 0000000000000000 0000000000000000 0000000000000000 0000000000000000 0000000000000000 0000000000000000 0000000000000000
ZMM19=0000000000000000 0000000000000000 0000000000000000 0000000000000000 0000000000000000 0000000000000000 0000000000000000 0000000000000000
ZMM20=0000000000000000 0000000000000000 0000000000000000 0000000000000000 0000000000000000 0000000000000000 0000000000000000 0000000000000000
ZMM21=0000000000000000 0000000000000000 0000000000000000 0000000000000000 0000000000000000 0000000000000000 0000000000000000 0000000000000000
ZMM22=0000000000000000 0000000000000000 0000000000000000 0000000000000000 0000000000000000 0000000000000000 0000000000000000 0000000000000000
ZMM23=0000000000000000 0000000000000000 0000000000000000 0000000000000000 0000000000000000 0000000000000000 0000000000000000 0000000000000000
ZMM24=0000000000000000 0000000000000000 0000000000000000 0000000000000000 0000000000000000 0000000000000000 0000000000000000 0000000000000000
ZMM25=0000000000000000 0000000000000000 0000000000000000 0000000000000000 0000000000000000 0000000000000000 0000000000000000 0000000000000000
ZMM26=0000000000000000 0000000000000000 0000000000000000 0000000000000000 0000000000000000 0000000000000000 0000000000000000 0000000000000000
ZMM27=0000000000000000 0000000000000000 0000000000000000 0000000000000000 0000000000000000 0000000000000000 0000000000000000 0000000000000000
ZMM28=0000000000000000 0000000000000000 0000000000000000 0000000000000000 0000000000000000 0000000000000000 0000000000000000 0000000000000000
ZMM29=0000000000000000 0000000000000000 0000000000000000 0000000000000000 0000000000000000 0000000000000000 0000000000000000 0000000000000000
ZMM30=0000000000000000 0000000000000000 0000000000000000 0000000000000000 0000000000000000 0000000000000000 0000000000000000 0000000000000000
ZMM31=0000000000000000 0000000000000000 0000000000000000 0000000000000000 0000000000000000 0000000000000000 0000000000000000 0000000000000000
