buildroot login: [  224.610945][    C1] hrtimer: interrupt took 32929500 ns
[  224.612087][    C1] 
[  224.612207][    C1] =============================
[  224.612277][    C1] [ BUG: Invalid wait context ]
[  224.612535][    C1] 6.6.0 #1 Not tainted
[  224.612893][    C1] -----------------------------
[  224.612977][    C1] scp/2952 is trying to lock:
[  224.613161][    C1] ffffffff903aa398 (&port_lock_key){-.-.}-{3:3}, at: serial8250_console_write+0x526/0xe4c
[  224.625618][    C1] other info that might help us debug this:
[  224.625808][    C1] context-{2:2}
[  224.626035][    C1] 5 locks held by scp/2952:
[  224.626377][    C1]  #0: ff60000091866410 (sb_writers#4){.+.+}-{0:0}, at: vfs_write+0x24a/0x966
[  224.627362][    C1]  #1: ff6000008bb221e8 (&sb->s_type->i_mutex_key#8){++++}-{4:4}, at: ext4_buffered_write_iter+0xa6/0x37a
[  224.628880][    C1]  #2: ffffffff878d5600 (console_lock){+.+.}-{0:0}, at: vprintk_emit+0x174/0x672
[  224.629569][    C1]  #3: ffffffff878d5710 (console_srcu){....}-{0:0}, at: console_flush_all+0xea/0xe04
[  224.630396][    C1]  #4: ffffffff878d58c0 (console_owner){-.-.}-{0:0}, at: console_flush_all+0x47a/0xe04
[  224.631110][    C1] stack backtrace:
[  224.631508][    C1] CPU: 1 PID: 2952 Comm: scp Not tainted 6.6.0 #1
[  224.631794][    C1] Hardware name: riscv-virtio,qemu (DT)
[  224.632190][    C1] Call Trace:
[  224.632355][    C1] [<ffffffff8000dc50>] dump_backtrace+0x32/0x3c
[  224.632695][    C1] [<ffffffff85aeb8b6>] show_stack+0x34/0x40
[  224.632994][    C1] [<ffffffff85b4131c>] dump_stack_lvl+0xe2/0x14c
[  224.633338][    C1] [<ffffffff85b413a2>] dump_stack+0x1c/0x24
[  224.633659][    C1] [<ffffffff8023e890>] __lock_acquire+0x6de2/0x6f34
[  224.633957][    C1] [<ffffffff8023ed30>] lock_acquire+0x34e/0xd20
[  224.640893][    C1] [<ffffffff85b651a6>] _raw_spin_lock_irqsave+0x3e/0x62
[  224.646560][    C1] [<ffffffff81ac83a6>] serial8250_console_write+0x526/0xe4c
[  224.646913][    C1] [<ffffffff81ab094e>] univ8250_console_write+0x66/0x9c
[  224.647183][    C1] [<ffffffff80258dc8>] console_flush_all+0x4fa/0xe04
[  224.647452][    C1] [<ffffffff802597fe>] console_unlock+0x12c/0x270
[  224.647707][    C1] [<ffffffff8025d694>] vprintk_emit+0x192/0x672
[  224.647963][    C1] [<ffffffff8025db9e>] vprintk_default+0x2a/0x32
[  224.648226][    C1] [<ffffffff8025f24a>] vprintk+0x1d4/0x258
[  224.648489][    C1] [<ffffffff85af0106>] _printk+0x9a/0xc0
[  224.648757][    C1] [<ffffffff8031f384>] hrtimer_interrupt+0x79a/0x79c
[  224.649731][    C1] [<ffffffff84192570>] riscv_timer_interrupt+0x7a/0xcc
[  224.650031][    C1] [<ffffffff8027c4da>] handle_percpu_devid_irq+0x284/0x59e
[  224.650332][    C1] [<ffffffff80265bd4>] generic_handle_domain_irq+0x76/0xaa
[  224.650627][    C1] [<ffffffff816e7b9e>] riscv_intc_irq+0x6e/0xa2
[  224.650915][    C1] [<ffffffff85b424e4>] handle_riscv_irq+0x2e/0x4c
[  224.651319][    C1] [<ffffffff85b42b7a>] do_irq+0x6a/0xb4
Warning: Permanently added '[localhost]:41516' (ED25519) to the list of known hosts.

VM DIAGNOSIS:
03:44:05  Registers:
info registers vcpu 0
 pc       ffffffff819cd742
 mhartid  0000000000000000
 mstatus  0000000a000000a2
 mip      0000000000000280
 mie      00000000000002aa
 mideleg  0000000000000222
 medeleg  000000000000b109
 mtvec    0000000080000520
 stvec    ffffffff80006e1c
 mepc     ffffffff80017ca0
 sepc     ffffffff819cd7b2
 mcause   0000000000000009
 scause   8000000000000009
 mtval    0000000000000000
 stval    0000000000000000
 mscratch 000000008001a000
 sscratch 0000000000000000
 satp     a00870000011437f
 x0/zero  0000000000000000 x1/ra    ffffffff819cd742 x2/sp    ff20000000089f70 x3/gp    ffffffff890652c0
 x4/tp    ff60000082e40000 x5/t0    ff6000008bfcd820 x6/t1    00000000000f0000 x7/t2    ffffffff87223478
 x8/s0    ff20000000089fa0 x9/s1    ff6000008c558600 x10/a0   ff6000008c558638 x11/a1   00000000000f0000
 x12/a2   0000000000000000 x13/a3   0000000000000100 x14/a4   1fec0000118ab0c7 x15/a5   ff2000000008d004
 x16/a6   0000000000000100 x17/a7   0000000000000000 x18/s2   0000000000000001 x19/s3   ff6000008c558643
 x20/s4   1fec0000118ab0c8 x21/s5   0000000000000003 x22/s6   ff6000008bfcd808 x23/s7   1fec000011c7166b
 x24/s8   0000000000000000 x25/s9   0000000000000040 x26/s10  0000000000000000 x27/s11  ff6000008c322c58
 x28/t3   0000000000f00000 x29/t4   ffebffff117f9b01 x30/t5   ffebffff117f9b04 x31/t6   fffffffff3000000
 f0/ft0   0000000000000000 f1/ft1   0000000000000000 f2/ft2   0000000000000000 f3/ft3   0000000000000000
 f4/ft4   0000000000000000 f5/ft5   0000000000000000 f6/ft6   0000000000000000 f7/ft7   0000000000000000
 f8/fs0   0000000000000000 f9/fs1   0000000000000000 f10/fa0  0000000000000000 f11/fa1  0000000000000000
 f12/fa2  0000000000000000 f13/fa3  0000000000000000 f14/fa4  0000000000000000 f15/fa5  0000000000000000
 f16/fa6  0000000000000000 f17/fa7  0000000000000000 f18/fs2  0000000000000000 f19/fs3  0000000000000000
 f20/fs4  0000000000000000 f21/fs5  0000000000000000 f22/fs6  0000000000000000 f23/fs7  0000000000000000
 f24/fs8  0000000000000000 f25/fs9  0000000000000000 f26/fs10 0000000000000000 f27/fs11 0000000000000000
 f28/ft8  0000000000000000 f29/ft9  0000000000000000 f30/ft10 0000000000000000 f31/ft11 0000000000000000
info registers vcpu 1
 pc       ffffffff80248e12
 mhartid  0000000000000001
 mstatus  0000000a000000a2
 mip      0000000000000000
 mie      00000000000002aa
 mideleg  0000000000000222
 medeleg  000000000000b109
 mtvec    0000000080000520
 stvec    ffffffff80006e1c
 mepc     ffffffff80017912
 sepc     ffffffff80248e12
 mcause   0000000000000009
 scause   8000000000000005
 mtval    0000000000000000
 stval    0000000000000000
 mscratch 0000000080018000
 sscratch 0000000000000000
 satp     a006e00000109d6f
 x0/zero  0000000000000000 x1/ra    ffffffff80248db6 x2/sp    ff20000004733b00 x3/gp    ffffffff890652c0
 x4/tp    ff6000008a28b300 x5/t0    ffffffff8023e9e2 x6/t1    ffebffff11283013 x7/t2    ffffffff87223478
 x8/s0    ff20000004733b60 x9/s1    ff60000089418098 x10/a0   0000000000000001 x11/a1   1fec000011283013
 x12/a2   0000000000000003 x13/a3   ffebffff11283013 x14/a4   0000000000000002 x15/a5   0000000000000000
 x16/a6   ffebffff11283014 x17/a7   ff6000008941809b x18/s2   ff600000894180a8 x19/s3   1fec000011283015
 x20/s4   0000000000000000 x21/s5   ff600000894180a0 x22/s6   1fec000011283014 x23/s7   00007fffc4d894f0
 x24/s8   0000000000000000 x25/s9   00007fffc4d89384 x26/s10  00007fff9dff31e0 x27/s11  000055558eb481e0
 x28/t3   ffffffff89156600 x29/t4   ffebffff11283013 x30/t5   ffebffff11283014 x31/t6   fffffffff3000000
 f0/ft0   0000000000000000 f1/ft1   0000000000000000 f2/ft2   0000000000000000 f3/ft3   0000000000000000
 f4/ft4   0000000000000000 f5/ft5   0000000000000000 f6/ft6   0000000000000000 f7/ft7   0000000000000000
 f8/fs0   0000000000000000 f9/fs1   0000000000000000 f10/fa0  0000000000000000 f11/fa1  0000000000000000
 f12/fa2  0000000000000000 f13/fa3  0000000000000000 f14/fa4  0000000000000000 f15/fa5  0000000000000000
 f16/fa6  0000000000000000 f17/fa7  0000000000000000 f18/fs2  0000000000000000 f19/fs3  0000000000000000
 f20/fs4  0000000000000000 f21/fs5  0000000000000000 f22/fs6  0000000000000000 f23/fs7  0000000000000000
 f24/fs8  0000000000000000 f25/fs9  0000000000000000 f26/fs10 0000000000000000 f27/fs11 0000000000000000
 f28/ft8  0000000000000000 f29/ft9  0000000000000000 f30/ft10 0000000000000000 f31/ft11 0000000000000000
