Warning: Permanently added '[localhost]:54253' (ED25519) to the list of known hosts.
2025/09/08 08:43:38 parsed 1 programs
syzkaller login: [  203.134061][ T9366] cgroup: Unknown subsys name 'net'
[  203.320197][ T9366] cgroup: Unknown subsys name 'rlimit'
[  209.781858][ T9366] Adding 124996k swap on ./swap-file.  Priority:0 extents:1 across:124996k 
[  217.875966][ T9493] chnl_net:caif_netlink_parms(): no params data found
[  218.171404][ T9493] bridge0: port 1(bridge_slave_0) entered blocking state
[  218.174864][ T9493] bridge0: port 1(bridge_slave_0) entered disabled state
[  218.176750][ T9493] bridge_slave_0: entered allmulticast mode
[  218.183247][ T9493] bridge_slave_0: entered promiscuous mode
[  218.194366][ T9493] bridge0: port 2(bridge_slave_1) entered blocking state
[  218.196243][ T9493] bridge0: port 2(bridge_slave_1) entered disabled state
[  218.200017][ T9493] bridge_slave_1: entered allmulticast mode
[  218.203463][ T9493] bridge_slave_1: entered promiscuous mode
[  218.475024][ T9493] bond0: (slave bond_slave_0): Enslaving as an active interface with an up link
[  218.507966][ T9493] bond0: (slave bond_slave_1): Enslaving as an active interface with an up link
[  218.705881][ T9493] team0: Port device team_slave_0 added
[  218.720695][ T9493] team0: Port device team_slave_1 added
[  218.822793][ T9493] batman_adv: batadv0: Adding interface: batadv_slave_0
[  218.824408][ T9493] batman_adv: batadv0: The MTU of interface batadv_slave_0 is too small (1500) to handle the transport of batman-adv packets. Packets going over this interface will be fragmented on layer2 which could impact the performance. Setting the MTU to 1560 would solve the problem.
[  218.836423][ T9493] batman_adv: batadv0: Not using interface batadv_slave_0 (retrying later): interface not active
[  218.845249][ T9493] batman_adv: batadv0: Adding interface: batadv_slave_1
[  218.850672][ T9493] batman_adv: batadv0: The MTU of interface batadv_slave_1 is too small (1500) to handle the transport of batman-adv packets. Packets going over this interface will be fragmented on layer2 which could impact the performance. Setting the MTU to 1560 would solve the problem.
[  218.860037][ T9493] batman_adv: batadv0: Not using interface batadv_slave_1 (retrying later): interface not active
[  219.042645][ T9493] hsr_slave_0: entered promiscuous mode
[  219.052317][ T9493] hsr_slave_1: entered promiscuous mode
[  219.890496][ T9493] netdevsim netdevsim0 netdevsim0: renamed from eth0
[  220.010287][ T9493] netdevsim netdevsim0 netdevsim1: renamed from eth1
[  220.043428][ T9493] netdevsim netdevsim0 netdevsim2: renamed from eth2
[  220.068493][ T9493] netdevsim netdevsim0 netdevsim3: renamed from eth3
[  220.245234][ T9493] 8021q: adding VLAN 0 to HW filter on device bond0
[  220.280149][ T9493] 8021q: adding VLAN 0 to HW filter on device team0
[  220.294345][   T30] bridge0: port 1(bridge_slave_0) entered blocking state
[  220.296395][   T30] bridge0: port 1(bridge_slave_0) entered forwarding state
[  220.321113][   T30] bridge0: port 2(bridge_slave_1) entered blocking state
[  220.322917][   T30] bridge0: port 2(bridge_slave_1) entered forwarding state
[  220.737455][ T9493] 8021q: adding VLAN 0 to HW filter on device batadv0
[  220.810199][ T9493] veth0_vlan: entered promiscuous mode
[  220.829594][ T9493] veth1_vlan: entered promiscuous mode
[  220.886521][ T9493] veth0_macvtap: entered promiscuous mode
[  220.895965][ T9493] veth1_macvtap: entered promiscuous mode
[  220.931782][ T9493] batman_adv: batadv0: Interface activated: batadv_slave_0
[  220.950330][ T9493] batman_adv: batadv0: Interface activated: batadv_slave_1
[  220.962622][ T9493] netdevsim netdevsim0 netdevsim0: set [1, 0] type 2 family 0 port 6081 - 0
[  220.964798][ T9493] netdevsim netdevsim0 netdevsim1: set [1, 0] type 2 family 0 port 6081 - 0
[  220.966649][ T9493] netdevsim netdevsim0 netdevsim2: set [1, 0] type 2 family 0 port 6081 - 0
[  220.973090][ T9493] netdevsim netdevsim0 netdevsim3: set [1, 0] type 2 family 0 port 6081 - 0
[  222.015504][   T11] netdevsim netdevsim0 netdevsim3 (unregistering): unset [1, 0] type 2 family 0 port 6081 - 0
[  222.664972][ T2915] wlan0: Created IBSS using preconfigured BSSID 50:50:50:50:50:50
[  222.669801][ T2915] wlan0: Creating new IBSS network, BSSID 50:50:50:50:50:50
[  222.943295][ T2915] wlan1: Created IBSS using preconfigured BSSID 50:50:50:50:50:50
[  222.945130][ T2915] wlan1: Creating new IBSS network, BSSID 50:50:50:50:50:50
[  224.039750][   T11] netdevsim netdevsim0 netdevsim2 (unregistering): unset [1, 0] type 2 family 0 port 6081 - 0
[  225.789659][   T11] netdevsim netdevsim0 netdevsim1 (unregistering): unset [1, 0] type 2 family 0 port 6081 - 0
[  225.923456][   T11] netdevsim netdevsim0 netdevsim0 (unregistering): unset [1, 0] type 2 family 0 port 6081 - 0
[  226.797199][T10024] Bluetooth: hci0: unexpected cc 0x0c03 length: 249 > 1
[  226.809211][T10024] Bluetooth: hci0: unexpected cc 0x1003 length: 249 > 9
[  226.815521][T10024] Bluetooth: hci0: unexpected cc 0x1001 length: 249 > 9
[  226.857461][T10024] Bluetooth: hci0: unexpected cc 0x0c23 length: 249 > 4
[  226.865999][T10024] Bluetooth: hci0: unexpected cc 0x0c25 length: 249 > 3
[  226.877309][T10024] Bluetooth: hci0: unexpected cc 0x0c38 length: 249 > 2
[  227.903931][   T11] hsr_slave_0: left promiscuous mode
[  227.912500][   T11] hsr_slave_1: left promiscuous mode
[  227.915255][   T11] batman_adv: batadv0: Interface deactivated: batadv_slave_0
[  227.920655][   T11] batman_adv: batadv0: Removing interface: batadv_slave_0
[  227.926912][   T11] batman_adv: batadv0: Interface deactivated: batadv_slave_1
[  227.938195][   T11] batman_adv: batadv0: Removing interface: batadv_slave_1
[  227.953297][   T11] bridge_slave_1: left allmulticast mode
[  227.954647][   T11] bridge_slave_1: left promiscuous mode
[  227.956791][   T11] bridge0: port 2(bridge_slave_1) entered disabled state
[  227.975180][   T11] bridge_slave_0: left allmulticast mode
[  227.976517][   T11] bridge_slave_0: left promiscuous mode
[  227.988576][   T11] bridge0: port 1(bridge_slave_0) entered disabled state
[  228.059649][   T11] veth1_macvtap: left promiscuous mode
[  228.061333][   T11] veth0_macvtap: left promiscuous mode
[  228.062743][   T11] veth1_vlan: left promiscuous mode
[  228.064203][   T11] veth0_vlan: left promiscuous mode
[  228.765746][   T11] team0 (unregistering): Port device team_slave_1 removed
[  228.787988][   T11] team0 (unregistering): Port device team_slave_0 removed
[  228.809031][   T11] bond0 (unregistering): (slave bond_slave_1): Releasing backup interface
[  228.831508][   T11] bond0 (unregistering): (slave bond_slave_0): Releasing backup interface
[  229.015978][   T11] bond0 (unregistering): Released all slaves
[  231.142399][ T1307] ieee802154 phy0 wpan0: encryption failed: -22
[  231.144270][ T1307] ieee802154 phy1 wpan1: encryption failed: -22
2025/09/08 08:44:13 executed programs: 0
[  232.713192][ T5115] Bluetooth: hci0: unexpected cc 0x0c03 length: 249 > 1
[  232.717202][ T5115] Bluetooth: hci0: unexpected cc 0x1003 length: 249 > 9
[  232.720478][ T5115] Bluetooth: hci0: unexpected cc 0x1001 length: 249 > 9
[  232.723617][ T5115] Bluetooth: hci0: unexpected cc 0x0c23 length: 249 > 4
[  232.726263][ T5115] Bluetooth: hci0: unexpected cc 0x0c25 length: 249 > 3
[  232.729195][ T5115] Bluetooth: hci0: unexpected cc 0x0c38 length: 249 > 2
[  233.533405][T10173] chnl_net:caif_netlink_parms(): no params data found
[  233.810437][T10173] bridge0: port 1(bridge_slave_0) entered blocking state
[  233.814349][T10173] bridge0: port 1(bridge_slave_0) entered disabled state
[  233.816240][T10173] bridge_slave_0: entered allmulticast mode
[  233.820854][T10173] bridge_slave_0: entered promiscuous mode
[  233.833399][T10173] bridge0: port 2(bridge_slave_1) entered blocking state
[  233.835096][T10173] bridge0: port 2(bridge_slave_1) entered disabled state
[  233.836781][T10173] bridge_slave_1: entered allmulticast mode
[  233.840384][T10173] bridge_slave_1: entered promiscuous mode
[  233.928654][T10173] bond0: (slave bond_slave_0): Enslaving as an active interface with an up link
[  233.936050][T10173] bond0: (slave bond_slave_1): Enslaving as an active interface with an up link
[  234.086926][T10173] team0: Port device team_slave_0 added
[  234.095490][T10173] team0: Port device team_slave_1 added
[  234.219965][T10173] batman_adv: batadv0: Adding interface: batadv_slave_0
[  234.222386][T10173] batman_adv: batadv0: The MTU of interface batadv_slave_0 is too small (1500) to handle the transport of batman-adv packets. Packets going over this interface will be fragmented on layer2 which could impact the performance. Setting the MTU to 1560 would solve the problem.
[  234.231425][T10173] batman_adv: batadv0: Not using interface batadv_slave_0 (retrying later): interface not active
[  234.241262][T10173] batman_adv: batadv0: Adding interface: batadv_slave_1
[  234.243702][T10173] batman_adv: batadv0: The MTU of interface batadv_slave_1 is too small (1500) to handle the transport of batman-adv packets. Packets going over this interface will be fragmented on layer2 which could impact the performance. Setting the MTU to 1560 would solve the problem.
[  234.252855][T10173] batman_adv: batadv0: Not using interface batadv_slave_1 (retrying later): interface not active
[  234.424192][T10173] hsr_slave_0: entered promiscuous mode
[  234.432717][T10173] hsr_slave_1: entered promiscuous mode
[  234.822207][T10024] Bluetooth: hci0: command 0x0409 tx timeout
[  235.776047][T10173] netdevsim netdevsim0 netdevsim0: renamed from eth0
[  235.786508][T10173] netdevsim netdevsim0 netdevsim1: renamed from eth1
[  235.794882][T10173] netdevsim netdevsim0 netdevsim2: renamed from eth2
[  235.805791][T10173] netdevsim netdevsim0 netdevsim3: renamed from eth3
[  236.183229][T10173] 8021q: adding VLAN 0 to HW filter on device bond0
[  236.232278][T10173] 8021q: adding VLAN 0 to HW filter on device team0
[  236.255556][ T5164] bridge0: port 1(bridge_slave_0) entered blocking state
[  236.259119][ T5164] bridge0: port 1(bridge_slave_0) entered forwarding state
[  236.282024][    T8] bridge0: port 2(bridge_slave_1) entered blocking state
[  236.284000][    T8] bridge0: port 2(bridge_slave_1) entered forwarding state
[  236.794813][T10173] 8021q: adding VLAN 0 to HW filter on device batadv0
[  236.897561][T10024] Bluetooth: hci0: command 0x041b tx timeout
[  236.937183][T10173] veth0_vlan: entered promiscuous mode
[  236.952626][T10173] veth1_vlan: entered promiscuous mode
[  237.040090][T10173] veth0_macvtap: entered promiscuous mode
[  237.053890][T10173] veth1_macvtap: entered promiscuous mode
[  237.116856][T10173] batman_adv: batadv0: Interface activated: batadv_slave_0
[  237.142546][T10173] batman_adv: batadv0: Interface activated: batadv_slave_1
[  237.159720][T10173] netdevsim netdevsim0 netdevsim0: set [1, 0] type 2 family 0 port 6081 - 0
[  237.161757][T10173] netdevsim netdevsim0 netdevsim1: set [1, 0] type 2 family 0 port 6081 - 0
[  237.164506][T10173] netdevsim netdevsim0 netdevsim2: set [1, 0] type 2 family 0 port 6081 - 0
[  237.166509][T10173] netdevsim netdevsim0 netdevsim3: set [1, 0] type 2 family 0 port 6081 - 0
[  237.484015][   T26] wlan0: Created IBSS using preconfigured BSSID 50:50:50:50:50:50
[  237.486878][   T26] wlan0: Creating new IBSS network, BSSID 50:50:50:50:50:50
[  237.665925][   T72] wlan1: Created IBSS using preconfigured BSSID 50:50:50:50:50:50
[  237.671850][   T72] wlan1: Creating new IBSS network, BSSID 50:50:50:50:50:50
2025/09/08 08:44:18 executed programs: 2
[  237.847290][T10548] ------------[ cut here ]------------
[  237.849329][T10548] WARNING: CPU: 1 PID: 10548 at mm/page_alloc.c:4402 __alloc_pages+0x30a/0x560
[  237.860498][T10548] Modules linked in:
[  237.861997][T10548] CPU: 1 PID: 10548 Comm: syz.0.17 Not tainted 6.6.0 #1
[  237.864434][T10548] Hardware name: QEMU Standard PC (i440FX + PIIX, 1996), BIOS 1.15.0-1 04/01/2014
[  237.869425][T10548] RIP: 0010:__alloc_pages+0x30a/0x560
[  237.872458][T10548] Code: 5c 24 04 0f 85 f3 00 00 00 44 89 e1 81 e1 7f ff ff ff a9 00 00 04 00 41 0f 44 cc 41 89 cc e9 e3 00 00 00 c6 05 81 67 35 0d 01 <0f> 0b 83 fb 0a 0f 86 c8 fd ff ff 31 db 48 c7 44 24 20 0e 36 e0 45
[  237.879151][T10548] RSP: 0018:ffffc900050cf9c0 EFLAGS: 00010246
[  237.881341][T10548] RAX: ffffc900050cfa20 RBX: 0000000000000019 RCX: 0000000000000000
[  237.884079][T10548] RDX: 0000000000000000 RSI: 0000000000000000 RDI: ffffc900050cfa48
[  237.886816][T10548] RBP: ffffc900050cfad8 R08: ffffffff8881fed0 R09: 0000000000000000
[  237.889668][T10548] R10: ffffc900050cfa20 R11: fffff52000a19fc8 R12: 0000000000040dc0
[  237.892414][T10548] R13: 1ffff92000a19f40 R14: dffffc0000000000 R15: 1ffff92000a19f3c
[  237.895129][T10548] FS:  000055555743a500(0000) GS:ffff88807ec00000(0000) knlGS:0000000000000000
[  237.898842][T10548] CS:  0010 DS: 0000 ES: 0000 CR0: 0000000080050033
[  237.901122][T10548] CR2: 0000001b30863fff CR3: 000000004f09b000 CR4: 0000000000750ee0
[  237.903877][T10548] DR0: 0000000000000000 DR1: 0000000000000000 DR2: 0000000000000000
[  237.906564][T10548] DR3: 0000000000000000 DR6: 00000000fffe0ff0 DR7: 0000000000000400
[  237.909500][T10548] PKRU: 00000000
[  237.910796][T10548] Call Trace:
[  237.911986][T10548]  <TASK>
[  237.913065][T10548]  ? __warn+0x15e/0x2d0
[  237.914581][T10548]  ? report_bug+0x2a8/0x4f0
[  237.919414][T10548]  ? __alloc_pages+0x30a/0x560
[  237.921122][T10548]  ? handle_bug+0x3d/0x70
[  237.922678][T10548]  ? exc_invalid_op+0x16/0x40
[  237.924376][T10548]  ? asm_exc_invalid_op+0x16/0x20
[  237.926170][T10548]  ? comedi_unlocked_ioctl+0x330/0x1130
[  237.928362][T10548]  ? __alloc_pages+0x30a/0x560
[  237.930128][T10548]  ? zone_statistics+0x160/0x160
[  237.931892][T10548]  ? __might_sleep+0xc0/0xc0
[  237.933528][T10548]  ? __might_fault+0xa1/0x110
[  237.935197][T10548]  ? __lock_acquire+0x2050/0x2050
[  237.937446][T10548]  __kmalloc_large_node+0x95/0x1f0
[  237.939299][T10548]  ? comedi_unlocked_ioctl+0xa3a/0x1130
[  237.941244][T10548]  __kmalloc+0xfe/0x190
[  237.942785][T10548]  comedi_unlocked_ioctl+0xa3a/0x1130
[  237.944684][T10548]  ? tomoyo_path_number_perm+0x55d/0x6e0
[  237.946680][T10548]  ? comedi_poll+0x900/0x900
[  237.948464][T10548]  ? tomoyo_path_number_perm+0x5dc/0x6e0
[  237.950533][T10548]  ? tomoyo_path_number_perm+0x1f6/0x6e0
[  237.953476][T10548]  ? tomoyo_check_path_acl+0x1c0/0x1c0
[  237.955501][T10548]  ? count_memcg_event_mm+0x3be/0x410
[  237.957897][T10548]  ? do_futex+0x370/0x490
[  237.959520][T10548]  ? print_irqtrace_events+0x220/0x220
[  237.961466][T10548]  ? lockdep_hardirqs_on_prepare+0x448/0x7b0
[  237.963640][T10548]  ? bpf_lsm_file_ioctl+0x5/0x10
[  237.965439][T10548]  ? security_file_ioctl+0x9d/0xb0
[  237.967415][T10548]  ? comedi_poll+0x900/0x900
[  237.969097][T10548]  __se_sys_ioctl+0xfe/0x170
[  237.970778][T10548]  do_syscall_64+0x2b/0x50
[  237.972394][T10548]  entry_SYSCALL_64_after_hwframe+0x63/0xcd
[  237.974493][T10548] RIP: 0033:0x7f054adae16d
[  237.976123][T10548] Code: 02 b8 ff ff ff ff c3 66 0f 1f 44 00 00 f3 0f 1e fa 48 89 f8 48 89 f7 48 89 d6 48 89 ca 4d 89 c2 4d 89 c8 4c 8b 4c 24 08 0f 05 <48> 3d 01 f0 ff ff 73 01 c3 48 c7 c1 a8 ff ff ff f7 d8 64 89 01 48
[  237.982762][T10548] RSP: 002b:00007ffd9621a998 EFLAGS: 00000246 ORIG_RAX: 0000000000000010
[  237.985607][T10548] RAX: ffffffffffffffda RBX: 00007f054aff5fa0 RCX: 00007f054adae16d
[  237.988484][T10548] RDX: 00002000000000c0 RSI: 000000008010640b RDI: 0000000000000003
[  237.991188][T10548] RBP: 00007f054ae480f0 R08: 0000000000000000 R09: 0000000000000000
[  237.993878][T10548] R10: 0000000000000000 R11: 0000000000000246 R12: 0000000000000000
[  237.996547][T10548] R13: 00007f054aff5fac R14: 00007f054aff5fa0 R15: 0000000000000000
[  237.999445][T10548]  </TASK>
[  238.000541][T10548] Kernel panic - not syncing: kernel: panic_on_warn set ...
[  238.003017][T10548] CPU: 1 PID: 10548 Comm: syz.0.17 Not tainted 6.6.0 #1
[  238.005364][T10548] Hardware name: QEMU Standard PC (i440FX + PIIX, 1996), BIOS 1.15.0-1 04/01/2014
[  238.008398][T10548] Call Trace:
[  238.009551][T10548]  <TASK>
[  238.010592][T10548]  dump_stack_lvl+0x1e3/0x2d0
[  238.012289][T10548]  ? nf_tcp_handle_invalid+0x650/0x650
[  238.014189][T10548]  ? panic+0x760/0x760
[  238.015645][T10548]  ? __alloc_pages+0x2b0/0x560
[  238.017362][T10548]  panic+0x2f5/0x760
[  238.018929][T10548]  ? __warn+0x16d/0x2d0
[  238.020416][T10548]  ? __memcpy_flushcache+0x2e0/0x2e0
[  238.022304][T10548]  ? __alloc_pages+0x30a/0x560
[  238.023999][T10548]  __warn+0x284/0x2d0
[  238.025432][T10548]  report_bug+0x2a8/0x4f0
[  238.026948][T10548]  ? __alloc_pages+0x30a/0x560
[  238.028620][T10548]  handle_bug+0x3d/0x70
[  238.030094][T10548]  exc_invalid_op+0x16/0x40
[  238.031677][T10548]  asm_exc_invalid_op+0x16/0x20
[  238.033415][T10548] RIP: 0010:__alloc_pages+0x30a/0x560
[  238.035283][T10548] Code: 5c 24 04 0f 85 f3 00 00 00 44 89 e1 81 e1 7f ff ff ff a9 00 00 04 00 41 0f 44 cc 41 89 cc e9 e3 00 00 00 c6 05 81 67 35 0d 01 <0f> 0b 83 fb 0a 0f 86 c8 fd ff ff 31 db 48 c7 44 24 20 0e 36 e0 45
[  238.041674][T10548] RSP: 0018:ffffc900050cf9c0 EFLAGS: 00010246
[  238.043814][T10548] RAX: ffffc900050cfa20 RBX: 0000000000000019 RCX: 0000000000000000
[  238.046451][T10548] RDX: 0000000000000000 RSI: 0000000000000000 RDI: ffffc900050cfa48
[  238.049143][T10548] RBP: ffffc900050cfad8 R08: ffffffff8881fed0 R09: 0000000000000000
[  238.051910][T10548] R10: ffffc900050cfa20 R11: fffff52000a19fc8 R12: 0000000000040dc0
[  238.054695][T10548] R13: 1ffff92000a19f40 R14: dffffc0000000000 R15: 1ffff92000a19f3c
[  238.057542][T10548]  ? comedi_unlocked_ioctl+0x330/0x1130
[  238.059612][T10548]  ? zone_statistics+0x160/0x160
[  238.061393][T10548]  ? __might_sleep+0xc0/0xc0
[  238.063081][T10548]  ? __might_fault+0xa1/0x110
[  238.064677][T10548]  ? __lock_acquire+0x2050/0x2050
[  238.066474][T10548]  __kmalloc_large_node+0x95/0x1f0
[  238.068287][T10548]  ? comedi_unlocked_ioctl+0xa3a/0x1130
[  238.070313][T10548]  __kmalloc+0xfe/0x190
[  238.071851][T10548]  comedi_unlocked_ioctl+0xa3a/0x1130
[  238.073703][T10548]  ? tomoyo_path_number_perm+0x55d/0x6e0
[  238.075685][T10548]  ? comedi_poll+0x900/0x900
[  238.077373][T10548]  ? tomoyo_path_number_perm+0x5dc/0x6e0
[  238.079364][T10548]  ? tomoyo_path_number_perm+0x1f6/0x6e0
[  238.081433][T10548]  ? tomoyo_check_path_acl+0x1c0/0x1c0
[  238.083490][T10548]  ? count_memcg_event_mm+0x3be/0x410
[  238.085520][T10548]  ? do_futex+0x370/0x490
[  238.087189][T10548]  ? print_irqtrace_events+0x220/0x220
[  238.089199][T10548]  ? lockdep_hardirqs_on_prepare+0x448/0x7b0
[  238.091398][T10548]  ? bpf_lsm_file_ioctl+0x5/0x10
[  238.093236][T10548]  ? security_file_ioctl+0x9d/0xb0
[  238.095134][T10548]  ? comedi_poll+0x900/0x900
[  238.096853][T10548]  __se_sys_ioctl+0xfe/0x170
[  238.098574][T10548]  do_syscall_64+0x2b/0x50
[  238.100237][T10548]  entry_SYSCALL_64_after_hwframe+0x63/0xcd
[  238.102375][T10548] RIP: 0033:0x7f054adae16d
[  238.104035][T10548] Code: 02 b8 ff ff ff ff c3 66 0f 1f 44 00 00 f3 0f 1e fa 48 89 f8 48 89 f7 48 89 d6 48 89 ca 4d 89 c2 4d 89 c8 4c 8b 4c 24 08 0f 05 <48> 3d 01 f0 ff ff 73 01 c3 48 c7 c1 a8 ff ff ff f7 d8 64 89 01 48
[  238.110798][T10548] RSP: 002b:00007ffd9621a998 EFLAGS: 00000246 ORIG_RAX: 0000000000000010
[  238.113823][T10548] RAX: ffffffffffffffda RBX: 00007f054aff5fa0 RCX: 00007f054adae16d
[  238.116631][T10548] RDX: 00002000000000c0 RSI: 000000008010640b RDI: 0000000000000003
[  238.119448][T10548] RBP: 00007f054ae480f0 R08: 0000000000000000 R09: 0000000000000000
[  238.122292][T10548] R10: 0000000000000000 R11: 0000000000000246 R12: 0000000000000000
[  238.125130][T10548] R13: 00007f054aff5fac R14: 00007f054aff5fa0 R15: 0000000000000000
[  238.128014][T10548]  </TASK>
[  238.129803][T10548] Kernel Offset: disabled
[  238.131618][T10548] Rebooting in 86400 seconds..

VM DIAGNOSIS:
16:44:18  Registers:
info registers vcpu 0
RAX=ffff888019acb020 RBX=0000000000070052 RCX=ffff888019aca4c0 RDX=0000000000000000
RSI=0000000000000008 RDI=dffffc0000000000 RBP=0000000000000000 RSP=ffffc900003cf778
R8 =ffffffff91cee387 R9 =1ffffffff239dc70 R10=dffffc0000000000 R11=fffffbfff239dc71
R12=adb359b2356e8d9c R13=ffff888019acb000 R14=1ffff110033595ef R15=ffff888019acaf78
RIP=ffffffff816d36cb RFL=00000046 [---Z-P-] CPL=0 II=0 A20=1 SMM=0 HLT=0
ES =0000 0000000000000000 ffffffff 00c00000
CS =0010 0000000000000000 ffffffff 00a09b00 DPL=0 CS64 [-RA]
SS =0018 0000000000000000 ffffffff 00c09300 DPL=0 DS   [-WA]
DS =0000 0000000000000000 ffffffff 00c00000
FS =0000 0000000000000000 ffffffff 00c00000
GS =0000 ffff88802be00000 ffffffff 00c00000
LDT=0000 0000000000000000 ffffffff 00c00000
TR =0040 fffffe0000003000 00004087 00008b00 DPL=0 TSS64-busy
GDT=     fffffe0000001000 0000007f
IDT=     fffffe0000000000 00000fff
CR0=80050033 CR2=000000c00836b000 CR3=000000004384c000 CR4=00750ef0
DR0=0000000000000000 DR1=0000000000000000 DR2=0000000000000000 DR3=0000000000000000 
DR6=00000000fffe0ff0 DR7=0000000000000400
EFER=0000000000000d01
FCW=037f FSW=0000 [ST=0] FTW=00 MXCSR=00001f80
FPR0=0000000000000000 0000 FPR1=0000000000000000 0000
FPR2=0000000000000000 0000 FPR3=0000000000000000 0000
FPR4=0000000000000000 0000 FPR5=0000000000000000 0000
FPR6=0000000000000000 0000 FPR7=0000000000000000 0000
Opmask00=0000000001000000 Opmask01=0000000001000003 Opmask02=00000000ffffffef Opmask03=0000000000000000
Opmask04=0000000000000000 Opmask05=0000000000000000 Opmask06=0000000000000000 Opmask07=0000000000000000
ZMM00=0000000000000000 0000000000000000 0000000000000000 0000000000000000 0000000000000000 0000000000000000 0000000000989680 0000000000000000
ZMM01=0000000000000000 0000000000000000 0000000000000000 0000000000000000 0000000000000000 0000000000000000 0000000000000000 0000000000989680
ZMM02=0000000000000000 0000000000000000 0000000000000000 0000000000000000 0000000000000000 0000000000000000 00007f054bb2d660 00007f054bb2d660
ZMM03=0000000000000000 0000000000000000 0000000000000000 0000000000000000 0000000000000000 0000000000000000 00007ffd9621ad30 00007ffd9621ad30
ZMM04=0000000000000000 0000000000000000 0000000000000000 0000000000000000 0000000000000000 0000000000000000 0000000000000000 00007ffd9621ad6f
ZMM05=0000000000000000 0000000000000000 0000000000000000 0000000000000000 0000000000000000 0000000000000000 000055555743a500 0000000000000000
ZMM06=0000000000000000 0000000000000000 0000000000000000 0000000000000000 0000000000000000 0000000000000000 0000000000000000 00007f054bb2d660
ZMM07=0000000000000000 0000000000000000 0000000000000000 0000000000000000 0000000000000000 0000000000000000 00007f054ada4878 0000000000000000
ZMM08=0000000000000000 0000000000000000 0000000000000000 0000000000000000 0000000000000000 0000000000000000 0000000000000000 0000000000000000
ZMM09=0000000000000000 0000000000000000 0000000000000000 0000000000000000 0000000000000000 0000000000000000 0000000000000000 0000000000000000
ZMM10=0000000000000000 0000000000000000 0000000000000000 0000000000000000 0000000000000000 0000000000000000 0000000000000000 0000000000000000
ZMM11=0000000000000000 0000000000000000 0000000000000000 0000000000000000 0000000000000000 0000000000000000 0000000000000000 0000000000000000
ZMM12=0000000000000000 0000000000000000 0000000000000000 0000000000000000 0000000000000000 0000000000000000 0000000000000000 0000000000000000
ZMM13=0000000000000000 0000000000000000 0000000000000000 0000000000000000 0000000000000000 0000000000000000 0000000000000000 0000000000000000
ZMM14=0000000000000000 0000000000000000 0000000000000000 0000000000000000 0000000000000000 0000000000000000 0000000000000000 0000000000000000
ZMM15=0000000000000000 0000000000000000 0000000000000000 0000000000000000 0000000000000000 0000000000000000 0000000000000000 0000000000000000
ZMM16=0000000000000000 0000000000000000 0000000000000000 0000000000000000 0000000000000000 0000000000000000 0000000000000000 0000000000000000
ZMM17=0000000000000000 0000000000000000 0000000000000000 0000000000000000 0000000000000000 0000000000000000 0000000000000000 0000000000000000
ZMM18=0000000000000000 0000000000000000 0000000000000000 0000000000000000 0000000000000005 0000000000000000 0000000000000000 0000000000000000
ZMM19=0000000000000000 0000000000000000 0000000000000000 0000000000000000 0000000000000000 0000000000000000 0000000000000000 0000000000000190
ZMM20=0000000000000000 0000000000000000 0000000000000000 0000000000000000 0000000000000005 0000000000000000 0000000000000000 0000000000000190
ZMM21=0000000000000000 0000000000000000 0000000000000000 0000000000000000 0000000000000000 0000000000000000 0000000000000000 0000000000000000
ZMM22=0000000000000000 0000000000000000 0000000000000000 0000000000000000 0000000000000000 0000000000000000 0000000000000000 0000000000000000
ZMM23=0000000000000000 0000000000000000 0000000000000000 0000000000000000 0000000000000000 0000000000000000 0000000000000000 0000000000000000
ZMM24=0000000000000000 0000000000000000 0000000000000000 0000000000000000 0000000000000000 0000000000000000 0000000000000000 000000524f525245
ZMM25=0000000000000000 0000000000000000 0000000000000000 0000000000000000 0000000000000000 0000000000000000 0000000000000000 0000000000000000
ZMM26=0000000000000000 0000000000000000 0000000000000000 0000000000000000 0000000000000000 0000000000000000 0000000000000000 0000000000000000
ZMM27=0000000000000000 0000000000000000 0000000000000000 0000000000000000 0000000000000000 0000000000000000 0000000000000000 0000000000000000
ZMM28=0000000000000000 0000000000000000 0000000000000000 0000000000000000 0000000000000000 0000000000000000 0000000000000000 0000000000000000
ZMM29=0000000000000000 0000000000000000 0000000000000000 0000000000000000 0000000000000000 0000000000000000 0000000000000000 0000000000000000
ZMM30=0000000000000000 0000000000000000 0000000000000000 0000000000000000 0000000000000000 0000000000000000 0000000000000000 0000000000000000
ZMM31=0000000000000000 0000000000000000 0000000000000000 0000000000000000 0000000000000000 0000000000000000 0000000000000000 0000000000000000
info registers vcpu 1
RAX=000000000000003a RBX=ffffffff9816e580 RCX=0000000000000000 RDX=00000000000003f8
RSI=0000000000000000 RDI=0000000000000020 RBP=0000000000000000 RSP=ffffc900050cf090
R8 =ffffffff84e2d6c6 R9 =1ffff11003bfa046 R10=dffffc0000000000 R11=ffffed1003bfa047
R12=dffffc0000000000 R13=dffffc0000000001 R14=000000000000003a R15=00000000000003f8
RIP=ffffffff84e2d6f9 RFL=00000002 [-------] CPL=0 II=0 A20=1 SMM=0 HLT=0
ES =0000 0000000000000000 ffffffff 00c00000
CS =0010 0000000000000000 ffffffff 00a09b00 DPL=0 CS64 [-RA]
SS =0018 0000000000000000 ffffffff 00c09300 DPL=0 DS   [-WA]
DS =0000 0000000000000000 ffffffff 00c00000
FS =0000 000055555743a500 ffffffff 00c00000
GS =0000 ffff88807ec00000 ffffffff 00c00000
LDT=0000 0000000000000000 00000000 00000000
TR =0040 fffffe000004a000 00004087 00008b00 DPL=0 TSS64-busy
GDT=     fffffe0000048000 0000007f
IDT=     fffffe0000000000 00000fff
CR0=80050033 CR2=0000001b30863fff CR3=000000004f09b000 CR4=00750ee0
DR0=0000000000000000 DR1=0000000000000000 DR2=0000000000000000 DR3=0000000000000000 
DR6=00000000fffe0ff0 DR7=0000000000000400
EFER=0000000000000d01
FCW=037f FSW=0000 [ST=0] FTW=00 MXCSR=00001f80
FPR0=0000000000000000 0000 FPR1=0000000000000000 0000
FPR2=0000000000000000 0000 FPR3=0000000000000000 0000
FPR4=0000000000000000 0000 FPR5=0000000000000000 0000
FPR6=0000000000000000 0000 FPR7=0000000000000000 0000
Opmask00=0000000000008001 Opmask01=0000000001000003 Opmask02=00000000ffffffef Opmask03=0000000000000000
Opmask04=0000000000000000 Opmask05=0000000000000000 Opmask06=0000000000000000 Opmask07=0000000000000000
ZMM00=0000000000000000 0000000000000000 0000000000000000 0000000000000000 0000000000000000 0000000000000000 0000000000000000 0000000000000000
ZMM01=0000000000000000 0000000000000000 0000000000000000 0000000000000000 0000000000000000 0000000000000000 00007ffd9621aa60 0000003000000028
ZMM02=0000000000000000 0000000000000000 0000000000000000 0000000000000000 0000000000000000 0000000000000000 0000000000000000 00007ffd9621abe0
ZMM03=0000000000000000 0000000000000000 0000000000000000 0000000000000000 0000000000000000 0000000000000000 00007ffd9621abe0 00007ffd9621abe0
ZMM04=0000000000000000 0000000000000000 0000000000000000 0000000000000000 0000000000000000 0000000000000000 0000000000000000 00007ffd9621ac1f
ZMM05=0000000000000000 0000000000000000 0000000000000000 0000000000000000 0000000000000000 0000000000000000 000055555743a500 0000000000000000
ZMM06=0000000000000000 0000000000000000 0000000000000000 0000000000000000 0000000000000000 0000000000000000 0000000000000000 00007f054bb2d660
ZMM07=0000000000000000 0000000000000000 0000000000000000 0000000000000000 0000000000000000 0000000000000000 00007f054ada4878 0000000000000000
ZMM08=0000000000000000 0000000000000000 0000000000000000 0000000000000000 0000000000000000 0000000000000000 0000000000000000 0000000000000000
ZMM09=0000000000000000 0000000000000000 0000000000000000 0000000000000000 0000000000000000 0000000000000000 0000000000000000 0000000000000000
ZMM10=0000000000000000 0000000000000000 0000000000000000 0000000000000000 0000000000000000 0000000000000000 0000000000000000 0000000000000000
ZMM11=0000000000000000 0000000000000000 0000000000000000 0000000000000000 0000000000000000 0000000000000000 0000000000000000 0000000000000000
ZMM12=0000000000000000 0000000000000000 0000000000000000 0000000000000000 0000000000000000 0000000000000000 0000000000000000 0000000000000000
ZMM13=0000000000000000 0000000000000000 0000000000000000 0000000000000000 0000000000000000 0000000000000000 0000000000000000 0000000000000000
ZMM14=0000000000000000 0000000000000000 0000000000000000 0000000000000000 0000000000000000 0000000000000000 0000000000000000 0000000000000000
ZMM15=0000000000000000 0000000000000000 0000000000000000 0000000000000000 0000000000000000 0000000000000000 0000000000000000 0000000000000000
ZMM16=0000000000000000 0000000000000000 0000000000000000 0000000000000000 0000000000000000 0000000000000000 0000000000000000 0000000000000000
ZMM17=0000000000000000 0000000000000000 0000000000000000 0000000000000000 2525252525252525 2525252525252525 2525252525252525 2525252525252525
ZMM18=0000000000000000 0000000000000000 0000000000000000 0000000000000000 6f6c667265766f20 6772612061746164 000a747261745374 6f687370616e5300
ZMM19=0000000000000000 0000000000000000 0000000000000000 0000000000000000 4a49435740534a05 4257440544514441 000a515744515351 4a4d5655444b5300
ZMM20=0000000000000000 0000000000000000 0000000000000000 0000000000000000 0000000000000005 0000000000000000 0000000000000000 0000000000000190
ZMM21=0000000000000000 0000000000000000 0000000000000000 0000000000000000 0000000000000000 0000000000000000 0000000000000000 0000000000000000
ZMM22=0000000000000000 0000000000000000 0000000000000000 0000000000000000 0000000000000000 0000000000000000 0000000000000000 0000000000000000
ZMM23=0000000000000000 0000000000000000 0000000000000000 0000000000000000 0000000000000000 0000000000000000 0000000000000000 0000000000000000
ZMM24=0000000000000000 0000000000000000 0000000000000000 0000000000000000 0000000000000000 0000000000000000 0000000000000000 000000524f525245
ZMM25=0000000000000000 0000000000000000 0000000000000000 0000000000000000 0000000000000000 0000000000000000 0000000000000000 0000000000000000
ZMM26=0000000000000000 0000000000000000 0000000000000000 0000000000000000 0000000000000000 0000000000000000 0000000000000000 0000000000000000
ZMM27=0000000000000000 0000000000000000 0000000000000000 0000000000000000 0000000000000000 0000000000000000 0000000000000000 0000000000000000
ZMM28=0000000000000000 0000000000000000 0000000000000000 0000000000000000 0000000000000000 0000000000000000 0000000000000000 0000000000000000
ZMM29=0000000000000000 0000000000000000 0000000000000000 0000000000000000 0000000000000000 0000000000000000 0000000000000000 0000000000000000
ZMM30=0000000000000000 0000000000000000 0000000000000000 0000000000000000 0000000000000000 0000000000000000 0000000000000000 0000000000000000
ZMM31=0000000000000000 0000000000000000 0000000000000000 0000000000000000 0000000000000000 0000000000000000 0000000000000000 0000000000000000
