Warning: Permanently added '[localhost]:52940' (ED25519) to the list of known hosts.
2025/09/10 01:05:02 parsed 1 programs
syzkaller login: [  194.004845][ T9275] cgroup: Unknown subsys name 'net'
[  194.150746][ T9275] cgroup: Unknown subsys name 'rlimit'
[  200.227915][ T9275] Adding 124996k swap on ./swap-file.  Priority:0 extents:1 across:124996k FS
[  210.355662][ T5055] Bluetooth: hci0: unexpected cc 0x0c03 length: 249 > 1
[  210.359440][ T9632] Bluetooth: hci0: unexpected cc 0x1003 length: 249 > 9
[  210.362804][ T9632] Bluetooth: hci0: unexpected cc 0x1001 length: 249 > 9
[  210.367717][ T9632] Bluetooth: hci0: unexpected cc 0x0c23 length: 249 > 4
[  210.370839][ T9632] Bluetooth: hci0: unexpected cc 0x0c25 length: 249 > 3
[  210.373846][ T9632] Bluetooth: hci0: unexpected cc 0x0c38 length: 249 > 2
[  210.639938][ T9121] wlan0: Created IBSS using preconfigured BSSID 50:50:50:50:50:50
[  210.641948][ T9121] wlan0: Creating new IBSS network, BSSID 50:50:50:50:50:50
[  210.874614][    T7] IPv6: ADDRCONF(NETDEV_CHANGE): wlan0: link becomes ready
[  211.144102][ T9656] wlan1: Created IBSS using preconfigured BSSID 50:50:50:50:50:50
[  211.147111][ T9656] wlan1: Creating new IBSS network, BSSID 50:50:50:50:50:50
[  211.229627][   T29] IPv6: ADDRCONF(NETDEV_CHANGE): wlan1: link becomes ready
[  212.108927][ T9611] chnl_net:caif_netlink_parms(): no params data found
[  212.415187][   T51] Bluetooth: hci0: command 0x0409 tx timeout
[  212.579953][ T9611] bridge0: port 1(bridge_slave_0) entered blocking state
[  212.586496][ T9611] bridge0: port 1(bridge_slave_0) entered disabled state
[  212.589852][ T9611] device bridge_slave_0 entered promiscuous mode
[  212.598781][ T9611] bridge0: port 2(bridge_slave_1) entered blocking state
[  212.600545][ T9611] bridge0: port 2(bridge_slave_1) entered disabled state
[  212.604107][ T9611] device bridge_slave_1 entered promiscuous mode
[  212.797241][ T9611] bond0: (slave bond_slave_0): Enslaving as an active interface with an up link
[  212.828758][ T9611] bond0: (slave bond_slave_1): Enslaving as an active interface with an up link
[  213.021601][ T9611] team0: Port device team_slave_0 added
[  213.038970][ T9611] team0: Port device team_slave_1 added
[  213.159026][ T9611] batman_adv: batadv0: Adding interface: batadv_slave_0
[  213.160918][ T9611] batman_adv: batadv0: The MTU of interface batadv_slave_0 is too small (1500) to handle the transport of batman-adv packets. Packets going over this interface will be fragmented on layer2 which could impact the performance. Setting the MTU to 1560 would solve the problem.
[  213.202920][ T9611] batman_adv: batadv0: Not using interface batadv_slave_0 (retrying later): interface not active
[  213.210185][ T9611] batman_adv: batadv0: Adding interface: batadv_slave_1
[  213.212448][ T9611] batman_adv: batadv0: The MTU of interface batadv_slave_1 is too small (1500) to handle the transport of batman-adv packets. Packets going over this interface will be fragmented on layer2 which could impact the performance. Setting the MTU to 1560 would solve the problem.
[  213.238378][ T9611] batman_adv: batadv0: Not using interface batadv_slave_1 (retrying later): interface not active
[  213.480649][ T9611] device hsr_slave_0 entered promiscuous mode
[  213.502091][ T9611] device hsr_slave_1 entered promiscuous mode
[  214.492650][   T51] Bluetooth: hci0: command 0x041b tx timeout
[  215.500811][ T9611] netdevsim netdevsim3 netdevsim0: renamed from eth0
[  215.541125][ T9611] netdevsim netdevsim3 netdevsim1: renamed from eth1
[  215.567466][ T9611] netdevsim netdevsim3 netdevsim2: renamed from eth2
[  215.577302][ T9611] netdevsim netdevsim3 netdevsim3: renamed from eth3
[  215.838844][ T9611] 8021q: adding VLAN 0 to HW filter on device bond0
[  215.856289][   T29] IPv6: ADDRCONF(NETDEV_CHANGE): veth1: link becomes ready
[  215.860758][   T29] IPv6: ADDRCONF(NETDEV_CHANGE): veth0: link becomes ready
[  215.905208][ T9611] 8021q: adding VLAN 0 to HW filter on device team0
[  215.914199][ T9610] IPv6: ADDRCONF(NETDEV_CHANGE): veth0_to_bridge: link becomes ready
[  215.916873][ T9610] IPv6: ADDRCONF(NETDEV_CHANGE): bridge_slave_0: link becomes ready
[  215.919759][ T9610] bridge0: port 1(bridge_slave_0) entered blocking state
[  215.921671][ T9610] bridge0: port 1(bridge_slave_0) entered forwarding state
[  215.926787][ T9610] IPv6: ADDRCONF(NETDEV_CHANGE): bridge0: link becomes ready
[  215.985800][T10041] IPv6: ADDRCONF(NETDEV_CHANGE): veth1_to_bridge: link becomes ready
[  215.991145][T10041] IPv6: ADDRCONF(NETDEV_CHANGE): bridge_slave_1: link becomes ready
[  215.997864][T10041] bridge0: port 2(bridge_slave_1) entered blocking state
[  216.000719][T10041] bridge0: port 2(bridge_slave_1) entered forwarding state
[  216.023700][ T9610] IPv6: ADDRCONF(NETDEV_CHANGE): veth0_to_bond: link becomes ready
[  216.096612][ T9610] IPv6: ADDRCONF(NETDEV_CHANGE): veth1_to_bond: link becomes ready
[  216.108403][   T29] IPv6: ADDRCONF(NETDEV_CHANGE): veth0_to_team: link becomes ready
[  216.115289][   T29] IPv6: ADDRCONF(NETDEV_CHANGE): team_slave_0: link becomes ready
[  216.118946][   T29] IPv6: ADDRCONF(NETDEV_CHANGE): team0: link becomes ready
[  216.190672][   T29] IPv6: ADDRCONF(NETDEV_CHANGE): veth1_to_team: link becomes ready
[  216.196928][   T29] IPv6: ADDRCONF(NETDEV_CHANGE): team_slave_1: link becomes ready
[  216.226770][ T9610] IPv6: ADDRCONF(NETDEV_CHANGE): veth0_to_hsr: link becomes ready
[  216.231773][ T9610] IPv6: ADDRCONF(NETDEV_CHANGE): hsr_slave_0: link becomes ready
[  216.335444][ T9610] IPv6: ADDRCONF(NETDEV_CHANGE): veth1_to_hsr: link becomes ready
[  216.339945][ T9610] IPv6: ADDRCONF(NETDEV_CHANGE): hsr_slave_1: link becomes ready
[  216.406797][ T9611] IPv6: ADDRCONF(NETDEV_CHANGE): hsr0: link becomes ready
[  216.574896][   T51] Bluetooth: hci0: command 0x040f tx timeout
[  216.885784][   T29] IPv6: ADDRCONF(NETDEV_CHANGE): vxcan1: link becomes ready
[  216.887822][   T29] IPv6: ADDRCONF(NETDEV_CHANGE): vxcan0: link becomes ready
[  216.910398][ T9611] 8021q: adding VLAN 0 to HW filter on device batadv0
[  216.938723][   T29] IPv6: ADDRCONF(NETDEV_CHANGE): veth1_virt_wifi: link becomes ready
[  216.941469][   T29] IPv6: ADDRCONF(NETDEV_CHANGE): veth0_virt_wifi: link becomes ready
[  216.969025][   T29] IPv6: ADDRCONF(NETDEV_CHANGE): veth1_vlan: link becomes ready
[  216.971662][   T29] IPv6: ADDRCONF(NETDEV_CHANGE): veth0_vlan: link becomes ready
[  216.975454][   T29] IPv6: ADDRCONF(NETDEV_CHANGE): vlan0: link becomes ready
[  216.977910][   T29] IPv6: ADDRCONF(NETDEV_CHANGE): vlan1: link becomes ready
[  216.987584][ T9611] device veth0_vlan entered promiscuous mode
[  217.001172][ T9611] device veth1_vlan entered promiscuous mode
[  217.040458][   T29] IPv6: ADDRCONF(NETDEV_CHANGE): macvlan0: link becomes ready
[  217.043847][   T29] IPv6: ADDRCONF(NETDEV_CHANGE): macvlan1: link becomes ready
[  217.046438][   T29] IPv6: ADDRCONF(NETDEV_CHANGE): veth1_macvtap: link becomes ready
[  217.049408][   T29] IPv6: ADDRCONF(NETDEV_CHANGE): veth0_macvtap: link becomes ready
[  217.064623][ T9611] device veth0_macvtap entered promiscuous mode
[  217.075726][ T9611] device veth1_macvtap entered promiscuous mode
[  217.104538][ T9611] batman_adv: batadv0: Interface activated: batadv_slave_0
[  217.106857][   T29] IPv6: ADDRCONF(NETDEV_CHANGE): macvtap0: link becomes ready
[  217.109427][   T29] IPv6: ADDRCONF(NETDEV_CHANGE): macsec0: link becomes ready
[  217.111839][   T29] IPv6: ADDRCONF(NETDEV_CHANGE): batadv_slave_0: link becomes ready
[  217.118841][   T29] IPv6: ADDRCONF(NETDEV_CHANGE): veth0_to_batadv: link becomes ready
[  217.134111][ T9611] batman_adv: batadv0: Interface activated: batadv_slave_1
[  217.139003][ T9610] IPv6: ADDRCONF(NETDEV_CHANGE): batadv_slave_1: link becomes ready
[  217.141752][ T9610] IPv6: ADDRCONF(NETDEV_CHANGE): veth1_to_batadv: link becomes ready
[  217.156937][ T9611] netdevsim netdevsim3 netdevsim0: set [1, 0] type 2 family 0 port 6081 - 0
[  217.159054][ T9611] netdevsim netdevsim3 netdevsim1: set [1, 0] type 2 family 0 port 6081 - 0
[  217.160893][ T9611] netdevsim netdevsim3 netdevsim2: set [1, 0] type 2 family 0 port 6081 - 0
[  217.175313][ T9611] netdevsim netdevsim3 netdevsim3: set [1, 0] type 2 family 0 port 6081 - 0
2025/09/10 01:05:31 executed programs: 0
[  217.831751][ T5055] Bluetooth: hci2: unexpected cc 0x0c03 length: 249 > 1
[  217.844491][ T5055] Bluetooth: hci2: unexpected cc 0x1003 length: 249 > 9
[  217.848080][ T5055] Bluetooth: hci1: unexpected cc 0x1003 length: 249 > 9
[  217.860624][T10064] Bluetooth: hci1: unexpected cc 0x1001 length: 249 > 9
[  217.860904][T10068] Bluetooth: hci2: unexpected cc 0x1001 length: 249 > 9
[  217.875990][T10064] Bluetooth: hci2: unexpected cc 0x0c23 length: 249 > 4
[  217.879624][T10064] Bluetooth: hci1: unexpected cc 0x0c23 length: 249 > 4
[  217.882126][T10064] Bluetooth: hci2: unexpected cc 0x0c25 length: 249 > 3
[  217.893579][T10064] Bluetooth: hci2: unexpected cc 0x0c38 length: 249 > 2
[  218.008879][ T9632] Bluetooth: hci1: unexpected cc 0x0c25 length: 249 > 3
[  218.033640][ T9632] Bluetooth: hci1: unexpected cc 0x0c38 length: 249 > 2
[  218.113263][ T9632] Bluetooth: hci0: unexpected cc 0x1003 length: 249 > 9
[  218.117021][ T9632] Bluetooth: hci0: unexpected cc 0x1001 length: 249 > 9
[  218.120232][ T9632] Bluetooth: hci0: unexpected cc 0x0c23 length: 249 > 4
[  218.125732][ T9632] Bluetooth: hci0: unexpected cc 0x0c25 length: 249 > 3
[  218.127972][ T9632] Bluetooth: hci0: unexpected cc 0x0c38 length: 249 > 2
[  218.274548][ T9632] Bluetooth: hci3: unexpected cc 0x1003 length: 249 > 9
[  218.278861][ T9632] Bluetooth: hci3: unexpected cc 0x1001 length: 249 > 9
[  218.324478][ T9632] Bluetooth: hci3: unexpected cc 0x0c23 length: 249 > 4
[  218.353004][ T9632] Bluetooth: hci3: unexpected cc 0x0c25 length: 249 > 3
[  218.355193][ T9632] Bluetooth: hci3: unexpected cc 0x0c38 length: 249 > 2
[  219.867273][ T1282] ieee802154 phy0 wpan0: encryption failed: -22
[  219.869633][ T1282] ieee802154 phy1 wpan1: encryption failed: -22
[  220.014317][   T51] Bluetooth: hci2: command 0x0409 tx timeout
[  220.093518][ T9632] Bluetooth: hci1: command 0x0409 tx timeout
[  220.138524][T10079] chnl_net:caif_netlink_parms(): no params data found
[  220.173611][ T9632] Bluetooth: hci0: command 0x0409 tx timeout
[  220.415790][ T9632] Bluetooth: hci3: command 0x0409 tx timeout
[  221.056951][T10060] chnl_net:caif_netlink_parms(): no params data found
[  221.190843][T10056] chnl_net:caif_netlink_parms(): no params data found
[  221.212280][T10079] bridge0: port 1(bridge_slave_0) entered blocking state
[  221.223074][T10079] bridge0: port 1(bridge_slave_0) entered disabled state
[  221.228662][T10079] device bridge_slave_0 entered promiscuous mode
[  221.366338][T10079] bridge0: port 2(bridge_slave_1) entered blocking state
[  221.367990][T10079] bridge0: port 2(bridge_slave_1) entered disabled state
[  221.371534][T10079] device bridge_slave_1 entered promiscuous mode
[  221.423054][T10076] chnl_net:caif_netlink_parms(): no params data found
[  221.867894][T10079] bond0: (slave bond_slave_0): Enslaving as an active interface with an up link
[  221.883425][T10060] bridge0: port 1(bridge_slave_0) entered blocking state
[  221.886284][T10060] bridge0: port 1(bridge_slave_0) entered disabled state
[  221.891506][T10060] device bridge_slave_0 entered promiscuous mode
[  222.020475][T10079] bond0: (slave bond_slave_1): Enslaving as an active interface with an up link
[  222.073082][T10060] bridge0: port 2(bridge_slave_1) entered blocking state
[  222.074826][T10060] bridge0: port 2(bridge_slave_1) entered disabled state
[  222.078518][T10060] device bridge_slave_1 entered promiscuous mode
[  222.105075][ T9632] Bluetooth: hci2: command 0x041b tx timeout
[  222.138617][T10056] bridge0: port 1(bridge_slave_0) entered blocking state
[  222.140359][T10056] bridge0: port 1(bridge_slave_0) entered disabled state
[  222.146231][T10056] device bridge_slave_0 entered promiscuous mode
[  222.173048][   T51] Bluetooth: hci1: command 0x041b tx timeout
[  222.253296][ T9632] Bluetooth: hci0: command 0x041b tx timeout
[  222.266456][   T10] netdevsim netdevsim3 netdevsim3 (unregistering): unset [1, 0] type 2 family 0 port 6081 - 0
[  222.364731][T10056] bridge0: port 2(bridge_slave_1) entered blocking state
[  222.367281][T10056] bridge0: port 2(bridge_slave_1) entered disabled state
[  222.371103][T10056] device bridge_slave_1 entered promiscuous mode
[  222.421793][T10079] team0: Port device team_slave_0 added
[  222.438550][T10079] team0: Port device team_slave_1 added
[  222.493056][ T9632] Bluetooth: hci3: command 0x041b tx timeout
[  222.494432][   T10] netdevsim netdevsim3 netdevsim2 (unregistering): unset [1, 0] type 2 family 0 port 6081 - 0
[  222.623649][   T10] netdevsim netdevsim3 netdevsim1 (unregistering): unset [1, 0] type 2 family 0 port 6081 - 0
[  222.658428][T10060] bond0: (slave bond_slave_0): Enslaving as an active interface with an up link
[  222.839454][T10079] batman_adv: batadv0: Adding interface: batadv_slave_0
[  222.840955][T10079] batman_adv: batadv0: The MTU of interface batadv_slave_0 is too small (1500) to handle the transport of batman-adv packets. Packets going over this interface will be fragmented on layer2 which could impact the performance. Setting the MTU to 1560 would solve the problem.
[  222.863083][T10079] batman_adv: batadv0: Not using interface batadv_slave_0 (retrying later): interface not active
[  222.870641][T10060] bond0: (slave bond_slave_1): Enslaving as an active interface with an up link
[  222.915492][   T10] netdevsim netdevsim3 netdevsim0 (unregistering): unset [1, 0] type 2 family 0 port 6081 - 0
[  222.933947][T10076] bridge0: port 1(bridge_slave_0) entered blocking state
[  222.935639][T10076] bridge0: port 1(bridge_slave_0) entered disabled state
[  222.939512][T10076] device bridge_slave_0 entered promiscuous mode
[  222.957049][T10056] bond0: (slave bond_slave_0): Enslaving as an active interface with an up link
[  222.960343][T10076] bridge0: port 2(bridge_slave_1) entered blocking state
[  222.982718][T10076] bridge0: port 2(bridge_slave_1) entered disabled state
[  223.000882][T10076] device bridge_slave_1 entered promiscuous mode
[  223.063515][T10079] batman_adv: batadv0: Adding interface: batadv_slave_1
[  223.065039][T10079] batman_adv: batadv0: The MTU of interface batadv_slave_1 is too small (1500) to handle the transport of batman-adv packets. Packets going over this interface will be fragmented on layer2 which could impact the performance. Setting the MTU to 1560 would solve the problem.
[  223.070578][T10079] batman_adv: batadv0: Not using interface batadv_slave_1 (retrying later): interface not active
[  223.131376][T10056] bond0: (slave bond_slave_1): Enslaving as an active interface with an up link
[  223.429872][T10060] team0: Port device team_slave_0 added
[  223.531949][T10056] team0: Port device team_slave_0 added
[  223.556117][T10076] bond0: (slave bond_slave_0): Enslaving as an active interface with an up link
[  223.577986][T10060] team0: Port device team_slave_1 added
[  223.599050][T10079] device hsr_slave_0 entered promiscuous mode
[  223.611042][T10079] device hsr_slave_1 entered promiscuous mode
[  223.620262][T10079] debugfs: Directory 'hsr0' with parent 'hsr' already present!
[  223.622383][T10079] Cannot create hsr debugfs directory
[  223.639810][T10056] team0: Port device team_slave_1 added
[  223.671614][T10076] bond0: (slave bond_slave_1): Enslaving as an active interface with an up link
[  224.107952][T10060] batman_adv: batadv0: Adding interface: batadv_slave_0
[  224.109484][T10060] batman_adv: batadv0: The MTU of interface batadv_slave_0 is too small (1500) to handle the transport of batman-adv packets. Packets going over this interface will be fragmented on layer2 which could impact the performance. Setting the MTU to 1560 would solve the problem.
[  224.132581][T10060] batman_adv: batadv0: Not using interface batadv_slave_0 (retrying later): interface not active
[  224.172746][ T9632] Bluetooth: hci2: command 0x040f tx timeout
[  224.252927][ T9632] Bluetooth: hci1: command 0x040f tx timeout
[  224.333102][   T51] Bluetooth: hci0: command 0x040f tx timeout
[  224.526669][T10056] batman_adv: batadv0: Adding interface: batadv_slave_0
[  224.528167][T10056] batman_adv: batadv0: The MTU of interface batadv_slave_0 is too small (1500) to handle the transport of batman-adv packets. Packets going over this interface will be fragmented on layer2 which could impact the performance. Setting the MTU to 1560 would solve the problem.
[  224.553102][T10056] batman_adv: batadv0: Not using interface batadv_slave_0 (retrying later): interface not active
[  224.573008][   T51] Bluetooth: hci3: command 0x040f tx timeout
[  224.661347][T10060] batman_adv: batadv0: Adding interface: batadv_slave_1
[  224.663456][T10060] batman_adv: batadv0: The MTU of interface batadv_slave_1 is too small (1500) to handle the transport of batman-adv packets. Packets going over this interface will be fragmented on layer2 which could impact the performance. Setting the MTU to 1560 would solve the problem.
[  224.668627][T10060] batman_adv: batadv0: Not using interface batadv_slave_1 (retrying later): interface not active
[  224.758415][T10056] batman_adv: batadv0: Adding interface: batadv_slave_1
[  224.759933][T10056] batman_adv: batadv0: The MTU of interface batadv_slave_1 is too small (1500) to handle the transport of batman-adv packets. Packets going over this interface will be fragmented on layer2 which could impact the performance. Setting the MTU to 1560 would solve the problem.
[  224.769928][T10056] batman_adv: batadv0: Not using interface batadv_slave_1 (retrying later): interface not active
[  224.781613][T10076] team0: Port device team_slave_0 added
[  224.984648][T10076] team0: Port device team_slave_1 added
[  225.386380][T10060] device hsr_slave_0 entered promiscuous mode
[  225.397826][T10060] device hsr_slave_1 entered promiscuous mode
[  225.400652][T10060] debugfs: Directory 'hsr0' with parent 'hsr' already present!
[  225.402294][T10060] Cannot create hsr debugfs directory
[  225.497431][T10056] device hsr_slave_0 entered promiscuous mode
[  225.511344][T10056] device hsr_slave_1 entered promiscuous mode
[  225.535545][T10056] debugfs: Directory 'hsr0' with parent 'hsr' already present!
[  225.537197][T10056] Cannot create hsr debugfs directory
[  225.705311][T10076] batman_adv: batadv0: Adding interface: batadv_slave_0
[  225.707043][T10076] batman_adv: batadv0: The MTU of interface batadv_slave_0 is too small (1500) to handle the transport of batman-adv packets. Packets going over this interface will be fragmented on layer2 which could impact the performance. Setting the MTU to 1560 would solve the problem.
[  225.717765][T10076] batman_adv: batadv0: Not using interface batadv_slave_0 (retrying later): interface not active
[  225.867123][T10076] batman_adv: batadv0: Adding interface: batadv_slave_1
[  225.868678][T10076] batman_adv: batadv0: The MTU of interface batadv_slave_1 is too small (1500) to handle the transport of batman-adv packets. Packets going over this interface will be fragmented on layer2 which could impact the performance. Setting the MTU to 1560 would solve the problem.
[  225.883283][T10076] batman_adv: batadv0: Not using interface batadv_slave_1 (retrying later): interface not active
[  226.252794][ T9632] Bluetooth: hci2: command 0x0419 tx timeout
[  226.342636][   T51] Bluetooth: hci1: command 0x0419 tx timeout
[  226.412658][ T9632] Bluetooth: hci0: command 0x0419 tx timeout
[  226.527124][T10076] device hsr_slave_0 entered promiscuous mode
[  226.536137][T10076] device hsr_slave_1 entered promiscuous mode
[  226.557121][T10076] debugfs: Directory 'hsr0' with parent 'hsr' already present!
[  226.559802][T10076] Cannot create hsr debugfs directory
[  226.653114][   T51] Bluetooth: hci3: command 0x0419 tx timeout
[  227.801039][   T10] device hsr_slave_0 left promiscuous mode
[  227.809565][   T10] device hsr_slave_1 left promiscuous mode
[  227.825093][   T10] batman_adv: batadv0: Interface deactivated: batadv_slave_0
[  227.826842][   T10] batman_adv: batadv0: Removing interface: batadv_slave_0
[  227.838444][   T10] batman_adv: batadv0: Interface deactivated: batadv_slave_1
[  227.840037][   T10] batman_adv: batadv0: Removing interface: batadv_slave_1
[  227.856120][   T10] device bridge_slave_1 left promiscuous mode
[  227.859344][   T10] bridge0: port 2(bridge_slave_1) entered disabled state
[  227.878513][   T10] device bridge_slave_0 left promiscuous mode
[  227.880111][   T10] bridge0: port 1(bridge_slave_0) entered disabled state
[  227.918469][   T10] device veth1_macvtap left promiscuous mode
[  227.920269][   T10] device veth0_macvtap left promiscuous mode
[  227.921725][   T10] device veth1_vlan left promiscuous mode
[  227.923473][   T10] device veth0_vlan left promiscuous mode
[  228.401680][   T10] team0 (unregistering): Port device team_slave_1 removed
[  228.415315][   T10] team0 (unregistering): Port device team_slave_0 removed
[  228.428657][   T10] bond0 (unregistering): (slave bond_slave_1): Releasing backup interface
[  228.441599][   T10] bond0 (unregistering): (slave bond_slave_0): Releasing backup interface
[  228.551400][   T10] bond0 (unregistering): Released all slaves
[  231.311602][T10079] netdevsim netdevsim2 netdevsim0: renamed from eth0
[  231.329346][T10079] netdevsim netdevsim2 netdevsim1: renamed from eth1
[  231.343660][T10079] netdevsim netdevsim2 netdevsim2: renamed from eth2
[  231.362868][T10079] netdevsim netdevsim2 netdevsim3: renamed from eth3
[  231.730007][T10079] 8021q: adding VLAN 0 to HW filter on device bond0
[  231.746045][T10041] IPv6: ADDRCONF(NETDEV_CHANGE): veth1: link becomes ready
[  231.748557][T10041] IPv6: ADDRCONF(NETDEV_CHANGE): veth0: link becomes ready
[  231.759577][T10079] 8021q: adding VLAN 0 to HW filter on device team0
[  231.770119][T10041] IPv6: ADDRCONF(NETDEV_CHANGE): veth0_to_bridge: link becomes ready
[  231.773113][T10041] IPv6: ADDRCONF(NETDEV_CHANGE): bridge_slave_0: link becomes ready
[  231.776056][T10041] bridge0: port 1(bridge_slave_0) entered blocking state
[  231.777643][T10041] bridge0: port 1(bridge_slave_0) entered forwarding state
[  231.780310][T10041] IPv6: ADDRCONF(NETDEV_CHANGE): bridge0: link becomes ready
[  231.793763][  T940] IPv6: ADDRCONF(NETDEV_CHANGE): veth1_to_bridge: link becomes ready
[  231.796430][  T940] IPv6: ADDRCONF(NETDEV_CHANGE): bridge_slave_1: link becomes ready
[  231.798798][  T940] bridge0: port 2(bridge_slave_1) entered blocking state
[  231.800349][  T940] bridge0: port 2(bridge_slave_1) entered forwarding state
[  231.822945][  T940] IPv6: ADDRCONF(NETDEV_CHANGE): veth0_to_bond: link becomes ready
[  231.826005][  T940] IPv6: ADDRCONF(NETDEV_CHANGE): veth1_to_bond: link becomes ready
[  231.842338][  T940] IPv6: ADDRCONF(NETDEV_CHANGE): veth0_to_team: link becomes ready
[  231.845870][  T940] IPv6: ADDRCONF(NETDEV_CHANGE): team_slave_0: link becomes ready
[  231.848796][  T940] IPv6: ADDRCONF(NETDEV_CHANGE): team0: link becomes ready
[  231.864243][  T940] IPv6: ADDRCONF(NETDEV_CHANGE): veth1_to_team: link becomes ready
[  231.867454][  T940] IPv6: ADDRCONF(NETDEV_CHANGE): team_slave_1: link becomes ready
[  231.877608][T10041] IPv6: ADDRCONF(NETDEV_CHANGE): veth0_to_hsr: link becomes ready
[  231.880833][T10041] IPv6: ADDRCONF(NETDEV_CHANGE): hsr_slave_0: link becomes ready
[  231.891442][T10041] IPv6: ADDRCONF(NETDEV_CHANGE): veth1_to_hsr: link becomes ready
[  231.894189][T10041] IPv6: ADDRCONF(NETDEV_CHANGE): hsr_slave_1: link becomes ready
[  231.905225][T10079] IPv6: ADDRCONF(NETDEV_CHANGE): hsr0: link becomes ready
[  232.277828][T10041] IPv6: ADDRCONF(NETDEV_CHANGE): vxcan1: link becomes ready
[  232.279660][T10041] IPv6: ADDRCONF(NETDEV_CHANGE): vxcan0: link becomes ready
[  232.294022][T10079] 8021q: adding VLAN 0 to HW filter on device batadv0
[  232.325063][T10041] IPv6: ADDRCONF(NETDEV_CHANGE): veth1_virt_wifi: link becomes ready
[  232.327825][T10041] IPv6: ADDRCONF(NETDEV_CHANGE): veth0_virt_wifi: link becomes ready
[  232.356163][T10041] IPv6: ADDRCONF(NETDEV_CHANGE): veth1_vlan: link becomes ready
[  232.358889][T10041] IPv6: ADDRCONF(NETDEV_CHANGE): veth0_vlan: link becomes ready
[  232.362152][T10041] IPv6: ADDRCONF(NETDEV_CHANGE): vlan0: link becomes ready
[  232.367154][T10041] IPv6: ADDRCONF(NETDEV_CHANGE): vlan1: link becomes ready
[  232.375459][T10079] device veth0_vlan entered promiscuous mode
[  232.425367][T10079] device veth1_vlan entered promiscuous mode
[  232.495498][  T940] IPv6: ADDRCONF(NETDEV_CHANGE): macvlan0: link becomes ready
[  232.499459][  T940] IPv6: ADDRCONF(NETDEV_CHANGE): macvlan1: link becomes ready
[  232.506399][  T940] IPv6: ADDRCONF(NETDEV_CHANGE): veth1_macvtap: link becomes ready
[  232.509600][  T940] IPv6: ADDRCONF(NETDEV_CHANGE): veth0_macvtap: link becomes ready
[  232.528128][T10079] device veth0_macvtap entered promiscuous mode
[  232.544529][T10079] device veth1_macvtap entered promiscuous mode
[  232.594354][T10079] batman_adv: batadv0: Interface activated: batadv_slave_0
[  232.596505][  T940] IPv6: ADDRCONF(NETDEV_CHANGE): macvtap0: link becomes ready
[  232.599105][  T940] IPv6: ADDRCONF(NETDEV_CHANGE): macsec0: link becomes ready
[  232.601823][  T940] IPv6: ADDRCONF(NETDEV_CHANGE): batadv_slave_0: link becomes ready
[  232.613704][  T940] IPv6: ADDRCONF(NETDEV_CHANGE): veth0_to_batadv: link becomes ready
[  232.624911][T10079] batman_adv: batadv0: Interface activated: batadv_slave_1
[  232.626664][  T940] IPv6: ADDRCONF(NETDEV_CHANGE): batadv_slave_1: link becomes ready
[  232.629676][  T940] IPv6: ADDRCONF(NETDEV_CHANGE): veth1_to_batadv: link becomes ready
[  232.673837][T10079] netdevsim netdevsim2 netdevsim0: set [1, 0] type 2 family 0 port 6081 - 0
[  232.676975][T10079] netdevsim netdevsim2 netdevsim1: set [1, 0] type 2 family 0 port 6081 - 0
[  232.680020][T10079] netdevsim netdevsim2 netdevsim2: set [1, 0] type 2 family 0 port 6081 - 0
[  232.712987][T10079] netdevsim netdevsim2 netdevsim3: set [1, 0] type 2 family 0 port 6081 - 0
[  259.533330][  T940] rcu: INFO: rcu_preempt detected expedited stalls on CPUs/tasks: { P10056 } 2680 jiffies s: 4077 root: 0x0/T
[  259.536735][  T940] rcu: blocking rcu_node structures (internal RCU debug):

VM DIAGNOSIS:
09:06:13  Registers:
info registers vcpu 0
RAX=0000000000000003 RBX=0000000000000005 RCX=ffffffff8f17657c RDX=ffffffff8f95e47c
RSI=ffffffff81e6aa02 RDI=ffffffff813cb593 RBP=0000000000000000 RSP=ffffc9000da77340
R8 =0000000000000003 R9 =dffffc0000000000 R10=fffff52001b4ee90 R11=1ffff92001b4ee8e
R12=ffffffff81e6aa01 R13=ffffffff8f95e480 R14=ffffffff8f95e47c R15=1ffffffff1f2bc90
RIP=ffffffff813cbbe2 RFL=00000297 [--S-APC] CPL=0 II=0 A20=1 SMM=0 HLT=0
ES =0000 0000000000000000 ffffffff 00c00000
CS =0010 0000000000000000 ffffffff 00a09b00 DPL=0 CS64 [-RA]
SS =0018 0000000000000000 ffffffff 00c09300 DPL=0 DS   [-WA]
DS =0000 0000000000000000 ffffffff 00c00000
FS =0000 00007fdda13cd700 ffffffff 00c00000
GS =0000 ffff88802be00000 ffffffff 00c00000
LDT=0000 0000000000000000 ffffffff 00c00000
TR =0040 fffffe2c57a9c000 00004087 00008b00 DPL=0 TSS64-busy
GDT=     fffffe2c57a9a000 0000007f
IDT=     fffffe0000000000 00000fff
CR0=80050033 CR2=00005604b5f603a8 CR3=000000001fba5000 CR4=00750ef0
DR0=0000000000000000 DR1=0000000000000000 DR2=0000000000000000 DR3=0000000000000000 
DR6=00000000fffe0ff0 DR7=0000000000000400
EFER=0000000000000d01
FCW=037f FSW=0000 [ST=0] FTW=00 MXCSR=00001f80
FPR0=0000000000000000 0000 FPR1=0000000000000000 0000
FPR2=0000000000000000 0000 FPR3=0000000000000000 0000
FPR4=0000000000000000 0000 FPR5=0000000000000000 0000
FPR6=0000000000000000 0000 FPR7=0000000000000000 0000
Opmask00=0000000000000001 Opmask01=0000000006000000 Opmask02=0000000000000000 Opmask03=0000000006000000
Opmask04=0000000000000000 Opmask05=0000000000000000 Opmask06=0000000000000000 Opmask07=0000000000000000
ZMM00=0000000000000000 0000000000000000 0000000000000000 0000000000000000 0000000000000000 0000000000000000 000007e9002b0000 060d0601030a0902
ZMM01=0000000000000000 0000000000000000 0000000000000000 0000000000000000 0000000000000000 0000000000000000 0000000000000000 3043545500435455
ZMM02=0000000000000000 0000000000000000 0000000000000000 0000000000000000 0000000000000000 0000000000000000 ffffffffffffff0f 0e0d0c0b0a090807
ZMM03=0000000000000000 0000000000000000 0000000000000000 0000000000000000 0000000000000000 0000000000000000 0000000000000000 0000000000000000
ZMM04=0000000000000000 0000000000000000 0000000000000000 0000000000000000 0000000000000000 0000000000000000 0000000000000000 0000000000000000
ZMM05=0000000000000000 0000000000000000 0000000000000000 0000000000000000 0000000000000000 0000000000000000 0000000000000000 0000000000000000
ZMM06=0000000000000000 0000000000000000 0000000000000000 0000000000000000 0000000000000000 0000000000000000 0000000000000000 0000000000000000
ZMM07=0000000000000000 0000000000000000 0000000000000000 0000000000000000 0000000000000000 0000000000000000 0000000000000000 0000000000000000
ZMM08=0000000000000000 0000000000000000 0000000000000000 0000000000000000 0000000000000000 0000000000000000 0000000000000020 0000000000002000
ZMM09=0000000000000000 0000000000000000 0000000000000000 0000000000000000 0000000000000000 0000000000000000 0000ffffffffffff ffffffffffffff00
ZMM10=0000000000000000 0000000000000000 0000000000000000 0000000000000000 0000000000000000 0000000000000000 0000000000000000 0000000000000000
ZMM11=0000000000000000 0000000000000000 0000000000000000 0000000000000000 0000000000000000 0000000000000000 0000000000000000 0000000000000000
ZMM12=0000000000000000 0000000000000000 0000000000000000 0000000000000000 0000000000000000 0000000000000000 0000000000000000 0000000000000000
ZMM13=0000000000000000 0000000000000000 0000000000000000 0000000000000000 0000000000000000 0000000000000000 0000000000000000 0000000000000000
ZMM14=0000000000000000 0000000000000000 0000000000000000 0000000000000000 0000000000000000 0000000000000000 0000000000000000 0000000000000000
ZMM15=0000000000000000 0000000000000000 0000000000000000 0000000000000000 0000000000000000 0000000000000000 0000000000000000 0000000000000000
ZMM16=0000000000000000 0000000000000000 0000000000000000 0000000000000000 0000000000000000 0000000000000000 0000000000000000 0000000000000000
ZMM17=0000000000000000 0000000000000000 0000000000000000 0000000000000000 0a0a0a0a0a0a0a0a 0a0a0a0a0a0a0a0a 0a0a0a0a0a0a0a0a 0a0a0a0a0a0a0a0a
ZMM18=0000000000000000 0000000000000000 0000000000000000 0000000000000000 6e20326d69737665 6474656e206d6973 76656474656e205d 3937303031545b00
ZMM19=0000000000000000 0000000000000000 0000000000000000 0000000000000000 6420326763737665 6474656420676373 7665647465642057 3337303031545100
ZMM20=0000000000000000 0000000000000000 0000000000000000 0000000000000000 542f307830203a74 6f6f722037373034 203a732073656966 66696a2030383632
ZMM21=0000000000000000 0000000000000000 0000000000000000 0000000000000000 207d203635303031 50207b203a736b73 61742f7355504320 6e6f20736c6c6174
ZMM22=0000000000000000 0000000000000000 0000000000000000 0000000000000000 7320646574696465 7078652064657463 657465642074706d 656572705f756372
ZMM23=0000000000000000 0000000000000000 0000000000000000 0000000000000000 203a4f464e49203a 756372205d303439 5420205b5d303333 3333352e39353220
ZMM24=0000000000000000 0000000000000000 0000000000000000 0000000000000000 65746e656d676172 66206562206c6c69 7720656361667265 746e692073696874
ZMM25=0000000000000000 0000000000000000 0000000000000000 0000000000000000 2020513433000024 6765666265727020 6562742065766665 7320646675657720
ZMM26=0000000000000000 0000000000000000 0000000000000000 0000000000000000 0000000000000000 0000000000000000 0000000000000000 0000000000000000
ZMM27=0000000000000000 0000000000000000 0000000000000000 0000000000000000 0000000000000000 0000000000000000 0000000000000000 0000000000000000
ZMM28=0000000000000000 0000000000000000 0000000000000000 0000000000000000 0000000000000000 0000000000000000 0000000000000000 0000000000000000
ZMM29=0000000000000000 0000000000000000 0000000000000000 0000000000000000 0000000000000000 0000000000000000 0000000000000000 0000000000000000
ZMM30=0000000000000000 0000000000000000 0000000000000000 0000000000000000 0000000000000000 0000000000000000 0000000000000000 0000000000000000
ZMM31=0000000000000000 0000000000000000 0000000000000000 0000000000000000 0000000000000000 0000000000000000 0000000000000000 0000000000000000
info registers vcpu 1
RAX=000000000000046a RBX=ffffffff915474f0 RCX=ffffffff816b4506 RDX=0000000000000000
RSI=0000000000000008 RDI=ffffffff91985260 RBP=ffffc9000214edf8 RSP=ffffc9000214eae0
R8 =dffffc0000000000 R9 =fffffbfff2330a4d R10=fffffbfff2330a4d R11=1ffffffff2330a4c
R12=dffffc0000000000 R13=ffff88801f700000 R14=c93b66cbda1aca85 R15=0000000000000000
RIP=ffffffff816b454e RFL=00000006 [-----P-] CPL=0 II=0 A20=1 SMM=0 HLT=0
ES =0000 0000000000000000 ffffffff 00c00000
CS =0010 0000000000000000 ffffffff 00a09b00 DPL=0 CS64 [-RA]
SS =0000 0000000000000000 ffffffff 00c00000
DS =0000 0000000000000000 ffffffff 00c00000
FS =0000 00007f24fe161900 ffffffff 00c00000
GS =0000 ffff88807ec00000 ffffffff 00c00000
LDT=0000 0000000000000000 00000000 00000000
TR =0040 fffffe3140fbd000 00004087 00008b00 DPL=0 TSS64-busy
GDT=     fffffe3140fbb000 0000007f
IDT=     fffffe0000000000 00000fff
CR0=80050033 CR2=00007f24fc80cbe0 CR3=000000004b23f000 CR4=00750ee0
DR0=0000000000000000 DR1=0000000000000000 DR2=0000000000000000 DR3=0000000000000000 
DR6=00000000fffe0ff0 DR7=0000000000000400
EFER=0000000000000d01
FCW=037f FSW=0000 [ST=0] FTW=00 MXCSR=00001f80
FPR0=0000000000000000 0000 FPR1=0000000000000000 0000
FPR2=0000000000000000 0000 FPR3=0000000000000000 0000
FPR4=0000000000000000 0000 FPR5=0000000000000000 0000
FPR6=0000000000000000 0000 FPR7=0000000000000000 0000
Opmask00=0000000008000000 Opmask01=0000000000000000 Opmask02=000000000000ffff Opmask03=0000000000000000
Opmask04=00000000ffffffff Opmask05=00000000ffffffff Opmask06=00000000ffffffff Opmask07=0000000000000000
ZMM00=0000000000000000 0000000000000000 0000000000000000 0000000000000000 0000000000000000 0000000000000000 0000000000000000 0000000000000000
ZMM01=0000000000000000 0000000000000000 0000000000000000 0000000000000000 0000000000000000 0000000000000000 00007ffe153e9830 0000003000000018
ZMM02=0000000000000000 0000000000000000 0000000000000000 0000000000000000 0000000000000000 0000000000000000 ffffffffffffff0f 0e0d0c0b0a090807
ZMM03=0000000000000000 0000000000000000 0000000000000000 0000000000000000 0000000000000000 0000000000000000 0000000000000000 0000000000000000
ZMM04=0000000000000000 0000000000000000 0000000000000000 0000000000000000 0000000000000000 0000000000000000 0000000000000000 00ff000000000000
ZMM05=0000000000000000 0000000000000000 0000000000000000 0000000000000000 0000000000000000 0000000000000000 ff00000000000000 0000000000000000
ZMM06=0000000000000000 0000000000000000 0000000000000000 0000000000000000 0000000000000000 0000000000000000 0000ff0000000000 0000000000000000
ZMM07=0000000000000000 0000000000000000 0000000000000000 0000000000000000 0000000000000000 0000000000000000 0000000000000000 0000000000000000
ZMM08=0000000000000000 0000000000000000 0000000000000000 0000000000000000 0000000000000000 0000000000000000 0000000000000000 0000000000000000
ZMM09=0000000000000000 0000000000000000 0000000000000000 0000000000000000 0000000000000000 0000000000000000 515151685b070724 1100226b07070707
ZMM10=0000000000000000 0000000000000000 0000000000000000 0000000000000000 0000000000000000 0000000000000000 0707070707075051 51515151685b0c13
ZMM11=0000000000000000 0000000000000000 0000000000000000 0000000000000000 0000000000000000 0000000000000000 0000000000000000 0000000000000000
ZMM12=0000000000000000 0000000000000000 0000000000000000 0000000000000000 0000000000000000 0000000000000000 0000000000000000 0000000000000000
ZMM13=0000000000000000 0000000000000000 0000000000000000 0000000000000000 0000000000000000 0000000000000000 0000000000000000 0000000000000000
ZMM14=0000000000000000 0000000000000000 0000000000000000 0000000000000000 0000000000000000 0000000000000000 0000000000000000 0000000000000000
ZMM15=0000000000000000 0000000000000000 0000000000000000 0000000000000000 0000000000000000 0000000000000000 0000000000000000 0000000000000000
ZMM16=0000000000000000 0000000000000000 0000000000000000 0000000000000000 3d3d3d3d3d3d3d3d 3d3d3d3d3d3d3d3d 3d3d3d3d3d3d3d3d 3d3d3d3d3d3d3d3d
ZMM17=0000000000000000 0000000000000000 0000000000000000 0000000000000000 0000000000000000 0000000000000000 0000000000000000 333d595449524f49
ZMM18=0000000000000000 0000000000000000 0000000000000000 0000000000000000 0000000000000000 0000000000000000 6c656e72656b3d52 45494649544e4544
ZMM19=0000000000000000 0000000000000000 0000000000000000 0000000000000000 3834363461633938 6565616161316565 2f6c616e72756f6a 2f676f6c2f6e7572
ZMM20=0000000000000000 0000000000000000 0000000000000000 0000000000000000 5633010c4b2ebeff 0000000000530878 4bc5c16540b6601f 0000000000530810
ZMM21=0000000000000000 0000000000000000 0000000000000000 0000000000000000 375afdebbf381c81 00000000003a9c38 d3fdd5f48436fbd7 000000000038ff30
ZMM22=0000000000000000 0000000000000000 0000000000000000 0000000000000000 daff4ed27e47cb58 000000000038fe88 0a86ed7ab0ac074c 000000000038fde8
ZMM23=0000000000000000 0000000000000000 0000000000000000 0000000000000000 8ca0b852b1c7c8e1 000000000038fbb8 a1fcdcf819d7e1e5 000000000038fb28
ZMM24=0000000000000000 0000000000000000 0000000000000000 0000000000000000 e2de77aa903facfa 00000000004f5d50 9a206011704e928b 00000000004e4508
ZMM25=0000000000000000 0000000000000000 0000000000000000 0000000000000000 0000000000000000 0000000000000000 0000000000000000 0000000000000000
ZMM26=0000000000000000 0000000000000000 0000000000000000 0000000000000000 0000000000000000 0000000000000000 0000000000000000 0000000000000000
ZMM27=0000000000000000 0000000000000000 0000000000000000 0000000000000000 0000000000000000 0000000000000000 0000000000000000 0000000000000000
ZMM28=0000000000000000 0000000000000000 0000000000000000 0000000000000000 0000000000000000 0000000000000000 0000000000000000 0000000000000000
ZMM29=0000000000000000 0000000000000000 0000000000000000 0000000000000000 0000000000000000 0000000000000000 0000000000000000 0000000000000000
ZMM30=0000000000000000 0000000000000000 0000000000000000 0000000000000000 0000000000000000 0000000000000000 0000000000000000 0000000000000000
ZMM31=0000000000000000 0000000000000000 0000000000000000 0000000000000000 0000000000000000 0000000000000000 0000000000000000 0000000000000000
