Warning: Permanently added '[localhost]:43299' (ED25519) to the list of known hosts.
2025/09/09 12:20:14 parsed 1 programs
syzkaller login: [  191.078445][ T9366] cgroup: Unknown subsys name 'net'
[  191.229988][ T9366] cgroup: Unknown subsys name 'rlimit'
[  197.798348][ T9366] Adding 124996k swap on ./swap-file.  Priority:0 extents:1 across:124996k 
[  207.546113][ T9492] chnl_net:caif_netlink_parms(): no params data found
[  207.846000][ T9492] bridge0: port 1(bridge_slave_0) entered blocking state
[  207.855177][ T9492] bridge0: port 1(bridge_slave_0) entered disabled state
[  207.858193][ T9492] bridge_slave_0: entered allmulticast mode
[  207.874483][ T9492] bridge_slave_0: entered promiscuous mode
[  207.888984][ T9492] bridge0: port 2(bridge_slave_1) entered blocking state
[  207.893472][ T9492] bridge0: port 2(bridge_slave_1) entered disabled state
[  207.896375][ T9492] bridge_slave_1: entered allmulticast mode
[  207.907849][ T9492] bridge_slave_1: entered promiscuous mode
[  208.065164][ T9492] bond0: (slave bond_slave_0): Enslaving as an active interface with an up link
[  208.082646][ T9492] bond0: (slave bond_slave_1): Enslaving as an active interface with an up link
[  208.189581][ T9492] team0: Port device team_slave_0 added
[  208.198108][ T9492] team0: Port device team_slave_1 added
[  208.285552][ T9492] batman_adv: batadv0: Adding interface: batadv_slave_0
[  208.287223][ T9492] batman_adv: batadv0: The MTU of interface batadv_slave_0 is too small (1500) to handle the transport of batman-adv packets. Packets going over this interface will be fragmented on layer2 which could impact the performance. Setting the MTU to 1560 would solve the problem.
[  208.301118][ T9492] batman_adv: batadv0: Not using interface batadv_slave_0 (retrying later): interface not active
[  208.308012][ T9492] batman_adv: batadv0: Adding interface: batadv_slave_1
[  208.309588][ T9492] batman_adv: batadv0: The MTU of interface batadv_slave_1 is too small (1500) to handle the transport of batman-adv packets. Packets going over this interface will be fragmented on layer2 which could impact the performance. Setting the MTU to 1560 would solve the problem.
[  208.318573][ T9492] batman_adv: batadv0: Not using interface batadv_slave_1 (retrying later): interface not active
[  208.429640][ T9492] hsr_slave_0: entered promiscuous mode
[  208.434748][ T9492] hsr_slave_1: entered promiscuous mode
[  208.974795][ T9492] netdevsim netdevsim0 netdevsim0: renamed from eth0
[  208.990653][ T9492] netdevsim netdevsim0 netdevsim1: renamed from eth1
[  209.003451][ T9492] netdevsim netdevsim0 netdevsim2: renamed from eth2
[  209.019242][ T9492] netdevsim netdevsim0 netdevsim3: renamed from eth3
[  209.385813][ T9492] 8021q: adding VLAN 0 to HW filter on device bond0
[  209.468866][ T9492] 8021q: adding VLAN 0 to HW filter on device team0
[  209.499651][ T5162] bridge0: port 1(bridge_slave_0) entered blocking state
[  209.503051][ T5162] bridge0: port 1(bridge_slave_0) entered forwarding state
[  209.544840][ T5162] bridge0: port 2(bridge_slave_1) entered blocking state
[  209.547538][ T5162] bridge0: port 2(bridge_slave_1) entered forwarding state
[  210.305773][ T9492] 8021q: adding VLAN 0 to HW filter on device batadv0
[  210.456942][ T9492] veth0_vlan: entered promiscuous mode
[  210.489928][ T9492] veth1_vlan: entered promiscuous mode
[  210.596172][ T9492] veth0_macvtap: entered promiscuous mode
[  210.622804][ T9492] veth1_macvtap: entered promiscuous mode
[  210.694912][ T9492] batman_adv: batadv0: Interface activated: batadv_slave_0
[  210.739683][ T9492] batman_adv: batadv0: Interface activated: batadv_slave_1
[  210.781868][ T9492] netdevsim netdevsim0 netdevsim0: set [1, 0] type 2 family 0 port 6081 - 0
[  210.785606][ T9492] netdevsim netdevsim0 netdevsim1: set [1, 0] type 2 family 0 port 6081 - 0
[  210.788631][ T9492] netdevsim netdevsim0 netdevsim2: set [1, 0] type 2 family 0 port 6081 - 0
[  210.800623][ T9492] netdevsim netdevsim0 netdevsim3: set [1, 0] type 2 family 0 port 6081 - 0
[  211.995894][ T1054] wlan0: Created IBSS using preconfigured BSSID 50:50:50:50:50:50
[  211.997984][ T1054] wlan0: Creating new IBSS network, BSSID 50:50:50:50:50:50
[  212.169063][ T2961] wlan1: Created IBSS using preconfigured BSSID 50:50:50:50:50:50
[  212.173620][ T2961] wlan1: Creating new IBSS network, BSSID 50:50:50:50:50:50
[  212.631824][   T13] netdevsim netdevsim0 netdevsim3 (unregistering): unset [1, 0] type 2 family 0 port 6081 - 0
[  214.402323][   T13] netdevsim netdevsim0 netdevsim2 (unregistering): unset [1, 0] type 2 family 0 port 6081 - 0
[  214.474873][   T13] netdevsim netdevsim0 netdevsim1 (unregistering): unset [1, 0] type 2 family 0 port 6081 - 0
[  214.567723][   T13] netdevsim netdevsim0 netdevsim0 (unregistering): unset [1, 0] type 2 family 0 port 6081 - 0
[  217.027636][   T13] hsr_slave_0: left promiscuous mode
[  217.031788][   T13] hsr_slave_1: left promiscuous mode
[  217.034482][   T13] batman_adv: batadv0: Interface deactivated: batadv_slave_0
[  217.036187][   T13] batman_adv: batadv0: Removing interface: batadv_slave_0
[  217.045082][   T13] batman_adv: batadv0: Interface deactivated: batadv_slave_1
[  217.047008][   T13] batman_adv: batadv0: Removing interface: batadv_slave_1
[  217.063357][   T13] bridge_slave_1: left allmulticast mode
[  217.064708][   T13] bridge_slave_1: left promiscuous mode
[  217.068686][   T13] bridge0: port 2(bridge_slave_1) entered disabled state
[  217.091612][   T13] bridge_slave_0: left allmulticast mode
[  217.092946][   T13] bridge_slave_0: left promiscuous mode
[  217.094447][   T13] bridge0: port 1(bridge_slave_0) entered disabled state
[  217.139405][   T13] veth1_macvtap: left promiscuous mode
[  217.149976][   T13] veth0_macvtap: left promiscuous mode
[  217.151754][   T13] veth1_vlan: left promiscuous mode
[  217.153240][   T13] veth0_vlan: left promiscuous mode
[  217.635073][   T13] team0 (unregistering): Port device team_slave_1 removed
[  217.657869][   T13] team0 (unregistering): Port device team_slave_0 removed
[  217.700748][   T13] bond0 (unregistering): (slave bond_slave_1): Releasing backup interface
[  217.729016][   T13] bond0 (unregistering): (slave bond_slave_0): Releasing backup interface
[  217.898126][   T13] bond0 (unregistering): Released all slaves
[  219.299020][ T5117] Bluetooth: hci0: unexpected cc 0x0c03 length: 249 > 1
[  219.304565][ T5117] Bluetooth: hci0: unexpected cc 0x1003 length: 249 > 9
[  219.307751][ T5117] Bluetooth: hci0: unexpected cc 0x1001 length: 249 > 9
[  219.311691][ T5117] Bluetooth: hci0: unexpected cc 0x0c23 length: 249 > 4
[  219.314508][ T5117] Bluetooth: hci0: unexpected cc 0x0c25 length: 249 > 3
[  219.316793][ T5117] Bluetooth: hci0: unexpected cc 0x0c38 length: 249 > 2
2025/09/09 12:20:50 executed programs: 0
[  221.120339][   T53] Bluetooth: hci0: unexpected cc 0x0c03 length: 249 > 1
[  221.125895][   T53] Bluetooth: hci0: unexpected cc 0x1003 length: 249 > 9
[  221.129161][   T53] Bluetooth: hci0: unexpected cc 0x1001 length: 249 > 9
[  221.137069][   T53] Bluetooth: hci0: unexpected cc 0x0c23 length: 249 > 4
[  221.143074][   T53] Bluetooth: hci0: unexpected cc 0x0c25 length: 249 > 3
[  221.145562][   T53] Bluetooth: hci0: unexpected cc 0x0c38 length: 249 > 2
[  222.042845][T10186] chnl_net:caif_netlink_parms(): no params data found
[  222.363315][T10186] bridge0: port 1(bridge_slave_0) entered blocking state
[  222.366283][T10186] bridge0: port 1(bridge_slave_0) entered disabled state
[  222.368987][T10186] bridge_slave_0: entered allmulticast mode
[  222.379229][T10186] bridge_slave_0: entered promiscuous mode
[  222.386270][T10186] bridge0: port 2(bridge_slave_1) entered blocking state
[  222.388589][T10186] bridge0: port 2(bridge_slave_1) entered disabled state
[  222.390567][T10186] bridge_slave_1: entered allmulticast mode
[  222.394116][T10186] bridge_slave_1: entered promiscuous mode
[  222.523887][T10186] bond0: (slave bond_slave_0): Enslaving as an active interface with an up link
[  222.598739][T10186] bond0: (slave bond_slave_1): Enslaving as an active interface with an up link
[  222.683926][T10186] team0: Port device team_slave_0 added
[  222.689845][T10186] team0: Port device team_slave_1 added
[  222.803676][T10186] batman_adv: batadv0: Adding interface: batadv_slave_0
[  222.806911][T10186] batman_adv: batadv0: The MTU of interface batadv_slave_0 is too small (1500) to handle the transport of batman-adv packets. Packets going over this interface will be fragmented on layer2 which could impact the performance. Setting the MTU to 1560 would solve the problem.
[  222.824542][T10186] batman_adv: batadv0: Not using interface batadv_slave_0 (retrying later): interface not active
[  222.839806][T10186] batman_adv: batadv0: Adding interface: batadv_slave_1
[  222.846007][T10186] batman_adv: batadv0: The MTU of interface batadv_slave_1 is too small (1500) to handle the transport of batman-adv packets. Packets going over this interface will be fragmented on layer2 which could impact the performance. Setting the MTU to 1560 would solve the problem.
[  222.857055][T10186] batman_adv: batadv0: Not using interface batadv_slave_1 (retrying later): interface not active
[  223.049039][T10186] hsr_slave_0: entered promiscuous mode
[  223.054546][T10186] hsr_slave_1: entered promiscuous mode
[  223.182904][   T53] Bluetooth: hci0: command 0x0409 tx timeout
[  224.403603][T10186] netdevsim netdevsim0 netdevsim0: renamed from eth0
[  224.426480][T10186] netdevsim netdevsim0 netdevsim1: renamed from eth1
[  224.448590][T10186] netdevsim netdevsim0 netdevsim2: renamed from eth2
[  224.468581][T10186] netdevsim netdevsim0 netdevsim3: renamed from eth3
[  224.655451][T10186] 8021q: adding VLAN 0 to HW filter on device bond0
[  224.694274][T10186] 8021q: adding VLAN 0 to HW filter on device team0
[  224.711882][   T30] bridge0: port 1(bridge_slave_0) entered blocking state
[  224.713930][   T30] bridge0: port 1(bridge_slave_0) entered forwarding state
[  224.749278][   T30] bridge0: port 2(bridge_slave_1) entered blocking state
[  224.751364][   T30] bridge0: port 2(bridge_slave_1) entered forwarding state
[  225.179026][T10186] 8021q: adding VLAN 0 to HW filter on device batadv0
[  225.263775][   T53] Bluetooth: hci0: command 0x041b tx timeout
[  225.282664][T10186] veth0_vlan: entered promiscuous mode
[  225.301683][T10186] veth1_vlan: entered promiscuous mode
[  225.359335][T10186] veth0_macvtap: entered promiscuous mode
[  225.376427][T10186] veth1_macvtap: entered promiscuous mode
[  225.417261][T10186] batman_adv: batadv0: Interface activated: batadv_slave_0
[  225.445764][T10186] batman_adv: batadv0: Interface activated: batadv_slave_1
[  225.469420][T10186] netdevsim netdevsim0 netdevsim0: set [1, 0] type 2 family 0 port 6081 - 0
[  225.474122][T10186] netdevsim netdevsim0 netdevsim1: set [1, 0] type 2 family 0 port 6081 - 0
[  225.476597][T10186] netdevsim netdevsim0 netdevsim2: set [1, 0] type 2 family 0 port 6081 - 0
[  225.478792][T10186] netdevsim netdevsim0 netdevsim3: set [1, 0] type 2 family 0 port 6081 - 0
[  225.652850][   T26] wlan0: Created IBSS using preconfigured BSSID 50:50:50:50:50:50
[  225.654709][   T26] wlan0: Creating new IBSS network, BSSID 50:50:50:50:50:50
[  225.667502][ T1308] ieee802154 phy0 wpan0: encryption failed: -22
[  225.670688][ T1308] ieee802154 phy1 wpan1: encryption failed: -22
[  225.766884][ T1054] wlan1: Created IBSS using preconfigured BSSID 50:50:50:50:50:50
[  225.768714][ T1054] wlan1: Creating new IBSS network, BSSID 50:50:50:50:50:50
[  227.340888][   T53] Bluetooth: hci0: command 0x040f tx timeout
[  229.421410][   T53] Bluetooth: hci0: command 0x0419 tx timeout
[  287.104774][ T1308] ieee802154 phy0 wpan0: encryption failed: -22
[  287.106588][ T1308] ieee802154 phy1 wpan1: encryption failed: -22
[  345.502339][   T53] Bluetooth: hci0: command 0x0406 tx timeout
[  348.559861][ T1308] ieee802154 phy0 wpan0: encryption failed: -22
[  348.562244][ T1308] ieee802154 phy1 wpan1: encryption failed: -22
connection error: failed to recv *flatrpc.ExecutorMessageRawT: read tcp 127.0.0.1:34801->127.0.0.1:41814: read: connection timed out
[  379.641229][   T11] netdevsim netdevsim0 netdevsim3 (unregistering): unset [1, 0] type 2 family 0 port 6081 - 0
[  379.745057][   T11] netdevsim netdevsim0 netdevsim2 (unregistering): unset [1, 0] type 2 family 0 port 6081 - 0
[  379.824841][   T11] netdevsim netdevsim0 netdevsim1 (unregistering): unset [1, 0] type 2 family 0 port 6081 - 0
[  379.947552][   T11] netdevsim netdevsim0 netdevsim0 (unregistering): unset [1, 0] type 2 family 0 port 6081 - 0
[  381.649770][   T11] hsr_slave_0: left promiscuous mode
[  381.663497][   T11] hsr_slave_1: left promiscuous mode
[  381.666046][   T11] batman_adv: batadv0: Interface deactivated: batadv_slave_0
[  381.667762][   T11] batman_adv: batadv0: Removing interface: batadv_slave_0
[  381.672699][   T11] batman_adv: batadv0: Interface deactivated: batadv_slave_1
[  381.674478][   T11] batman_adv: batadv0: Removing interface: batadv_slave_1
[  381.679120][   T11] bridge_slave_1: left allmulticast mode
[  381.680543][   T11] bridge_slave_1: left promiscuous mode
[  381.682125][   T11] bridge0: port 2(bridge_slave_1) entered disabled state
[  381.693893][   T11] bridge_slave_0: left allmulticast mode
[  381.695381][   T11] bridge_slave_0: left promiscuous mode
[  381.696929][   T11] bridge0: port 1(bridge_slave_0) entered disabled state
[  381.722841][   T11] veth1_macvtap: left promiscuous mode
[  381.724754][   T11] veth0_macvtap: left promiscuous mode
[  381.726280][   T11] veth1_vlan: left promiscuous mode
[  381.728723][   T11] veth0_vlan: left promiscuous mode
[  382.196787][   T11] team0 (unregistering): Port device team_slave_1 removed
[  382.213652][   T11] team0 (unregistering): Port device team_slave_0 removed
[  382.249606][   T11] bond0 (unregistering): (slave bond_slave_1): Releasing backup interface
[  382.279078][   T11] bond0 (unregistering): (slave bond_slave_0): Releasing backup interface
[  382.437489][   T11] bond0 (unregistering): Released all slaves

VM DIAGNOSIS:
20:23:41  Registers:
info registers vcpu 0
RAX=93afe48e9d16e300 RBX=ffffffff816775ed RCX=0000000000049eb9 RDX=0000000000000001
RSI=ffffffff8b4dfb00 RDI=ffffffff8bae4e60 RBP=ffffffff8d807eb0 RSP=ffffffff8d807d88
R8 =ffff88802be35bcb R9 =1ffff110057c6b79 R10=dffffc0000000000 R11=ffffed10057c6b7a
R12=dffffc0000000000 R13=1ffffffff1b00fc6 R14=0000000000000000 R15=1ffffffff1b12730
RIP=ffffffff8b14943b RFL=000002c6 [--SZ-P-] CPL=0 II=0 A20=1 SMM=0 HLT=1
ES =0000 0000000000000000 ffffffff 00c00000
CS =0010 0000000000000000 ffffffff 00a09b00 DPL=0 CS64 [-RA]
SS =0018 0000000000000000 ffffffff 00c09300 DPL=0 DS   [-WA]
DS =0000 0000000000000000 ffffffff 00c00000
FS =0000 0000000000000000 ffffffff 00c00000
GS =0000 ffff88802be00000 ffffffff 00c00000
LDT=0000 0000000000000000 ffffffff 00c00000
TR =0040 fffffe0000003000 00004087 00008b00 DPL=0 TSS64-busy
GDT=     fffffe0000001000 0000007f
IDT=     fffffe0000000000 00000fff
CR0=80050033 CR2=000055f954778000 CR3=000000000d930000 CR4=00750ef0
DR0=0000000000000000 DR1=0000000000000000 DR2=0000000000000000 DR3=0000000000000000 
DR6=00000000fffe0ff0 DR7=0000000000000400
EFER=0000000000000d01
FCW=037f FSW=0000 [ST=0] FTW=00 MXCSR=00001f80
FPR0=0000000000000000 0000 FPR1=0000000000000000 0000
FPR2=0000000000000000 0000 FPR3=0000000000000000 0000
FPR4=0000000000000000 0000 FPR5=0000000000000000 0000
FPR6=0000000000000000 0000 FPR7=0000000000000000 0000
Opmask00=00000000feffffc0 Opmask01=0000000000810880 Opmask02=0000000000000000 Opmask03=0000000000000000
Opmask04=0000000000000000 Opmask05=0000000000000000 Opmask06=0000000000000000 Opmask07=0000000000000000
ZMM00=0000000000000000 0000000000000000 0000000000000000 0000000000000000 0000000000000000 0000000000000000 0000143600000000 000000000000000f
ZMM01=0000000000000000 0000000000000000 0000000000000000 0000000000000000 0000000000000000 0000000000000000 0000000000000000 0000000000000000
ZMM02=0000000000000000 0000000000000000 0000000000000000 0000000000000000 0000000000000000 0000000000000000 0000000000000000 0000000000000000
ZMM03=0000000000000000 0000000000000000 0000000000000000 0000000000000000 0000000000000000 0000000000000000 0000000000000000 0000000000000000
ZMM04=0000000000000000 0000000000000000 0000000000000000 0000000000000000 0000000000000000 0000000000000000 0000000000000000 0000000000000000
ZMM05=0000000000000000 0000000000000000 0000000000000000 0000000000000000 0000000000000000 0000000000000000 0000000000000000 0000000000000000
ZMM06=0000000000000000 0000000000000000 0000000000000000 0000000000000000 0000000000000000 0000000000000000 0000000000000000 0000000000000000
ZMM07=0000000000000000 0000000000000000 0000000000000000 0000000000000000 0000000000000000 0000000000000000 0000000000000000 0000000000000000
ZMM08=0000000000000000 0000000000000000 0000000000000000 0000000000000000 0000000000000000 0000000000000000 0000000000000000 0000000000000000
ZMM09=0000000000000000 0000000000000000 0000000000000000 0000000000000000 0000000000000000 0000000000000000 08080d0f02164b52 1d0c144b55555654
ZMM10=0000000000000000 0000000000000000 0000000000000000 0000000000000000 0000000000000000 0000000000000000 5c0101010d4b5109 0d17130c4b090d17
ZMM11=0000000000000000 0000000000000000 0000000000000000 0000000000000000 0000000000000000 0000000000000000 0000000000000000 0000000000000000
ZMM12=0000000000000000 0000000000000000 0000000000000000 0000000000000000 0000000000000000 0000000000000000 0000000000000000 0000000000000000
ZMM13=0000000000000000 0000000000000000 0000000000000000 0000000000000000 0000000000000000 0000000000000000 0000000000000000 0000000000000000
ZMM14=0000000000000000 0000000000000000 0000000000000000 0000000000000000 0000000000000000 0000000000000000 0000000000000000 0000000000000000
ZMM15=0000000000000000 0000000000000000 0000000000000000 0000000000000000 0000000000000000 0000000000000000 0000000000000000 0000000000000000
ZMM16=0000000000000000 0000000000000000 0000000000000000 0000000000000000 ffffffffffffffff ffffffffffffffff ffffffffffffffff ffffffffffffffff
ZMM17=0000000000000000 0000000000000000 0000000000000000 0000000000000000 0000000000000000 0000000000000000 000000000000006e 000055f954779da0
ZMM18=0000000000000000 0000000000000000 0000000000000000 0000000000000000 696b6672223d004c 454e52454b202c00 6373696d223d004d 4554535953425553
ZMM19=0000000000000000 0000000000000000 0000000000000000 0000000000000000 0000000000000071 0000000000000000 00000000302d7874 3a7365756575712b
ZMM20=0000000000000000 0000000000000000 0000000000000000 0000000000000000 0000000000000090 63690000000100ff ffffffff00000003 000055f9547ebd00
ZMM21=0000000000000000 0000000000000000 0000000000000000 0000000000000000 000055f9547ebce0 0000000400000001 000055f9547ebd80 000055f9547ebd60
ZMM22=0000000000000000 0000000000000000 0000000000000000 0000000000000000 00000001ffffffff 000055f95475a200 000055f954754b80 0000000300000002
ZMM23=0000000000000000 0000000000000000 0000000000000000 0000000000000000 000055f954754b60 000055f954754b40 0000000000000000 0000000000000000
ZMM24=0000000000000000 0000000000000000 0000000000000000 0000000000000000 0000000000000000 0000000000000000 0000000000000000 0000000800000004
ZMM25=0000000000000000 0000000000000000 0000000000000000 0000000000000000 0000000000000000 0000000000000000 0000000000000000 0000000000000000
ZMM26=0000000000000000 0000000000000000 0000000000000000 0000000000000000 0000000000000000 0000000000000000 0000000000000000 0000000000000000
ZMM27=0000000000000000 0000000000000000 0000000000000000 0000000000000000 0000000000000000 0000000000000000 0000000000000000 0000000000000000
ZMM28=0000000000000000 0000000000000000 0000000000000000 0000000000000000 0000000000000000 0000000000000000 0000000000000000 0000000000000000
ZMM29=0000000000000000 0000000000000000 0000000000000000 0000000000000000 0000000000000000 0000000000000000 0000000000000000 0000000000000000
ZMM30=0000000000000000 0000000000000000 0000000000000000 0000000000000000 0000000000000000 0000000000000000 0000000000000000 0000000000000000
ZMM31=0000000000000000 0000000000000000 0000000000000000 0000000000000000 0000000000000000 0000000000000000 0000000000000000 0000000000000000
info registers vcpu 1
RAX=14441d6c10122800 RBX=ffffffff816775ed RCX=0000000000055681 RDX=0000000000000001
RSI=ffffffff8b4dfb00 RDI=ffffffff8bae4e60 RBP=ffffc9000044ff20 RSP=ffffc9000044fde8
R8 =ffff88807ec35bcb R9 =1ffff1100fd86b79 R10=dffffc0000000000 R11=ffffed100fd86b7a
R12=dffffc0000000000 R13=1ffff92000089fd2 R14=0000000000000001 R15=1ffff11008017000
RIP=ffffffff8b14943b RFL=000002c6 [--SZ-P-] CPL=0 II=0 A20=1 SMM=0 HLT=1
ES =0000 0000000000000000 ffffffff 00c00000
CS =0010 0000000000000000 ffffffff 00a09b00 DPL=0 CS64 [-RA]
SS =0018 0000000000000000 ffffffff 00c09300 DPL=0 DS   [-WA]
DS =0000 0000000000000000 ffffffff 00c00000
FS =0000 0000000000000000 ffffffff 00c00000
GS =0000 ffff88807ec00000 ffffffff 00c00000
LDT=0000 0000000000000000 00000000 00000000
TR =0040 fffffe000004a000 00004087 00008b00 DPL=0 TSS64-busy
GDT=     fffffe0000048000 0000007f
IDT=     fffffe0000000000 00000fff
CR0=80050033 CR2=000055f954794b38 CR3=000000000d930000 CR4=00750ee0
DR0=0000000000000000 DR1=0000000000000000 DR2=0000000000000000 DR3=0000000000000000 
DR6=00000000fffe0ff0 DR7=0000000000000400
EFER=0000000000000d01
FCW=037f FSW=0000 [ST=0] FTW=00 MXCSR=00001f80
FPR0=0000000000000000 0000 FPR1=0000000000000000 0000
FPR2=0000000000000000 0000 FPR3=0000000000000000 0000
FPR4=0000000000000000 0000 FPR5=0000000000000000 0000
FPR6=0000000000000000 0000 FPR7=0000000000000000 0000
Opmask00=0000000040000002 Opmask01=0000000000008001 Opmask02=0000000000000000 Opmask03=0000000000000000
Opmask04=0000000000000000 Opmask05=0000000000000000 Opmask06=0000000000000000 Opmask07=0000000000000000
ZMM00=0000000000000000 0000000000000000 0000000000000000 0000000000000000 0000000000000000 0000000000000000 0a96b5162e7a1edc a4f2048ec1922212
ZMM01=0000000000000000 0000000000000000 0000000000000000 0000000000000000 0000000000000000 0000000000000000 29bb16a3a38bde3b 0a5ef2ff3f1e22b7
ZMM02=0000000000000000 0000000000000000 0000000000000000 0000000000000000 0000000000000000 0000000000000000 c6f85b1993555cbb 4b345695b0853ab8
ZMM03=0000000000000000 0000000000000000 0000000000000000 0000000000000000 0000000000000000 0000000000000000 074e8fa0a0dca87f 60d844b936e5860a
ZMM04=0000000000000000 0000000000000000 0000000000000000 0000000000000000 0000000000000000 0000000000000000 0000000000000000 00000000000010c0
ZMM05=0000000000000000 0000000000000000 0000000000000000 0000000000000000 0000000000000000 0000000000000000 0000000000000000 0000000000000040
ZMM06=0000000000000000 0000000000000000 0000000000000000 0000000000000000 0000000000000000 0000000000000000 34c70b1fde2466f6 7cae19e3000000d3
ZMM07=0000000000000000 0000000000000000 0000000000000000 0000000000000000 0000000000000000 0000000000000000 ac17af3fec44d214 ec8f8cec000000d3
ZMM08=0000000000000000 0000000000000000 0000000000000000 0000000000000000 0000000000000000 0000000000000000 15af511b76d49fde da04a3df32cfbed8
ZMM09=0000000000000000 0000000000000000 0000000000000000 0000000000000000 0000000000000000 0000000000000000 ec75083400800100 0080010000000000
ZMM10=0000000000000000 0000000000000000 0000000000000000 0000000000000000 0000000000000000 0000000000000000 c4884b1f654b1cad 5ba3597344f8e64d
ZMM11=0000000000000000 0000000000000000 0000000000000000 0000000000000000 0000000000000000 0000000000000000 ae3abfabcad30df4 8c1141a845ca5c2e
ZMM12=0000000000000000 0000000000000000 0000000000000000 0000000000000000 0000000000000000 0000000000000000 0000000000000000 0000000000000000
ZMM13=0000000000000000 0000000000000000 0000000000000000 0000000000000000 0000000000000000 0000000000000000 0000000000000000 0000000000000000
ZMM14=0000000000000000 0000000000000000 0000000000000000 0000000000000000 0000000000000000 0000000000000000 a54ff53a3c6ef372 bb67ae856a09e667
ZMM15=0000000000000000 0000000000000000 0000000000000000 0000000000000000 0000000000000000 0000000000000000 5be0cd191f83d9ab 9b05688c510e527f
ZMM16=0000000000000000 0000000000000000 0000000000000000 0000000000000000 ffffffffffffffff ffffffffffffffff ffffffffffffffff ffffffffffffffff
ZMM17=0000000000000000 0000000000000000 0000000000000000 0000000000000000 2c2c2c2c2c2c2c2c 2c2c2c2c2c2c2c2c 2c2c2c2c2c2c2c2c 2c2c2c2c2c2c2c2c
ZMM18=0000000000000000 0000000000000000 0000000000000000 0000000000000000 5500474e49444e45 505f544e4556455f 4453203d3d206574 6174733e2d650065
ZMM19=0000000000000000 0000000000000000 0000000000000000 0000000000000000 5500474e49444e45 505f544e4556455f 44530c11110c4958 4d585f1201490049
ZMM20=0000000000000000 0000000000000000 0000000000000000 0000000000000000 0000000000000090 636900000100ff01 ffffffff00000000 000055f9547d1840
ZMM21=0000000000000000 0000000000000000 0000000000000000 0000000000000000 000055f9547dc470 00000002ffffffff 000055f9547d7f20 000055f9547d18a0
ZMM22=0000000000000000 0000000000000000 0000000000000000 0000000000000000 0000000000000003 000055f9547dc450 000055f9547dc430 0000000000000000
ZMM23=0000000000000000 0000000000000000 0000000000000000 0000000000000000 0000000000000000 0000000000000000 0000000400000002 000055f9547a42e0
ZMM24=0000000000000000 0000000000000000 0000000000000000 0000000000000000 0000000000000000 0000000000000000 0000000000000000 0000000000000000
ZMM25=0000000000000000 0000000000000000 0000000000000000 0000000000000000 0000000000000000 0000000000000000 0000000000000000 0000000000000000
ZMM26=0000000000000000 0000000000000000 0000000000000000 0000000000000000 0000000000000000 0000000000000000 0000000000000000 0000000000000000
ZMM27=0000000000000000 0000000000000000 0000000000000000 0000000000000000 0000000000000000 0000000000000000 0000000000000000 0000000000000000
ZMM28=0000000000000000 0000000000000000 0000000000000000 0000000000000000 0000000000000000 0000000000000000 0000000000000000 0000000000000000
ZMM29=0000000000000000 0000000000000000 0000000000000000 0000000000000000 0000000000000000 0000000000000000 0000000000000000 0000000000000000
ZMM30=0000000000000000 0000000000000000 0000000000000000 0000000000000000 0000000000000000 0000000000000000 0000000000000000 0000000000000000
ZMM31=0000000000000000 0000000000000000 0000000000000000 0000000000000000 0000000000000000 0000000000000000 0000000000000000 0000000000000000
