Warning: Permanently added '[localhost]:54904' (ED25519) to the list of known hosts.
2025/09/05 15:06:50 parsed 1 programs
syzkaller login: [  176.016382][ T9360] cgroup: Unknown subsys name 'net'
[  176.162233][ T9360] cgroup: Unknown subsys name 'rlimit'
[  181.853167][ T9360] Adding 124996k swap on ./swap-file.  Priority:0 extents:1 across:124996k 
[  186.719179][ T9375] chnl_net:caif_netlink_parms(): no params data found
[  186.964352][ T9375] bridge0: port 1(bridge_slave_0) entered blocking state
[  186.971832][ T9375] bridge0: port 1(bridge_slave_0) entered disabled state
[  186.973799][ T9375] bridge_slave_0: entered allmulticast mode
[  186.983394][ T9375] bridge_slave_0: entered promiscuous mode
[  186.998797][ T9375] bridge0: port 2(bridge_slave_1) entered blocking state
[  187.001336][ T9375] bridge0: port 2(bridge_slave_1) entered disabled state
[  187.003216][ T9375] bridge_slave_1: entered allmulticast mode
[  187.006759][ T9375] bridge_slave_1: entered promiscuous mode
[  187.119802][ T9375] bond0: (slave bond_slave_0): Enslaving as an active interface with an up link
[  187.127214][ T9375] bond0: (slave bond_slave_1): Enslaving as an active interface with an up link
[  187.232620][ T9375] team0: Port device team_slave_0 added
[  187.243083][ T9375] team0: Port device team_slave_1 added
[  187.313616][ T9375] batman_adv: batadv0: Adding interface: batadv_slave_0
[  187.315329][ T9375] batman_adv: batadv0: The MTU of interface batadv_slave_0 is too small (1500) to handle the transport of batman-adv packets. Packets going over this interface will be fragmented on layer2 which could impact the performance. Setting the MTU to 1560 would solve the problem.
[  187.321159][ T9375] batman_adv: batadv0: Not using interface batadv_slave_0 (retrying later): interface not active
[  187.330105][ T9375] batman_adv: batadv0: Adding interface: batadv_slave_1
[  187.331747][ T9375] batman_adv: batadv0: The MTU of interface batadv_slave_1 is too small (1500) to handle the transport of batman-adv packets. Packets going over this interface will be fragmented on layer2 which could impact the performance. Setting the MTU to 1560 would solve the problem.
[  187.338230][ T9375] batman_adv: batadv0: Not using interface batadv_slave_1 (retrying later): interface not active
[  187.445261][ T9375] hsr_slave_0: entered promiscuous mode
[  187.449249][ T9375] hsr_slave_1: entered promiscuous mode
[  187.832259][ T9375] netdevsim netdevsim0 netdevsim0: renamed from eth0
[  187.850356][ T9375] netdevsim netdevsim0 netdevsim1: renamed from eth1
[  187.873260][ T9375] netdevsim netdevsim0 netdevsim2: renamed from eth2
[  187.886643][ T9375] netdevsim netdevsim0 netdevsim3: renamed from eth3
[  188.077170][ T9375] 8021q: adding VLAN 0 to HW filter on device bond0
[  188.141650][ T9375] 8021q: adding VLAN 0 to HW filter on device team0
[  188.166397][ T5172] bridge0: port 1(bridge_slave_0) entered blocking state
[  188.169811][ T5172] bridge0: port 1(bridge_slave_0) entered forwarding state
[  188.202056][ T5173] bridge0: port 2(bridge_slave_1) entered blocking state
[  188.204868][ T5173] bridge0: port 2(bridge_slave_1) entered forwarding state
[  188.673110][ T9375] 8021q: adding VLAN 0 to HW filter on device batadv0
[  188.773358][ T9375] veth0_vlan: entered promiscuous mode
[  188.791958][ T9375] veth1_vlan: entered promiscuous mode
[  188.853037][ T9375] veth0_macvtap: entered promiscuous mode
[  188.863285][ T9375] veth1_macvtap: entered promiscuous mode
[  188.892620][ T9375] batman_adv: batadv0: Interface activated: batadv_slave_0
[  188.939138][ T9375] batman_adv: batadv0: Interface activated: batadv_slave_1
[  188.965814][ T9375] netdevsim netdevsim0 netdevsim0: set [1, 0] type 2 family 0 port 6081 - 0
[  188.972521][ T9375] netdevsim netdevsim0 netdevsim1: set [1, 0] type 2 family 0 port 6081 - 0
[  188.975528][ T9375] netdevsim netdevsim0 netdevsim2: set [1, 0] type 2 family 0 port 6081 - 0
[  188.981267][ T9375] netdevsim netdevsim0 netdevsim3: set [1, 0] type 2 family 0 port 6081 - 0
[  189.491229][   T12] netdevsim netdevsim0 netdevsim3 (unregistering): unset [1, 0] type 2 family 0 port 6081 - 0
[  191.466499][   T12] netdevsim netdevsim0 netdevsim2 (unregistering): unset [1, 0] type 2 family 0 port 6081 - 0
[  193.682161][   T12] netdevsim netdevsim0 netdevsim1 (unregistering): unset [1, 0] type 2 family 0 port 6081 - 0
[  193.737972][   T12] netdevsim netdevsim0 netdevsim0 (unregistering): unset [1, 0] type 2 family 0 port 6081 - 0
[  194.957991][   T12] hsr_slave_0: left promiscuous mode
[  194.998197][   T12] hsr_slave_1: left promiscuous mode
[  195.029940][   T12] batman_adv: batadv0: Interface deactivated: batadv_slave_0
[  195.032098][   T12] batman_adv: batadv0: Removing interface: batadv_slave_0
[  195.064728][   T12] batman_adv: batadv0: Interface deactivated: batadv_slave_1
[  195.066785][   T12] batman_adv: batadv0: Removing interface: batadv_slave_1
[  195.083870][   T12] bridge_slave_1: left allmulticast mode
[  195.085518][   T12] bridge_slave_1: left promiscuous mode
[  195.088804][   T12] bridge0: port 2(bridge_slave_1) entered disabled state
[  195.171406][   T12] bridge_slave_0: left allmulticast mode
[  195.173034][   T12] bridge_slave_0: left promiscuous mode
[  195.174854][   T12] bridge0: port 1(bridge_slave_0) entered disabled state
[  195.321668][   T12] veth1_macvtap: left promiscuous mode
[  195.323942][   T12] veth0_macvtap: left promiscuous mode
[  195.326922][   T12] veth1_vlan: left promiscuous mode
[  195.339732][   T12] veth0_vlan: left promiscuous mode
[  195.974569][   T12] team0 (unregistering): Port device team_slave_1 removed
[  195.990511][   T12] team0 (unregistering): Port device team_slave_0 removed
[  196.006382][   T12] bond0 (unregistering): (slave bond_slave_1): Releasing backup interface
[  196.022599][   T12] bond0 (unregistering): (slave bond_slave_0): Releasing backup interface
[  196.163335][   T12] bond0 (unregistering): Released all slaves
[  197.919522][   T46] wlan0: Created IBSS using preconfigured BSSID 50:50:50:50:50:50
[  197.921668][   T46] wlan0: Creating new IBSS network, BSSID 50:50:50:50:50:50
[  198.089185][ T4819] wlan1: Created IBSS using preconfigured BSSID 50:50:50:50:50:50
[  198.091064][ T4819] wlan1: Creating new IBSS network, BSSID 50:50:50:50:50:50
[  200.212659][ T5117] Bluetooth: hci0: unexpected cc 0x0c03 length: 249 > 1
[  200.228496][ T5117] Bluetooth: hci0: unexpected cc 0x1003 length: 249 > 9
[  200.249625][ T5117] Bluetooth: hci0: unexpected cc 0x1001 length: 249 > 9
[  200.264324][ T5117] Bluetooth: hci0: unexpected cc 0x0c23 length: 249 > 4
[  200.278371][ T5117] Bluetooth: hci0: unexpected cc 0x0c25 length: 249 > 3
[  200.281563][ T5117] Bluetooth: hci0: unexpected cc 0x0c38 length: 249 > 2
2025/09/05 15:07:23 executed programs: 0
[  202.639144][ T5117] Bluetooth: hci0: unexpected cc 0x0c03 length: 249 > 1
[  202.643787][ T5117] Bluetooth: hci0: unexpected cc 0x1003 length: 249 > 9
[  202.647732][ T5117] Bluetooth: hci0: unexpected cc 0x1001 length: 249 > 9
[  202.656553][ T5117] Bluetooth: hci0: unexpected cc 0x0c23 length: 249 > 4
[  202.659979][ T5117] Bluetooth: hci0: unexpected cc 0x0c25 length: 249 > 3
[  202.662242][ T5117] Bluetooth: hci0: unexpected cc 0x0c38 length: 249 > 2
[  203.361172][T10182] chnl_net:caif_netlink_parms(): no params data found
[  203.700178][T10182] bridge0: port 1(bridge_slave_0) entered blocking state
[  203.703019][T10182] bridge0: port 1(bridge_slave_0) entered disabled state
[  203.705730][T10182] bridge_slave_0: entered allmulticast mode
[  203.711529][T10182] bridge_slave_0: entered promiscuous mode
[  203.720487][T10182] bridge0: port 2(bridge_slave_1) entered blocking state
[  203.723293][T10182] bridge0: port 2(bridge_slave_1) entered disabled state
[  203.725959][T10182] bridge_slave_1: entered allmulticast mode
[  203.731537][T10182] bridge_slave_1: entered promiscuous mode
[  203.849605][T10182] bond0: (slave bond_slave_0): Enslaving as an active interface with an up link
[  203.856929][T10182] bond0: (slave bond_slave_1): Enslaving as an active interface with an up link
[  203.963199][T10182] team0: Port device team_slave_0 added
[  203.976172][T10182] team0: Port device team_slave_1 added
[  204.075933][T10182] batman_adv: batadv0: Adding interface: batadv_slave_0
[  204.078555][T10182] batman_adv: batadv0: The MTU of interface batadv_slave_0 is too small (1500) to handle the transport of batman-adv packets. Packets going over this interface will be fragmented on layer2 which could impact the performance. Setting the MTU to 1560 would solve the problem.
[  204.084098][T10182] batman_adv: batadv0: Not using interface batadv_slave_0 (retrying later): interface not active
[  204.094971][T10182] batman_adv: batadv0: Adding interface: batadv_slave_1
[  204.096914][T10182] batman_adv: batadv0: The MTU of interface batadv_slave_1 is too small (1500) to handle the transport of batman-adv packets. Packets going over this interface will be fragmented on layer2 which could impact the performance. Setting the MTU to 1560 would solve the problem.
[  204.104300][T10182] batman_adv: batadv0: Not using interface batadv_slave_1 (retrying later): interface not active
[  204.246167][T10182] hsr_slave_0: entered promiscuous mode
[  204.252704][T10182] hsr_slave_1: entered promiscuous mode
[  204.739946][ T5117] Bluetooth: hci0: command 0x0409 tx timeout
[  205.475735][T10182] netdevsim netdevsim0 netdevsim0: renamed from eth0
[  205.496317][T10182] netdevsim netdevsim0 netdevsim1: renamed from eth1
[  205.505112][T10182] netdevsim netdevsim0 netdevsim2: renamed from eth2
[  205.527363][T10182] netdevsim netdevsim0 netdevsim3: renamed from eth3
[  205.795524][T10182] 8021q: adding VLAN 0 to HW filter on device bond0
[  205.845318][T10182] 8021q: adding VLAN 0 to HW filter on device team0
[  205.860262][ T9696] bridge0: port 1(bridge_slave_0) entered blocking state
[  205.862819][ T9696] bridge0: port 1(bridge_slave_0) entered forwarding state
[  205.886136][ T9696] bridge0: port 2(bridge_slave_1) entered blocking state
[  205.888022][ T9696] bridge0: port 2(bridge_slave_1) entered forwarding state
[  206.483716][T10182] 8021q: adding VLAN 0 to HW filter on device batadv0
[  206.562067][T10182] veth0_vlan: entered promiscuous mode
[  206.577707][T10182] veth1_vlan: entered promiscuous mode
[  206.633041][T10182] veth0_macvtap: entered promiscuous mode
[  206.641645][T10182] veth1_macvtap: entered promiscuous mode
[  206.672893][T10182] batman_adv: batadv0: Interface activated: batadv_slave_0
[  206.687482][T10182] batman_adv: batadv0: Interface activated: batadv_slave_1
[  206.700969][T10182] netdevsim netdevsim0 netdevsim0: set [1, 0] type 2 family 0 port 6081 - 0
[  206.703052][T10182] netdevsim netdevsim0 netdevsim1: set [1, 0] type 2 family 0 port 6081 - 0
[  206.705191][T10182] netdevsim netdevsim0 netdevsim2: set [1, 0] type 2 family 0 port 6081 - 0
[  206.707187][T10182] netdevsim netdevsim0 netdevsim3: set [1, 0] type 2 family 0 port 6081 - 0
[  206.819903][ T5117] Bluetooth: hci0: command 0x041b tx timeout
[  206.961524][ T1156] wlan0: Created IBSS using preconfigured BSSID 50:50:50:50:50:50
[  206.963423][ T1156] wlan0: Creating new IBSS network, BSSID 50:50:50:50:50:50
[  207.069012][ T1156] wlan1: Created IBSS using preconfigured BSSID 50:50:50:50:50:50
[  207.079210][ T1156] wlan1: Creating new IBSS network, BSSID 50:50:50:50:50:50
[  208.898234][ T5117] Bluetooth: hci0: command 0x040f tx timeout
2025/09/05 15:07:30 executed programs: 3
[  210.978195][   T53] Bluetooth: hci0: command 0x0419 tx timeout
[  213.058292][   T53] Bluetooth: hci0: command 0x0405 tx timeout
[  214.339225][ T1215] ==================================================================
[  214.342026][ T1215] BUG: KASAN: slab-use-after-free in hci_send_acl+0x3d/0x100
[  214.344779][ T1215] Read of size 8 at addr ffff88802617e518 by task kworker/1:2/1215
[  214.347883][ T1215] 
[  214.348780][ T1215] CPU: 1 PID: 1215 Comm: kworker/1:2 Not tainted 6.6.0 #1
[  214.353251][ T1215] Hardware name: QEMU Standard PC (i440FX + PIIX, 1996), BIOS 1.15.0-1 04/01/2014
[  214.356562][ T1215] Workqueue: events l2cap_info_timeout
[  214.358579][ T1215] Call Trace:
[  214.359799][ T1215]  <TASK>
[  214.360894][ T1215]  dump_stack_lvl+0x1e3/0x2d0
[  214.362639][ T1215]  ? nf_tcp_handle_invalid+0x650/0x650
[  214.364673][ T1215]  ? _printk+0xcf/0x110
[  214.366205][ T1215]  ? __wake_up_klogd+0xcd/0x100
[  214.367979][ T1215]  ? panic+0x760/0x760
[  214.369498][ T1215]  print_address_description+0x78/0x390
[  214.371505][ T1215]  print_report+0x107/0x220
[  214.373137][ T1215]  ? __alloc_skb+0x24e/0x400
[  214.374840][ T1215]  ? __virt_addr_valid+0x21b/0x2d0
[  214.376690][ T1215]  ? __phys_addr+0xb5/0x160
[  214.378318][ T1215]  ? hci_send_acl+0x3d/0x100
[  214.380017][ T1215]  kasan_report+0x141/0x170
[  214.381707][ T1215]  ? hci_send_acl+0x3d/0x100
[  214.383443][ T1215]  hci_send_acl+0x3d/0x100
[  214.385112][ T1215]  l2cap_send_conn_req+0x30e/0x4c0
[  214.386998][ T1215]  ? l2cap_get_auth_type+0x380/0x380
[  214.388898][ T1215]  ? __lock_acquire+0x1302/0x2050
[  214.390722][ T1215]  ? l2cap_start_connection+0x1f8/0x6c0
[  214.392726][ T1215]  ? l2cap_conn_start+0xb25/0x14c0
[  214.394578][ T1215]  l2cap_conn_start+0xbc2/0x14c0
[  214.396365][ T1215]  ? l2cap_conn_update_id_addr+0x260/0x260
[  214.398562][ T1215]  ? read_lock_is_recursive+0x10/0x10
[  214.400531][ T1215]  ? lockdep_hardirqs_on_prepare+0x448/0x7b0
[  214.402748][ T1215]  ? print_irqtrace_events+0x220/0x220
[  214.404716][ T1215]  ? process_scheduled_works+0x867/0x1130
[  214.406778][ T1215]  ? rcu_is_watching+0x11/0xb0
[  214.408440][ T1215]  ? process_scheduled_works+0x867/0x1130
[  214.409864][ T1215]  process_scheduled_works+0x8c5/0x1130
[  214.411129][ T1215]  ? __rwlock_init+0x140/0x140
[  214.412222][ T1215]  ? assign_work+0x430/0x430
[  214.413292][ T1215]  worker_thread+0xa7a/0x1040
[  214.414378][ T1215]  ? _raw_spin_unlock_irqrestore+0xd9/0x130
[  214.415738][ T1215]  kthread+0x2cd/0x360
[  214.416680][ T1215]  ? trace_workqueue_execute_end+0x190/0x190
[  214.418038][ T1215]  ? kthread_blkcg+0xd0/0xd0
[  214.419087][ T1215]  ret_from_fork+0x44/0x70
[  214.420101][ T1215]  ? kthread_blkcg+0xd0/0xd0
[  214.421154][ T1215]  ret_from_fork_asm+0x11/0x20
[  214.422247][ T1215]  </TASK>
[  214.422944][ T1215] 
[  214.423482][ T1215] Allocated by task 10554:
[  214.424493][ T1215]  kasan_set_track+0x4c/0x70
[  214.425562][ T1215]  __kasan_kmalloc+0x94/0xa0
[  214.426625][ T1215]  hci_chan_create+0xbf/0x2f0
[  214.427674][ T1215]  l2cap_conn_add+0x6c/0xb20
[  214.428713][ T1215]  l2cap_chan_connect+0x671/0xf90
[  214.429828][ T1215]  bt_6lowpan_connect+0xca/0x180
[  214.430950][ T1215]  lowpan_control_write+0x4ca/0x710
[  214.432105][ T1215]  full_proxy_write+0x10f/0x1c0
[  214.433183][ T1215]  vfs_write+0x28e/0xaf0
[  214.434149][ T1215]  ksys_write+0x19b/0x2c0
[  214.435139][ T1215]  do_syscall_64+0x2b/0x50
[  214.436148][ T1215]  entry_SYSCALL_64_after_hwframe+0x63/0xcd
[  214.437494][ T1215] 
[  214.438025][ T1215] Freed by task 53:
[  214.438878][ T1215]  kasan_set_track+0x4c/0x70
[  214.439916][ T1215]  kasan_save_free_info+0x24/0x40
[  214.441017][ T1215]  ____kasan_slab_free+0xd6/0x120
[  214.442157][ T1215]  slab_free_freelist_hook+0x12d/0x1a0
[  214.443341][ T1215]  __kmem_cache_free+0x71/0x110
[  214.444390][ T1215]  hci_conn_cleanup+0x1aa/0x770
[  214.445466][ T1215]  hci_abort_conn_sync+0x78e/0x1090
[  214.446638][ T1215]  hci_cmd_sync_work+0x228/0x410
[  214.447754][ T1215]  process_scheduled_works+0x8c5/0x1130
[  214.448978][ T1215]  worker_thread+0xa7a/0x1040
[  214.450053][ T1215]  kthread+0x2cd/0x360
[  214.450967][ T1215]  ret_from_fork+0x44/0x70
[  214.451988][ T1215]  ret_from_fork_asm+0x11/0x20
[  214.453088][ T1215] 
[  214.453633][ T1215] Last potentially related work creation:
[  214.454895][ T1215]  kasan_save_stack+0x3b/0x60
[  214.455956][ T1215]  __kasan_record_aux_stack+0xad/0xc0
[  214.457165][ T1215]  kvfree_call_rcu+0xf6/0x7a0
[  214.458210][ T1215]  kernfs_unlink_open_file+0x427/0x510
[  214.459447][ T1215]  kernfs_fop_release+0x2f6/0x440
[  214.460632][ T1215]  __fput+0x405/0x940
[  214.461567][ T1215]  __se_sys_close+0x155/0x1e0
[  214.462638][ T1215]  do_syscall_64+0x2b/0x50
[  214.463662][ T1215]  entry_SYSCALL_64_after_hwframe+0x63/0xcd
[  214.464991][ T1215] 
[  214.465545][ T1215] Second to last potentially related work creation:
[  214.466996][ T1215]  kasan_save_stack+0x3b/0x60
[  214.468064][ T1215]  __kasan_record_aux_stack+0xad/0xc0
[  214.469226][ T1215]  kvfree_call_rcu+0xf6/0x7a0
[  214.470223][ T1215]  kernfs_unlink_open_file+0x427/0x510
[  214.471359][ T1215]  kernfs_fop_release+0x2f6/0x440
[  214.472410][ T1215]  __fput+0x405/0x940
[  214.473271][ T1215]  __se_sys_close+0x155/0x1e0
[  214.474272][ T1215]  do_syscall_64+0x2b/0x50
[  214.475215][ T1215]  entry_SYSCALL_64_after_hwframe+0x63/0xcd
[  214.476487][ T1215] 
[  214.476987][ T1215] The buggy address belongs to the object at ffff88802617e500
[  214.476987][ T1215]  which belongs to the cache kmalloc-128 of size 128
[  214.479820][ T1215] The buggy address is located 24 bytes inside of
[  214.479820][ T1215]  freed 128-byte region [ffff88802617e500, ffff88802617e580)
[  214.482614][ T1215] 
[  214.483122][ T1215] The buggy address belongs to the physical page:
[  214.484450][ T1215] page:ffffea0000985f80 refcount:1 mapcount:0 mapping:0000000000000000 index:0xffff88802617e700 pfn:0x2617e
[  214.486804][ T1215] flags: 0xfff00000000800(slab|node=0|zone=1|lastcpupid=0x7ff)
[  214.488384][ T1215] page_type: 0xffffffff()
[  214.489323][ T1215] raw: 00fff00000000800 ffff8880188418c0 ffffea00009849d0 ffffea00007a02d0
[  214.491109][ T1215] raw: ffff88802617e700 000000000010000e 00000001ffffffff 0000000000000000
[  214.492865][ T1215] page dumped because: kasan: bad access detected
[  214.494236][ T1215] page_owner tracks the page as allocated
[  214.495431][ T1215] page last allocated via order 0, migratetype Unmovable, gfp_mask 0x12cc0(GFP_KERNEL|__GFP_NOWARN|__GFP_NORETRY), pid 6712, tgid 6712 (udevadm), ts 87486755970, free_ts 87480107431
[  214.499121][ T1215]  post_alloc_hook+0x1f4/0x220
[  214.500139][ T1215]  get_page_from_freelist+0x72b/0x7a0
[  214.501268][ T1215]  __alloc_pages+0x259/0x560
[  214.502255][ T1215]  alloc_slab_page+0xbe/0x190
[  214.503242][ T1215]  allocate_slab+0x5e/0x3c0
[  214.504207][ T1215]  ___slab_alloc+0xa0f/0x1130
[  214.505225][ T1215]  __kmem_cache_alloc_node+0x23b/0x320
[  214.506378][ T1215]  kmalloc_trace+0x26/0x60
[  214.507344][ T1215]  kernfs_fop_open+0x7f4/0xcb0
[  214.508366][ T1215]  do_dentry_open+0x7ee/0x13f0
[  214.509379][ T1215]  path_openat+0x279c/0x3120
[  214.510369][ T1215]  do_filp_open+0x275/0x500
[  214.511333][ T1215]  do_sys_openat2+0x13a/0x1c0
[  214.512331][ T1215]  __x64_sys_openat+0x243/0x290
[  214.513370][ T1215]  do_syscall_64+0x2b/0x50
[  214.514323][ T1215]  entry_SYSCALL_64_after_hwframe+0x63/0xcd
[  214.515574][ T1215] page last free stack trace:
[  214.516574][ T1215]  free_unref_page_prepare+0x7f0/0x900
[  214.517731][ T1215]  free_unref_page+0x30/0x3c0
[  214.518722][ T1215]  vfree+0x18a/0x2e0
[  214.519572][ T1215]  delayed_vfree_work+0x61/0x90
[  214.520618][ T1215]  process_scheduled_works+0x8c5/0x1130
[  214.521785][ T1215]  worker_thread+0xa7a/0x1040
[  214.522783][ T1215]  kthread+0x2cd/0x360
[  214.523663][ T1215]  ret_from_fork+0x44/0x70
[  214.524604][ T1215]  ret_from_fork_asm+0x11/0x20
[  214.525624][ T1215] 
[  214.526130][ T1215] Memory state around the buggy address:
[  214.527288][ T1215]  ffff88802617e400: fb fb fb fb fb fb fb fb fb fb fb fb fb fb fb fb
[  214.528966][ T1215]  ffff88802617e480: fc fc fc fc fc fc fc fc fc fc fc fc fc fc fc fc
[  214.530652][ T1215] >ffff88802617e500: fa fb fb fb fb fb fb fb fb fb fb fb fb fb fb fb
[  214.532288][ T1215]                             ^
[  214.533315][ T1215]  ffff88802617e580: fc fc fc fc fc fc fc fc fc fc fc fc fc fc fc fc
[  214.534972][ T1215]  ffff88802617e600: 00 00 00 00 00 00 00 00 00 00 00 00 00 00 00 00
[  214.536639][ T1215] ==================================================================
[  214.544547][ T1215] Kernel panic - not syncing: KASAN: panic_on_warn set ...
[  214.546087][ T1215] CPU: 1 PID: 1215 Comm: kworker/1:2 Not tainted 6.6.0 #1
[  214.547610][ T1215] Hardware name: QEMU Standard PC (i440FX + PIIX, 1996), BIOS 1.15.0-1 04/01/2014
[  214.549494][ T1215] Workqueue: events l2cap_info_timeout
[  214.550657][ T1215] Call Trace:
[  214.551347][ T1215]  <TASK>
[  214.551991][ T1215]  dump_stack_lvl+0x1e3/0x2d0
[  214.553009][ T1215]  ? nf_tcp_handle_invalid+0x650/0x650
[  214.554171][ T1215]  ? panic+0x760/0x760
[  214.555064][ T1215]  ? preempt_schedule_common+0x93/0xd0
[  214.556244][ T1215]  panic+0x2f5/0x760
[  214.557120][ T1215]  ? check_panic_on_warn+0x1d/0xa0
[  214.558216][ T1215]  ? __memcpy_flushcache+0x2e0/0x2e0
[  214.559348][ T1215]  ? _raw_spin_unlock_irqrestore+0x128/0x130
[  214.560626][ T1215]  ? _raw_spin_unlock+0x40/0x40
[  214.561665][ T1215]  ? print_report+0x1e0/0x220
[  214.562694][ T1215]  check_panic_on_warn+0x80/0xa0
[  214.563763][ T1215]  ? hci_send_acl+0x3d/0x100
[  214.564747][ T1215]  end_report+0x4a/0xb0
[  214.565648][ T1215]  kasan_report+0x152/0x170
[  214.566629][ T1215]  ? hci_send_acl+0x3d/0x100
[  214.567627][ T1215]  hci_send_acl+0x3d/0x100
[  214.568586][ T1215]  l2cap_send_conn_req+0x30e/0x4c0
[  214.570042][ T1215]  ? l2cap_get_auth_type+0x380/0x380
[  214.571210][ T1215]  ? __lock_acquire+0x1302/0x2050
[  214.572287][ T1215]  ? l2cap_start_connection+0x1f8/0x6c0
[  214.573449][ T1215]  ? l2cap_conn_start+0xb25/0x14c0
[  214.574543][ T1215]  l2cap_conn_start+0xbc2/0x14c0
[  214.575619][ T1215]  ? l2cap_conn_update_id_addr+0x260/0x260
[  214.576829][ T1215]  ? read_lock_is_recursive+0x10/0x10
[  214.577961][ T1215]  ? lockdep_hardirqs_on_prepare+0x448/0x7b0
[  214.579204][ T1215]  ? print_irqtrace_events+0x220/0x220
[  214.580367][ T1215]  ? process_scheduled_works+0x867/0x1130
[  214.581575][ T1215]  ? rcu_is_watching+0x11/0xb0
[  214.582591][ T1215]  ? process_scheduled_works+0x867/0x1130
[  214.583802][ T1215]  process_scheduled_works+0x8c5/0x1130
[  214.585053][ T1215]  ? __rwlock_init+0x140/0x140
[  214.586159][ T1215]  ? assign_work+0x430/0x430
[  214.587214][ T1215]  worker_thread+0xa7a/0x1040
[  214.588304][ T1215]  ? _raw_spin_unlock_irqrestore+0xd9/0x130
[  214.589702][ T1215]  kthread+0x2cd/0x360
[  214.590642][ T1215]  ? trace_workqueue_execute_end+0x190/0x190
[  214.592001][ T1215]  ? kthread_blkcg+0xd0/0xd0
[  214.593057][ T1215]  ret_from_fork+0x44/0x70
[  214.594092][ T1215]  ? kthread_blkcg+0xd0/0xd0
[  214.595161][ T1215]  ret_from_fork_asm+0x11/0x20
[  214.596239][ T1215]  </TASK>
[  214.597758][ T1215] Kernel Offset: disabled
[  214.598798][ T1215] Rebooting in 86400 seconds..

VM DIAGNOSIS:
23:07:35  Registers:
info registers vcpu 0
RAX=ffffffff81830cfa RBX=1ffff1100fd880cd RCX=ffff88801bff8000 RDX=0000000000000000
RSI=0000000000000001 RDI=0000000000000000 RBP=ffffc90001c9f900 RSP=ffffc90001c9f700
R8 =ffffffff81830cba R9 =1ffffffff239dc70 R10=dffffc0000000000 R11=fffffbfff239dc71
R12=0000000000000001 R13=ffff88807ec40668 R14=dffffc0000000000 R15=ffff88802be3c440
RIP=ffffffff81830ce2 RFL=00000293 [--S-A-C] CPL=0 II=0 A20=1 SMM=0 HLT=0
ES =0000 0000000000000000 ffffffff 00c00000
CS =0010 0000000000000000 ffffffff 00a09b00 DPL=0 CS64 [-RA]
SS =0018 0000000000000000 ffffffff 00c09300 DPL=0 DS   [-WA]
DS =0000 0000000000000000 ffffffff 00c00000
FS =0000 0000000000000000 ffffffff 00c00000
GS =0000 ffff88802be00000 ffffffff 00c00000
LDT=0000 0000000000000000 ffffffff 00c00000
TR =0040 fffffe0000003000 00004087 00008b00 DPL=0 TSS64-busy
GDT=     fffffe0000001000 0000007f
IDT=     fffffe0000000000 00000fff
CR0=80050033 CR2=0000563a7c12d6a9 CR3=000000000d930000 CR4=00750ef0
DR0=0000000000000000 DR1=0000000000000000 DR2=0000000000000000 DR3=0000000000000000 
DR6=00000000fffe0ff0 DR7=0000000000000400
EFER=0000000000000d01
FCW=037f FSW=0000 [ST=0] FTW=00 MXCSR=00001fa0
FPR0=0000000000000000 0000 FPR1=0000000000000000 0000
FPR2=0000000000000000 0000 FPR3=0000000000000000 0000
FPR4=0000000000000000 0000 FPR5=0000000000000000 0000
FPR6=0000000000000000 0000 FPR7=0000000000000000 0000
Opmask00=0000000000000000 Opmask01=0000000000000000 Opmask02=0000000000000000 Opmask03=0000000000000000
Opmask04=0000000000000000 Opmask05=0000000000000000 Opmask06=0000000000000000 Opmask07=0000000000000000
ZMM00=0000000000000000 0000000000000000 0000000000000000 0000000000000000 0000000000000000 0000000000000000 0000000000000000 3ff0000000000000
ZMM01=0000000000000000 0000000000000000 0000000000000000 0000000000000000 0000000000000000 0000000000000000 0000000000000000 8000000000000000
ZMM02=0000000000000000 0000000000000000 0000000000000000 0000000000000000 0000000000000000 0000000000000000 0000000000000000 bff0000000000000
ZMM03=0000000000000000 0000000000000000 0000000000000000 0000000000000000 0000000000000000 0000000000000000 0000000000000000 8000000000000000
ZMM04=0000000000000000 0000000000000000 0000000000000000 0000000000000000 0000000000000000 0000000000000000 0802800300040004 080001800401c710
ZMM05=0000000000000000 0000000000000000 0000000000000000 0000000000000000 0000000000000000 0000000000000000 63656e6e6f6301ff ffffffffffffffc9
ZMM06=0000000000000000 0000000000000000 0000000000000000 0000000000000000 0000000000000000 0000000000000000 61613a61613a6161 3a61613a61612074
ZMM07=0000000000000000 0000000000000000 0000000000000000 0000000000000000 0000000000000000 0000000000000000 0401000000080606 0177b6302031313a
ZMM08=0000000000000000 0000000000000000 0000000000000000 0000000000000000 0000000000000000 0000000000000000 ffffffffffc90802 8003000400040800
ZMM09=0000000000000000 0000000000000000 0000000000000000 0000000000000000 0000000000000000 0000000000000000 613a616120746365 6e6e6f6301ffffff
ZMM10=0000000000000000 0000000000000000 0000000000000000 0000000000000000 0000000000000000 0000000000000000 b6302031313a6161 3a61613a61613a61
ZMM11=0000000000000000 0000000000000000 0000000000000000 0000000000000000 0000000000000000 0000000000000000 8436100002800401 0000000806060177
ZMM12=0000000000000000 0000000000000000 0000000000000000 0000000000000000 0000000000000000 0000000000000000 029d80030410000a 10003e1000060274
ZMM13=0000000000000000 0000000000000000 0000000000000000 0000000000000000 0000000000000000 0000000000000000 fffffffffffffff5 08029d84033e0400
ZMM14=0000000000000000 0000000000000000 0000000000000000 0000000000000000 0000000000000000 0000000000000000 0486220200029d8e 03aaaaaaaaaa01ff
ZMM15=0000000000000000 0000000000000000 0000000000000000 0000000000000000 0000000000000000 0000000000000000 0000000000000000 0000000000000000
ZMM16=0000000000000000 0000000000000000 0000000000000000 0000000000000000 0000000000000000 0000000000000000 0000000000000000 0000000000000000
ZMM17=0000000000000000 0000000000000000 0000000000000000 0000000000000000 0000000000000000 0000000000000000 0000000000000000 0000000000000000
ZMM18=0000000000000000 0000000000000000 0000000000000000 0000000000000000 0000000000000000 0000000000000000 0000000000000000 0000000000000000
ZMM19=0000000000000000 0000000000000000 0000000000000000 0000000000000000 0000000000000000 0000000000000000 0000000000000000 0000000000000000
ZMM20=0000000000000000 0000000000000000 0000000000000000 0000000000000000 0000000000000000 0000000000000000 0000000000000000 0000000000000000
ZMM21=0000000000000000 0000000000000000 0000000000000000 0000000000000000 0000000000000000 0000000000000000 0000000000000000 0000000000000000
ZMM22=0000000000000000 0000000000000000 0000000000000000 0000000000000000 0000000000000000 0000000000000000 0000000000000000 0000000000000000
ZMM23=0000000000000000 0000000000000000 0000000000000000 0000000000000000 0000000000000000 0000000000000000 0000000000000000 0000000000000000
ZMM24=0000000000000000 0000000000000000 0000000000000000 0000000000000000 0000000000000000 0000000000000000 0000000000000000 0000000000000000
ZMM25=0000000000000000 0000000000000000 0000000000000000 0000000000000000 0000000000000000 0000000000000000 0000000000000000 0000000000000000
ZMM26=0000000000000000 0000000000000000 0000000000000000 0000000000000000 0000000000000000 0000000000000000 0000000000000000 0000000000000000
ZMM27=0000000000000000 0000000000000000 0000000000000000 0000000000000000 0000000000000000 0000000000000000 0000000000000000 0000000000000000
ZMM28=0000000000000000 0000000000000000 0000000000000000 0000000000000000 0000000000000000 0000000000000000 0000000000000000 0000000000000000
ZMM29=0000000000000000 0000000000000000 0000000000000000 0000000000000000 0000000000000000 0000000000000000 0000000000000000 0000000000000000
ZMM30=0000000000000000 0000000000000000 0000000000000000 0000000000000000 0000000000000000 0000000000000000 0000000000000000 0000000000000000
ZMM31=0000000000000000 0000000000000000 0000000000000000 0000000000000000 0000000000000000 0000000000000000 0000000000000000 0000000000000000
info registers vcpu 1
RAX=0000000000000030 RBX=ffffffff9816e580 RCX=0000000000000000 RDX=00000000000003f8
RSI=0000000000000000 RDI=0000000000000020 RBP=0000000000000000 RSP=ffffc90005deef10
R8 =ffffffff84e2d6c6 R9 =1ffff11008976046 R10=dffffc0000000000 R11=ffffed1008976047
R12=dffffc0000000000 R13=dffffc0000000001 R14=0000000000000030 R15=00000000000003f8
RIP=ffffffff84e2d6f9 RFL=00000002 [-------] CPL=0 II=0 A20=1 SMM=0 HLT=0
ES =0000 0000000000000000 ffffffff 00c00000
CS =0010 0000000000000000 ffffffff 00a09b00 DPL=0 CS64 [-RA]
SS =0018 0000000000000000 ffffffff 00c09300 DPL=0 DS   [-WA]
DS =0000 0000000000000000 ffffffff 00c00000
FS =0000 0000000000000000 ffffffff 00c00000
GS =0000 ffff88807ec00000 ffffffff 00c00000
LDT=0000 0000000000000000 00000000 00000000
TR =0040 fffffe000004a000 00004087 00008b00 DPL=0 TSS64-busy
GDT=     fffffe0000048000 0000007f
IDT=     fffffe0000000000 00000fff
CR0=80050033 CR2=0000200000004740 CR3=0000000063123000 CR4=00750ee0
DR0=0000000000000000 DR1=0000000000000000 DR2=0000000000000000 DR3=0000000000000000 
DR6=00000000fffe0ff0 DR7=0000000000000400
EFER=0000000000000d01
FCW=037f FSW=0000 [ST=0] FTW=00 MXCSR=00001f80
FPR0=0000000000000000 0000 FPR1=0000000000000000 0000
FPR2=0000000000000000 0000 FPR3=0000000000000000 0000
FPR4=0000000000000000 0000 FPR5=0000000000000000 0000
FPR6=0000000000000000 0000 FPR7=0000000000000000 0000
Opmask00=0000000001000000 Opmask01=0000000001000003 Opmask02=00000000ffffffef Opmask03=0000000000000000
Opmask04=0000000000000000 Opmask05=0000000000000000 Opmask06=0000000000000000 Opmask07=0000000000000000
ZMM00=0000000000000000 0000000000000000 0000000000000000 0000000000000000 0000000000000000 0000000000000000 0000000000989680 0000000000000000
ZMM01=0000000000000000 0000000000000000 0000000000000000 0000000000000000 0000000000000000 0000000000000000 0000000000000000 0000000000989680
ZMM02=0000000000000000 0000000000000000 0000000000000000 0000000000000000 0000000000000000 0000000000000000 00007f2ae0d2d660 00007f2ae0d2d660
ZMM03=0000000000000000 0000000000000000 0000000000000000 0000000000000000 0000000000000000 0000000000000000 00007ffdd80b5c30 00007ffdd80b5c30
ZMM04=0000000000000000 0000000000000000 0000000000000000 0000000000000000 0000000000000000 0000000000000000 0000000000000000 00007ffdd80b5c6f
ZMM05=0000000000000000 0000000000000000 0000000000000000 0000000000000000 0000000000000000 0000000000000000 0000555557379500 0000000000000000
ZMM06=0000000000000000 0000000000000000 0000000000000000 0000000000000000 0000000000000000 0000000000000000 0000000000000000 00007f2ae0d2d660
ZMM07=0000000000000000 0000000000000000 0000000000000000 0000000000000000 0000000000000000 0000000000000000 00007f2adffa4878 0000000000000000
ZMM08=0000000000000000 0000000000000000 0000000000000000 0000000000000000 0000000000000000 0000000000000000 0000000000000000 0000000000000000
ZMM09=0000000000000000 0000000000000000 0000000000000000 0000000000000000 0000000000000000 0000000000000000 0000000000000000 0000000000000000
ZMM10=0000000000000000 0000000000000000 0000000000000000 0000000000000000 0000000000000000 0000000000000000 0000000000000000 0000000000000000
ZMM11=0000000000000000 0000000000000000 0000000000000000 0000000000000000 0000000000000000 0000000000000000 0000000000000000 0000000000000000
ZMM12=0000000000000000 0000000000000000 0000000000000000 0000000000000000 0000000000000000 0000000000000000 0000000000000000 0000000000000000
ZMM13=0000000000000000 0000000000000000 0000000000000000 0000000000000000 0000000000000000 0000000000000000 0000000000000000 0000000000000000
ZMM14=0000000000000000 0000000000000000 0000000000000000 0000000000000000 0000000000000000 0000000000000000 0000000000000000 0000000000000000
ZMM15=0000000000000000 0000000000000000 0000000000000000 0000000000000000 0000000000000000 0000000000000000 0000000000000000 0000000000000000
ZMM16=0000000000000000 0000000000000000 0000000000000000 0000000000000000 0000000000000000 0000000000000000 0000000000000000 0000000000000000
ZMM17=0000000000000000 0000000000000000 0000000000000000 0000000000000000 0000000000000004 0000000000000000 0000000000000000 0000000000000000
ZMM18=0000000000000000 0000000000000000 0000000000000000 0000000000000000 0000000000000000 0000000000000000 0000000000000000 0000000000000170
ZMM19=0000000000000000 0000000000000000 0000000000000000 0000000000000000 0000000000000000 0000000000000000 0000000000000000 0000000000000000
ZMM20=0000000000000000 0000000000000000 0000000000000000 0000000000000000 0000000000000004 0000000000000000 0000000000000000 0000000000000170
ZMM21=0000000000000000 0000000000000000 0000000000000000 0000000000000000 0000000000000000 0000000000000000 0000000000000000 000000524f525245
ZMM22=0000000000000000 0000000000000000 0000000000000000 0000000000000000 0000000000000000 0000000000000000 0000000000000000 00524f5252450040
ZMM23=0000000000000000 0000000000000000 0000000000000000 0000000000000000 0000000000000000 0000000000000000 0000000000000000 00e800a800000000
ZMM24=0000000000000000 0000000000000000 0000000000000000 0000000000000000 0000000000000000 0000000000000000 0000000000000000 0000000000000000
ZMM25=0000000000000000 0000000000000000 0000000000000000 0000000000000000 0000000000000000 0000000000000000 0000000000000000 0000000000000000
ZMM26=0000000000000000 0000000000000000 0000000000000000 0000000000000000 0000000000000000 0000000000000000 0000000000000000 0000000000000000
ZMM27=0000000000000000 0000000000000000 0000000000000000 0000000000000000 0000000000000000 0000000000000000 0000000000000000 0000000000000000
ZMM28=0000000000000000 0000000000000000 0000000000000000 0000000000000000 0000000000000000 0000000000000000 0000000000000000 0000000000000000
ZMM29=0000000000000000 0000000000000000 0000000000000000 0000000000000000 0000000000000000 0000000000000000 0000000000000000 0000000000000000
ZMM30=0000000000000000 0000000000000000 0000000000000000 0000000000000000 0000000000000000 0000000000000000 0000000000000000 0000000000000000
ZMM31=0000000000000000 0000000000000000 0000000000000000 0000000000000000 0000000000000000 0000000000000000 0000000000000000 0000000000000000
